2024-07-05 14:28:45,686 [INFO] Activator:176 - 


2024-07-05 14:28:45,689 [INFO] Activator:177 - !SESSION log4j initialized
2024-07-05 14:28:49,839 [INFO] LogOutputStream:77 - [STDOUT_REDIRECT] 
2024-07-05 14:28:52,440 [INFO] ApplicationProperties:184 - Using Application install path: C:\ST\STM32CubeIDE_1.14.1\STM32CubeIDE\plugins\com.st.stm32cube.common.mx_6.11.1.202404110753
2024-07-05 14:28:52,453 [INFO] DbMcusXml:78 - Set database path to: C:\ST\STM32CubeIDE_1.14.1\STM32CubeIDE\plugins\com.st.stm32cube.common.mx_6.11.1.202404110753\\db\/mcu/
2024-07-05 14:28:52,453 [INFO] ApiDb:274 - Set plugin database path to: C:\ST\STM32CubeIDE_1.14.1\STM32CubeIDE\plugins\com.st.stm32cube.common.mx_6.11.1.202404110753\\db\/plugins/boardmanager/
2024-07-05 14:28:52,457 [WARN] ApiDb:259 - Overriding images path with different value:  => C:\ST\STM32CubeIDE_1.14.1\STM32CubeIDE\plugins\com.st.stm32cube.common.mx_6.11.1.202404110753\\db\/plugins/mcufinder/images/
2024-07-05 14:28:52,464 [INFO] ApiDb:250 - Set database path to: C:\Users\harry\.stmcufinder\plugins\mcufinder//mcu/
2024-07-05 14:28:52,465 [INFO] DbMcusAds:125 - Set database path to: C:\Users\harry\.stmcufinder\plugins\mcufinder//mcu/
2024-07-05 14:28:52,466 [INFO] CrossReferenceDbSqlite:203 - Set database path to: C:\Users\harry\.stmcufinder\plugins\mcufinder//mcu/cs/
2024-07-05 14:28:52,552 [INFO] RulesReader:64 - Compatibility file has been processed (297 Rules)
2024-07-05 14:28:52,626 [INFO] DbMcusXml:78 - Set database path to: C:\ST\STM32CubeIDE_1.14.1\STM32CubeIDE\plugins\com.st.stm32cube.common.mx_6.11.1.202404110753\\db\/mcu/
2024-07-05 14:28:52,627 [INFO] ApiDb:274 - Set plugin database path to: C:\ST\STM32CubeIDE_1.14.1\STM32CubeIDE\plugins\com.st.stm32cube.common.mx_6.11.1.202404110753\\db\/plugins/boardmanager/
2024-07-05 14:28:52,627 [INFO] ApiDb:261 - Set plugin images path to: C:\ST\STM32CubeIDE_1.14.1\STM32CubeIDE\plugins\com.st.stm32cube.common.mx_6.11.1.202404110753\\db\/plugins/mcufinder/images/
2024-07-05 14:28:52,627 [WARN] DbFile:41 - Overriding database path with different value: C:\Users\harry\.stmcufinder\plugins\mcufinder/ => C:\Users\harry\.stmcufinder\plugins\mcufinder
2024-07-05 14:28:52,627 [INFO] ApiDb:250 - Set database path to: C:\Users\harry\.stmcufinder\plugins\mcufinder//mcu/
2024-07-05 14:28:52,627 [WARN] DbFile:41 - Overriding database path with different value: C:\Users\harry\.stmcufinder\plugins\mcufinder/ => C:\Users\harry\.stmcufinder\plugins\mcufinder
2024-07-05 14:28:52,627 [INFO] DbMcusAds:125 - Set database path to: C:\Users\harry\.stmcufinder\plugins\mcufinder//mcu/
2024-07-05 14:28:52,627 [WARN] DbFile:41 - Overriding database path with different value: C:\Users\harry\.stmcufinder\plugins\mcufinder/ => C:\Users\harry\.stmcufinder\plugins\mcufinder
2024-07-05 14:28:52,627 [WARN] DbFile:41 - Overriding database path with different value: C:\Users\harry\.stmcufinder\plugins\mcufinder/ => C:\Users\harry\.stmcufinder\plugins\mcufinder
2024-07-05 14:28:52,627 [INFO] CrossReferenceDbSqlite:203 - Set database path to: C:\Users\harry\.stmcufinder\plugins\mcufinder//mcu/cs/
2024-07-05 14:28:52,682 [INFO] MainPanel:264 - HeapMemory: 268435456
2024-07-05 14:28:52,748 [INFO] DbMcusXml:78 - Set database path to: C:\ST\STM32CubeIDE_1.14.1\STM32CubeIDE\plugins\com.st.stm32cube.common.mx_6.11.1.202404110753\\db\/mcu/
2024-07-05 14:28:52,749 [INFO] ApiDb:274 - Set plugin database path to: C:\ST\STM32CubeIDE_1.14.1\STM32CubeIDE\plugins\com.st.stm32cube.common.mx_6.11.1.202404110753\\db\/plugins/boardmanager/
2024-07-05 14:28:52,749 [INFO] ApiDb:261 - Set plugin images path to: C:\ST\STM32CubeIDE_1.14.1\STM32CubeIDE\plugins\com.st.stm32cube.common.mx_6.11.1.202404110753\\db\/plugins/mcufinder/images/
2024-07-05 14:28:52,749 [WARN] DbFile:41 - Overriding database path with different value: C:\Users\harry\.stmcufinder\plugins\mcufinder/ => C:\Users\harry\.stmcufinder\plugins\mcufinder
2024-07-05 14:28:52,749 [INFO] ApiDb:250 - Set database path to: C:\Users\harry\.stmcufinder\plugins\mcufinder//mcu/
2024-07-05 14:28:52,749 [WARN] DbFile:41 - Overriding database path with different value: C:\Users\harry\.stmcufinder\plugins\mcufinder/ => C:\Users\harry\.stmcufinder\plugins\mcufinder
2024-07-05 14:28:52,749 [INFO] DbMcusAds:125 - Set database path to: C:\Users\harry\.stmcufinder\plugins\mcufinder//mcu/
2024-07-05 14:28:52,749 [WARN] DbFile:41 - Overriding database path with different value: C:\Users\harry\.stmcufinder\plugins\mcufinder/ => C:\Users\harry\.stmcufinder\plugins\mcufinder
2024-07-05 14:28:52,749 [WARN] DbFile:41 - Overriding database path with different value: C:\Users\harry\.stmcufinder\plugins\mcufinder/ => C:\Users\harry\.stmcufinder\plugins\mcufinder
2024-07-05 14:28:52,749 [INFO] CrossReferenceDbSqlite:203 - Set database path to: C:\Users\harry\.stmcufinder\plugins\mcufinder//mcu/cs/
2024-07-05 14:28:52,761 [INFO] ApplicationProperties:184 - Using Application install path: C:\ST\STM32CubeIDE_1.14.1\STM32CubeIDE\plugins\com.st.stm32cube.common.mx_6.11.1.202404110753
2024-07-05 14:28:52,762 [INFO] PluginManage:196 - Search for loadable plugins [exclusion list=, ]
2024-07-05 14:28:52,763 [INFO] PluginManage:310 - Check plugin analytics
2024-07-05 14:28:52,875 [INFO] AnalyticsPlugin:253 - Accepted Software Licenses: 
2024-07-05 14:28:52,875 [INFO] AnalyticsPlugin:255 - Accepted CMSIS Pack Licenses: 
2024-07-05 14:28:52,876 [INFO] AnalyticsPlugin:257 - Accepted Firmware Licenses: 
2024-07-05 14:28:52,877 [INFO] PluginManage:359 - Loaded plugin analytics (category:tool,tabindex:-1)
2024-07-05 14:28:52,877 [INFO] PluginManage:310 - Check plugin cadmodel
2024-07-05 14:28:52,891 [INFO] CADModel:105 - Init CAD model plugin
2024-07-05 14:28:52,891 [INFO] PluginManage:359 - Loaded plugin cadmodel (category:power,tabindex:5)
2024-07-05 14:28:52,891 [INFO] PluginManage:310 - Check plugin clock
2024-07-05 14:28:52,908 [INFO] PluginManage:359 - Loaded plugin clock (category:base,tabindex:2)
2024-07-05 14:28:52,908 [INFO] PluginManage:310 - Check plugin ddr
2024-07-05 14:28:52,910 [INFO] PluginManage:359 - Loaded plugin ddr (category:tool,tabindex:6)
2024-07-05 14:28:52,910 [INFO] PluginManage:310 - Check plugin filemanager
2024-07-05 14:28:53,015 [INFO] PluginManage:359 - Loaded plugin filemanager (category:base,tabindex:10)
2024-07-05 14:28:53,015 [INFO] PluginManage:310 - Check plugin ipmanager
2024-07-05 14:28:53,020 [INFO] PluginManage:359 - Loaded plugin ipmanager (category:base,tabindex:5)
2024-07-05 14:28:53,020 [INFO] PluginManage:310 - Check plugin lpbam
2024-07-05 14:28:53,034 [INFO] PluginManage:359 - Loaded plugin lpbam (category:base,tabindex:0)
2024-07-05 14:28:53,034 [INFO] PluginManage:310 - Check plugin memorymap
2024-07-05 14:28:53,051 [INFO] PluginManage:359 - Loaded plugin memorymap (category:base,tabindex:4)
2024-07-05 14:28:53,051 [INFO] PluginManage:310 - Check plugin pinoutandconfiguration
2024-07-05 14:28:53,063 [INFO] PluginManage:359 - Loaded plugin pinoutandconfiguration (category:base,tabindex:1)
2024-07-05 14:28:53,063 [INFO] PluginManage:310 - Check plugin pinoutconfig
2024-07-05 14:28:53,123 [WARN] SupportedApi:132 - Cannot load RTOS API schema: s4s-elt-must-match.1: The content of 'definitions' must match (annotation?, (simpleType | complexType)?, (unique | key | keyref)*)). A problem was found starting at: attribute.
2024-07-05 14:28:53,213 [INFO] PluginManage:359 - Loaded plugin pinoutconfig (category:base,tabindex:0)
2024-07-05 14:28:53,213 [INFO] PluginManage:310 - Check plugin power
2024-07-05 14:28:53,229 [INFO] PluginManage:359 - Loaded plugin power (category:power,tabindex:4)
2024-07-05 14:28:53,229 [INFO] PluginManage:310 - Check plugin projectmanager
2024-07-05 14:28:53,239 [INFO] PluginManage:359 - Loaded plugin projectmanager (category:projectmanager,tabindex:3)
2024-07-05 14:28:53,239 [INFO] PluginManage:310 - Check plugin thirdparty
2024-07-05 14:28:53,425 [INFO] PluginManage:359 - Loaded plugin thirdparty (category:base,tabindex:-1)
2024-07-05 14:28:53,425 [WARN] IntegrityCheckThread:84 - waiting for thirdparty lock release [integrity check]
2024-07-05 14:28:53,425 [INFO] PluginManage:310 - Check plugin tools
2024-07-05 14:28:53,425 [INFO] IntegrityCheckThread:86 - entering critical section [integrity check]
2024-07-05 14:28:53,429 [INFO] ThirdPartyUpdaterWithRetryManager:70 - Updater plugin not ready yet. [1/15]
2024-07-05 14:28:53,453 [INFO] PluginManage:359 - Loaded plugin tools (category:base,tabindex:7)
2024-07-05 14:28:53,453 [INFO] PluginManage:310 - Check plugin tutovideos
2024-07-05 14:28:53,572 [INFO] PluginManage:359 - Loaded plugin tutovideos (category:base,tabindex:-1)
2024-07-05 14:28:53,573 [INFO] PluginManage:310 - Check plugin updater
2024-07-05 14:28:53,580 [INFO] PluginManage:359 - Loaded plugin updater (category:base,tabindex:12)
2024-07-05 14:28:53,580 [INFO] PluginManage:310 - Check plugin userauth
2024-07-05 14:28:53,583 [INFO] UserAuth:114 - Init User Auth plugin
2024-07-05 14:28:53,584 [INFO] PluginManage:359 - Loaded plugin userauth (category:base,tabindex:14)
2024-07-05 14:28:53,584 [INFO] PluginManage:283 - PluginManage : Loaded plugins [17]
2024-07-05 14:28:53,724 [INFO] PinOutPanel:1561 - setPackage(No Configuration,No Configuration)
2024-07-05 14:28:53,775 [INFO] CADModel:165 - CPN selected for project level
2024-07-05 14:28:53,775 [INFO] CADModel:114 - Register for checkConnection events
2024-07-05 14:28:53,793 [INFO] IPUIPlugin:80 - create IPUIPlugin
2024-07-05 14:28:53,793 [INFO] PluginManager:220 - loadIPPluginJar : add adc
2024-07-05 14:28:53,817 [INFO] IPUIPlugin:80 - create IPUIPlugin
2024-07-05 14:28:53,818 [INFO] PluginManager:220 - loadIPPluginJar : add aes
2024-07-05 14:28:53,843 [INFO] IPUIPlugin:80 - create IPUIPlugin
2024-07-05 14:28:53,843 [INFO] PluginManager:220 - loadIPPluginJar : add can
2024-07-05 14:28:53,856 [INFO] IPUIPlugin:80 - create IPUIPlugin
2024-07-05 14:28:53,857 [INFO] PluginManager:220 - loadIPPluginJar : add comp
2024-07-05 14:28:53,878 [INFO] IPUIPlugin:80 - create IPUIPlugin
2024-07-05 14:28:53,878 [INFO] PluginManager:220 - loadIPPluginJar : add cryp
2024-07-05 14:28:53,896 [INFO] IPUIPlugin:80 - create IPUIPlugin
2024-07-05 14:28:53,896 [INFO] PluginManager:220 - loadIPPluginJar : add dfsdm
2024-07-05 14:28:53,905 [INFO] IPUIPlugin:80 - create IPUIPlugin
2024-07-05 14:28:53,905 [INFO] PluginManager:220 - loadIPPluginJar : add dma
2024-07-05 14:28:53,931 [INFO] IPUIPlugin:80 - create IPUIPlugin
2024-07-05 14:28:53,931 [INFO] PluginManager:220 - loadIPPluginJar : add dma3
2024-07-05 14:28:53,959 [INFO] IPUIPlugin:80 - create IPUIPlugin
2024-07-05 14:28:53,959 [INFO] PluginManager:220 - loadIPPluginJar : add extmemmanager
2024-07-05 14:28:53,972 [INFO] IPUIPlugin:80 - create IPUIPlugin
2024-07-05 14:28:53,972 [INFO] PluginManager:220 - loadIPPluginJar : add fatfs
2024-07-05 14:28:54,001 [INFO] IPUIPlugin:80 - create IPUIPlugin
2024-07-05 14:28:54,001 [INFO] PluginManager:220 - loadIPPluginJar : add fmc
2024-07-05 14:28:54,011 [INFO] IPUIPlugin:80 - create IPUIPlugin
2024-07-05 14:28:54,012 [INFO] PluginManager:220 - loadIPPluginJar : add freertos
2024-07-05 14:28:54,024 [INFO] IPUIPlugin:80 - create IPUIPlugin
2024-07-05 14:28:54,024 [INFO] PluginManager:220 - loadIPPluginJar : add genericplugin
2024-07-05 14:28:54,081 [INFO] IPUIPlugin:80 - create IPUIPlugin
2024-07-05 14:28:54,081 [INFO] PluginManager:220 - loadIPPluginJar : add gfxmmu
2024-07-05 14:28:54,170 [INFO] IPUIPlugin:80 - create IPUIPlugin
2024-07-05 14:28:54,171 [INFO] PluginManager:220 - loadIPPluginJar : add gic
2024-07-05 14:28:54,182 [INFO] IPUIPlugin:80 - create IPUIPlugin
2024-07-05 14:28:54,182 [INFO] PluginManager:220 - loadIPPluginJar : add gpio
2024-07-05 14:28:54,255 [INFO] IPUIPlugin:80 - create IPUIPlugin
2024-07-05 14:28:54,256 [INFO] PluginManager:220 - loadIPPluginJar : add gtzc
2024-07-05 14:28:54,284 [INFO] IPUIPlugin:80 - create IPUIPlugin
2024-07-05 14:28:54,285 [INFO] PluginManager:220 - loadIPPluginJar : add hash
2024-07-05 14:28:54,329 [INFO] IPUIPlugin:80 - create IPUIPlugin
2024-07-05 14:28:54,329 [INFO] PluginManager:220 - loadIPPluginJar : add i2c
2024-07-05 14:28:54,359 [INFO] IPUIPlugin:80 - create IPUIPlugin
2024-07-05 14:28:54,359 [INFO] PluginManager:220 - loadIPPluginJar : add i2s
2024-07-05 14:28:54,388 [INFO] IPUIPlugin:80 - create IPUIPlugin
2024-07-05 14:28:54,389 [INFO] PluginManager:220 - loadIPPluginJar : add i3c
2024-07-05 14:28:54,470 [INFO] IPUIPlugin:80 - create IPUIPlugin
2024-07-05 14:28:54,470 [INFO] PluginManager:220 - loadIPPluginJar : add ipddr
2024-07-05 14:28:54,537 [INFO] IPUIPlugin:80 - create IPUIPlugin
2024-07-05 14:28:54,537 [INFO] PluginManager:220 - loadIPPluginJar : add linkedlist
2024-07-05 14:28:54,561 [INFO] IPUIPlugin:80 - create IPUIPlugin
2024-07-05 14:28:54,561 [INFO] PluginManager:220 - loadIPPluginJar : add lorawan
2024-07-05 14:28:54,585 [INFO] IPUIPlugin:80 - create IPUIPlugin
2024-07-05 14:28:54,585 [INFO] PluginManager:220 - loadIPPluginJar : add ltdc
2024-07-05 14:28:54,595 [INFO] IPUIPlugin:80 - create IPUIPlugin
2024-07-05 14:28:54,595 [INFO] PluginManager:220 - loadIPPluginJar : add mdma
2024-07-05 14:28:54,602 [INFO] IPUIPlugin:80 - create IPUIPlugin
2024-07-05 14:28:54,602 [INFO] PluginManager:220 - loadIPPluginJar : add nvic
2024-07-05 14:28:54,625 [INFO] IPUIPlugin:80 - create IPUIPlugin
2024-07-05 14:28:54,625 [INFO] PluginManager:220 - loadIPPluginJar : add opamp
2024-07-05 14:28:54,663 [INFO] IPUIPlugin:80 - create IPUIPlugin
2024-07-05 14:28:54,663 [INFO] PluginManager:220 - loadIPPluginJar : add openamp
2024-07-05 14:28:54,689 [INFO] IPUIPlugin:80 - create IPUIPlugin
2024-07-05 14:28:54,689 [INFO] PluginManager:220 - loadIPPluginJar : add pdm2pcm
2024-07-05 14:28:54,698 [INFO] IPUIPlugin:80 - create IPUIPlugin
2024-07-05 14:28:54,700 [INFO] PluginManager:220 - loadIPPluginJar : add plateformsettings
2024-07-05 14:28:54,713 [INFO] IPUIPlugin:80 - create IPUIPlugin
2024-07-05 14:28:54,713 [INFO] PluginManager:220 - loadIPPluginJar : add quadspi
2024-07-05 14:28:54,722 [INFO] IPUIPlugin:80 - create IPUIPlugin
2024-07-05 14:28:54,722 [INFO] PluginManager:220 - loadIPPluginJar : add resmgrutility
2024-07-05 14:28:54,758 [INFO] IPUIPlugin:80 - create IPUIPlugin
2024-07-05 14:28:54,758 [INFO] PluginManager:220 - loadIPPluginJar : add sai
2024-07-05 14:28:54,782 [INFO] IPUIPlugin:80 - create IPUIPlugin
2024-07-05 14:28:54,782 [INFO] PluginManager:220 - loadIPPluginJar : add spi
2024-07-05 14:28:54,828 [INFO] IPUIPlugin:80 - create IPUIPlugin
2024-07-05 14:28:54,828 [INFO] PluginManager:220 - loadIPPluginJar : add stm32_wpan
2024-07-05 14:28:54,847 [INFO] IPUIPlugin:80 - create IPUIPlugin
2024-07-05 14:28:54,847 [INFO] PluginManager:220 - loadIPPluginJar : add tim
2024-07-05 14:28:54,890 [INFO] IPUIPlugin:80 - create IPUIPlugin
2024-07-05 14:28:54,890 [INFO] PluginManager:220 - loadIPPluginJar : add touchsensing
2024-07-05 14:28:54,909 [INFO] IPUIPlugin:80 - create IPUIPlugin
2024-07-05 14:28:54,909 [INFO] PluginManager:220 - loadIPPluginJar : add tracer_emb
2024-07-05 14:28:54,927 [INFO] IPUIPlugin:80 - create IPUIPlugin
2024-07-05 14:28:54,928 [INFO] PluginManager:220 - loadIPPluginJar : add ts
2024-07-05 14:28:54,946 [INFO] IPUIPlugin:80 - create IPUIPlugin
2024-07-05 14:28:54,946 [INFO] PluginManager:220 - loadIPPluginJar : add tsc
2024-07-05 14:28:54,962 [INFO] IPUIPlugin:80 - create IPUIPlugin
2024-07-05 14:28:54,962 [INFO] PluginManager:220 - loadIPPluginJar : add ucpd
2024-07-05 14:28:54,995 [INFO] IPUIPlugin:80 - create IPUIPlugin
2024-07-05 14:28:54,995 [INFO] PluginManager:220 - loadIPPluginJar : add usart
2024-07-05 14:28:55,025 [INFO] IPUIPlugin:80 - create IPUIPlugin
2024-07-05 14:28:55,025 [INFO] PluginManager:220 - loadIPPluginJar : add usbx
2024-07-05 14:28:55,133 [INFO] CADModel:165 - CPN selected for project level
2024-07-05 14:28:55,133 [INFO] CADModel:114 - Register for checkConnection events
2024-07-05 14:28:55,133 [FATAL] Updater:308 - Updater called before beeing initialized
2024-07-05 14:28:55,133 [ERROR] CADModel:125 - Updater not yet initialized, retry later 
2024-07-05 14:28:55,235 [INFO] CADModel:165 - CPN selected for project level
2024-07-05 14:28:55,236 [INFO] CADModel:114 - Register for checkConnection events
2024-07-05 14:28:55,239 [FATAL] Updater:308 - Updater called before beeing initialized
2024-07-05 14:28:55,239 [ERROR] CADModel:125 - Updater not yet initialized, retry later 
2024-07-05 14:28:55,241 [FATAL] Updater:308 - Updater called before beeing initialized
2024-07-05 14:28:55,300 [FATAL] Updater:308 - Updater called before beeing initialized
2024-07-05 14:28:55,307 [INFO] DbMcusAds:53 - JSON generation date=Thu May 16 17:22:01 CST 2024 (1715851321456)
2024-07-05 14:28:55,307 [FATAL] Updater:308 - Updater called before beeing initialized
2024-07-05 14:28:55,367 [WARN] DetailPanel:346 - Failed to get advertising image, set to default
2024-07-05 14:28:55,434 [FATAL] Updater:308 - Updater called before beeing initialized
2024-07-05 14:28:55,435 [FATAL] Updater:308 - Updater called before beeing initialized
2024-07-05 14:28:55,435 [FATAL] Updater:308 - Updater called before beeing initialized
2024-07-05 14:28:55,435 [WARN] DetailPanel:346 - Failed to get advertising image, set to default
2024-07-05 14:28:55,436 [FATAL] Updater:308 - Updater called before beeing initialized
2024-07-05 14:28:55,473 [ERROR] Updater:1120 - MainUpdater not yet initialized. External WinMGr cannot be set.
2024-07-05 14:28:55,481 [INFO] Updater:1056 - Updater Version found : 6.11.1
2024-07-05 14:28:55,494 [INFO] ApplicationProperties:184 - Using Application install path: C:\ST\STM32CubeIDE_1.14.1\STM32CubeIDE\plugins\com.st.stm32cube.common.mx_6.11.1.202404110753
2024-07-05 14:28:56,430 [INFO] ThirdPartyUpdaterWithRetryManager:70 - Updater plugin not ready yet. [2/15]
2024-07-05 14:28:57,064 [ERROR] LogOutputStream:75 - [STDERR_REDIRECT] Jul 05, 2024 2:28:57 PM java.util.prefs.WindowsPreferences <init>
2024-07-05 14:28:57,065 [ERROR] LogOutputStream:75 - [STDERR_REDIRECT] WARNING: Could not open/create prefs root node Software\JavaSoft\Prefs at root 0xffffffff80000002. Windows RegCreateKeyEx(...) returned error code 5.
2024-07-05 14:28:57,065 [ERROR] LogOutputStream:75 - [STDERR_REDIRECT] 
2024-07-05 14:28:57,317 [INFO] MainUpdater:2873 - connection check result : 10
2024-07-05 14:28:57,317 [INFO] MainUpdater:3567 - Updater definition file requires update
2024-07-05 14:28:57,318 [INFO] MainUpdater:290 - Updater Check For Update Now.
2024-07-05 14:28:57,318 [INFO] MicroXplorer:498 - Change Database Version : DB.6.0.111
2024-07-05 14:28:57,330 [INFO] McuFinderGlobals:63 - Set McuFinder mode to 2 (CubeIDE integrated)
2024-07-05 14:28:57,330 [INFO] UserAuth:179 - activating auth plugin
2024-07-05 14:28:57,331 [INFO] UserAuth:415 - Internet connection configuration mode: 1
2024-07-05 14:28:57,346 [INFO] JxBrowserEngine:152 - Initiate JxBrowser Engine with user profile folder
2024-07-05 14:28:57,393 [INFO] ServerAccessManage:473 - Download File updaters.zip
2024-07-05 14:28:57,473 [INFO] FileExtend:240 - Unzip File : updaters.zip
2024-07-05 14:28:57,473 [INFO] FileExtend:255 - Standard Zip Deflate
2024-07-05 14:28:57,828 [INFO] ServerAccessManage:473 - Download File PacksControlFlags.xml
2024-07-05 14:28:57,876 [INFO] ServerAccessManage:473 - Download File cubemx.pidx
2024-07-05 14:28:58,198 [INFO] ServerAccessManage:473 - Download File STMicroelectronics.X-CUBE-DPOWER.pdsc
2024-07-05 14:28:59,211 [ERROR] ServerAccessManage:1089 - Problem, file not found on Server
2024-07-05 14:28:59,430 [WARN] MainUpdater:1194 - Updater busy. Cannot search thirdparties
2024-07-05 14:28:59,430 [INFO] ThirdPartyUpdaterWithRetryManager:96 - Updater plugin is busy. [1/15]
2024-07-05 14:29:00,184 [ERROR] ServerAccessManage:1089 - Problem, file not found on Server
2024-07-05 14:29:01,076 [INFO] WebApp:161 - Instantiating new browser for Auth
2024-07-05 14:29:01,150 [ERROR] ServerAccessManage:1089 - Problem, file not found on Server
2024-07-05 14:29:01,566 [INFO] WebApp:779 - Register for checkConnection events
2024-07-05 14:29:01,566 [INFO] WebApp:414 - Apply proxy settings
2024-07-05 14:29:01,566 [INFO] WebApp:499 - Chromium requires no authentication
2024-07-05 14:29:01,571 [INFO] WebApp:442 - Direct internet connection detected
2024-07-05 14:29:01,676 [INFO] WebApp:192 - Starting web application
2024-07-05 14:29:01,676 [INFO] WebApp:544 - Web application path used C:\ST\STM32CubeIDE_1.14.1\STM32CubeIDE\plugins\com.st.stm32cube.common.mx_6.11.1.202404110753\db\plugins\mcufinder\reactClient1\index.html
2024-07-05 14:29:02,105 [ERROR] ServerAccessManage:1089 - Problem, file not found on Server
2024-07-05 14:29:02,431 [WARN] MainUpdater:1194 - Updater busy. Cannot search thirdparties
2024-07-05 14:29:02,431 [INFO] ThirdPartyUpdaterWithRetryManager:96 - Updater plugin is busy. [2/15]
2024-07-05 14:29:03,063 [ERROR] ServerAccessManage:1089 - Problem, file not found on Server
2024-07-05 14:29:04,022 [ERROR] ServerAccessManage:1089 - Problem, file not found on Server
2024-07-05 14:29:04,973 [ERROR] ServerAccessManage:1089 - Problem, file not found on Server
2024-07-05 14:29:05,433 [WARN] MainUpdater:1194 - Updater busy. Cannot search thirdparties
2024-07-05 14:29:05,433 [INFO] ThirdPartyUpdaterWithRetryManager:96 - Updater plugin is busy. [3/15]
2024-07-05 14:29:05,938 [ERROR] ServerAccessManage:1089 - Problem, file not found on Server
2024-07-05 14:29:06,891 [ERROR] ServerAccessManage:1089 - Problem, file not found on Server
2024-07-05 14:29:07,858 [ERROR] ServerAccessManage:1089 - Problem, file not found on Server
2024-07-05 14:29:08,436 [WARN] MainUpdater:1194 - Updater busy. Cannot search thirdparties
2024-07-05 14:29:08,436 [INFO] ThirdPartyUpdaterWithRetryManager:96 - Updater plugin is busy. [4/15]
2024-07-05 14:29:08,809 [ERROR] ServerAccessManage:1089 - Problem, file not found on Server
2024-07-05 14:29:09,041 [INFO] ServerAccessManage:473 - Download File STMicroelectronics.X-CUBE-TOUCHGFX.pdsc
2024-07-05 14:29:10,022 [WARN] PackLoader:240 - Cannot read IP mode file for STMicroelectronics.X-CUBE-DPower.1.2.0
2024-07-05 14:29:10,026 [WARN] PackLoader:240 - Cannot read IP mode file for STMicroelectronics.X-CUBE-TOUCHGFX.4.24.0
2024-07-05 14:29:10,027 [INFO] PopulateThirdPartyThread:66 - Ending populate Thread
2024-07-05 14:29:10,028 [INFO] ThirdParty:1030 - CMSIS Pack Vendor :STMicroelectronics X-CUBE-TOUCHGFX 4.24.0
2024-07-05 14:29:10,028 [INFO] ThirdParty:1030 - CMSIS Pack Vendor :STMicroelectronics X-CUBE-DPower 1.2.0
2024-07-05 14:29:10,028 [INFO] LoadServerUpdatesThread:375 - End of LoadServerUpdate Thread
2024-07-05 14:29:10,133 [INFO] CheckServerUpdateThread:120 - End of CheckServer Thread
2024-07-05 14:29:11,596 [WARN] PackLoader:240 - Cannot read IP mode file for STMicroelectronics.FP-SNS-MOTENVWB1.1.4.0
2024-07-05 14:29:11,607 [WARN] PackLoader:240 - Cannot read IP mode file for STMicroelectronics.X-CUBE-SMBUS.2.1.0
2024-07-05 14:29:11,618 [WARN] PackLoader:240 - Cannot read IP mode file for STMicroelectronics.X-CUBE-TOUCHGFX.4.23.0
2024-07-05 14:29:11,626 [WARN] PackLoader:240 - Cannot read IP mode file for STMicroelectronics.X-CUBE-TOUCHGFX.4.23.2
2024-07-05 14:29:11,649 [WARN] PackLoader:240 - Cannot read IP mode file for STMicroelectronics.X-CUBE-AZRTOS-F7.1.1.0
2024-07-05 14:29:11,667 [WARN] PackLoader:240 - Cannot read IP mode file for STMicroelectronics.FP-SNS-MOTENV1.4.3.2
2024-07-05 14:29:11,674 [WARN] PackLoader:240 - Cannot read IP mode file for STMicroelectronics.FP-SNS-FLIGHT1.5.0.2
2024-07-05 14:29:11,695 [WARN] PackLoader:240 - Cannot read IP mode file for STMicroelectronics.X-CUBE-DISPLAY.3.0.0
2024-07-05 14:29:11,714 [WARN] PackLoader:240 - Cannot read IP mode file for STMicroelectronics.X-CUBE-BLE1.7.0.0
2024-07-05 14:29:11,731 [WARN] PackLoader:240 - Cannot read IP mode file for emotas.I-CUBE-CANOPEN.1.3.0
2024-07-05 14:29:11,750 [WARN] PackLoader:240 - Cannot read IP mode file for STMicroelectronics.X-CUBE-BLEMGR.3.1.0
2024-07-05 14:29:11,768 [WARN] PackLoader:240 - Cannot read IP mode file for STMicroelectronics.FP-SNS-SMARTAG2.1.2.0
2024-07-05 14:29:11,790 [INFO] LogOutputStream:77 - [STDOUT_REDIRECT] 1 : Invalid condition id : UX_CORESTACK_Condition cause : null
2024-07-05 14:29:11,791 [INFO] LogOutputStream:77 - [STDOUT_REDIRECT] 1 : Invalid condition id : UX_CORESTACK_Condition cause : null
2024-07-05 14:29:11,792 [INFO] LogOutputStream:77 - [STDOUT_REDIRECT] 1 : Invalid condition id : UX_CORESTACK_Condition cause : null
2024-07-05 14:29:11,794 [INFO] LogOutputStream:77 - [STDOUT_REDIRECT] 1 : Invalid condition id : UX_CORESTACK_Condition cause : null
2024-07-05 14:29:11,795 [INFO] LogOutputStream:77 - [STDOUT_REDIRECT] 1 : Invalid condition id : UX_CORESTACK_Condition cause : null
2024-07-05 14:29:11,798 [WARN] PackLoader:240 - Cannot read IP mode file for STMicroelectronics.X-CUBE-AZRTOS-WL.2.0.0
2024-07-05 14:29:11,817 [WARN] PackLoader:240 - Cannot read IP mode file for STMicroelectronics.FP-SNS-MOTENV1.5.0.0
2024-07-05 14:29:11,824 [WARN] PackLoader:240 - Cannot read IP mode file for wolfSSL.I-CUBE-wolfMQTT.1.19.0
2024-07-05 14:29:11,840 [WARN] PackLoader:240 - Cannot read IP mode file for WES.I-CUBE-Cesium.1.3.0
2024-07-05 14:29:11,852 [WARN] PackLoader:240 - Cannot read IP mode file for STMicroelectronics.X-CUBE-BLE2.3.3.0
2024-07-05 14:29:11,869 [WARN] PackLoader:240 - Cannot read IP mode file for STMicroelectronics.X-CUBE-TCPP.4.1.0
2024-07-05 14:29:11,885 [WARN] PackLoader:240 - Cannot read IP mode file for STMicroelectronics.X-CUBE-ALGOBUILD.1.3.0
2024-07-05 14:29:11,914 [WARN] PackLoader:240 - Cannot read IP mode file for STMicroelectronics.X-CUBE-AZRTOS-G0.1.1.0
2024-07-05 14:29:11,930 [WARN] PackLoader:240 - Cannot read IP mode file for STMicroelectronics.X-CUBE-SAFEA1.1.2.2
2024-07-05 14:29:11,948 [WARN] PackLoader:240 - Cannot read IP mode file for STMicroelectronics.X-CUBE-NFC4.3.0.0
2024-07-05 14:29:11,954 [WARN] PackLoader:240 - Cannot read IP mode file for STMicroelectronics.FP-ATR-SIGFOX1.3.2.0
2024-07-05 14:29:11,971 [WARN] PackLoader:240 - Cannot read IP mode file for STMicroelectronics.X-CUBE-EEPRMA1.5.1.0
2024-07-05 14:29:12,030 [WARN] PackLoader:240 - Cannot read IP mode file for SEGGER.I-CUBE-embOS.1.3.1
2024-07-05 14:29:12,074 [WARN] PackLoader:240 - Cannot read IP mode file for STMicroelectronics.X-CUBE-ALGOBUILD.1.4.0
2024-07-05 14:29:12,096 [WARN] PackLoader:240 - Cannot read IP mode file for STMicroelectronics.X-CUBE-GNSS1.6.0.0
2024-07-05 14:29:12,134 [WARN] PackLoader:240 - Cannot read IP mode file for STMicroelectronics.X-CUBE-AZRTOS-F4.1.1.0
2024-07-05 14:29:12,160 [WARN] PackLoader:240 - Cannot read IP mode file for STMicroelectronics.X-CUBE-FREERTOS.1.2.0
2024-07-05 14:29:12,183 [WARN] PackLoader:240 - Cannot read IP mode file for wolfSSL.I-CUBE-wolfSSL.5.6.6
2024-07-05 14:29:12,223 [WARN] PackLoader:240 - Cannot read IP mode file for STMicroelectronics.X-CUBE-AZRTOS-L5.2.0.0
2024-07-05 14:29:12,250 [WARN] PackLoader:240 - Cannot read IP mode file for STMicroelectronics.X-CUBE-NFC6.3.1.0
2024-07-05 14:29:12,280 [WARN] PackLoader:240 - Cannot read IP mode file for ITTIA_DB.I-CUBE-ITTIADB.8.8.0
2024-07-05 14:29:12,286 [WARN] PackLoader:240 - Cannot read IP mode file for STMicroelectronics.X-CUBE-DPower.1.2.0
2024-07-05 14:29:12,309 [WARN] PackLoader:240 - Cannot read IP mode file for STMicroelectronics.X-CUBE-AI.9.0.0
2024-07-05 14:29:12,333 [WARN] PackLoader:240 - Cannot read IP mode file for STMicroelectronics.X-CUBE-NFC7.1.0.1
2024-07-05 14:29:12,362 [WARN] PackLoader:240 - Cannot read IP mode file for STMicroelectronics.X-CUBE-NFC6.3.0.0
2024-07-05 14:29:12,381 [WARN] PackLoader:240 - Cannot read IP mode file for STMicroelectronics.X-CUBE-AI.8.1.0
2024-07-05 14:29:12,417 [WARN] ConditionMgr:438 - getConditionDescription Invalid condition id : LAN8742 Phy interface Condition cause : null
2024-07-05 14:29:12,418 [WARN] PackLoader:240 - Cannot read IP mode file for STMicroelectronics.X-CUBE-AZRTOS-L4.2.0.0
2024-07-05 14:29:12,419 [WARN] ConditionMgr:1039 - genDependencies : Invalid condition id : LAN8742 Phy interface Condition cause : null
2024-07-05 14:29:12,419 [WARN] ConditionMgr:1039 - genDependencies : Invalid condition id : LAN8742 Phy interface Condition cause : null
2024-07-05 14:29:12,419 [WARN] ConditionMgr:1039 - genDependencies : Invalid condition id : LAN8742 Phy interface Condition cause : null
2024-07-05 14:29:12,446 [WARN] PackLoader:240 - Cannot read IP mode file for STMicroelectronics.X-CUBE-SFXS2LP1.4.0.0
2024-07-05 14:29:12,477 [WARN] ConditionMgr:438 - getConditionDescription Invalid condition id : UX DEVICE CLASS RTOS Condition cause : null
2024-07-05 14:29:12,477 [WARN] ConditionMgr:438 - getConditionDescription Invalid condition id : UX DEVICE CLASS RTOS Condition cause : null
2024-07-05 14:29:12,479 [WARN] PackLoader:240 - Cannot read IP mode file for STMicroelectronics.X-CUBE-AZRTOS-WB.2.0.0
2024-07-05 14:29:12,479 [WARN] ConditionMgr:1039 - genDependencies : Invalid condition id : UX DEVICE CLASS RTOS Condition cause : null
2024-07-05 14:29:12,479 [WARN] ConditionMgr:1039 - genDependencies : Invalid condition id : UX DEVICE CLASS RTOS Condition cause : null
2024-07-05 14:29:12,480 [WARN] ConditionMgr:1039 - genDependencies : Invalid condition id : UX DEVICE CLASS RTOS Condition cause : null
2024-07-05 14:29:12,480 [WARN] ConditionMgr:1039 - genDependencies : Invalid condition id : UX DEVICE CLASS RTOS Condition cause : null
2024-07-05 14:29:12,480 [WARN] ConditionMgr:1039 - genDependencies : Invalid condition id : UX DEVICE CLASS RTOS Condition cause : null
2024-07-05 14:29:12,501 [WARN] PackLoader:240 - Cannot read IP mode file for STMicroelectronics.X-CUBE-SUBG2.5.0.0
2024-07-05 14:29:12,536 [WARN] PackLoader:240 - Cannot read IP mode file for STMicroelectronics.X-CUBE-AZRTOS-G4.2.0.0
2024-07-05 14:29:12,567 [WARN] PackLoader:240 - Cannot read IP mode file for Infineon.AIROC-Wi-Fi-Bluetooth-STM32.1.5.1
2024-07-05 14:29:12,588 [WARN] PackLoader:240 - Cannot read IP mode file for STMicroelectronics.FP-SNS-MOTENVWB1.1.3.1
2024-07-05 14:29:12,604 [WARN] PackLoader:240 - Cannot read IP mode file for STMicroelectronics.X-CUBE-ISPU.2.0.0
2024-07-05 14:29:12,624 [WARN] PackLoader:240 - Cannot read IP mode file for STMicroelectronics.X-CUBE-ALS.1.0.2
2024-07-05 14:29:12,674 [WARN] PackLoader:240 - Cannot read IP mode file for STMicroelectronics.X-CUBE-MEMS1.10.0.0
2024-07-05 14:29:12,750 [WARN] PackLoader:240 - Cannot read IP mode file for STMicroelectronics.X-CUBE-FREERTOS.1.1.0
2024-07-05 14:29:12,753 [WARN] PackLoader:240 - Cannot read IP mode file for STMicroelectronics.X-CUBE-TOUCHGFX.4.24.0
2024-07-05 14:29:12,772 [WARN] PackLoader:240 - Cannot read IP mode file for portGmbH.I-Cube-SoM-uGOAL.1.1.0
2024-07-05 14:29:12,796 [WARN] PackLoader:240 - Cannot read IP mode file for STMicroelectronics.X-CUBE-ALS.1.0.1
2024-07-05 14:29:12,825 [WARN] PackLoader:240 - Cannot read IP mode file for STMicroelectronics.X-CUBE-AZRTOS-H7RS.1.0.0
2024-07-05 14:29:12,832 [WARN] PackLoader:240 - Cannot read IP mode file for STMicroelectronics.FP-ATR-ASTRA1.2.0.0
2024-07-05 14:29:12,856 [WARN] PackLoader:240 - Cannot read IP mode file for STMicroelectronics.X-CUBE-TOF1.3.4.1
2024-07-05 14:29:12,902 [WARN] PackLoader:240 - Cannot read IP mode file for STMicroelectronics.X-CUBE-AZRTOS-H7.3.2.0
2024-07-05 14:29:12,906 [INFO] ThirdParty:978 - Integrity check success = true
2024-07-05 14:29:12,906 [INFO] IntegrityCheckThread:100 - exiting critical section [integrity check]
2024-07-05 14:29:12,906 [INFO] IntegrityCheckThread:103 - End integrity checks thread
2024-07-05 22:21:01,860 [INFO] WebApp:354 - JxBrowser engine has been closed 
