2024-05-21 08:40:13,821 [INFO] Activator:176 - 


2024-05-21 08:40:13,824 [INFO] Activator:177 - !SESSION log4j initialized
2024-05-21 08:40:17,768 [INFO] LogOutputStream:77 - [STDOUT_REDIRECT] 
2024-05-21 08:40:21,224 [INFO] ApplicationProperties:184 - Using Application install path: C:\ST\STM32CubeIDE_1.14.1\STM32CubeIDE\plugins\com.st.stm32cube.common.mx_6.11.1.202404110753
2024-05-21 08:40:21,237 [INFO] DbMcusXml:78 - Set database path to: C:\ST\STM32CubeIDE_1.14.1\STM32CubeIDE\plugins\com.st.stm32cube.common.mx_6.11.1.202404110753\\db\/mcu/
2024-05-21 08:40:21,237 [INFO] ApiDb:274 - Set plugin database path to: C:\ST\STM32CubeIDE_1.14.1\STM32CubeIDE\plugins\com.st.stm32cube.common.mx_6.11.1.202404110753\\db\/plugins/boardmanager/
2024-05-21 08:40:21,237 [WARN] ApiDb:259 - Overriding images path with different value:  => C:\ST\STM32CubeIDE_1.14.1\STM32CubeIDE\plugins\com.st.stm32cube.common.mx_6.11.1.202404110753\\db\/plugins/mcufinder/images/
2024-05-21 08:40:21,243 [INFO] ApiDb:250 - Set database path to: C:\Users\harry\.stmcufinder\plugins\mcufinder//mcu/
2024-05-21 08:40:21,244 [INFO] DbMcusAds:125 - Set database path to: C:\Users\harry\.stmcufinder\plugins\mcufinder//mcu/
2024-05-21 08:40:21,245 [INFO] CrossReferenceDbSqlite:203 - Set database path to: C:\Users\harry\.stmcufinder\plugins\mcufinder//mcu/cs/
2024-05-21 08:40:21,326 [INFO] RulesReader:64 - Compatibility file has been processed (297 Rules)
2024-05-21 08:40:21,390 [INFO] DbMcusXml:78 - Set database path to: C:\ST\STM32CubeIDE_1.14.1\STM32CubeIDE\plugins\com.st.stm32cube.common.mx_6.11.1.202404110753\\db\/mcu/
2024-05-21 08:40:21,390 [INFO] ApiDb:274 - Set plugin database path to: C:\ST\STM32CubeIDE_1.14.1\STM32CubeIDE\plugins\com.st.stm32cube.common.mx_6.11.1.202404110753\\db\/plugins/boardmanager/
2024-05-21 08:40:21,390 [INFO] ApiDb:261 - Set plugin images path to: C:\ST\STM32CubeIDE_1.14.1\STM32CubeIDE\plugins\com.st.stm32cube.common.mx_6.11.1.202404110753\\db\/plugins/mcufinder/images/
2024-05-21 08:40:21,390 [WARN] DbFile:41 - Overriding database path with different value: C:\Users\harry\.stmcufinder\plugins\mcufinder/ => C:\Users\harry\.stmcufinder\plugins\mcufinder
2024-05-21 08:40:21,390 [INFO] ApiDb:250 - Set database path to: C:\Users\harry\.stmcufinder\plugins\mcufinder//mcu/
2024-05-21 08:40:21,390 [WARN] DbFile:41 - Overriding database path with different value: C:\Users\harry\.stmcufinder\plugins\mcufinder/ => C:\Users\harry\.stmcufinder\plugins\mcufinder
2024-05-21 08:40:21,390 [INFO] DbMcusAds:125 - Set database path to: C:\Users\harry\.stmcufinder\plugins\mcufinder//mcu/
2024-05-21 08:40:21,390 [WARN] DbFile:41 - Overriding database path with different value: C:\Users\harry\.stmcufinder\plugins\mcufinder/ => C:\Users\harry\.stmcufinder\plugins\mcufinder
2024-05-21 08:40:21,391 [WARN] DbFile:41 - Overriding database path with different value: C:\Users\harry\.stmcufinder\plugins\mcufinder/ => C:\Users\harry\.stmcufinder\plugins\mcufinder
2024-05-21 08:40:21,391 [INFO] CrossReferenceDbSqlite:203 - Set database path to: C:\Users\harry\.stmcufinder\plugins\mcufinder//mcu/cs/
2024-05-21 08:40:21,445 [INFO] MainPanel:264 - HeapMemory: 268435456
2024-05-21 08:40:21,517 [INFO] DbMcusXml:78 - Set database path to: C:\ST\STM32CubeIDE_1.14.1\STM32CubeIDE\plugins\com.st.stm32cube.common.mx_6.11.1.202404110753\\db\/mcu/
2024-05-21 08:40:21,517 [INFO] ApiDb:274 - Set plugin database path to: C:\ST\STM32CubeIDE_1.14.1\STM32CubeIDE\plugins\com.st.stm32cube.common.mx_6.11.1.202404110753\\db\/plugins/boardmanager/
2024-05-21 08:40:21,517 [INFO] ApiDb:261 - Set plugin images path to: C:\ST\STM32CubeIDE_1.14.1\STM32CubeIDE\plugins\com.st.stm32cube.common.mx_6.11.1.202404110753\\db\/plugins/mcufinder/images/
2024-05-21 08:40:21,518 [WARN] DbFile:41 - Overriding database path with different value: C:\Users\harry\.stmcufinder\plugins\mcufinder/ => C:\Users\harry\.stmcufinder\plugins\mcufinder
2024-05-21 08:40:21,518 [INFO] ApiDb:250 - Set database path to: C:\Users\harry\.stmcufinder\plugins\mcufinder//mcu/
2024-05-21 08:40:21,518 [WARN] DbFile:41 - Overriding database path with different value: C:\Users\harry\.stmcufinder\plugins\mcufinder/ => C:\Users\harry\.stmcufinder\plugins\mcufinder
2024-05-21 08:40:21,518 [INFO] DbMcusAds:125 - Set database path to: C:\Users\harry\.stmcufinder\plugins\mcufinder//mcu/
2024-05-21 08:40:21,518 [WARN] DbFile:41 - Overriding database path with different value: C:\Users\harry\.stmcufinder\plugins\mcufinder/ => C:\Users\harry\.stmcufinder\plugins\mcufinder
2024-05-21 08:40:21,518 [WARN] DbFile:41 - Overriding database path with different value: C:\Users\harry\.stmcufinder\plugins\mcufinder/ => C:\Users\harry\.stmcufinder\plugins\mcufinder
2024-05-21 08:40:21,518 [INFO] CrossReferenceDbSqlite:203 - Set database path to: C:\Users\harry\.stmcufinder\plugins\mcufinder//mcu/cs/
2024-05-21 08:40:21,533 [INFO] ApplicationProperties:184 - Using Application install path: C:\ST\STM32CubeIDE_1.14.1\STM32CubeIDE\plugins\com.st.stm32cube.common.mx_6.11.1.202404110753
2024-05-21 08:40:21,534 [INFO] PluginManage:196 - Search for loadable plugins [exclusion list=, ]
2024-05-21 08:40:21,535 [INFO] PluginManage:310 - Check plugin analytics
2024-05-21 08:40:21,657 [INFO] AnalyticsPlugin:253 - Accepted Software Licenses: 
2024-05-21 08:40:21,658 [INFO] AnalyticsPlugin:255 - Accepted CMSIS Pack Licenses: 
2024-05-21 08:40:21,658 [INFO] AnalyticsPlugin:257 - Accepted Firmware Licenses: 
2024-05-21 08:40:21,660 [INFO] PluginManage:359 - Loaded plugin analytics (category:tool,tabindex:-1)
2024-05-21 08:40:21,660 [INFO] PluginManage:310 - Check plugin cadmodel
2024-05-21 08:40:21,675 [INFO] CADModel:105 - Init CAD model plugin
2024-05-21 08:40:21,676 [INFO] PluginManage:359 - Loaded plugin cadmodel (category:power,tabindex:5)
2024-05-21 08:40:21,676 [INFO] PluginManage:310 - Check plugin clock
2024-05-21 08:40:21,695 [INFO] PluginManage:359 - Loaded plugin clock (category:base,tabindex:2)
2024-05-21 08:40:21,696 [INFO] PluginManage:310 - Check plugin ddr
2024-05-21 08:40:21,697 [INFO] PluginManage:359 - Loaded plugin ddr (category:tool,tabindex:6)
2024-05-21 08:40:21,697 [INFO] PluginManage:310 - Check plugin filemanager
2024-05-21 08:40:21,806 [INFO] PluginManage:359 - Loaded plugin filemanager (category:base,tabindex:10)
2024-05-21 08:40:21,807 [INFO] PluginManage:310 - Check plugin ipmanager
2024-05-21 08:40:21,813 [INFO] PluginManage:359 - Loaded plugin ipmanager (category:base,tabindex:5)
2024-05-21 08:40:21,813 [INFO] PluginManage:310 - Check plugin lpbam
2024-05-21 08:40:21,828 [INFO] PluginManage:359 - Loaded plugin lpbam (category:base,tabindex:0)
2024-05-21 08:40:21,829 [INFO] PluginManage:310 - Check plugin memorymap
2024-05-21 08:40:21,847 [INFO] PluginManage:359 - Loaded plugin memorymap (category:base,tabindex:4)
2024-05-21 08:40:21,847 [INFO] PluginManage:310 - Check plugin pinoutandconfiguration
2024-05-21 08:40:21,860 [INFO] PluginManage:359 - Loaded plugin pinoutandconfiguration (category:base,tabindex:1)
2024-05-21 08:40:21,861 [INFO] PluginManage:310 - Check plugin pinoutconfig
2024-05-21 08:40:21,921 [WARN] SupportedApi:132 - Cannot load RTOS API schema: s4s-elt-must-match.1: The content of 'definitions' must match (annotation?, (simpleType | complexType)?, (unique | key | keyref)*)). A problem was found starting at: attribute.
2024-05-21 08:40:22,004 [INFO] PluginManage:359 - Loaded plugin pinoutconfig (category:base,tabindex:0)
2024-05-21 08:40:22,004 [INFO] PluginManage:310 - Check plugin power
2024-05-21 08:40:22,020 [INFO] PluginManage:359 - Loaded plugin power (category:power,tabindex:4)
2024-05-21 08:40:22,020 [INFO] PluginManage:310 - Check plugin projectmanager
2024-05-21 08:40:22,030 [INFO] PluginManage:359 - Loaded plugin projectmanager (category:projectmanager,tabindex:3)
2024-05-21 08:40:22,031 [INFO] PluginManage:310 - Check plugin thirdparty
2024-05-21 08:40:22,186 [INFO] PluginManage:359 - Loaded plugin thirdparty (category:base,tabindex:-1)
2024-05-21 08:40:22,186 [WARN] IntegrityCheckThread:84 - waiting for thirdparty lock release [integrity check]
2024-05-21 08:40:22,186 [INFO] PluginManage:310 - Check plugin tools
2024-05-21 08:40:22,186 [INFO] IntegrityCheckThread:86 - entering critical section [integrity check]
2024-05-21 08:40:22,186 [INFO] ThirdPartyUpdaterWithRetryManager:70 - Updater plugin not ready yet. [1/15]
2024-05-21 08:40:22,208 [INFO] PluginManage:359 - Loaded plugin tools (category:base,tabindex:7)
2024-05-21 08:40:22,208 [INFO] PluginManage:310 - Check plugin tutovideos
2024-05-21 08:40:22,345 [INFO] PluginManage:359 - Loaded plugin tutovideos (category:base,tabindex:-1)
2024-05-21 08:40:22,345 [INFO] PluginManage:310 - Check plugin updater
2024-05-21 08:40:22,352 [INFO] PluginManage:359 - Loaded plugin updater (category:base,tabindex:12)
2024-05-21 08:40:22,352 [INFO] PluginManage:310 - Check plugin userauth
2024-05-21 08:40:22,356 [INFO] UserAuth:114 - Init User Auth plugin
2024-05-21 08:40:22,356 [INFO] PluginManage:359 - Loaded plugin userauth (category:base,tabindex:14)
2024-05-21 08:40:22,356 [INFO] PluginManage:283 - PluginManage : Loaded plugins [17]
2024-05-21 08:40:22,496 [INFO] PinOutPanel:1561 - setPackage(No Configuration,No Configuration)
2024-05-21 08:40:22,546 [INFO] CADModel:165 - CPN selected for project level
2024-05-21 08:40:22,546 [INFO] CADModel:114 - Register for checkConnection events
2024-05-21 08:40:22,563 [INFO] IPUIPlugin:80 - create IPUIPlugin
2024-05-21 08:40:22,563 [INFO] PluginManager:220 - loadIPPluginJar : add adc
2024-05-21 08:40:22,587 [INFO] IPUIPlugin:80 - create IPUIPlugin
2024-05-21 08:40:22,587 [INFO] PluginManager:220 - loadIPPluginJar : add aes
2024-05-21 08:40:22,611 [INFO] IPUIPlugin:80 - create IPUIPlugin
2024-05-21 08:40:22,611 [INFO] PluginManager:220 - loadIPPluginJar : add can
2024-05-21 08:40:22,625 [INFO] IPUIPlugin:80 - create IPUIPlugin
2024-05-21 08:40:22,626 [INFO] PluginManager:220 - loadIPPluginJar : add comp
2024-05-21 08:40:22,645 [INFO] IPUIPlugin:80 - create IPUIPlugin
2024-05-21 08:40:22,645 [INFO] PluginManager:220 - loadIPPluginJar : add cryp
2024-05-21 08:40:22,662 [INFO] IPUIPlugin:80 - create IPUIPlugin
2024-05-21 08:40:22,662 [INFO] PluginManager:220 - loadIPPluginJar : add dfsdm
2024-05-21 08:40:22,671 [INFO] IPUIPlugin:80 - create IPUIPlugin
2024-05-21 08:40:22,672 [INFO] PluginManager:220 - loadIPPluginJar : add dma
2024-05-21 08:40:22,698 [INFO] IPUIPlugin:80 - create IPUIPlugin
2024-05-21 08:40:22,698 [INFO] PluginManager:220 - loadIPPluginJar : add dma3
2024-05-21 08:40:22,725 [INFO] IPUIPlugin:80 - create IPUIPlugin
2024-05-21 08:40:22,725 [INFO] PluginManager:220 - loadIPPluginJar : add extmemmanager
2024-05-21 08:40:22,737 [INFO] IPUIPlugin:80 - create IPUIPlugin
2024-05-21 08:40:22,737 [INFO] PluginManager:220 - loadIPPluginJar : add fatfs
2024-05-21 08:40:22,764 [INFO] IPUIPlugin:80 - create IPUIPlugin
2024-05-21 08:40:22,764 [INFO] PluginManager:220 - loadIPPluginJar : add fmc
2024-05-21 08:40:22,775 [INFO] IPUIPlugin:80 - create IPUIPlugin
2024-05-21 08:40:22,776 [INFO] PluginManager:220 - loadIPPluginJar : add freertos
2024-05-21 08:40:22,788 [INFO] IPUIPlugin:80 - create IPUIPlugin
2024-05-21 08:40:22,788 [INFO] PluginManager:220 - loadIPPluginJar : add genericplugin
2024-05-21 08:40:22,843 [INFO] IPUIPlugin:80 - create IPUIPlugin
2024-05-21 08:40:22,843 [INFO] PluginManager:220 - loadIPPluginJar : add gfxmmu
2024-05-21 08:40:22,939 [INFO] IPUIPlugin:80 - create IPUIPlugin
2024-05-21 08:40:22,940 [INFO] PluginManager:220 - loadIPPluginJar : add gic
2024-05-21 08:40:22,949 [INFO] IPUIPlugin:80 - create IPUIPlugin
2024-05-21 08:40:22,949 [INFO] PluginManager:220 - loadIPPluginJar : add gpio
2024-05-21 08:40:23,007 [INFO] IPUIPlugin:80 - create IPUIPlugin
2024-05-21 08:40:23,007 [INFO] PluginManager:220 - loadIPPluginJar : add gtzc
2024-05-21 08:40:23,035 [INFO] IPUIPlugin:80 - create IPUIPlugin
2024-05-21 08:40:23,035 [INFO] PluginManager:220 - loadIPPluginJar : add hash
2024-05-21 08:40:23,079 [INFO] IPUIPlugin:80 - create IPUIPlugin
2024-05-21 08:40:23,079 [INFO] PluginManager:220 - loadIPPluginJar : add i2c
2024-05-21 08:40:23,107 [INFO] IPUIPlugin:80 - create IPUIPlugin
2024-05-21 08:40:23,108 [INFO] PluginManager:220 - loadIPPluginJar : add i2s
2024-05-21 08:40:23,133 [INFO] IPUIPlugin:80 - create IPUIPlugin
2024-05-21 08:40:23,133 [INFO] PluginManager:220 - loadIPPluginJar : add i3c
2024-05-21 08:40:23,202 [INFO] IPUIPlugin:80 - create IPUIPlugin
2024-05-21 08:40:23,202 [INFO] PluginManager:220 - loadIPPluginJar : add ipddr
2024-05-21 08:40:23,257 [INFO] IPUIPlugin:80 - create IPUIPlugin
2024-05-21 08:40:23,258 [INFO] PluginManager:220 - loadIPPluginJar : add linkedlist
2024-05-21 08:40:23,279 [INFO] IPUIPlugin:80 - create IPUIPlugin
2024-05-21 08:40:23,280 [INFO] PluginManager:220 - loadIPPluginJar : add lorawan
2024-05-21 08:40:23,301 [INFO] IPUIPlugin:80 - create IPUIPlugin
2024-05-21 08:40:23,301 [INFO] PluginManager:220 - loadIPPluginJar : add ltdc
2024-05-21 08:40:23,312 [INFO] IPUIPlugin:80 - create IPUIPlugin
2024-05-21 08:40:23,312 [INFO] PluginManager:220 - loadIPPluginJar : add mdma
2024-05-21 08:40:23,319 [INFO] IPUIPlugin:80 - create IPUIPlugin
2024-05-21 08:40:23,319 [INFO] PluginManager:220 - loadIPPluginJar : add nvic
2024-05-21 08:40:23,342 [INFO] IPUIPlugin:80 - create IPUIPlugin
2024-05-21 08:40:23,343 [INFO] PluginManager:220 - loadIPPluginJar : add opamp
2024-05-21 08:40:23,378 [INFO] IPUIPlugin:80 - create IPUIPlugin
2024-05-21 08:40:23,379 [INFO] PluginManager:220 - loadIPPluginJar : add openamp
2024-05-21 08:40:23,405 [INFO] IPUIPlugin:80 - create IPUIPlugin
2024-05-21 08:40:23,405 [INFO] PluginManager:220 - loadIPPluginJar : add pdm2pcm
2024-05-21 08:40:23,416 [INFO] IPUIPlugin:80 - create IPUIPlugin
2024-05-21 08:40:23,418 [INFO] PluginManager:220 - loadIPPluginJar : add plateformsettings
2024-05-21 08:40:23,432 [INFO] IPUIPlugin:80 - create IPUIPlugin
2024-05-21 08:40:23,432 [INFO] PluginManager:220 - loadIPPluginJar : add quadspi
2024-05-21 08:40:23,441 [INFO] IPUIPlugin:80 - create IPUIPlugin
2024-05-21 08:40:23,441 [INFO] PluginManager:220 - loadIPPluginJar : add resmgrutility
2024-05-21 08:40:23,470 [INFO] IPUIPlugin:80 - create IPUIPlugin
2024-05-21 08:40:23,470 [INFO] PluginManager:220 - loadIPPluginJar : add sai
2024-05-21 08:40:23,492 [INFO] IPUIPlugin:80 - create IPUIPlugin
2024-05-21 08:40:23,492 [INFO] PluginManager:220 - loadIPPluginJar : add spi
2024-05-21 08:40:23,535 [INFO] IPUIPlugin:80 - create IPUIPlugin
2024-05-21 08:40:23,535 [INFO] PluginManager:220 - loadIPPluginJar : add stm32_wpan
2024-05-21 08:40:23,551 [INFO] IPUIPlugin:80 - create IPUIPlugin
2024-05-21 08:40:23,551 [INFO] PluginManager:220 - loadIPPluginJar : add tim
2024-05-21 08:40:23,588 [INFO] IPUIPlugin:80 - create IPUIPlugin
2024-05-21 08:40:23,588 [INFO] PluginManager:220 - loadIPPluginJar : add touchsensing
2024-05-21 08:40:23,603 [INFO] IPUIPlugin:80 - create IPUIPlugin
2024-05-21 08:40:23,603 [INFO] PluginManager:220 - loadIPPluginJar : add tracer_emb
2024-05-21 08:40:23,617 [INFO] IPUIPlugin:80 - create IPUIPlugin
2024-05-21 08:40:23,617 [INFO] PluginManager:220 - loadIPPluginJar : add ts
2024-05-21 08:40:23,631 [INFO] IPUIPlugin:80 - create IPUIPlugin
2024-05-21 08:40:23,631 [INFO] PluginManager:220 - loadIPPluginJar : add tsc
2024-05-21 08:40:23,645 [INFO] IPUIPlugin:80 - create IPUIPlugin
2024-05-21 08:40:23,645 [INFO] PluginManager:220 - loadIPPluginJar : add ucpd
2024-05-21 08:40:23,673 [INFO] IPUIPlugin:80 - create IPUIPlugin
2024-05-21 08:40:23,673 [INFO] PluginManager:220 - loadIPPluginJar : add usart
2024-05-21 08:40:23,700 [INFO] IPUIPlugin:80 - create IPUIPlugin
2024-05-21 08:40:23,700 [INFO] PluginManager:220 - loadIPPluginJar : add usbx
2024-05-21 08:40:23,807 [INFO] CADModel:165 - CPN selected for project level
2024-05-21 08:40:23,807 [INFO] CADModel:114 - Register for checkConnection events
2024-05-21 08:40:23,807 [FATAL] Updater:308 - Updater called before beeing initialized
2024-05-21 08:40:23,807 [ERROR] CADModel:125 - Updater not yet initialized, retry later 
2024-05-21 08:40:23,908 [INFO] CADModel:165 - CPN selected for project level
2024-05-21 08:40:23,908 [INFO] CADModel:114 - Register for checkConnection events
2024-05-21 08:40:23,908 [FATAL] Updater:308 - Updater called before beeing initialized
2024-05-21 08:40:23,908 [ERROR] CADModel:125 - Updater not yet initialized, retry later 
2024-05-21 08:40:23,910 [FATAL] Updater:308 - Updater called before beeing initialized
2024-05-21 08:40:23,971 [FATAL] Updater:308 - Updater called before beeing initialized
2024-05-21 08:40:23,978 [INFO] DbMcusAds:53 - JSON generation date=Thu May 16 17:22:00 CST 2024 (1715851320852)
2024-05-21 08:40:23,978 [FATAL] Updater:308 - Updater called before beeing initialized
2024-05-21 08:40:24,034 [WARN] DetailPanel:346 - Failed to get advertising image, set to default
2024-05-21 08:40:24,099 [FATAL] Updater:308 - Updater called before beeing initialized
2024-05-21 08:40:24,101 [FATAL] Updater:308 - Updater called before beeing initialized
2024-05-21 08:40:24,101 [FATAL] Updater:308 - Updater called before beeing initialized
2024-05-21 08:40:24,101 [WARN] DetailPanel:346 - Failed to get advertising image, set to default
2024-05-21 08:40:24,101 [FATAL] Updater:308 - Updater called before beeing initialized
2024-05-21 08:40:24,144 [ERROR] Updater:1120 - MainUpdater not yet initialized. External WinMGr cannot be set.
2024-05-21 08:40:24,153 [INFO] Updater:1056 - Updater Version found : 6.11.1
2024-05-21 08:40:24,170 [INFO] ApplicationProperties:184 - Using Application install path: C:\ST\STM32CubeIDE_1.14.1\STM32CubeIDE\plugins\com.st.stm32cube.common.mx_6.11.1.202404110753
2024-05-21 08:40:25,188 [INFO] ThirdPartyUpdaterWithRetryManager:70 - Updater plugin not ready yet. [2/15]
2024-05-21 08:40:25,745 [ERROR] LogOutputStream:75 - [STDERR_REDIRECT] May 21, 2024 8:40:25 AM java.util.prefs.WindowsPreferences <init>
2024-05-21 08:40:25,745 [ERROR] LogOutputStream:75 - [STDERR_REDIRECT] WARNING: Could not open/create prefs root node Software\JavaSoft\Prefs at root 0xffffffff80000002. Windows RegCreateKeyEx(...) returned error code 5.
2024-05-21 08:40:25,745 [ERROR] LogOutputStream:75 - [STDERR_REDIRECT] 
2024-05-21 08:40:25,979 [INFO] MainUpdater:2873 - connection check result : 10
2024-05-21 08:40:25,979 [INFO] MainUpdater:290 - Updater Check For Update Now.
2024-05-21 08:40:25,979 [INFO] MicroXplorer:498 - Change Database Version : DB.6.0.111
2024-05-21 08:40:25,990 [INFO] McuFinderGlobals:63 - Set McuFinder mode to 2 (CubeIDE integrated)
2024-05-21 08:40:25,990 [INFO] UserAuth:179 - activating auth plugin
2024-05-21 08:40:25,992 [INFO] UserAuth:415 - Internet connection configuration mode: 1
2024-05-21 08:40:26,012 [INFO] JxBrowserEngine:152 - Initiate JxBrowser Engine with user profile folder
2024-05-21 08:40:26,139 [INFO] CheckServerUpdateThread:120 - End of CheckServer Thread
2024-05-21 08:40:28,321 [WARN] PackLoader:240 - Cannot read IP mode file for STMicroelectronics.FP-SNS-MOTENVWB1.1.4.0
2024-05-21 08:40:28,332 [WARN] PackLoader:240 - Cannot read IP mode file for STMicroelectronics.X-CUBE-SMBUS.2.1.0
2024-05-21 08:40:28,340 [WARN] PackLoader:240 - Cannot read IP mode file for STMicroelectronics.X-CUBE-TOUCHGFX.4.23.0
2024-05-21 08:40:28,347 [WARN] PackLoader:240 - Cannot read IP mode file for STMicroelectronics.X-CUBE-TOUCHGFX.4.23.2
2024-05-21 08:40:28,372 [WARN] PackLoader:240 - Cannot read IP mode file for STMicroelectronics.X-CUBE-AZRTOS-F7.1.1.0
2024-05-21 08:40:28,384 [WARN] PackLoader:240 - Cannot read IP mode file for STMicroelectronics.FP-SNS-MOTENV1.4.3.2
2024-05-21 08:40:28,393 [WARN] PackLoader:240 - Cannot read IP mode file for STMicroelectronics.FP-SNS-FLIGHT1.5.0.2
2024-05-21 08:40:28,404 [WARN] PackLoader:240 - Cannot read IP mode file for STMicroelectronics.X-CUBE-DISPLAY.3.0.0
2024-05-21 08:40:28,428 [WARN] PackLoader:240 - Cannot read IP mode file for STMicroelectronics.X-CUBE-BLE1.7.0.0
2024-05-21 08:40:28,449 [WARN] PackLoader:240 - Cannot read IP mode file for emotas.I-CUBE-CANOPEN.1.3.0
2024-05-21 08:40:28,465 [WARN] PackLoader:240 - Cannot read IP mode file for STMicroelectronics.X-CUBE-BLEMGR.3.1.0
2024-05-21 08:40:28,475 [WARN] PackLoader:240 - Cannot read IP mode file for STMicroelectronics.FP-SNS-SMARTAG2.1.2.0
2024-05-21 08:40:28,490 [INFO] LogOutputStream:77 - [STDOUT_REDIRECT] 1 : Invalid condition id : UX_CORESTACK_Condition cause : null
2024-05-21 08:40:28,490 [INFO] LogOutputStream:77 - [STDOUT_REDIRECT] 1 : Invalid condition id : UX_CORESTACK_Condition cause : null
2024-05-21 08:40:28,491 [INFO] LogOutputStream:77 - [STDOUT_REDIRECT] 1 : Invalid condition id : UX_CORESTACK_Condition cause : null
2024-05-21 08:40:28,491 [INFO] LogOutputStream:77 - [STDOUT_REDIRECT] 1 : Invalid condition id : UX_CORESTACK_Condition cause : null
2024-05-21 08:40:28,492 [INFO] LogOutputStream:77 - [STDOUT_REDIRECT] 1 : Invalid condition id : UX_CORESTACK_Condition cause : null
2024-05-21 08:40:28,493 [WARN] PackLoader:240 - Cannot read IP mode file for STMicroelectronics.X-CUBE-AZRTOS-WL.2.0.0
2024-05-21 08:40:28,502 [WARN] PackLoader:240 - Cannot read IP mode file for STMicroelectronics.FP-SNS-MOTENV1.5.0.0
2024-05-21 08:40:28,513 [WARN] PackLoader:240 - Cannot read IP mode file for WES.I-CUBE-Cesium.1.3.0
2024-05-21 08:40:28,522 [WARN] PackLoader:240 - Cannot read IP mode file for STMicroelectronics.X-CUBE-BLE2.3.3.0
2024-05-21 08:40:28,530 [WARN] PackLoader:240 - Cannot read IP mode file for STMicroelectronics.X-CUBE-TCPP.4.1.0
2024-05-21 08:40:28,540 [WARN] PackLoader:240 - Cannot read IP mode file for STMicroelectronics.X-CUBE-ALGOBUILD.1.3.0
2024-05-21 08:40:28,558 [WARN] PackLoader:240 - Cannot read IP mode file for STMicroelectronics.X-CUBE-AZRTOS-G0.1.1.0
2024-05-21 08:40:28,569 [WARN] PackLoader:240 - Cannot read IP mode file for STMicroelectronics.X-CUBE-SAFEA1.1.2.2
2024-05-21 08:40:28,577 [WARN] PackLoader:240 - Cannot read IP mode file for STMicroelectronics.X-CUBE-NFC4.3.0.0
2024-05-21 08:40:28,585 [WARN] PackLoader:240 - Cannot read IP mode file for STMicroelectronics.FP-ATR-SIGFOX1.3.2.0
2024-05-21 08:40:28,593 [WARN] PackLoader:240 - Cannot read IP mode file for STMicroelectronics.X-CUBE-EEPRMA1.5.1.0
2024-05-21 08:40:28,616 [WARN] PackLoader:240 - Cannot read IP mode file for SEGGER.I-CUBE-embOS.1.3.1
2024-05-21 08:40:28,644 [WARN] PackLoader:240 - Cannot read IP mode file for STMicroelectronics.X-CUBE-ALGOBUILD.1.4.0
2024-05-21 08:40:28,654 [WARN] PackLoader:240 - Cannot read IP mode file for STMicroelectronics.X-CUBE-GNSS1.6.0.0
2024-05-21 08:40:28,672 [WARN] PackLoader:240 - Cannot read IP mode file for STMicroelectronics.X-CUBE-AZRTOS-F4.1.1.0
2024-05-21 08:40:28,688 [WARN] PackLoader:240 - Cannot read IP mode file for STMicroelectronics.X-CUBE-FREERTOS.1.2.0
2024-05-21 08:40:28,701 [WARN] PackLoader:240 - Cannot read IP mode file for wolfSSL.I-CUBE-wolfSSL.5.6.6
2024-05-21 08:40:28,722 [WARN] PackLoader:240 - Cannot read IP mode file for STMicroelectronics.X-CUBE-AZRTOS-L5.2.0.0
2024-05-21 08:40:28,737 [WARN] PackLoader:240 - Cannot read IP mode file for STMicroelectronics.X-CUBE-NFC6.3.1.0
2024-05-21 08:40:28,749 [WARN] PackLoader:240 - Cannot read IP mode file for ITTIA_DB.I-CUBE-ITTIADB.8.8.0
2024-05-21 08:40:28,759 [WARN] PackLoader:240 - Cannot read IP mode file for STMicroelectronics.X-CUBE-AI.9.0.0
2024-05-21 08:40:28,771 [WARN] PackLoader:240 - Cannot read IP mode file for STMicroelectronics.X-CUBE-NFC7.1.0.1
2024-05-21 08:40:28,783 [WARN] PackLoader:240 - Cannot read IP mode file for STMicroelectronics.X-CUBE-NFC6.3.0.0
2024-05-21 08:40:28,793 [WARN] PackLoader:240 - Cannot read IP mode file for STMicroelectronics.X-CUBE-AI.8.1.0
2024-05-21 08:40:28,814 [WARN] ConditionMgr:438 - getConditionDescription Invalid condition id : LAN8742 Phy interface Condition cause : null
2024-05-21 08:40:28,815 [WARN] PackLoader:240 - Cannot read IP mode file for STMicroelectronics.X-CUBE-AZRTOS-L4.2.0.0
2024-05-21 08:40:28,815 [WARN] ConditionMgr:1039 - genDependencies : Invalid condition id : LAN8742 Phy interface Condition cause : null
2024-05-21 08:40:28,816 [WARN] ConditionMgr:1039 - genDependencies : Invalid condition id : LAN8742 Phy interface Condition cause : null
2024-05-21 08:40:28,816 [WARN] ConditionMgr:1039 - genDependencies : Invalid condition id : LAN8742 Phy interface Condition cause : null
2024-05-21 08:40:28,827 [WARN] PackLoader:240 - Cannot read IP mode file for STMicroelectronics.X-CUBE-SFXS2LP1.4.0.0
2024-05-21 08:40:28,845 [WARN] ConditionMgr:438 - getConditionDescription Invalid condition id : UX DEVICE CLASS RTOS Condition cause : null
2024-05-21 08:40:28,845 [WARN] ConditionMgr:438 - getConditionDescription Invalid condition id : UX DEVICE CLASS RTOS Condition cause : null
2024-05-21 08:40:28,846 [WARN] PackLoader:240 - Cannot read IP mode file for STMicroelectronics.X-CUBE-AZRTOS-WB.2.0.0
2024-05-21 08:40:28,847 [WARN] ConditionMgr:1039 - genDependencies : Invalid condition id : UX DEVICE CLASS RTOS Condition cause : null
2024-05-21 08:40:28,847 [WARN] ConditionMgr:1039 - genDependencies : Invalid condition id : UX DEVICE CLASS RTOS Condition cause : null
2024-05-21 08:40:28,847 [WARN] ConditionMgr:1039 - genDependencies : Invalid condition id : UX DEVICE CLASS RTOS Condition cause : null
2024-05-21 08:40:28,847 [WARN] ConditionMgr:1039 - genDependencies : Invalid condition id : UX DEVICE CLASS RTOS Condition cause : null
2024-05-21 08:40:28,847 [WARN] ConditionMgr:1039 - genDependencies : Invalid condition id : UX DEVICE CLASS RTOS Condition cause : null
2024-05-21 08:40:28,861 [WARN] PackLoader:240 - Cannot read IP mode file for STMicroelectronics.X-CUBE-SUBG2.5.0.0
2024-05-21 08:40:28,882 [WARN] PackLoader:240 - Cannot read IP mode file for STMicroelectronics.X-CUBE-AZRTOS-G4.2.0.0
2024-05-21 08:40:28,899 [WARN] PackLoader:240 - Cannot read IP mode file for Infineon.AIROC-Wi-Fi-Bluetooth-STM32.1.5.1
2024-05-21 08:40:28,910 [WARN] PackLoader:240 - Cannot read IP mode file for STMicroelectronics.FP-SNS-MOTENVWB1.1.3.1
2024-05-21 08:40:28,921 [WARN] PackLoader:240 - Cannot read IP mode file for STMicroelectronics.X-CUBE-ISPU.2.0.0
2024-05-21 08:40:28,950 [WARN] PackLoader:240 - Cannot read IP mode file for STMicroelectronics.X-CUBE-MEMS1.10.0.0
2024-05-21 08:40:29,052 [WARN] PackLoader:240 - Cannot read IP mode file for STMicroelectronics.X-CUBE-FREERTOS.1.1.0
2024-05-21 08:40:29,065 [WARN] PackLoader:240 - Cannot read IP mode file for portGmbH.I-Cube-SoM-uGOAL.1.1.0
2024-05-21 08:40:29,076 [WARN] PackLoader:240 - Cannot read IP mode file for STMicroelectronics.X-CUBE-ALS.1.0.1
2024-05-21 08:40:29,100 [WARN] PackLoader:240 - Cannot read IP mode file for STMicroelectronics.X-CUBE-AZRTOS-H7RS.1.0.0
2024-05-21 08:40:29,115 [WARN] PackLoader:240 - Cannot read IP mode file for STMicroelectronics.FP-ATR-ASTRA1.2.0.0
2024-05-21 08:40:29,131 [WARN] PackLoader:240 - Cannot read IP mode file for STMicroelectronics.X-CUBE-TOF1.3.4.1
2024-05-21 08:40:29,155 [WARN] PackLoader:240 - Cannot read IP mode file for STMicroelectronics.X-CUBE-AZRTOS-H7.3.2.0
2024-05-21 08:40:29,156 [INFO] ThirdParty:978 - Integrity check success = true
2024-05-21 08:40:29,156 [INFO] IntegrityCheckThread:100 - exiting critical section [integrity check]
2024-05-21 08:40:29,156 [INFO] IntegrityCheckThread:103 - End integrity checks thread
2024-05-21 08:40:30,079 [INFO] WebApp:161 - Instantiating new browser for Auth
2024-05-21 08:40:30,658 [INFO] WebApp:779 - Register for checkConnection events
2024-05-21 08:40:30,658 [INFO] WebApp:414 - Apply proxy settings
2024-05-21 08:40:30,658 [INFO] WebApp:499 - Chromium requires no authentication
2024-05-21 08:40:30,663 [INFO] WebApp:442 - Direct internet connection detected
2024-05-21 08:40:30,770 [INFO] WebApp:192 - Starting web application
2024-05-21 08:40:30,770 [INFO] WebApp:544 - Web application path used C:\ST\STM32CubeIDE_1.14.1\STM32CubeIDE\plugins\com.st.stm32cube.common.mx_6.11.1.202404110753\db\plugins\mcufinder\reactClient1\index.html
2024-05-21 22:05:50,295 [INFO] WebApp:354 - JxBrowser engine has been closed 
