2024-04-24 13:50:16,432 [INFO] Activator:176 - 


2024-04-24 13:50:16,436 [INFO] Activator:177 - !SESSION log4j initialized
2024-04-24 13:50:20,760 [INFO] LogOutputStream:77 - [STDOUT_REDIRECT] 
2024-04-24 13:50:22,558 [INFO] ApplicationProperties:184 - Using Application install path: C:\ST\STM32CubeIDE_1.14.1\STM32CubeIDE\plugins\com.st.stm32cube.common.mx_6.10.0.202311202037
2024-04-24 13:50:22,572 [INFO] DbMcusXml:78 - Set database path to: C:\ST\STM32CubeIDE_1.14.1\STM32CubeIDE\plugins\com.st.stm32cube.common.mx_6.10.0.202311202037\\db\/mcu/
2024-04-24 13:50:22,572 [INFO] ApiDb:274 - Set plugin database path to: C:\ST\STM32CubeIDE_1.14.1\STM32CubeIDE\plugins\com.st.stm32cube.common.mx_6.10.0.202311202037\\db\/plugins/boardmanager/
2024-04-24 13:50:22,576 [WARN] ApiDb:259 - Overriding images path with different value:  => C:\ST\STM32CubeIDE_1.14.1\STM32CubeIDE\plugins\com.st.stm32cube.common.mx_6.10.0.202311202037\\db\/plugins/mcufinder/images/
2024-04-24 13:50:22,582 [INFO] ApiDb:250 - Set database path to: C:\Users\harry\.stmcufinder\plugins\mcufinder//mcu/
2024-04-24 13:50:22,583 [INFO] DbMcusAds:125 - Set database path to: C:\Users\harry\.stmcufinder\plugins\mcufinder//mcu/
2024-04-24 13:50:22,584 [INFO] CrossReferenceDbSqlite:203 - Set database path to: C:\Users\harry\.stmcufinder\plugins\mcufinder//mcu/cs/
2024-04-24 13:50:22,653 [INFO] RulesReader:64 - Compatibility file has been processed (297 Rules)
2024-04-24 13:50:22,709 [INFO] DbMcusXml:78 - Set database path to: C:\ST\STM32CubeIDE_1.14.1\STM32CubeIDE\plugins\com.st.stm32cube.common.mx_6.10.0.202311202037\\db\/mcu/
2024-04-24 13:50:22,709 [INFO] ApiDb:274 - Set plugin database path to: C:\ST\STM32CubeIDE_1.14.1\STM32CubeIDE\plugins\com.st.stm32cube.common.mx_6.10.0.202311202037\\db\/plugins/boardmanager/
2024-04-24 13:50:22,709 [INFO] ApiDb:261 - Set plugin images path to: C:\ST\STM32CubeIDE_1.14.1\STM32CubeIDE\plugins\com.st.stm32cube.common.mx_6.10.0.202311202037\\db\/plugins/mcufinder/images/
2024-04-24 13:50:22,709 [WARN] DbFile:41 - Overriding database path with different value: C:\Users\harry\.stmcufinder\plugins\mcufinder/ => C:\Users\harry\.stmcufinder\plugins\mcufinder
2024-04-24 13:50:22,709 [INFO] ApiDb:250 - Set database path to: C:\Users\harry\.stmcufinder\plugins\mcufinder//mcu/
2024-04-24 13:50:22,709 [WARN] DbFile:41 - Overriding database path with different value: C:\Users\harry\.stmcufinder\plugins\mcufinder/ => C:\Users\harry\.stmcufinder\plugins\mcufinder
2024-04-24 13:50:22,709 [INFO] DbMcusAds:125 - Set database path to: C:\Users\harry\.stmcufinder\plugins\mcufinder//mcu/
2024-04-24 13:50:22,709 [WARN] DbFile:41 - Overriding database path with different value: C:\Users\harry\.stmcufinder\plugins\mcufinder/ => C:\Users\harry\.stmcufinder\plugins\mcufinder
2024-04-24 13:50:22,709 [WARN] DbFile:41 - Overriding database path with different value: C:\Users\harry\.stmcufinder\plugins\mcufinder/ => C:\Users\harry\.stmcufinder\plugins\mcufinder
2024-04-24 13:50:22,709 [INFO] CrossReferenceDbSqlite:203 - Set database path to: C:\Users\harry\.stmcufinder\plugins\mcufinder//mcu/cs/
2024-04-24 13:50:22,761 [INFO] MainPanel:264 - HeapMemory: 268435456
2024-04-24 13:50:22,830 [INFO] DbMcusXml:78 - Set database path to: C:\ST\STM32CubeIDE_1.14.1\STM32CubeIDE\plugins\com.st.stm32cube.common.mx_6.10.0.202311202037\\db\/mcu/
2024-04-24 13:50:22,830 [INFO] ApiDb:274 - Set plugin database path to: C:\ST\STM32CubeIDE_1.14.1\STM32CubeIDE\plugins\com.st.stm32cube.common.mx_6.10.0.202311202037\\db\/plugins/boardmanager/
2024-04-24 13:50:22,830 [INFO] ApiDb:261 - Set plugin images path to: C:\ST\STM32CubeIDE_1.14.1\STM32CubeIDE\plugins\com.st.stm32cube.common.mx_6.10.0.202311202037\\db\/plugins/mcufinder/images/
2024-04-24 13:50:22,830 [WARN] DbFile:41 - Overriding database path with different value: C:\Users\harry\.stmcufinder\plugins\mcufinder/ => C:\Users\harry\.stmcufinder\plugins\mcufinder
2024-04-24 13:50:22,830 [INFO] ApiDb:250 - Set database path to: C:\Users\harry\.stmcufinder\plugins\mcufinder//mcu/
2024-04-24 13:50:22,831 [WARN] DbFile:41 - Overriding database path with different value: C:\Users\harry\.stmcufinder\plugins\mcufinder/ => C:\Users\harry\.stmcufinder\plugins\mcufinder
2024-04-24 13:50:22,831 [INFO] DbMcusAds:125 - Set database path to: C:\Users\harry\.stmcufinder\plugins\mcufinder//mcu/
2024-04-24 13:50:22,831 [WARN] DbFile:41 - Overriding database path with different value: C:\Users\harry\.stmcufinder\plugins\mcufinder/ => C:\Users\harry\.stmcufinder\plugins\mcufinder
2024-04-24 13:50:22,831 [WARN] DbFile:41 - Overriding database path with different value: C:\Users\harry\.stmcufinder\plugins\mcufinder/ => C:\Users\harry\.stmcufinder\plugins\mcufinder
2024-04-24 13:50:22,831 [INFO] CrossReferenceDbSqlite:203 - Set database path to: C:\Users\harry\.stmcufinder\plugins\mcufinder//mcu/cs/
2024-04-24 13:50:22,843 [INFO] ApplicationProperties:184 - Using Application install path: C:\ST\STM32CubeIDE_1.14.1\STM32CubeIDE\plugins\com.st.stm32cube.common.mx_6.10.0.202311202037
2024-04-24 13:50:22,844 [INFO] PluginManage:196 - Search for loadable plugins [exclusion list=, ]
2024-04-24 13:50:22,845 [INFO] PluginManage:310 - Check plugin analytics
2024-04-24 13:50:22,966 [INFO] AnalyticsPlugin:253 - Accepted Software Licenses: 
2024-04-24 13:50:22,966 [INFO] AnalyticsPlugin:255 - Accepted CMSIS Pack Licenses: 
2024-04-24 13:50:22,966 [INFO] AnalyticsPlugin:257 - Accepted Firmware Licenses: 
2024-04-24 13:50:22,968 [INFO] PluginManage:359 - Loaded plugin analytics (category:tool,tabindex:-1)
2024-04-24 13:50:22,968 [INFO] PluginManage:310 - Check plugin cadmodel
2024-04-24 13:50:22,989 [INFO] CADModel:105 - Init CAD model plugin
2024-04-24 13:50:22,989 [INFO] PluginManage:359 - Loaded plugin cadmodel (category:power,tabindex:5)
2024-04-24 13:50:22,989 [INFO] PluginManage:310 - Check plugin clock
2024-04-24 13:50:23,007 [INFO] PluginManage:359 - Loaded plugin clock (category:base,tabindex:2)
2024-04-24 13:50:23,007 [INFO] PluginManage:310 - Check plugin ddr
2024-04-24 13:50:23,014 [INFO] PluginManage:359 - Loaded plugin ddr (category:tool,tabindex:6)
2024-04-24 13:50:23,014 [INFO] PluginManage:310 - Check plugin filemanager
2024-04-24 13:50:23,121 [INFO] PluginManage:359 - Loaded plugin filemanager (category:base,tabindex:10)
2024-04-24 13:50:23,121 [INFO] PluginManage:310 - Check plugin ipmanager
2024-04-24 13:50:23,126 [INFO] PluginManage:359 - Loaded plugin ipmanager (category:base,tabindex:5)
2024-04-24 13:50:23,126 [INFO] PluginManage:310 - Check plugin lpbam
2024-04-24 13:50:23,141 [INFO] PluginManage:359 - Loaded plugin lpbam (category:base,tabindex:0)
2024-04-24 13:50:23,141 [INFO] PluginManage:310 - Check plugin memorymap
2024-04-24 13:50:23,158 [INFO] PluginManage:359 - Loaded plugin memorymap (category:base,tabindex:4)
2024-04-24 13:50:23,158 [INFO] PluginManage:310 - Check plugin pinoutandconfiguration
2024-04-24 13:50:23,171 [INFO] PluginManage:359 - Loaded plugin pinoutandconfiguration (category:base,tabindex:1)
2024-04-24 13:50:23,171 [INFO] PluginManage:310 - Check plugin pinoutconfig
2024-04-24 13:50:23,231 [WARN] SupportedApi:132 - Cannot load RTOS API schema: s4s-elt-must-match.1: The content of 'definitions' must match (annotation?, (simpleType | complexType)?, (unique | key | keyref)*)). A problem was found starting at: attribute.
2024-04-24 13:50:23,310 [INFO] PluginManage:359 - Loaded plugin pinoutconfig (category:base,tabindex:0)
2024-04-24 13:50:23,310 [INFO] PluginManage:310 - Check plugin power
2024-04-24 13:50:23,324 [INFO] PluginManage:359 - Loaded plugin power (category:power,tabindex:4)
2024-04-24 13:50:23,324 [INFO] PluginManage:310 - Check plugin projectmanager
2024-04-24 13:50:23,334 [INFO] PluginManage:359 - Loaded plugin projectmanager (category:projectmanager,tabindex:3)
2024-04-24 13:50:23,334 [INFO] PluginManage:310 - Check plugin thirdparty
2024-04-24 13:50:23,479 [INFO] PluginManage:359 - Loaded plugin thirdparty (category:base,tabindex:-1)
2024-04-24 13:50:23,479 [INFO] PluginManage:310 - Check plugin tools
2024-04-24 13:50:23,479 [WARN] IntegrityCheckThread:84 - waiting for thirdparty lock release [integrity check]
2024-04-24 13:50:23,479 [INFO] IntegrityCheckThread:86 - entering critical section [integrity check]
2024-04-24 13:50:23,479 [INFO] ThirdPartyUpdaterWithRetryManager:70 - Updater plugin not ready yet. [1/15]
2024-04-24 13:50:23,500 [INFO] PluginManage:359 - Loaded plugin tools (category:base,tabindex:7)
2024-04-24 13:50:23,500 [INFO] PluginManage:310 - Check plugin tutovideos
2024-04-24 13:50:23,621 [INFO] PluginManage:359 - Loaded plugin tutovideos (category:base,tabindex:-1)
2024-04-24 13:50:23,621 [INFO] PluginManage:310 - Check plugin updater
2024-04-24 13:50:23,629 [INFO] PluginManage:359 - Loaded plugin updater (category:base,tabindex:12)
2024-04-24 13:50:23,629 [INFO] PluginManage:310 - Check plugin userauth
2024-04-24 13:50:23,633 [INFO] UserAuth:114 - Init User Auth plugin
2024-04-24 13:50:23,633 [INFO] PluginManage:359 - Loaded plugin userauth (category:base,tabindex:14)
2024-04-24 13:50:23,633 [INFO] PluginManage:283 - PluginManage : Loaded plugins [17]
2024-04-24 13:50:23,773 [INFO] PinOutPanel:1499 - setPackage(No Configuration,No Configuration)
2024-04-24 13:50:23,821 [INFO] CADModel:165 - CPN selected for project level
2024-04-24 13:50:23,821 [INFO] CADModel:114 - Register for checkConnection events
2024-04-24 13:50:23,839 [INFO] IPUIPlugin:80 - create IPUIPlugin
2024-04-24 13:50:23,839 [INFO] PluginManager:220 - loadIPPluginJar : add adc
2024-04-24 13:50:23,862 [INFO] IPUIPlugin:80 - create IPUIPlugin
2024-04-24 13:50:23,862 [INFO] PluginManager:220 - loadIPPluginJar : add aes
2024-04-24 13:50:23,885 [INFO] IPUIPlugin:80 - create IPUIPlugin
2024-04-24 13:50:23,885 [INFO] PluginManager:220 - loadIPPluginJar : add can
2024-04-24 13:50:23,898 [INFO] IPUIPlugin:80 - create IPUIPlugin
2024-04-24 13:50:23,898 [INFO] PluginManager:220 - loadIPPluginJar : add comp
2024-04-24 13:50:23,917 [INFO] IPUIPlugin:80 - create IPUIPlugin
2024-04-24 13:50:23,917 [INFO] PluginManager:220 - loadIPPluginJar : add cryp
2024-04-24 13:50:23,933 [INFO] IPUIPlugin:80 - create IPUIPlugin
2024-04-24 13:50:23,933 [INFO] PluginManager:220 - loadIPPluginJar : add dfsdm
2024-04-24 13:50:23,942 [INFO] IPUIPlugin:80 - create IPUIPlugin
2024-04-24 13:50:23,942 [INFO] PluginManager:220 - loadIPPluginJar : add dma
2024-04-24 13:50:23,966 [INFO] IPUIPlugin:80 - create IPUIPlugin
2024-04-24 13:50:23,966 [INFO] PluginManager:220 - loadIPPluginJar : add dma3
2024-04-24 13:50:23,977 [INFO] IPUIPlugin:80 - create IPUIPlugin
2024-04-24 13:50:23,977 [INFO] PluginManager:220 - loadIPPluginJar : add fatfs
2024-04-24 13:50:24,004 [INFO] IPUIPlugin:80 - create IPUIPlugin
2024-04-24 13:50:24,004 [INFO] PluginManager:220 - loadIPPluginJar : add fmc
2024-04-24 13:50:24,014 [INFO] IPUIPlugin:80 - create IPUIPlugin
2024-04-24 13:50:24,014 [INFO] PluginManager:220 - loadIPPluginJar : add freertos
2024-04-24 13:50:24,026 [INFO] IPUIPlugin:80 - create IPUIPlugin
2024-04-24 13:50:24,026 [INFO] PluginManager:220 - loadIPPluginJar : add genericplugin
2024-04-24 13:50:24,078 [INFO] IPUIPlugin:80 - create IPUIPlugin
2024-04-24 13:50:24,078 [INFO] PluginManager:220 - loadIPPluginJar : add gfxmmu
2024-04-24 13:50:24,163 [INFO] IPUIPlugin:80 - create IPUIPlugin
2024-04-24 13:50:24,163 [INFO] PluginManager:220 - loadIPPluginJar : add gic
2024-04-24 13:50:24,172 [INFO] IPUIPlugin:80 - create IPUIPlugin
2024-04-24 13:50:24,172 [INFO] PluginManager:220 - loadIPPluginJar : add gpio
2024-04-24 13:50:24,227 [INFO] IPUIPlugin:80 - create IPUIPlugin
2024-04-24 13:50:24,227 [INFO] PluginManager:220 - loadIPPluginJar : add gtzc
2024-04-24 13:50:24,246 [INFO] IPUIPlugin:80 - create IPUIPlugin
2024-04-24 13:50:24,246 [INFO] PluginManager:220 - loadIPPluginJar : add hash
2024-04-24 13:50:24,275 [INFO] IPUIPlugin:80 - create IPUIPlugin
2024-04-24 13:50:24,275 [INFO] PluginManager:220 - loadIPPluginJar : add i2c
2024-04-24 13:50:24,297 [INFO] IPUIPlugin:80 - create IPUIPlugin
2024-04-24 13:50:24,297 [INFO] PluginManager:220 - loadIPPluginJar : add i2s
2024-04-24 13:50:24,322 [INFO] IPUIPlugin:80 - create IPUIPlugin
2024-04-24 13:50:24,322 [INFO] PluginManager:220 - loadIPPluginJar : add i3c
2024-04-24 13:50:24,386 [INFO] IPUIPlugin:80 - create IPUIPlugin
2024-04-24 13:50:24,386 [INFO] PluginManager:220 - loadIPPluginJar : add ipddr
2024-04-24 13:50:24,439 [INFO] IPUIPlugin:80 - create IPUIPlugin
2024-04-24 13:50:24,439 [INFO] PluginManager:220 - loadIPPluginJar : add linkedlist
2024-04-24 13:50:24,461 [INFO] IPUIPlugin:80 - create IPUIPlugin
2024-04-24 13:50:24,461 [INFO] PluginManager:220 - loadIPPluginJar : add lorawan
2024-04-24 13:50:24,484 [INFO] IPUIPlugin:80 - create IPUIPlugin
2024-04-24 13:50:24,484 [INFO] PluginManager:220 - loadIPPluginJar : add ltdc
2024-04-24 13:50:24,493 [INFO] IPUIPlugin:80 - create IPUIPlugin
2024-04-24 13:50:24,493 [INFO] PluginManager:220 - loadIPPluginJar : add mdma
2024-04-24 13:50:24,502 [INFO] IPUIPlugin:80 - create IPUIPlugin
2024-04-24 13:50:24,503 [INFO] PluginManager:220 - loadIPPluginJar : add nvic
2024-04-24 13:50:24,525 [INFO] IPUIPlugin:80 - create IPUIPlugin
2024-04-24 13:50:24,525 [INFO] PluginManager:220 - loadIPPluginJar : add opamp
2024-04-24 13:50:24,560 [INFO] IPUIPlugin:80 - create IPUIPlugin
2024-04-24 13:50:24,560 [INFO] PluginManager:220 - loadIPPluginJar : add openamp
2024-04-24 13:50:24,584 [INFO] IPUIPlugin:80 - create IPUIPlugin
2024-04-24 13:50:24,584 [INFO] PluginManager:220 - loadIPPluginJar : add pdm2pcm
2024-04-24 13:50:24,593 [INFO] IPUIPlugin:80 - create IPUIPlugin
2024-04-24 13:50:24,595 [INFO] PluginManager:220 - loadIPPluginJar : add plateformsettings
2024-04-24 13:50:24,607 [INFO] IPUIPlugin:80 - create IPUIPlugin
2024-04-24 13:50:24,607 [INFO] PluginManager:220 - loadIPPluginJar : add quadspi
2024-04-24 13:50:24,615 [INFO] IPUIPlugin:80 - create IPUIPlugin
2024-04-24 13:50:24,615 [INFO] PluginManager:220 - loadIPPluginJar : add resmgrutility
2024-04-24 13:50:24,643 [INFO] IPUIPlugin:80 - create IPUIPlugin
2024-04-24 13:50:24,643 [INFO] PluginManager:220 - loadIPPluginJar : add sai
2024-04-24 13:50:24,664 [INFO] IPUIPlugin:80 - create IPUIPlugin
2024-04-24 13:50:24,664 [INFO] PluginManager:220 - loadIPPluginJar : add spi
2024-04-24 13:50:24,703 [INFO] IPUIPlugin:80 - create IPUIPlugin
2024-04-24 13:50:24,703 [INFO] PluginManager:220 - loadIPPluginJar : add stm32_wpan
2024-04-24 13:50:24,717 [INFO] IPUIPlugin:80 - create IPUIPlugin
2024-04-24 13:50:24,717 [INFO] PluginManager:220 - loadIPPluginJar : add tim
2024-04-24 13:50:24,749 [INFO] IPUIPlugin:80 - create IPUIPlugin
2024-04-24 13:50:24,749 [INFO] PluginManager:220 - loadIPPluginJar : add touchsensing
2024-04-24 13:50:24,762 [INFO] IPUIPlugin:80 - create IPUIPlugin
2024-04-24 13:50:24,762 [INFO] PluginManager:220 - loadIPPluginJar : add tracer_emb
2024-04-24 13:50:24,776 [INFO] IPUIPlugin:80 - create IPUIPlugin
2024-04-24 13:50:24,776 [INFO] PluginManager:220 - loadIPPluginJar : add ts
2024-04-24 13:50:24,788 [INFO] IPUIPlugin:80 - create IPUIPlugin
2024-04-24 13:50:24,788 [INFO] PluginManager:220 - loadIPPluginJar : add tsc
2024-04-24 13:50:24,801 [INFO] IPUIPlugin:80 - create IPUIPlugin
2024-04-24 13:50:24,801 [INFO] PluginManager:220 - loadIPPluginJar : add ucpd
2024-04-24 13:50:24,827 [INFO] IPUIPlugin:80 - create IPUIPlugin
2024-04-24 13:50:24,827 [INFO] PluginManager:220 - loadIPPluginJar : add usart
2024-04-24 13:50:24,854 [INFO] IPUIPlugin:80 - create IPUIPlugin
2024-04-24 13:50:24,854 [INFO] PluginManager:220 - loadIPPluginJar : add usbx
2024-04-24 13:50:24,960 [INFO] CADModel:165 - CPN selected for project level
2024-04-24 13:50:24,960 [INFO] CADModel:114 - Register for checkConnection events
2024-04-24 13:50:24,960 [FATAL] Updater:308 - Updater called before beeing initialized
2024-04-24 13:50:24,960 [ERROR] CADModel:125 - Updater not yet initialized, retry later 
2024-04-24 13:50:25,060 [INFO] CADModel:165 - CPN selected for project level
2024-04-24 13:50:25,060 [INFO] CADModel:114 - Register for checkConnection events
2024-04-24 13:50:25,060 [FATAL] Updater:308 - Updater called before beeing initialized
2024-04-24 13:50:25,060 [ERROR] CADModel:125 - Updater not yet initialized, retry later 
2024-04-24 13:50:25,062 [FATAL] Updater:308 - Updater called before beeing initialized
2024-04-24 13:50:25,120 [FATAL] Updater:308 - Updater called before beeing initialized
2024-04-24 13:50:25,127 [INFO] DbMcusAds:53 - JSON generation date=Wed Nov 29 18:52:27 CST 2023 (1701255147349)
2024-04-24 13:50:25,127 [FATAL] Updater:308 - Updater called before beeing initialized
2024-04-24 13:50:25,178 [WARN] DetailPanel:346 - Failed to get advertising image, set to default
2024-04-24 13:50:25,243 [FATAL] Updater:308 - Updater called before beeing initialized
2024-04-24 13:50:25,245 [FATAL] Updater:308 - Updater called before beeing initialized
2024-04-24 13:50:25,245 [FATAL] Updater:308 - Updater called before beeing initialized
2024-04-24 13:50:25,245 [WARN] DetailPanel:346 - Failed to get advertising image, set to default
2024-04-24 13:50:25,245 [FATAL] Updater:308 - Updater called before beeing initialized
2024-04-24 13:50:25,282 [ERROR] Updater:1120 - MainUpdater not yet initialized. External WinMGr cannot be set.
2024-04-24 13:50:25,288 [INFO] Updater:1056 - Updater Version found : 6.10.0
2024-04-24 13:50:25,303 [INFO] ApplicationProperties:184 - Using Application install path: C:\ST\STM32CubeIDE_1.14.1\STM32CubeIDE\plugins\com.st.stm32cube.common.mx_6.10.0.202311202037
2024-04-24 13:50:26,481 [INFO] ThirdPartyUpdaterWithRetryManager:70 - Updater plugin not ready yet. [2/15]
2024-04-24 13:50:26,876 [ERROR] LogOutputStream:75 - [STDERR_REDIRECT] Apr 24, 2024 1:50:26 PM java.util.prefs.WindowsPreferences <init>
2024-04-24 13:50:26,877 [ERROR] LogOutputStream:75 - [STDERR_REDIRECT] WARNING: Could not open/create prefs root node Software\JavaSoft\Prefs at root 0xffffffff80000002. Windows RegCreateKeyEx(...) returned error code 5.
2024-04-24 13:50:26,877 [ERROR] LogOutputStream:75 - [STDERR_REDIRECT] 
2024-04-24 13:50:27,070 [INFO] MainUpdater:2873 - connection check result : 10
2024-04-24 13:50:27,071 [INFO] MainUpdater:3567 - Updater definition file requires update
2024-04-24 13:50:27,071 [INFO] MainUpdater:290 - Updater Check For Update Now.
2024-04-24 13:50:27,071 [INFO] MicroXplorer:498 - Change Database Version : DB.6.0.100
2024-04-24 13:50:27,084 [INFO] McuFinderGlobals:63 - Set McuFinder mode to 2 (CubeIDE integrated)
2024-04-24 13:50:27,084 [INFO] UserAuth:180 - activating auth plugin
2024-04-24 13:50:27,086 [INFO] UserAuth:404 - Internet connection configuration mode: 1
2024-04-24 13:50:27,104 [INFO] JxBrowserEngine:152 - Initiate JxBrowser Engine with user profile folder
2024-04-24 13:50:27,122 [INFO] ServerAccessManage:473 - Download File updaters.zip
2024-04-24 13:50:27,184 [INFO] FileExtend:240 - Unzip File : updaters.zip
2024-04-24 13:50:27,185 [INFO] FileExtend:255 - Standard Zip Deflate
2024-04-24 13:50:27,494 [INFO] ServerAccessManage:473 - Download File PacksControlFlags.xml
2024-04-24 13:50:27,543 [INFO] ServerAccessManage:473 - Download File cubemx.pidx
2024-04-24 13:50:27,734 [INFO] ServerAccessManage:473 - Download File STMicroelectronics.FP-SNS-MOTENV1.pdsc
2024-04-24 13:50:27,895 [INFO] ServerAccessManage:473 - Download File STMicroelectronics.FP-SNS-MOTENVWB1.pdsc
2024-04-24 13:50:28,049 [INFO] ServerAccessManage:473 - Download File STMicroelectronics.X-CUBE-AI.pdsc
2024-04-24 13:50:28,609 [INFO] ServerAccessManage:473 - Download File STMicroelectronics.X-CUBE-FREERTOS.pdsc
2024-04-24 13:50:28,867 [INFO] ServerAccessManage:473 - Download File STMicroelectronics.X-CUBE-SAFEA1.pdsc
2024-04-24 13:50:28,971 [INFO] ServerAccessManage:473 - Download File STMicroelectronics.X-CUBE-TCPP.pdsc
2024-04-24 13:50:29,436 [INFO] ServerAccessManage:473 - Download File STMicroelectronics.X-CUBE-TOUCHGFX.pdsc
2024-04-24 13:50:29,481 [WARN] MainUpdater:1194 - Updater busy. Cannot search thirdparties
2024-04-24 13:50:29,481 [INFO] ThirdPartyUpdaterWithRetryManager:96 - Updater plugin is busy. [1/15]
2024-04-24 13:50:29,609 [INFO] WebApp:161 - Instantiating new browser for Auth
2024-04-24 13:50:30,079 [INFO] WebApp:780 - Register for checkConnection events
2024-04-24 13:50:30,080 [INFO] WebApp:414 - Apply proxy settings
2024-04-24 13:50:30,080 [INFO] WebApp:499 - Chromium requires no authentication
2024-04-24 13:50:30,085 [INFO] WebApp:442 - Direct internet connection detected
2024-04-24 13:50:30,091 [INFO] ServerAccessManage:473 - Download File STMicroelectronics.X-CUBE-AZRTOS-H7RS.pdsc
2024-04-24 13:50:30,189 [INFO] WebApp:192 - Starting web application
2024-04-24 13:50:30,189 [INFO] WebApp:544 - Web application path used C:\ST\STM32CubeIDE_1.14.1\STM32CubeIDE\plugins\com.st.stm32cube.common.mx_6.10.0.202311202037\db\plugins\mcufinder\reactClient1\index.html
2024-04-24 13:50:30,470 [WARN] PackLoader:240 - Cannot read IP mode file for STMicroelectronics.FP-SNS-MOTENV1.5.0.0
2024-04-24 13:50:30,475 [WARN] PackLoader:240 - Cannot read IP mode file for STMicroelectronics.FP-SNS-MOTENVWB1.1.4.0
2024-04-24 13:50:30,479 [WARN] PackLoader:240 - Cannot read IP mode file for STMicroelectronics.X-CUBE-AI.9.0.0
2024-04-24 13:50:30,484 [WARN] PackLoader:240 - Cannot read IP mode file for STMicroelectronics.X-CUBE-FREERTOS.1.2.0
2024-04-24 13:50:30,489 [WARN] PackLoader:240 - Cannot read IP mode file for STMicroelectronics.X-CUBE-SAFEA1.1.2.2
2024-04-24 13:50:30,496 [WARN] PackLoader:240 - Cannot read IP mode file for STMicroelectronics.X-CUBE-TCPP.4.1.0
2024-04-24 13:50:30,499 [WARN] PackLoader:240 - Cannot read IP mode file for STMicroelectronics.X-CUBE-TOUCHGFX.4.23.2
2024-04-24 13:50:30,511 [WARN] PackLoader:240 - Cannot read IP mode file for STMicroelectronics.X-CUBE-AZRTOS-H7RS.1.0.0
2024-04-24 13:50:30,514 [INFO] PopulateThirdPartyThread:66 - Ending populate Thread
2024-04-24 13:50:30,516 [INFO] ThirdParty:1030 - CMSIS Pack Vendor :STMicroelectronics X-CUBE-FREERTOS 1.2.0
2024-04-24 13:50:30,516 [INFO] ThirdParty:1030 - CMSIS Pack Vendor :STMicroelectronics FP-SNS-MOTENVWB1 1.4.0
2024-04-24 13:50:30,516 [INFO] ThirdParty:1030 - CMSIS Pack Vendor :STMicroelectronics X-CUBE-AI 9.0.0
2024-04-24 13:50:30,516 [INFO] ThirdParty:1030 - CMSIS Pack Vendor :STMicroelectronics X-CUBE-TOUCHGFX 4.23.2
2024-04-24 13:50:30,516 [INFO] ThirdParty:1030 - CMSIS Pack Vendor :STMicroelectronics FP-SNS-MOTENV1 5.0.0
2024-04-24 13:50:30,516 [INFO] ThirdParty:1030 - CMSIS Pack Vendor :STMicroelectronics X-CUBE-SAFEA1 1.2.2
2024-04-24 13:50:30,516 [INFO] ThirdParty:1030 - CMSIS Pack Vendor :STMicroelectronics X-CUBE-TCPP 4.1.0
2024-04-24 13:50:30,516 [INFO] ThirdParty:1030 - CMSIS Pack Vendor :STMicroelectronics X-CUBE-AZRTOS-H7RS 1.0.0
2024-04-24 13:50:30,516 [INFO] LoadServerUpdatesThread:375 - End of LoadServerUpdate Thread
2024-04-24 13:50:30,591 [INFO] CheckServerUpdateThread:120 - End of CheckServer Thread
2024-04-24 13:50:32,585 [WARN] PackLoader:240 - Cannot read IP mode file for STMicroelectronics.FP-SNS-MOTENVWB1.1.4.0
2024-04-24 13:50:32,593 [WARN] PackLoader:240 - Cannot read IP mode file for STMicroelectronics.X-CUBE-SMBUS.2.1.0
2024-04-24 13:50:32,600 [WARN] PackLoader:240 - Cannot read IP mode file for STMicroelectronics.X-CUBE-TOUCHGFX.4.23.0
2024-04-24 13:50:32,601 [WARN] PackLoader:240 - Cannot read IP mode file for STMicroelectronics.X-CUBE-TOUCHGFX.4.23.2
2024-04-24 13:50:32,616 [WARN] PackLoader:240 - Cannot read IP mode file for STMicroelectronics.X-CUBE-AZRTOS-F7.1.1.0
2024-04-24 13:50:32,625 [WARN] PackLoader:240 - Cannot read IP mode file for STMicroelectronics.FP-SNS-MOTENV1.4.3.2
2024-04-24 13:50:32,628 [WARN] PackLoader:240 - Cannot read IP mode file for STMicroelectronics.FP-SNS-FLIGHT1.5.0.2
2024-04-24 13:50:32,636 [WARN] PackLoader:240 - Cannot read IP mode file for STMicroelectronics.X-CUBE-DISPLAY.3.0.0
2024-04-24 13:50:32,645 [WARN] PackLoader:240 - Cannot read IP mode file for STMicroelectronics.X-CUBE-BLE1.7.0.0
2024-04-24 13:50:32,653 [WARN] PackLoader:240 - Cannot read IP mode file for emotas.I-CUBE-CANOPEN.1.3.0
2024-04-24 13:50:32,663 [WARN] PackLoader:240 - Cannot read IP mode file for STMicroelectronics.X-CUBE-BLEMGR.3.1.0
2024-04-24 13:50:32,672 [WARN] PackLoader:240 - Cannot read IP mode file for STMicroelectronics.FP-SNS-SMARTAG2.1.2.0
2024-04-24 13:50:32,683 [INFO] LogOutputStream:77 - [STDOUT_REDIRECT] 1 : Invalid condition id : UX_CORESTACK_Condition cause : null
2024-04-24 13:50:32,684 [INFO] LogOutputStream:77 - [STDOUT_REDIRECT] 1 : Invalid condition id : UX_CORESTACK_Condition cause : null
2024-04-24 13:50:32,684 [INFO] LogOutputStream:77 - [STDOUT_REDIRECT] 1 : Invalid condition id : UX_CORESTACK_Condition cause : null
2024-04-24 13:50:32,685 [INFO] LogOutputStream:77 - [STDOUT_REDIRECT] 1 : Invalid condition id : UX_CORESTACK_Condition cause : null
2024-04-24 13:50:32,685 [INFO] LogOutputStream:77 - [STDOUT_REDIRECT] 1 : Invalid condition id : UX_CORESTACK_Condition cause : null
2024-04-24 13:50:32,690 [WARN] PackLoader:240 - Cannot read IP mode file for STMicroelectronics.X-CUBE-AZRTOS-WL.2.0.0
2024-04-24 13:50:32,693 [WARN] PackLoader:240 - Cannot read IP mode file for STMicroelectronics.FP-SNS-MOTENV1.5.0.0
2024-04-24 13:50:32,704 [WARN] PackLoader:240 - Cannot read IP mode file for WES.I-CUBE-Cesium.1.3.0
2024-04-24 13:50:32,714 [WARN] PackLoader:240 - Cannot read IP mode file for STMicroelectronics.X-CUBE-BLE2.3.3.0
2024-04-24 13:50:32,717 [WARN] PackLoader:240 - Cannot read IP mode file for STMicroelectronics.X-CUBE-TCPP.4.1.0
2024-04-24 13:50:32,726 [WARN] PackLoader:240 - Cannot read IP mode file for STMicroelectronics.X-CUBE-ALGOBUILD.1.3.0
2024-04-24 13:50:32,743 [WARN] PackLoader:240 - Cannot read IP mode file for STMicroelectronics.X-CUBE-AZRTOS-G0.1.1.0
2024-04-24 13:50:32,748 [WARN] PackLoader:240 - Cannot read IP mode file for STMicroelectronics.X-CUBE-SAFEA1.1.2.2
2024-04-24 13:50:32,757 [WARN] PackLoader:240 - Cannot read IP mode file for STMicroelectronics.X-CUBE-NFC4.3.0.0
2024-04-24 13:50:32,761 [WARN] PackLoader:240 - Cannot read IP mode file for STMicroelectronics.FP-ATR-SIGFOX1.3.2.0
2024-04-24 13:50:32,770 [WARN] PackLoader:240 - Cannot read IP mode file for STMicroelectronics.X-CUBE-EEPRMA1.5.1.0
2024-04-24 13:50:32,792 [WARN] PackLoader:240 - Cannot read IP mode file for SEGGER.I-CUBE-embOS.1.3.1
2024-04-24 13:50:32,818 [WARN] PackLoader:240 - Cannot read IP mode file for STMicroelectronics.X-CUBE-GNSS1.6.0.0
2024-04-24 13:50:32,836 [WARN] PackLoader:240 - Cannot read IP mode file for STMicroelectronics.X-CUBE-AZRTOS-F4.1.1.0
2024-04-24 13:50:32,840 [WARN] PackLoader:240 - Cannot read IP mode file for STMicroelectronics.X-CUBE-FREERTOS.1.2.0
2024-04-24 13:50:32,848 [WARN] PackLoader:240 - Cannot read IP mode file for wolfSSL.I-CUBE-wolfSSL.5.6.6
2024-04-24 13:50:32,866 [WARN] PackLoader:240 - Cannot read IP mode file for STMicroelectronics.X-CUBE-AZRTOS-L5.2.0.0
2024-04-24 13:50:32,878 [WARN] PackLoader:240 - Cannot read IP mode file for STMicroelectronics.X-CUBE-NFC6.3.1.0
2024-04-24 13:50:32,889 [WARN] PackLoader:240 - Cannot read IP mode file for ITTIA_DB.I-CUBE-ITTIADB.8.8.0
2024-04-24 13:50:32,892 [WARN] PackLoader:240 - Cannot read IP mode file for STMicroelectronics.X-CUBE-AI.9.0.0
2024-04-24 13:50:32,901 [WARN] PackLoader:240 - Cannot read IP mode file for STMicroelectronics.X-CUBE-NFC7.1.0.1
2024-04-24 13:50:32,912 [WARN] PackLoader:240 - Cannot read IP mode file for STMicroelectronics.X-CUBE-NFC6.3.0.0
2024-04-24 13:50:32,921 [WARN] PackLoader:240 - Cannot read IP mode file for STMicroelectronics.X-CUBE-AI.8.1.0
2024-04-24 13:50:32,942 [WARN] ConditionMgr:438 - getConditionDescription Invalid condition id : LAN8742 Phy interface Condition cause : null
2024-04-24 13:50:32,942 [WARN] PackLoader:240 - Cannot read IP mode file for STMicroelectronics.X-CUBE-AZRTOS-L4.2.0.0
2024-04-24 13:50:32,943 [WARN] ConditionMgr:1039 - genDependencies : Invalid condition id : LAN8742 Phy interface Condition cause : null
2024-04-24 13:50:32,943 [WARN] ConditionMgr:1039 - genDependencies : Invalid condition id : LAN8742 Phy interface Condition cause : null
2024-04-24 13:50:32,943 [WARN] ConditionMgr:1039 - genDependencies : Invalid condition id : LAN8742 Phy interface Condition cause : null
2024-04-24 13:50:32,953 [WARN] PackLoader:240 - Cannot read IP mode file for STMicroelectronics.X-CUBE-SFXS2LP1.4.0.0
2024-04-24 13:50:32,967 [WARN] ConditionMgr:438 - getConditionDescription Invalid condition id : UX DEVICE CLASS RTOS Condition cause : null
2024-04-24 13:50:32,968 [WARN] ConditionMgr:438 - getConditionDescription Invalid condition id : UX DEVICE CLASS RTOS Condition cause : null
2024-04-24 13:50:32,968 [WARN] PackLoader:240 - Cannot read IP mode file for STMicroelectronics.X-CUBE-AZRTOS-WB.2.0.0
2024-04-24 13:50:32,969 [WARN] ConditionMgr:1039 - genDependencies : Invalid condition id : UX DEVICE CLASS RTOS Condition cause : null
2024-04-24 13:50:32,969 [WARN] ConditionMgr:1039 - genDependencies : Invalid condition id : UX DEVICE CLASS RTOS Condition cause : null
2024-04-24 13:50:32,969 [WARN] ConditionMgr:1039 - genDependencies : Invalid condition id : UX DEVICE CLASS RTOS Condition cause : null
2024-04-24 13:50:32,969 [WARN] ConditionMgr:1039 - genDependencies : Invalid condition id : UX DEVICE CLASS RTOS Condition cause : null
2024-04-24 13:50:32,969 [WARN] ConditionMgr:1039 - genDependencies : Invalid condition id : UX DEVICE CLASS RTOS Condition cause : null
2024-04-24 13:50:32,979 [WARN] PackLoader:240 - Cannot read IP mode file for STMicroelectronics.X-CUBE-SUBG2.5.0.0
2024-04-24 13:50:32,998 [WARN] PackLoader:240 - Cannot read IP mode file for STMicroelectronics.X-CUBE-AZRTOS-G4.2.0.0
2024-04-24 13:50:33,015 [WARN] PackLoader:240 - Cannot read IP mode file for Infineon.AIROC-Wi-Fi-Bluetooth-STM32.1.5.1
2024-04-24 13:50:33,021 [WARN] PackLoader:240 - Cannot read IP mode file for STMicroelectronics.FP-SNS-MOTENVWB1.1.3.1
2024-04-24 13:50:33,030 [WARN] PackLoader:240 - Cannot read IP mode file for STMicroelectronics.X-CUBE-ISPU.2.0.0
2024-04-24 13:50:33,062 [WARN] PackLoader:240 - Cannot read IP mode file for STMicroelectronics.X-CUBE-MEMS1.10.0.0
2024-04-24 13:50:33,124 [WARN] PackLoader:240 - Cannot read IP mode file for STMicroelectronics.X-CUBE-FREERTOS.1.1.0
2024-04-24 13:50:33,133 [WARN] PackLoader:240 - Cannot read IP mode file for portGmbH.I-Cube-SoM-uGOAL.1.1.0
2024-04-24 13:50:33,142 [WARN] PackLoader:240 - Cannot read IP mode file for STMicroelectronics.X-CUBE-ALS.1.0.1
2024-04-24 13:50:33,149 [WARN] PackLoader:240 - Cannot read IP mode file for STMicroelectronics.X-CUBE-AZRTOS-H7RS.1.0.0
2024-04-24 13:50:33,153 [WARN] PackLoader:240 - Cannot read IP mode file for STMicroelectronics.FP-ATR-ASTRA1.2.0.0
2024-04-24 13:50:33,165 [WARN] PackLoader:240 - Cannot read IP mode file for STMicroelectronics.X-CUBE-TOF1.3.4.1
2024-04-24 13:50:33,188 [WARN] PackLoader:240 - Cannot read IP mode file for STMicroelectronics.X-CUBE-AZRTOS-H7.3.2.0
2024-04-24 13:50:33,190 [INFO] ThirdParty:978 - Integrity check success = true
2024-04-24 13:50:33,190 [INFO] IntegrityCheckThread:100 - exiting critical section [integrity check]
2024-04-24 13:50:33,190 [INFO] IntegrityCheckThread:103 - End integrity checks thread
2024-04-24 13:50:50,755 [ERROR] LogOutputStream:75 - [STDERR_REDIRECT] SLF4J: Failed to load class "org.slf4j.impl.StaticLoggerBinder".
2024-04-24 13:50:50,756 [ERROR] LogOutputStream:75 - [STDERR_REDIRECT] SLF4J: Defaulting to no-operation (NOP) logger implementation
2024-04-24 13:50:50,756 [ERROR] LogOutputStream:75 - [STDERR_REDIRECT] SLF4J: See http://www.slf4j.org/codes.html#StaticLoggerBinder for further details.
2024-04-24 22:28:38,675 [INFO] WebApp:354 - JxBrowser engine has been closed 
