2024-06-07 09:29:35,917 [INFO] Activator:176 - 


2024-06-07 09:29:35,919 [INFO] Activator:177 - !SESSION log4j initialized
2024-06-07 09:29:39,843 [INFO] LogOutputStream:77 - [STDOUT_REDIRECT] 
2024-06-07 09:29:41,972 [INFO] ApplicationProperties:184 - Using Application install path: C:\ST\STM32CubeIDE_1.14.1\STM32CubeIDE\plugins\com.st.stm32cube.common.mx_6.11.1.202404110753
2024-06-07 09:29:41,989 [INFO] DbMcusXml:78 - Set database path to: C:\ST\STM32CubeIDE_1.14.1\STM32CubeIDE\plugins\com.st.stm32cube.common.mx_6.11.1.202404110753\\db\/mcu/
2024-06-07 09:29:41,989 [INFO] ApiDb:274 - Set plugin database path to: C:\ST\STM32CubeIDE_1.14.1\STM32CubeIDE\plugins\com.st.stm32cube.common.mx_6.11.1.202404110753\\db\/plugins/boardmanager/
2024-06-07 09:29:41,989 [WARN] ApiDb:259 - Overriding images path with different value:  => C:\ST\STM32CubeIDE_1.14.1\STM32CubeIDE\plugins\com.st.stm32cube.common.mx_6.11.1.202404110753\\db\/plugins/mcufinder/images/
2024-06-07 09:29:41,994 [INFO] ApiDb:250 - Set database path to: C:\Users\harry\.stmcufinder\plugins\mcufinder//mcu/
2024-06-07 09:29:41,995 [INFO] DbMcusAds:125 - Set database path to: C:\Users\harry\.stmcufinder\plugins\mcufinder//mcu/
2024-06-07 09:29:41,996 [INFO] CrossReferenceDbSqlite:203 - Set database path to: C:\Users\harry\.stmcufinder\plugins\mcufinder//mcu/cs/
2024-06-07 09:29:42,066 [INFO] RulesReader:64 - Compatibility file has been processed (297 Rules)
2024-06-07 09:29:42,125 [INFO] DbMcusXml:78 - Set database path to: C:\ST\STM32CubeIDE_1.14.1\STM32CubeIDE\plugins\com.st.stm32cube.common.mx_6.11.1.202404110753\\db\/mcu/
2024-06-07 09:29:42,125 [INFO] ApiDb:274 - Set plugin database path to: C:\ST\STM32CubeIDE_1.14.1\STM32CubeIDE\plugins\com.st.stm32cube.common.mx_6.11.1.202404110753\\db\/plugins/boardmanager/
2024-06-07 09:29:42,125 [INFO] ApiDb:261 - Set plugin images path to: C:\ST\STM32CubeIDE_1.14.1\STM32CubeIDE\plugins\com.st.stm32cube.common.mx_6.11.1.202404110753\\db\/plugins/mcufinder/images/
2024-06-07 09:29:42,125 [WARN] DbFile:41 - Overriding database path with different value: C:\Users\harry\.stmcufinder\plugins\mcufinder/ => C:\Users\harry\.stmcufinder\plugins\mcufinder
2024-06-07 09:29:42,125 [INFO] ApiDb:250 - Set database path to: C:\Users\harry\.stmcufinder\plugins\mcufinder//mcu/
2024-06-07 09:29:42,125 [WARN] DbFile:41 - Overriding database path with different value: C:\Users\harry\.stmcufinder\plugins\mcufinder/ => C:\Users\harry\.stmcufinder\plugins\mcufinder
2024-06-07 09:29:42,125 [INFO] DbMcusAds:125 - Set database path to: C:\Users\harry\.stmcufinder\plugins\mcufinder//mcu/
2024-06-07 09:29:42,125 [WARN] DbFile:41 - Overriding database path with different value: C:\Users\harry\.stmcufinder\plugins\mcufinder/ => C:\Users\harry\.stmcufinder\plugins\mcufinder
2024-06-07 09:29:42,125 [WARN] DbFile:41 - Overriding database path with different value: C:\Users\harry\.stmcufinder\plugins\mcufinder/ => C:\Users\harry\.stmcufinder\plugins\mcufinder
2024-06-07 09:29:42,125 [INFO] CrossReferenceDbSqlite:203 - Set database path to: C:\Users\harry\.stmcufinder\plugins\mcufinder//mcu/cs/
2024-06-07 09:29:42,175 [INFO] MainPanel:264 - HeapMemory: 268435456
2024-06-07 09:29:42,238 [INFO] DbMcusXml:78 - Set database path to: C:\ST\STM32CubeIDE_1.14.1\STM32CubeIDE\plugins\com.st.stm32cube.common.mx_6.11.1.202404110753\\db\/mcu/
2024-06-07 09:29:42,238 [INFO] ApiDb:274 - Set plugin database path to: C:\ST\STM32CubeIDE_1.14.1\STM32CubeIDE\plugins\com.st.stm32cube.common.mx_6.11.1.202404110753\\db\/plugins/boardmanager/
2024-06-07 09:29:42,238 [INFO] ApiDb:261 - Set plugin images path to: C:\ST\STM32CubeIDE_1.14.1\STM32CubeIDE\plugins\com.st.stm32cube.common.mx_6.11.1.202404110753\\db\/plugins/mcufinder/images/
2024-06-07 09:29:42,239 [WARN] DbFile:41 - Overriding database path with different value: C:\Users\harry\.stmcufinder\plugins\mcufinder/ => C:\Users\harry\.stmcufinder\plugins\mcufinder
2024-06-07 09:29:42,239 [INFO] ApiDb:250 - Set database path to: C:\Users\harry\.stmcufinder\plugins\mcufinder//mcu/
2024-06-07 09:29:42,239 [WARN] DbFile:41 - Overriding database path with different value: C:\Users\harry\.stmcufinder\plugins\mcufinder/ => C:\Users\harry\.stmcufinder\plugins\mcufinder
2024-06-07 09:29:42,239 [INFO] DbMcusAds:125 - Set database path to: C:\Users\harry\.stmcufinder\plugins\mcufinder//mcu/
2024-06-07 09:29:42,239 [WARN] DbFile:41 - Overriding database path with different value: C:\Users\harry\.stmcufinder\plugins\mcufinder/ => C:\Users\harry\.stmcufinder\plugins\mcufinder
2024-06-07 09:29:42,239 [WARN] DbFile:41 - Overriding database path with different value: C:\Users\harry\.stmcufinder\plugins\mcufinder/ => C:\Users\harry\.stmcufinder\plugins\mcufinder
2024-06-07 09:29:42,239 [INFO] CrossReferenceDbSqlite:203 - Set database path to: C:\Users\harry\.stmcufinder\plugins\mcufinder//mcu/cs/
2024-06-07 09:29:42,251 [INFO] ApplicationProperties:184 - Using Application install path: C:\ST\STM32CubeIDE_1.14.1\STM32CubeIDE\plugins\com.st.stm32cube.common.mx_6.11.1.202404110753
2024-06-07 09:29:42,252 [INFO] PluginManage:196 - Search for loadable plugins [exclusion list=, ]
2024-06-07 09:29:42,253 [INFO] PluginManage:310 - Check plugin analytics
2024-06-07 09:29:42,359 [INFO] AnalyticsPlugin:253 - Accepted Software Licenses: 
2024-06-07 09:29:42,359 [INFO] AnalyticsPlugin:255 - Accepted CMSIS Pack Licenses: 
2024-06-07 09:29:42,359 [INFO] AnalyticsPlugin:257 - Accepted Firmware Licenses: 
2024-06-07 09:29:42,361 [INFO] PluginManage:359 - Loaded plugin analytics (category:tool,tabindex:-1)
2024-06-07 09:29:42,361 [INFO] PluginManage:310 - Check plugin cadmodel
2024-06-07 09:29:42,375 [INFO] CADModel:105 - Init CAD model plugin
2024-06-07 09:29:42,375 [INFO] PluginManage:359 - Loaded plugin cadmodel (category:power,tabindex:5)
2024-06-07 09:29:42,375 [INFO] PluginManage:310 - Check plugin clock
2024-06-07 09:29:42,392 [INFO] PluginManage:359 - Loaded plugin clock (category:base,tabindex:2)
2024-06-07 09:29:42,392 [INFO] PluginManage:310 - Check plugin ddr
2024-06-07 09:29:42,393 [INFO] PluginManage:359 - Loaded plugin ddr (category:tool,tabindex:6)
2024-06-07 09:29:42,393 [INFO] PluginManage:310 - Check plugin filemanager
2024-06-07 09:29:42,490 [INFO] PluginManage:359 - Loaded plugin filemanager (category:base,tabindex:10)
2024-06-07 09:29:42,490 [INFO] PluginManage:310 - Check plugin ipmanager
2024-06-07 09:29:42,496 [INFO] PluginManage:359 - Loaded plugin ipmanager (category:base,tabindex:5)
2024-06-07 09:29:42,496 [INFO] PluginManage:310 - Check plugin lpbam
2024-06-07 09:29:42,509 [INFO] PluginManage:359 - Loaded plugin lpbam (category:base,tabindex:0)
2024-06-07 09:29:42,509 [INFO] PluginManage:310 - Check plugin memorymap
2024-06-07 09:29:42,525 [INFO] PluginManage:359 - Loaded plugin memorymap (category:base,tabindex:4)
2024-06-07 09:29:42,525 [INFO] PluginManage:310 - Check plugin pinoutandconfiguration
2024-06-07 09:29:42,536 [INFO] PluginManage:359 - Loaded plugin pinoutandconfiguration (category:base,tabindex:1)
2024-06-07 09:29:42,537 [INFO] PluginManage:310 - Check plugin pinoutconfig
2024-06-07 09:29:42,596 [WARN] SupportedApi:132 - Cannot load RTOS API schema: s4s-elt-must-match.1: The content of 'definitions' must match (annotation?, (simpleType | complexType)?, (unique | key | keyref)*)). A problem was found starting at: attribute.
2024-06-07 09:29:42,678 [INFO] PluginManage:359 - Loaded plugin pinoutconfig (category:base,tabindex:0)
2024-06-07 09:29:42,678 [INFO] PluginManage:310 - Check plugin power
2024-06-07 09:29:42,693 [INFO] PluginManage:359 - Loaded plugin power (category:power,tabindex:4)
2024-06-07 09:29:42,693 [INFO] PluginManage:310 - Check plugin projectmanager
2024-06-07 09:29:42,703 [INFO] PluginManage:359 - Loaded plugin projectmanager (category:projectmanager,tabindex:3)
2024-06-07 09:29:42,703 [INFO] PluginManage:310 - Check plugin thirdparty
2024-06-07 09:29:42,870 [INFO] PluginManage:359 - Loaded plugin thirdparty (category:base,tabindex:-1)
2024-06-07 09:29:42,870 [INFO] PluginManage:310 - Check plugin tools
2024-06-07 09:29:42,870 [WARN] IntegrityCheckThread:84 - waiting for thirdparty lock release [integrity check]
2024-06-07 09:29:42,870 [INFO] IntegrityCheckThread:86 - entering critical section [integrity check]
2024-06-07 09:29:42,871 [INFO] ThirdPartyUpdaterWithRetryManager:70 - Updater plugin not ready yet. [1/15]
2024-06-07 09:29:42,893 [INFO] PluginManage:359 - Loaded plugin tools (category:base,tabindex:7)
2024-06-07 09:29:42,893 [INFO] PluginManage:310 - Check plugin tutovideos
2024-06-07 09:29:43,018 [INFO] PluginManage:359 - Loaded plugin tutovideos (category:base,tabindex:-1)
2024-06-07 09:29:43,018 [INFO] PluginManage:310 - Check plugin updater
2024-06-07 09:29:43,025 [INFO] PluginManage:359 - Loaded plugin updater (category:base,tabindex:12)
2024-06-07 09:29:43,025 [INFO] PluginManage:310 - Check plugin userauth
2024-06-07 09:29:43,029 [INFO] UserAuth:114 - Init User Auth plugin
2024-06-07 09:29:43,029 [INFO] PluginManage:359 - Loaded plugin userauth (category:base,tabindex:14)
2024-06-07 09:29:43,029 [INFO] PluginManage:283 - PluginManage : Loaded plugins [17]
2024-06-07 09:29:43,162 [INFO] PinOutPanel:1561 - setPackage(No Configuration,No Configuration)
2024-06-07 09:29:43,209 [INFO] CADModel:165 - CPN selected for project level
2024-06-07 09:29:43,210 [INFO] CADModel:114 - Register for checkConnection events
2024-06-07 09:29:43,227 [INFO] IPUIPlugin:80 - create IPUIPlugin
2024-06-07 09:29:43,227 [INFO] PluginManager:220 - loadIPPluginJar : add adc
2024-06-07 09:29:43,250 [INFO] IPUIPlugin:80 - create IPUIPlugin
2024-06-07 09:29:43,250 [INFO] PluginManager:220 - loadIPPluginJar : add aes
2024-06-07 09:29:43,274 [INFO] IPUIPlugin:80 - create IPUIPlugin
2024-06-07 09:29:43,274 [INFO] PluginManager:220 - loadIPPluginJar : add can
2024-06-07 09:29:43,288 [INFO] IPUIPlugin:80 - create IPUIPlugin
2024-06-07 09:29:43,288 [INFO] PluginManager:220 - loadIPPluginJar : add comp
2024-06-07 09:29:43,308 [INFO] IPUIPlugin:80 - create IPUIPlugin
2024-06-07 09:29:43,308 [INFO] PluginManager:220 - loadIPPluginJar : add cryp
2024-06-07 09:29:43,325 [INFO] IPUIPlugin:80 - create IPUIPlugin
2024-06-07 09:29:43,325 [INFO] PluginManager:220 - loadIPPluginJar : add dfsdm
2024-06-07 09:29:43,334 [INFO] IPUIPlugin:80 - create IPUIPlugin
2024-06-07 09:29:43,334 [INFO] PluginManager:220 - loadIPPluginJar : add dma
2024-06-07 09:29:43,359 [INFO] IPUIPlugin:80 - create IPUIPlugin
2024-06-07 09:29:43,359 [INFO] PluginManager:220 - loadIPPluginJar : add dma3
2024-06-07 09:29:43,385 [INFO] IPUIPlugin:80 - create IPUIPlugin
2024-06-07 09:29:43,385 [INFO] PluginManager:220 - loadIPPluginJar : add extmemmanager
2024-06-07 09:29:43,397 [INFO] IPUIPlugin:80 - create IPUIPlugin
2024-06-07 09:29:43,397 [INFO] PluginManager:220 - loadIPPluginJar : add fatfs
2024-06-07 09:29:43,425 [INFO] IPUIPlugin:80 - create IPUIPlugin
2024-06-07 09:29:43,425 [INFO] PluginManager:220 - loadIPPluginJar : add fmc
2024-06-07 09:29:43,435 [INFO] IPUIPlugin:80 - create IPUIPlugin
2024-06-07 09:29:43,435 [INFO] PluginManager:220 - loadIPPluginJar : add freertos
2024-06-07 09:29:43,448 [INFO] IPUIPlugin:80 - create IPUIPlugin
2024-06-07 09:29:43,448 [INFO] PluginManager:220 - loadIPPluginJar : add genericplugin
2024-06-07 09:29:43,503 [INFO] IPUIPlugin:80 - create IPUIPlugin
2024-06-07 09:29:43,503 [INFO] PluginManager:220 - loadIPPluginJar : add gfxmmu
2024-06-07 09:29:43,583 [INFO] IPUIPlugin:80 - create IPUIPlugin
2024-06-07 09:29:43,583 [INFO] PluginManager:220 - loadIPPluginJar : add gic
2024-06-07 09:29:43,592 [INFO] IPUIPlugin:80 - create IPUIPlugin
2024-06-07 09:29:43,592 [INFO] PluginManager:220 - loadIPPluginJar : add gpio
2024-06-07 09:29:43,647 [INFO] IPUIPlugin:80 - create IPUIPlugin
2024-06-07 09:29:43,647 [INFO] PluginManager:220 - loadIPPluginJar : add gtzc
2024-06-07 09:29:43,666 [INFO] IPUIPlugin:80 - create IPUIPlugin
2024-06-07 09:29:43,666 [INFO] PluginManager:220 - loadIPPluginJar : add hash
2024-06-07 09:29:43,697 [INFO] IPUIPlugin:80 - create IPUIPlugin
2024-06-07 09:29:43,697 [INFO] PluginManager:220 - loadIPPluginJar : add i2c
2024-06-07 09:29:43,720 [INFO] IPUIPlugin:80 - create IPUIPlugin
2024-06-07 09:29:43,720 [INFO] PluginManager:220 - loadIPPluginJar : add i2s
2024-06-07 09:29:43,743 [INFO] IPUIPlugin:80 - create IPUIPlugin
2024-06-07 09:29:43,744 [INFO] PluginManager:220 - loadIPPluginJar : add i3c
2024-06-07 09:29:43,807 [INFO] IPUIPlugin:80 - create IPUIPlugin
2024-06-07 09:29:43,807 [INFO] PluginManager:220 - loadIPPluginJar : add ipddr
2024-06-07 09:29:43,864 [INFO] IPUIPlugin:80 - create IPUIPlugin
2024-06-07 09:29:43,864 [INFO] PluginManager:220 - loadIPPluginJar : add linkedlist
2024-06-07 09:29:43,886 [INFO] IPUIPlugin:80 - create IPUIPlugin
2024-06-07 09:29:43,887 [INFO] PluginManager:220 - loadIPPluginJar : add lorawan
2024-06-07 09:29:43,909 [INFO] IPUIPlugin:80 - create IPUIPlugin
2024-06-07 09:29:43,909 [INFO] PluginManager:220 - loadIPPluginJar : add ltdc
2024-06-07 09:29:43,919 [INFO] IPUIPlugin:80 - create IPUIPlugin
2024-06-07 09:29:43,919 [INFO] PluginManager:220 - loadIPPluginJar : add mdma
2024-06-07 09:29:43,925 [INFO] IPUIPlugin:80 - create IPUIPlugin
2024-06-07 09:29:43,925 [INFO] PluginManager:220 - loadIPPluginJar : add nvic
2024-06-07 09:29:43,947 [INFO] IPUIPlugin:80 - create IPUIPlugin
2024-06-07 09:29:43,947 [INFO] PluginManager:220 - loadIPPluginJar : add opamp
2024-06-07 09:29:43,983 [INFO] IPUIPlugin:80 - create IPUIPlugin
2024-06-07 09:29:43,983 [INFO] PluginManager:220 - loadIPPluginJar : add openamp
2024-06-07 09:29:44,009 [INFO] IPUIPlugin:80 - create IPUIPlugin
2024-06-07 09:29:44,009 [INFO] PluginManager:220 - loadIPPluginJar : add pdm2pcm
2024-06-07 09:29:44,018 [INFO] IPUIPlugin:80 - create IPUIPlugin
2024-06-07 09:29:44,019 [INFO] PluginManager:220 - loadIPPluginJar : add plateformsettings
2024-06-07 09:29:44,033 [INFO] IPUIPlugin:80 - create IPUIPlugin
2024-06-07 09:29:44,033 [INFO] PluginManager:220 - loadIPPluginJar : add quadspi
2024-06-07 09:29:44,040 [INFO] IPUIPlugin:80 - create IPUIPlugin
2024-06-07 09:29:44,040 [INFO] PluginManager:220 - loadIPPluginJar : add resmgrutility
2024-06-07 09:29:44,069 [INFO] IPUIPlugin:80 - create IPUIPlugin
2024-06-07 09:29:44,069 [INFO] PluginManager:220 - loadIPPluginJar : add sai
2024-06-07 09:29:44,090 [INFO] IPUIPlugin:80 - create IPUIPlugin
2024-06-07 09:29:44,090 [INFO] PluginManager:220 - loadIPPluginJar : add spi
2024-06-07 09:29:44,130 [INFO] IPUIPlugin:80 - create IPUIPlugin
2024-06-07 09:29:44,130 [INFO] PluginManager:220 - loadIPPluginJar : add stm32_wpan
2024-06-07 09:29:44,144 [INFO] IPUIPlugin:80 - create IPUIPlugin
2024-06-07 09:29:44,144 [INFO] PluginManager:220 - loadIPPluginJar : add tim
2024-06-07 09:29:44,180 [INFO] IPUIPlugin:80 - create IPUIPlugin
2024-06-07 09:29:44,180 [INFO] PluginManager:220 - loadIPPluginJar : add touchsensing
2024-06-07 09:29:44,193 [INFO] IPUIPlugin:80 - create IPUIPlugin
2024-06-07 09:29:44,193 [INFO] PluginManager:220 - loadIPPluginJar : add tracer_emb
2024-06-07 09:29:44,207 [INFO] IPUIPlugin:80 - create IPUIPlugin
2024-06-07 09:29:44,207 [INFO] PluginManager:220 - loadIPPluginJar : add ts
2024-06-07 09:29:44,220 [INFO] IPUIPlugin:80 - create IPUIPlugin
2024-06-07 09:29:44,220 [INFO] PluginManager:220 - loadIPPluginJar : add tsc
2024-06-07 09:29:44,233 [INFO] IPUIPlugin:80 - create IPUIPlugin
2024-06-07 09:29:44,233 [INFO] PluginManager:220 - loadIPPluginJar : add ucpd
2024-06-07 09:29:44,259 [INFO] IPUIPlugin:80 - create IPUIPlugin
2024-06-07 09:29:44,260 [INFO] PluginManager:220 - loadIPPluginJar : add usart
2024-06-07 09:29:44,286 [INFO] IPUIPlugin:80 - create IPUIPlugin
2024-06-07 09:29:44,286 [INFO] PluginManager:220 - loadIPPluginJar : add usbx
2024-06-07 09:29:44,389 [INFO] CADModel:165 - CPN selected for project level
2024-06-07 09:29:44,389 [INFO] CADModel:114 - Register for checkConnection events
2024-06-07 09:29:44,389 [FATAL] Updater:308 - Updater called before beeing initialized
2024-06-07 09:29:44,389 [ERROR] CADModel:125 - Updater not yet initialized, retry later 
2024-06-07 09:29:44,483 [INFO] CADModel:165 - CPN selected for project level
2024-06-07 09:29:44,483 [INFO] CADModel:114 - Register for checkConnection events
2024-06-07 09:29:44,483 [FATAL] Updater:308 - Updater called before beeing initialized
2024-06-07 09:29:44,483 [ERROR] CADModel:125 - Updater not yet initialized, retry later 
2024-06-07 09:29:44,485 [FATAL] Updater:308 - Updater called before beeing initialized
2024-06-07 09:29:44,542 [FATAL] Updater:308 - Updater called before beeing initialized
2024-06-07 09:29:44,549 [INFO] DbMcusAds:53 - JSON generation date=Thu May 16 17:22:01 CST 2024 (1715851321456)
2024-06-07 09:29:44,549 [FATAL] Updater:308 - Updater called before beeing initialized
2024-06-07 09:29:44,603 [WARN] DetailPanel:346 - Failed to get advertising image, set to default
2024-06-07 09:29:44,667 [FATAL] Updater:308 - Updater called before beeing initialized
2024-06-07 09:29:44,669 [FATAL] Updater:308 - Updater called before beeing initialized
2024-06-07 09:29:44,669 [FATAL] Updater:308 - Updater called before beeing initialized
2024-06-07 09:29:44,669 [WARN] DetailPanel:346 - Failed to get advertising image, set to default
2024-06-07 09:29:44,669 [FATAL] Updater:308 - Updater called before beeing initialized
2024-06-07 09:29:44,705 [ERROR] Updater:1120 - MainUpdater not yet initialized. External WinMGr cannot be set.
2024-06-07 09:29:44,711 [INFO] Updater:1056 - Updater Version found : 6.11.1
2024-06-07 09:29:44,724 [INFO] ApplicationProperties:184 - Using Application install path: C:\ST\STM32CubeIDE_1.14.1\STM32CubeIDE\plugins\com.st.stm32cube.common.mx_6.11.1.202404110753
2024-06-07 09:29:45,871 [INFO] ThirdPartyUpdaterWithRetryManager:70 - Updater plugin not ready yet. [2/15]
2024-06-07 09:29:46,294 [ERROR] LogOutputStream:75 - [STDERR_REDIRECT] Jun 07, 2024 9:29:46 AM java.util.prefs.WindowsPreferences <init>
2024-06-07 09:29:46,295 [ERROR] LogOutputStream:75 - [STDERR_REDIRECT] WARNING: Could not open/create prefs root node Software\JavaSoft\Prefs at root 0xffffffff80000002. Windows RegCreateKeyEx(...) returned error code 5.
2024-06-07 09:29:46,295 [ERROR] LogOutputStream:75 - [STDERR_REDIRECT] 
2024-06-07 09:29:46,526 [INFO] MainUpdater:2873 - connection check result : 10
2024-06-07 09:29:46,526 [INFO] MainUpdater:290 - Updater Check For Update Now.
2024-06-07 09:29:46,526 [INFO] MicroXplorer:498 - Change Database Version : DB.6.0.111
2024-06-07 09:29:46,536 [INFO] McuFinderGlobals:63 - Set McuFinder mode to 2 (CubeIDE integrated)
2024-06-07 09:29:46,537 [INFO] UserAuth:179 - activating auth plugin
2024-06-07 09:29:46,538 [INFO] UserAuth:415 - Internet connection configuration mode: 1
2024-06-07 09:29:46,556 [INFO] JxBrowserEngine:152 - Initiate JxBrowser Engine with user profile folder
2024-06-07 09:29:46,684 [INFO] CheckServerUpdateThread:120 - End of CheckServer Thread
2024-06-07 09:29:48,989 [WARN] PackLoader:240 - Cannot read IP mode file for STMicroelectronics.FP-SNS-MOTENVWB1.1.4.0
2024-06-07 09:29:49,000 [WARN] PackLoader:240 - Cannot read IP mode file for STMicroelectronics.X-CUBE-SMBUS.2.1.0
2024-06-07 09:29:49,007 [WARN] PackLoader:240 - Cannot read IP mode file for STMicroelectronics.X-CUBE-TOUCHGFX.4.23.0
2024-06-07 09:29:49,013 [WARN] PackLoader:240 - Cannot read IP mode file for STMicroelectronics.X-CUBE-TOUCHGFX.4.23.2
2024-06-07 09:29:49,043 [WARN] PackLoader:240 - Cannot read IP mode file for STMicroelectronics.X-CUBE-AZRTOS-F7.1.1.0
2024-06-07 09:29:49,065 [WARN] PackLoader:240 - Cannot read IP mode file for STMicroelectronics.FP-SNS-MOTENV1.4.3.2
2024-06-07 09:29:49,079 [WARN] PackLoader:240 - Cannot read IP mode file for STMicroelectronics.FP-SNS-FLIGHT1.5.0.2
2024-06-07 09:29:49,090 [WARN] PackLoader:240 - Cannot read IP mode file for STMicroelectronics.X-CUBE-DISPLAY.3.0.0
2024-06-07 09:29:49,103 [WARN] PackLoader:240 - Cannot read IP mode file for STMicroelectronics.X-CUBE-BLE1.7.0.0
2024-06-07 09:29:49,113 [WARN] PackLoader:240 - Cannot read IP mode file for emotas.I-CUBE-CANOPEN.1.3.0
2024-06-07 09:29:49,125 [WARN] PackLoader:240 - Cannot read IP mode file for STMicroelectronics.X-CUBE-BLEMGR.3.1.0
2024-06-07 09:29:49,135 [WARN] PackLoader:240 - Cannot read IP mode file for STMicroelectronics.FP-SNS-SMARTAG2.1.2.0
2024-06-07 09:29:49,148 [INFO] LogOutputStream:77 - [STDOUT_REDIRECT] 1 : Invalid condition id : UX_CORESTACK_Condition cause : null
2024-06-07 09:29:49,148 [INFO] LogOutputStream:77 - [STDOUT_REDIRECT] 1 : Invalid condition id : UX_CORESTACK_Condition cause : null
2024-06-07 09:29:49,149 [INFO] LogOutputStream:77 - [STDOUT_REDIRECT] 1 : Invalid condition id : UX_CORESTACK_Condition cause : null
2024-06-07 09:29:49,149 [INFO] LogOutputStream:77 - [STDOUT_REDIRECT] 1 : Invalid condition id : UX_CORESTACK_Condition cause : null
2024-06-07 09:29:49,150 [INFO] LogOutputStream:77 - [STDOUT_REDIRECT] 1 : Invalid condition id : UX_CORESTACK_Condition cause : null
2024-06-07 09:29:49,151 [WARN] PackLoader:240 - Cannot read IP mode file for STMicroelectronics.X-CUBE-AZRTOS-WL.2.0.0
2024-06-07 09:29:49,160 [WARN] PackLoader:240 - Cannot read IP mode file for STMicroelectronics.FP-SNS-MOTENV1.5.0.0
2024-06-07 09:29:49,167 [WARN] PackLoader:240 - Cannot read IP mode file for wolfSSL.I-CUBE-wolfMQTT.1.19.0
2024-06-07 09:29:49,175 [WARN] PackLoader:240 - Cannot read IP mode file for WES.I-CUBE-Cesium.1.3.0
2024-06-07 09:29:49,182 [WARN] PackLoader:240 - Cannot read IP mode file for STMicroelectronics.X-CUBE-BLE2.3.3.0
2024-06-07 09:29:49,191 [WARN] PackLoader:240 - Cannot read IP mode file for STMicroelectronics.X-CUBE-TCPP.4.1.0
2024-06-07 09:29:49,199 [WARN] PackLoader:240 - Cannot read IP mode file for STMicroelectronics.X-CUBE-ALGOBUILD.1.3.0
2024-06-07 09:29:49,217 [WARN] PackLoader:240 - Cannot read IP mode file for STMicroelectronics.X-CUBE-AZRTOS-G0.1.1.0
2024-06-07 09:29:49,228 [WARN] PackLoader:240 - Cannot read IP mode file for STMicroelectronics.X-CUBE-SAFEA1.1.2.2
2024-06-07 09:29:49,236 [WARN] PackLoader:240 - Cannot read IP mode file for STMicroelectronics.X-CUBE-NFC4.3.0.0
2024-06-07 09:29:49,245 [WARN] PackLoader:240 - Cannot read IP mode file for STMicroelectronics.FP-ATR-SIGFOX1.3.2.0
2024-06-07 09:29:49,254 [WARN] PackLoader:240 - Cannot read IP mode file for STMicroelectronics.X-CUBE-EEPRMA1.5.1.0
2024-06-07 09:29:49,280 [WARN] PackLoader:240 - Cannot read IP mode file for SEGGER.I-CUBE-embOS.1.3.1
2024-06-07 09:29:49,686 [WARN] PackLoader:240 - Cannot read IP mode file for STMicroelectronics.X-CUBE-ALGOBUILD.1.4.0
2024-06-07 09:29:49,695 [WARN] PackLoader:240 - Cannot read IP mode file for STMicroelectronics.X-CUBE-GNSS1.6.0.0
2024-06-07 09:29:49,713 [WARN] PackLoader:240 - Cannot read IP mode file for STMicroelectronics.X-CUBE-AZRTOS-F4.1.1.0
2024-06-07 09:29:49,722 [WARN] PackLoader:240 - Cannot read IP mode file for STMicroelectronics.X-CUBE-FREERTOS.1.2.0
2024-06-07 09:29:49,728 [WARN] PackLoader:240 - Cannot read IP mode file for wolfSSL.I-CUBE-wolfSSL.5.6.6
2024-06-07 09:29:49,745 [WARN] PackLoader:240 - Cannot read IP mode file for STMicroelectronics.X-CUBE-AZRTOS-L5.2.0.0
2024-06-07 09:29:49,757 [WARN] PackLoader:240 - Cannot read IP mode file for STMicroelectronics.X-CUBE-NFC6.3.1.0
2024-06-07 09:29:49,769 [WARN] PackLoader:240 - Cannot read IP mode file for ITTIA_DB.I-CUBE-ITTIADB.8.8.0
2024-06-07 09:29:49,780 [WARN] PackLoader:240 - Cannot read IP mode file for STMicroelectronics.X-CUBE-AI.9.0.0
2024-06-07 09:29:49,792 [WARN] PackLoader:240 - Cannot read IP mode file for STMicroelectronics.X-CUBE-NFC7.1.0.1
2024-06-07 09:29:49,804 [WARN] PackLoader:240 - Cannot read IP mode file for STMicroelectronics.X-CUBE-NFC6.3.0.0
2024-06-07 09:29:49,814 [WARN] PackLoader:240 - Cannot read IP mode file for STMicroelectronics.X-CUBE-AI.8.1.0
2024-06-07 09:29:49,837 [WARN] ConditionMgr:438 - getConditionDescription Invalid condition id : LAN8742 Phy interface Condition cause : null
2024-06-07 09:29:49,837 [WARN] PackLoader:240 - Cannot read IP mode file for STMicroelectronics.X-CUBE-AZRTOS-L4.2.0.0
2024-06-07 09:29:49,838 [WARN] ConditionMgr:1039 - genDependencies : Invalid condition id : LAN8742 Phy interface Condition cause : null
2024-06-07 09:29:49,839 [WARN] ConditionMgr:1039 - genDependencies : Invalid condition id : LAN8742 Phy interface Condition cause : null
2024-06-07 09:29:49,839 [WARN] ConditionMgr:1039 - genDependencies : Invalid condition id : LAN8742 Phy interface Condition cause : null
2024-06-07 09:29:49,850 [WARN] PackLoader:240 - Cannot read IP mode file for STMicroelectronics.X-CUBE-SFXS2LP1.4.0.0
2024-06-07 09:29:49,868 [WARN] ConditionMgr:438 - getConditionDescription Invalid condition id : UX DEVICE CLASS RTOS Condition cause : null
2024-06-07 09:29:49,868 [WARN] ConditionMgr:438 - getConditionDescription Invalid condition id : UX DEVICE CLASS RTOS Condition cause : null
2024-06-07 09:29:49,869 [WARN] PackLoader:240 - Cannot read IP mode file for STMicroelectronics.X-CUBE-AZRTOS-WB.2.0.0
2024-06-07 09:29:49,869 [WARN] ConditionMgr:1039 - genDependencies : Invalid condition id : UX DEVICE CLASS RTOS Condition cause : null
2024-06-07 09:29:49,869 [WARN] ConditionMgr:1039 - genDependencies : Invalid condition id : UX DEVICE CLASS RTOS Condition cause : null
2024-06-07 09:29:49,870 [WARN] ConditionMgr:1039 - genDependencies : Invalid condition id : UX DEVICE CLASS RTOS Condition cause : null
2024-06-07 09:29:49,870 [WARN] ConditionMgr:1039 - genDependencies : Invalid condition id : UX DEVICE CLASS RTOS Condition cause : null
2024-06-07 09:29:49,870 [WARN] ConditionMgr:1039 - genDependencies : Invalid condition id : UX DEVICE CLASS RTOS Condition cause : null
2024-06-07 09:29:49,883 [WARN] PackLoader:240 - Cannot read IP mode file for STMicroelectronics.X-CUBE-SUBG2.5.0.0
2024-06-07 09:29:49,902 [WARN] PackLoader:240 - Cannot read IP mode file for STMicroelectronics.X-CUBE-AZRTOS-G4.2.0.0
2024-06-07 09:29:49,919 [WARN] PackLoader:240 - Cannot read IP mode file for Infineon.AIROC-Wi-Fi-Bluetooth-STM32.1.5.1
2024-06-07 09:29:49,931 [WARN] PackLoader:240 - Cannot read IP mode file for STMicroelectronics.FP-SNS-MOTENVWB1.1.3.1
2024-06-07 09:29:49,943 [WARN] PackLoader:240 - Cannot read IP mode file for STMicroelectronics.X-CUBE-ISPU.2.0.0
2024-06-07 09:29:49,946 [INFO] WebApp:161 - Instantiating new browser for Auth
2024-06-07 09:29:49,963 [WARN] PackLoader:240 - Cannot read IP mode file for STMicroelectronics.X-CUBE-ALS.1.0.2
2024-06-07 09:29:50,045 [WARN] PackLoader:240 - Cannot read IP mode file for STMicroelectronics.X-CUBE-MEMS1.10.0.0
2024-06-07 09:29:50,144 [WARN] PackLoader:240 - Cannot read IP mode file for STMicroelectronics.X-CUBE-FREERTOS.1.1.0
2024-06-07 09:29:50,160 [WARN] PackLoader:240 - Cannot read IP mode file for portGmbH.I-Cube-SoM-uGOAL.1.1.0
2024-06-07 09:29:50,173 [WARN] PackLoader:240 - Cannot read IP mode file for STMicroelectronics.X-CUBE-ALS.1.0.1
2024-06-07 09:29:50,208 [WARN] PackLoader:240 - Cannot read IP mode file for STMicroelectronics.X-CUBE-AZRTOS-H7RS.1.0.0
2024-06-07 09:29:50,227 [WARN] PackLoader:240 - Cannot read IP mode file for STMicroelectronics.FP-ATR-ASTRA1.2.0.0
2024-06-07 09:29:50,249 [WARN] PackLoader:240 - Cannot read IP mode file for STMicroelectronics.X-CUBE-TOF1.3.4.1
2024-06-07 09:29:50,293 [WARN] PackLoader:240 - Cannot read IP mode file for STMicroelectronics.X-CUBE-AZRTOS-H7.3.2.0
2024-06-07 09:29:50,297 [INFO] ThirdParty:978 - Integrity check success = true
2024-06-07 09:29:50,297 [INFO] IntegrityCheckThread:100 - exiting critical section [integrity check]
2024-06-07 09:29:50,297 [INFO] IntegrityCheckThread:103 - End integrity checks thread
2024-06-07 09:29:50,571 [INFO] WebApp:779 - Register for checkConnection events
2024-06-07 09:29:50,571 [INFO] WebApp:414 - Apply proxy settings
2024-06-07 09:29:50,571 [INFO] WebApp:499 - Chromium requires no authentication
2024-06-07 09:29:50,576 [INFO] WebApp:442 - Direct internet connection detected
2024-06-07 09:29:50,695 [INFO] WebApp:192 - Starting web application
2024-06-07 09:29:50,695 [INFO] WebApp:544 - Web application path used C:\ST\STM32CubeIDE_1.14.1\STM32CubeIDE\plugins\com.st.stm32cube.common.mx_6.11.1.202404110753\db\plugins\mcufinder\reactClient1\index.html
2024-06-07 23:41:12,742 [INFO] WebApp:354 - JxBrowser engine has been closed 
