2024-07-09 17:24:15,625 [INFO] Activator:176 - 


2024-07-09 17:24:15,628 [INFO] Activator:177 - !SESSION log4j initialized
2024-07-09 17:24:19,433 [INFO] LogOutputStream:77 - [STDOUT_REDIRECT] 
2024-07-09 17:24:21,320 [INFO] ApplicationProperties:184 - Using Application install path: C:\ST\STM32CubeIDE_1.14.1\STM32CubeIDE\plugins\com.st.stm32cube.common.mx_6.11.1.202404110753
2024-07-09 17:24:21,333 [INFO] DbMcusXml:78 - Set database path to: C:\ST\STM32CubeIDE_1.14.1\STM32CubeIDE\plugins\com.st.stm32cube.common.mx_6.11.1.202404110753\\db\/mcu/
2024-07-09 17:24:21,333 [INFO] ApiDb:274 - Set plugin database path to: C:\ST\STM32CubeIDE_1.14.1\STM32CubeIDE\plugins\com.st.stm32cube.common.mx_6.11.1.202404110753\\db\/plugins/boardmanager/
2024-07-09 17:24:21,336 [WARN] ApiDb:259 - Overriding images path with different value:  => C:\ST\STM32CubeIDE_1.14.1\STM32CubeIDE\plugins\com.st.stm32cube.common.mx_6.11.1.202404110753\\db\/plugins/mcufinder/images/
2024-07-09 17:24:21,341 [INFO] ApiDb:250 - Set database path to: C:\Users\harry\.stmcufinder\plugins\mcufinder//mcu/
2024-07-09 17:24:21,342 [INFO] DbMcusAds:125 - Set database path to: C:\Users\harry\.stmcufinder\plugins\mcufinder//mcu/
2024-07-09 17:24:21,343 [INFO] CrossReferenceDbSqlite:203 - Set database path to: C:\Users\harry\.stmcufinder\plugins\mcufinder//mcu/cs/
2024-07-09 17:24:21,421 [INFO] RulesReader:64 - Compatibility file has been processed (297 Rules)
2024-07-09 17:24:21,488 [INFO] DbMcusXml:78 - Set database path to: C:\ST\STM32CubeIDE_1.14.1\STM32CubeIDE\plugins\com.st.stm32cube.common.mx_6.11.1.202404110753\\db\/mcu/
2024-07-09 17:24:21,488 [INFO] ApiDb:274 - Set plugin database path to: C:\ST\STM32CubeIDE_1.14.1\STM32CubeIDE\plugins\com.st.stm32cube.common.mx_6.11.1.202404110753\\db\/plugins/boardmanager/
2024-07-09 17:24:21,488 [INFO] ApiDb:261 - Set plugin images path to: C:\ST\STM32CubeIDE_1.14.1\STM32CubeIDE\plugins\com.st.stm32cube.common.mx_6.11.1.202404110753\\db\/plugins/mcufinder/images/
2024-07-09 17:24:21,488 [WARN] DbFile:41 - Overriding database path with different value: C:\Users\harry\.stmcufinder\plugins\mcufinder/ => C:\Users\harry\.stmcufinder\plugins\mcufinder
2024-07-09 17:24:21,488 [INFO] ApiDb:250 - Set database path to: C:\Users\harry\.stmcufinder\plugins\mcufinder//mcu/
2024-07-09 17:24:21,488 [WARN] DbFile:41 - Overriding database path with different value: C:\Users\harry\.stmcufinder\plugins\mcufinder/ => C:\Users\harry\.stmcufinder\plugins\mcufinder
2024-07-09 17:24:21,488 [INFO] DbMcusAds:125 - Set database path to: C:\Users\harry\.stmcufinder\plugins\mcufinder//mcu/
2024-07-09 17:24:21,488 [WARN] DbFile:41 - Overriding database path with different value: C:\Users\harry\.stmcufinder\plugins\mcufinder/ => C:\Users\harry\.stmcufinder\plugins\mcufinder
2024-07-09 17:24:21,488 [WARN] DbFile:41 - Overriding database path with different value: C:\Users\harry\.stmcufinder\plugins\mcufinder/ => C:\Users\harry\.stmcufinder\plugins\mcufinder
2024-07-09 17:24:21,488 [INFO] CrossReferenceDbSqlite:203 - Set database path to: C:\Users\harry\.stmcufinder\plugins\mcufinder//mcu/cs/
2024-07-09 17:24:21,543 [INFO] MainPanel:264 - HeapMemory: 268435456
2024-07-09 17:24:21,611 [INFO] DbMcusXml:78 - Set database path to: C:\ST\STM32CubeIDE_1.14.1\STM32CubeIDE\plugins\com.st.stm32cube.common.mx_6.11.1.202404110753\\db\/mcu/
2024-07-09 17:24:21,612 [INFO] ApiDb:274 - Set plugin database path to: C:\ST\STM32CubeIDE_1.14.1\STM32CubeIDE\plugins\com.st.stm32cube.common.mx_6.11.1.202404110753\\db\/plugins/boardmanager/
2024-07-09 17:24:21,612 [INFO] ApiDb:261 - Set plugin images path to: C:\ST\STM32CubeIDE_1.14.1\STM32CubeIDE\plugins\com.st.stm32cube.common.mx_6.11.1.202404110753\\db\/plugins/mcufinder/images/
2024-07-09 17:24:21,612 [WARN] DbFile:41 - Overriding database path with different value: C:\Users\harry\.stmcufinder\plugins\mcufinder/ => C:\Users\harry\.stmcufinder\plugins\mcufinder
2024-07-09 17:24:21,612 [INFO] ApiDb:250 - Set database path to: C:\Users\harry\.stmcufinder\plugins\mcufinder//mcu/
2024-07-09 17:24:21,612 [WARN] DbFile:41 - Overriding database path with different value: C:\Users\harry\.stmcufinder\plugins\mcufinder/ => C:\Users\harry\.stmcufinder\plugins\mcufinder
2024-07-09 17:24:21,612 [INFO] DbMcusAds:125 - Set database path to: C:\Users\harry\.stmcufinder\plugins\mcufinder//mcu/
2024-07-09 17:24:21,612 [WARN] DbFile:41 - Overriding database path with different value: C:\Users\harry\.stmcufinder\plugins\mcufinder/ => C:\Users\harry\.stmcufinder\plugins\mcufinder
2024-07-09 17:24:21,612 [WARN] DbFile:41 - Overriding database path with different value: C:\Users\harry\.stmcufinder\plugins\mcufinder/ => C:\Users\harry\.stmcufinder\plugins\mcufinder
2024-07-09 17:24:21,612 [INFO] CrossReferenceDbSqlite:203 - Set database path to: C:\Users\harry\.stmcufinder\plugins\mcufinder//mcu/cs/
2024-07-09 17:24:21,625 [INFO] ApplicationProperties:184 - Using Application install path: C:\ST\STM32CubeIDE_1.14.1\STM32CubeIDE\plugins\com.st.stm32cube.common.mx_6.11.1.202404110753
2024-07-09 17:24:21,626 [INFO] PluginManage:196 - Search for loadable plugins [exclusion list=, ]
2024-07-09 17:24:21,627 [INFO] PluginManage:310 - Check plugin analytics
2024-07-09 17:24:21,735 [INFO] AnalyticsPlugin:253 - Accepted Software Licenses: 
2024-07-09 17:24:21,735 [INFO] AnalyticsPlugin:255 - Accepted CMSIS Pack Licenses: 
2024-07-09 17:24:21,735 [INFO] AnalyticsPlugin:257 - Accepted Firmware Licenses: 
2024-07-09 17:24:21,735 [INFO] PluginManage:359 - Loaded plugin analytics (category:tool,tabindex:-1)
2024-07-09 17:24:21,736 [INFO] PluginManage:310 - Check plugin cadmodel
2024-07-09 17:24:21,748 [INFO] CADModel:105 - Init CAD model plugin
2024-07-09 17:24:21,748 [INFO] PluginManage:359 - Loaded plugin cadmodel (category:power,tabindex:5)
2024-07-09 17:24:21,749 [INFO] PluginManage:310 - Check plugin clock
2024-07-09 17:24:21,766 [INFO] PluginManage:359 - Loaded plugin clock (category:base,tabindex:2)
2024-07-09 17:24:21,766 [INFO] PluginManage:310 - Check plugin ddr
2024-07-09 17:24:21,768 [INFO] PluginManage:359 - Loaded plugin ddr (category:tool,tabindex:6)
2024-07-09 17:24:21,768 [INFO] PluginManage:310 - Check plugin filemanager
2024-07-09 17:24:21,871 [INFO] PluginManage:359 - Loaded plugin filemanager (category:base,tabindex:10)
2024-07-09 17:24:21,871 [INFO] PluginManage:310 - Check plugin ipmanager
2024-07-09 17:24:21,877 [INFO] PluginManage:359 - Loaded plugin ipmanager (category:base,tabindex:5)
2024-07-09 17:24:21,877 [INFO] PluginManage:310 - Check plugin lpbam
2024-07-09 17:24:21,891 [INFO] PluginManage:359 - Loaded plugin lpbam (category:base,tabindex:0)
2024-07-09 17:24:21,892 [INFO] PluginManage:310 - Check plugin memorymap
2024-07-09 17:24:21,909 [INFO] PluginManage:359 - Loaded plugin memorymap (category:base,tabindex:4)
2024-07-09 17:24:21,909 [INFO] PluginManage:310 - Check plugin pinoutandconfiguration
2024-07-09 17:24:21,921 [INFO] PluginManage:359 - Loaded plugin pinoutandconfiguration (category:base,tabindex:1)
2024-07-09 17:24:21,921 [INFO] PluginManage:310 - Check plugin pinoutconfig
2024-07-09 17:24:21,981 [WARN] SupportedApi:132 - Cannot load RTOS API schema: s4s-elt-must-match.1: The content of 'definitions' must match (annotation?, (simpleType | complexType)?, (unique | key | keyref)*)). A problem was found starting at: attribute.
2024-07-09 17:24:22,059 [INFO] PluginManage:359 - Loaded plugin pinoutconfig (category:base,tabindex:0)
2024-07-09 17:24:22,059 [INFO] PluginManage:310 - Check plugin power
2024-07-09 17:24:22,075 [INFO] PluginManage:359 - Loaded plugin power (category:power,tabindex:4)
2024-07-09 17:24:22,075 [INFO] PluginManage:310 - Check plugin projectmanager
2024-07-09 17:24:22,085 [INFO] PluginManage:359 - Loaded plugin projectmanager (category:projectmanager,tabindex:3)
2024-07-09 17:24:22,085 [INFO] PluginManage:310 - Check plugin thirdparty
2024-07-09 17:24:22,228 [INFO] PluginManage:359 - Loaded plugin thirdparty (category:base,tabindex:-1)
2024-07-09 17:24:22,228 [INFO] PluginManage:310 - Check plugin tools
2024-07-09 17:24:22,228 [WARN] IntegrityCheckThread:84 - waiting for thirdparty lock release [integrity check]
2024-07-09 17:24:22,228 [INFO] IntegrityCheckThread:86 - entering critical section [integrity check]
2024-07-09 17:24:22,228 [INFO] ThirdPartyUpdaterWithRetryManager:70 - Updater plugin not ready yet. [1/15]
2024-07-09 17:24:22,250 [INFO] PluginManage:359 - Loaded plugin tools (category:base,tabindex:7)
2024-07-09 17:24:22,251 [INFO] PluginManage:310 - Check plugin tutovideos
2024-07-09 17:24:22,381 [INFO] PluginManage:359 - Loaded plugin tutovideos (category:base,tabindex:-1)
2024-07-09 17:24:22,381 [INFO] PluginManage:310 - Check plugin updater
2024-07-09 17:24:22,388 [INFO] PluginManage:359 - Loaded plugin updater (category:base,tabindex:12)
2024-07-09 17:24:22,388 [INFO] PluginManage:310 - Check plugin userauth
2024-07-09 17:24:22,392 [INFO] UserAuth:114 - Init User Auth plugin
2024-07-09 17:24:22,392 [INFO] PluginManage:359 - Loaded plugin userauth (category:base,tabindex:14)
2024-07-09 17:24:22,392 [INFO] PluginManage:283 - PluginManage : Loaded plugins [17]
2024-07-09 17:24:22,528 [INFO] PinOutPanel:1561 - setPackage(No Configuration,No Configuration)
2024-07-09 17:24:22,574 [INFO] CADModel:165 - CPN selected for project level
2024-07-09 17:24:22,574 [INFO] CADModel:114 - Register for checkConnection events
2024-07-09 17:24:22,592 [INFO] IPUIPlugin:80 - create IPUIPlugin
2024-07-09 17:24:22,592 [INFO] PluginManager:220 - loadIPPluginJar : add adc
2024-07-09 17:24:22,616 [INFO] IPUIPlugin:80 - create IPUIPlugin
2024-07-09 17:24:22,616 [INFO] PluginManager:220 - loadIPPluginJar : add aes
2024-07-09 17:24:22,641 [INFO] IPUIPlugin:80 - create IPUIPlugin
2024-07-09 17:24:22,641 [INFO] PluginManager:220 - loadIPPluginJar : add can
2024-07-09 17:24:22,654 [INFO] IPUIPlugin:80 - create IPUIPlugin
2024-07-09 17:24:22,654 [INFO] PluginManager:220 - loadIPPluginJar : add comp
2024-07-09 17:24:22,674 [INFO] IPUIPlugin:80 - create IPUIPlugin
2024-07-09 17:24:22,674 [INFO] PluginManager:220 - loadIPPluginJar : add cryp
2024-07-09 17:24:22,693 [INFO] IPUIPlugin:80 - create IPUIPlugin
2024-07-09 17:24:22,693 [INFO] PluginManager:220 - loadIPPluginJar : add dfsdm
2024-07-09 17:24:22,701 [INFO] IPUIPlugin:80 - create IPUIPlugin
2024-07-09 17:24:22,702 [INFO] PluginManager:220 - loadIPPluginJar : add dma
2024-07-09 17:24:22,727 [INFO] IPUIPlugin:80 - create IPUIPlugin
2024-07-09 17:24:22,727 [INFO] PluginManager:220 - loadIPPluginJar : add dma3
2024-07-09 17:24:22,754 [INFO] IPUIPlugin:80 - create IPUIPlugin
2024-07-09 17:24:22,754 [INFO] PluginManager:220 - loadIPPluginJar : add extmemmanager
2024-07-09 17:24:22,766 [INFO] IPUIPlugin:80 - create IPUIPlugin
2024-07-09 17:24:22,766 [INFO] PluginManager:220 - loadIPPluginJar : add fatfs
2024-07-09 17:24:22,793 [INFO] IPUIPlugin:80 - create IPUIPlugin
2024-07-09 17:24:22,793 [INFO] PluginManager:220 - loadIPPluginJar : add fmc
2024-07-09 17:24:22,803 [INFO] IPUIPlugin:80 - create IPUIPlugin
2024-07-09 17:24:22,804 [INFO] PluginManager:220 - loadIPPluginJar : add freertos
2024-07-09 17:24:22,816 [INFO] IPUIPlugin:80 - create IPUIPlugin
2024-07-09 17:24:22,816 [INFO] PluginManager:220 - loadIPPluginJar : add genericplugin
2024-07-09 17:24:22,873 [INFO] IPUIPlugin:80 - create IPUIPlugin
2024-07-09 17:24:22,873 [INFO] PluginManager:220 - loadIPPluginJar : add gfxmmu
2024-07-09 17:24:22,953 [INFO] IPUIPlugin:80 - create IPUIPlugin
2024-07-09 17:24:22,953 [INFO] PluginManager:220 - loadIPPluginJar : add gic
2024-07-09 17:24:22,962 [INFO] IPUIPlugin:80 - create IPUIPlugin
2024-07-09 17:24:22,962 [INFO] PluginManager:220 - loadIPPluginJar : add gpio
2024-07-09 17:24:23,019 [INFO] IPUIPlugin:80 - create IPUIPlugin
2024-07-09 17:24:23,019 [INFO] PluginManager:220 - loadIPPluginJar : add gtzc
2024-07-09 17:24:23,038 [INFO] IPUIPlugin:80 - create IPUIPlugin
2024-07-09 17:24:23,038 [INFO] PluginManager:220 - loadIPPluginJar : add hash
2024-07-09 17:24:23,069 [INFO] IPUIPlugin:80 - create IPUIPlugin
2024-07-09 17:24:23,069 [INFO] PluginManager:220 - loadIPPluginJar : add i2c
2024-07-09 17:24:23,091 [INFO] IPUIPlugin:80 - create IPUIPlugin
2024-07-09 17:24:23,091 [INFO] PluginManager:220 - loadIPPluginJar : add i2s
2024-07-09 17:24:23,116 [INFO] IPUIPlugin:80 - create IPUIPlugin
2024-07-09 17:24:23,116 [INFO] PluginManager:220 - loadIPPluginJar : add i3c
2024-07-09 17:24:23,181 [INFO] IPUIPlugin:80 - create IPUIPlugin
2024-07-09 17:24:23,181 [INFO] PluginManager:220 - loadIPPluginJar : add ipddr
2024-07-09 17:24:23,237 [INFO] IPUIPlugin:80 - create IPUIPlugin
2024-07-09 17:24:23,237 [INFO] PluginManager:220 - loadIPPluginJar : add linkedlist
2024-07-09 17:24:23,259 [INFO] IPUIPlugin:80 - create IPUIPlugin
2024-07-09 17:24:23,259 [INFO] PluginManager:220 - loadIPPluginJar : add lorawan
2024-07-09 17:24:23,281 [INFO] IPUIPlugin:80 - create IPUIPlugin
2024-07-09 17:24:23,281 [INFO] PluginManager:220 - loadIPPluginJar : add ltdc
2024-07-09 17:24:23,290 [INFO] IPUIPlugin:80 - create IPUIPlugin
2024-07-09 17:24:23,290 [INFO] PluginManager:220 - loadIPPluginJar : add mdma
2024-07-09 17:24:23,297 [INFO] IPUIPlugin:80 - create IPUIPlugin
2024-07-09 17:24:23,298 [INFO] PluginManager:220 - loadIPPluginJar : add nvic
2024-07-09 17:24:23,319 [INFO] IPUIPlugin:80 - create IPUIPlugin
2024-07-09 17:24:23,319 [INFO] PluginManager:220 - loadIPPluginJar : add opamp
2024-07-09 17:24:23,355 [INFO] IPUIPlugin:80 - create IPUIPlugin
2024-07-09 17:24:23,355 [INFO] PluginManager:220 - loadIPPluginJar : add openamp
2024-07-09 17:24:23,381 [INFO] IPUIPlugin:80 - create IPUIPlugin
2024-07-09 17:24:23,381 [INFO] PluginManager:220 - loadIPPluginJar : add pdm2pcm
2024-07-09 17:24:23,390 [INFO] IPUIPlugin:80 - create IPUIPlugin
2024-07-09 17:24:23,392 [INFO] PluginManager:220 - loadIPPluginJar : add plateformsettings
2024-07-09 17:24:23,404 [INFO] IPUIPlugin:80 - create IPUIPlugin
2024-07-09 17:24:23,404 [INFO] PluginManager:220 - loadIPPluginJar : add quadspi
2024-07-09 17:24:23,413 [INFO] IPUIPlugin:80 - create IPUIPlugin
2024-07-09 17:24:23,413 [INFO] PluginManager:220 - loadIPPluginJar : add resmgrutility
2024-07-09 17:24:23,442 [INFO] IPUIPlugin:80 - create IPUIPlugin
2024-07-09 17:24:23,442 [INFO] PluginManager:220 - loadIPPluginJar : add sai
2024-07-09 17:24:23,464 [INFO] IPUIPlugin:80 - create IPUIPlugin
2024-07-09 17:24:23,464 [INFO] PluginManager:220 - loadIPPluginJar : add spi
2024-07-09 17:24:23,505 [INFO] IPUIPlugin:80 - create IPUIPlugin
2024-07-09 17:24:23,505 [INFO] PluginManager:220 - loadIPPluginJar : add stm32_wpan
2024-07-09 17:24:23,518 [INFO] IPUIPlugin:80 - create IPUIPlugin
2024-07-09 17:24:23,518 [INFO] PluginManager:220 - loadIPPluginJar : add tim
2024-07-09 17:24:23,556 [INFO] IPUIPlugin:80 - create IPUIPlugin
2024-07-09 17:24:23,556 [INFO] PluginManager:220 - loadIPPluginJar : add touchsensing
2024-07-09 17:24:23,570 [INFO] IPUIPlugin:80 - create IPUIPlugin
2024-07-09 17:24:23,570 [INFO] PluginManager:220 - loadIPPluginJar : add tracer_emb
2024-07-09 17:24:23,584 [INFO] IPUIPlugin:80 - create IPUIPlugin
2024-07-09 17:24:23,584 [INFO] PluginManager:220 - loadIPPluginJar : add ts
2024-07-09 17:24:23,596 [INFO] IPUIPlugin:80 - create IPUIPlugin
2024-07-09 17:24:23,596 [INFO] PluginManager:220 - loadIPPluginJar : add tsc
2024-07-09 17:24:23,608 [INFO] IPUIPlugin:80 - create IPUIPlugin
2024-07-09 17:24:23,608 [INFO] PluginManager:220 - loadIPPluginJar : add ucpd
2024-07-09 17:24:23,634 [INFO] IPUIPlugin:80 - create IPUIPlugin
2024-07-09 17:24:23,634 [INFO] PluginManager:220 - loadIPPluginJar : add usart
2024-07-09 17:24:23,660 [INFO] IPUIPlugin:80 - create IPUIPlugin
2024-07-09 17:24:23,660 [INFO] PluginManager:220 - loadIPPluginJar : add usbx
2024-07-09 17:24:23,764 [INFO] CADModel:165 - CPN selected for project level
2024-07-09 17:24:23,764 [INFO] CADModel:114 - Register for checkConnection events
2024-07-09 17:24:23,764 [FATAL] Updater:308 - Updater called before beeing initialized
2024-07-09 17:24:23,764 [ERROR] CADModel:125 - Updater not yet initialized, retry later 
2024-07-09 17:24:23,876 [INFO] CADModel:165 - CPN selected for project level
2024-07-09 17:24:23,876 [INFO] CADModel:114 - Register for checkConnection events
2024-07-09 17:24:23,876 [FATAL] Updater:308 - Updater called before beeing initialized
2024-07-09 17:24:23,876 [ERROR] CADModel:125 - Updater not yet initialized, retry later 
2024-07-09 17:24:23,878 [FATAL] Updater:308 - Updater called before beeing initialized
2024-07-09 17:24:23,939 [FATAL] Updater:308 - Updater called before beeing initialized
2024-07-09 17:24:23,946 [INFO] DbMcusAds:53 - JSON generation date=Thu May 16 17:22:01 CST 2024 (1715851321456)
2024-07-09 17:24:23,946 [FATAL] Updater:308 - Updater called before beeing initialized
2024-07-09 17:24:23,999 [WARN] DetailPanel:346 - Failed to get advertising image, set to default
2024-07-09 17:24:24,064 [FATAL] Updater:308 - Updater called before beeing initialized
2024-07-09 17:24:24,066 [FATAL] Updater:308 - Updater called before beeing initialized
2024-07-09 17:24:24,066 [FATAL] Updater:308 - Updater called before beeing initialized
2024-07-09 17:24:24,066 [WARN] DetailPanel:346 - Failed to get advertising image, set to default
2024-07-09 17:24:24,066 [FATAL] Updater:308 - Updater called before beeing initialized
2024-07-09 17:24:24,103 [ERROR] Updater:1120 - MainUpdater not yet initialized. External WinMGr cannot be set.
2024-07-09 17:24:24,110 [INFO] Updater:1056 - Updater Version found : 6.11.1
2024-07-09 17:24:24,125 [INFO] ApplicationProperties:184 - Using Application install path: C:\ST\STM32CubeIDE_1.14.1\STM32CubeIDE\plugins\com.st.stm32cube.common.mx_6.11.1.202404110753
2024-07-09 17:24:25,232 [INFO] ThirdPartyUpdaterWithRetryManager:70 - Updater plugin not ready yet. [2/15]
2024-07-09 17:24:25,700 [ERROR] LogOutputStream:75 - [STDERR_REDIRECT] Jul 09, 2024 5:24:25 PM java.util.prefs.WindowsPreferences <init>
2024-07-09 17:24:25,701 [ERROR] LogOutputStream:75 - [STDERR_REDIRECT] WARNING: Could not open/create prefs root node Software\JavaSoft\Prefs at root 0xffffffff80000002. Windows RegCreateKeyEx(...) returned error code 5.
2024-07-09 17:24:25,701 [ERROR] LogOutputStream:75 - [STDERR_REDIRECT] 
2024-07-09 17:24:25,971 [INFO] MainUpdater:2873 - connection check result : 10
2024-07-09 17:24:25,972 [INFO] MainUpdater:290 - Updater Check For Update Now.
2024-07-09 17:24:25,972 [INFO] MicroXplorer:498 - Change Database Version : DB.6.0.111
2024-07-09 17:24:25,982 [INFO] McuFinderGlobals:63 - Set McuFinder mode to 2 (CubeIDE integrated)
2024-07-09 17:24:25,982 [INFO] UserAuth:179 - activating auth plugin
2024-07-09 17:24:25,984 [INFO] UserAuth:415 - Internet connection configuration mode: 1
2024-07-09 17:24:26,003 [INFO] JxBrowserEngine:152 - Initiate JxBrowser Engine with user profile folder
2024-07-09 17:24:26,132 [INFO] CheckServerUpdateThread:120 - End of CheckServer Thread
2024-07-09 17:24:28,367 [WARN] PackLoader:240 - Cannot read IP mode file for STMicroelectronics.FP-SNS-MOTENVWB1.1.4.0
2024-07-09 17:24:28,379 [WARN] PackLoader:240 - Cannot read IP mode file for STMicroelectronics.X-CUBE-SMBUS.2.1.0
2024-07-09 17:24:28,387 [WARN] PackLoader:240 - Cannot read IP mode file for STMicroelectronics.X-CUBE-TOUCHGFX.4.23.0
2024-07-09 17:24:28,393 [WARN] PackLoader:240 - Cannot read IP mode file for STMicroelectronics.X-CUBE-TOUCHGFX.4.23.2
2024-07-09 17:24:28,416 [WARN] PackLoader:240 - Cannot read IP mode file for STMicroelectronics.X-CUBE-AZRTOS-F7.1.1.0
2024-07-09 17:24:28,428 [WARN] PackLoader:240 - Cannot read IP mode file for STMicroelectronics.FP-SNS-MOTENV1.4.3.2
2024-07-09 17:24:28,437 [WARN] PackLoader:240 - Cannot read IP mode file for STMicroelectronics.FP-SNS-FLIGHT1.5.0.2
2024-07-09 17:24:28,448 [WARN] PackLoader:240 - Cannot read IP mode file for STMicroelectronics.X-CUBE-DISPLAY.3.0.0
2024-07-09 17:24:28,460 [WARN] PackLoader:240 - Cannot read IP mode file for STMicroelectronics.X-CUBE-BLE1.7.0.0
2024-07-09 17:24:28,469 [WARN] PackLoader:240 - Cannot read IP mode file for emotas.I-CUBE-CANOPEN.1.3.0
2024-07-09 17:24:28,481 [WARN] PackLoader:240 - Cannot read IP mode file for STMicroelectronics.X-CUBE-BLEMGR.3.1.0
2024-07-09 17:24:28,491 [WARN] PackLoader:240 - Cannot read IP mode file for STMicroelectronics.FP-SNS-SMARTAG2.1.2.0
2024-07-09 17:24:28,506 [INFO] LogOutputStream:77 - [STDOUT_REDIRECT] 1 : Invalid condition id : UX_CORESTACK_Condition cause : null
2024-07-09 17:24:28,506 [INFO] LogOutputStream:77 - [STDOUT_REDIRECT] 1 : Invalid condition id : UX_CORESTACK_Condition cause : null
2024-07-09 17:24:28,507 [INFO] LogOutputStream:77 - [STDOUT_REDIRECT] 1 : Invalid condition id : UX_CORESTACK_Condition cause : null
2024-07-09 17:24:28,507 [INFO] LogOutputStream:77 - [STDOUT_REDIRECT] 1 : Invalid condition id : UX_CORESTACK_Condition cause : null
2024-07-09 17:24:28,508 [INFO] LogOutputStream:77 - [STDOUT_REDIRECT] 1 : Invalid condition id : UX_CORESTACK_Condition cause : null
2024-07-09 17:24:28,509 [WARN] PackLoader:240 - Cannot read IP mode file for STMicroelectronics.X-CUBE-AZRTOS-WL.2.0.0
2024-07-09 17:24:28,517 [WARN] PackLoader:240 - Cannot read IP mode file for STMicroelectronics.FP-SNS-MOTENV1.5.0.0
2024-07-09 17:24:28,524 [WARN] PackLoader:240 - Cannot read IP mode file for wolfSSL.I-CUBE-wolfMQTT.1.19.0
2024-07-09 17:24:28,532 [WARN] PackLoader:240 - Cannot read IP mode file for WES.I-CUBE-Cesium.1.3.0
2024-07-09 17:24:28,539 [WARN] PackLoader:240 - Cannot read IP mode file for STMicroelectronics.X-CUBE-BLE2.3.3.0
2024-07-09 17:24:28,547 [WARN] PackLoader:240 - Cannot read IP mode file for STMicroelectronics.X-CUBE-TCPP.4.1.0
2024-07-09 17:24:28,555 [WARN] PackLoader:240 - Cannot read IP mode file for STMicroelectronics.X-CUBE-ALGOBUILD.1.3.0
2024-07-09 17:24:28,570 [WARN] PackLoader:240 - Cannot read IP mode file for STMicroelectronics.X-CUBE-AZRTOS-G0.1.1.0
2024-07-09 17:24:28,580 [WARN] PackLoader:240 - Cannot read IP mode file for STMicroelectronics.X-CUBE-SAFEA1.1.2.2
2024-07-09 17:24:28,589 [WARN] PackLoader:240 - Cannot read IP mode file for STMicroelectronics.X-CUBE-NFC4.3.0.0
2024-07-09 17:24:28,596 [WARN] PackLoader:240 - Cannot read IP mode file for STMicroelectronics.FP-ATR-SIGFOX1.3.2.0
2024-07-09 17:24:28,610 [WARN] PackLoader:240 - Cannot read IP mode file for STMicroelectronics.X-CUBE-EEPRMA1.5.1.0
2024-07-09 17:24:28,635 [WARN] PackLoader:240 - Cannot read IP mode file for SEGGER.I-CUBE-embOS.1.3.1
2024-07-09 17:24:28,666 [WARN] PackLoader:240 - Cannot read IP mode file for STMicroelectronics.X-CUBE-ALGOBUILD.1.4.0
2024-07-09 17:24:28,679 [WARN] PackLoader:240 - Cannot read IP mode file for STMicroelectronics.X-CUBE-GNSS1.6.0.0
2024-07-09 17:24:28,701 [WARN] PackLoader:240 - Cannot read IP mode file for STMicroelectronics.X-CUBE-AZRTOS-F4.1.1.0
2024-07-09 17:24:28,713 [WARN] PackLoader:240 - Cannot read IP mode file for STMicroelectronics.X-CUBE-FREERTOS.1.2.0
2024-07-09 17:24:28,723 [WARN] PackLoader:240 - Cannot read IP mode file for wolfSSL.I-CUBE-wolfSSL.5.6.6
2024-07-09 17:24:29,124 [WARN] PackLoader:240 - Cannot read IP mode file for STMicroelectronics.X-CUBE-AZRTOS-L5.2.0.0
2024-07-09 17:24:29,135 [WARN] PackLoader:240 - Cannot read IP mode file for STMicroelectronics.X-CUBE-NFC6.3.1.0
2024-07-09 17:24:29,144 [WARN] PackLoader:240 - Cannot read IP mode file for ITTIA_DB.I-CUBE-ITTIADB.8.8.0
2024-07-09 17:24:29,152 [WARN] PackLoader:240 - Cannot read IP mode file for STMicroelectronics.X-CUBE-DPower.1.2.0
2024-07-09 17:24:29,160 [WARN] PackLoader:240 - Cannot read IP mode file for STMicroelectronics.X-CUBE-AI.9.0.0
2024-07-09 17:24:29,168 [WARN] PackLoader:240 - Cannot read IP mode file for STMicroelectronics.X-CUBE-NFC7.1.0.1
2024-07-09 17:24:29,178 [WARN] PackLoader:240 - Cannot read IP mode file for STMicroelectronics.X-CUBE-NFC6.3.0.0
2024-07-09 17:24:29,189 [WARN] PackLoader:240 - Cannot read IP mode file for STMicroelectronics.X-CUBE-AI.8.1.0
2024-07-09 17:24:29,218 [WARN] ConditionMgr:438 - getConditionDescription Invalid condition id : LAN8742 Phy interface Condition cause : null
2024-07-09 17:24:29,219 [WARN] PackLoader:240 - Cannot read IP mode file for STMicroelectronics.X-CUBE-AZRTOS-L4.2.0.0
2024-07-09 17:24:29,221 [WARN] ConditionMgr:1039 - genDependencies : Invalid condition id : LAN8742 Phy interface Condition cause : null
2024-07-09 17:24:29,221 [WARN] ConditionMgr:1039 - genDependencies : Invalid condition id : LAN8742 Phy interface Condition cause : null
2024-07-09 17:24:29,222 [WARN] ConditionMgr:1039 - genDependencies : Invalid condition id : LAN8742 Phy interface Condition cause : null
2024-07-09 17:24:29,236 [WARN] PackLoader:240 - Cannot read IP mode file for STMicroelectronics.X-CUBE-SFXS2LP1.4.0.0
2024-07-09 17:24:29,261 [WARN] ConditionMgr:438 - getConditionDescription Invalid condition id : UX DEVICE CLASS RTOS Condition cause : null
2024-07-09 17:24:29,261 [WARN] ConditionMgr:438 - getConditionDescription Invalid condition id : UX DEVICE CLASS RTOS Condition cause : null
2024-07-09 17:24:29,263 [WARN] PackLoader:240 - Cannot read IP mode file for STMicroelectronics.X-CUBE-AZRTOS-WB.2.0.0
2024-07-09 17:24:29,263 [WARN] ConditionMgr:1039 - genDependencies : Invalid condition id : UX DEVICE CLASS RTOS Condition cause : null
2024-07-09 17:24:29,263 [WARN] ConditionMgr:1039 - genDependencies : Invalid condition id : UX DEVICE CLASS RTOS Condition cause : null
2024-07-09 17:24:29,264 [WARN] ConditionMgr:1039 - genDependencies : Invalid condition id : UX DEVICE CLASS RTOS Condition cause : null
2024-07-09 17:24:29,264 [WARN] ConditionMgr:1039 - genDependencies : Invalid condition id : UX DEVICE CLASS RTOS Condition cause : null
2024-07-09 17:24:29,264 [WARN] ConditionMgr:1039 - genDependencies : Invalid condition id : UX DEVICE CLASS RTOS Condition cause : null
2024-07-09 17:24:29,328 [WARN] PackLoader:240 - Cannot read IP mode file for STMicroelectronics.X-CUBE-SUBG2.5.0.0
2024-07-09 17:24:29,349 [WARN] PackLoader:240 - Cannot read IP mode file for STMicroelectronics.X-CUBE-AZRTOS-G4.2.0.0
2024-07-09 17:24:29,365 [WARN] PackLoader:240 - Cannot read IP mode file for Infineon.AIROC-Wi-Fi-Bluetooth-STM32.1.5.1
2024-07-09 17:24:29,377 [WARN] PackLoader:240 - Cannot read IP mode file for STMicroelectronics.FP-SNS-MOTENVWB1.1.3.1
2024-07-09 17:24:29,387 [WARN] PackLoader:240 - Cannot read IP mode file for STMicroelectronics.X-CUBE-ISPU.2.0.0
2024-07-09 17:24:29,398 [WARN] PackLoader:240 - Cannot read IP mode file for STMicroelectronics.X-CUBE-ALS.1.0.2
2024-07-09 17:24:29,402 [INFO] WebApp:161 - Instantiating new browser for Auth
2024-07-09 17:24:29,446 [WARN] PackLoader:240 - Cannot read IP mode file for STMicroelectronics.X-CUBE-MEMS1.10.0.0
2024-07-09 17:24:29,568 [WARN] PackLoader:240 - Cannot read IP mode file for STMicroelectronics.X-CUBE-FREERTOS.1.1.0
2024-07-09 17:24:29,582 [WARN] PackLoader:240 - Cannot read IP mode file for STMicroelectronics.X-CUBE-TOUCHGFX.4.24.0
2024-07-09 17:24:29,600 [WARN] PackLoader:240 - Cannot read IP mode file for portGmbH.I-Cube-SoM-uGOAL.1.1.0
2024-07-09 17:24:29,617 [WARN] PackLoader:240 - Cannot read IP mode file for STMicroelectronics.X-CUBE-ALS.1.0.1
2024-07-09 17:24:29,652 [WARN] PackLoader:240 - Cannot read IP mode file for STMicroelectronics.X-CUBE-AZRTOS-H7RS.1.0.0
2024-07-09 17:24:29,671 [WARN] PackLoader:240 - Cannot read IP mode file for STMicroelectronics.FP-ATR-ASTRA1.2.0.0
2024-07-09 17:24:29,690 [WARN] PackLoader:240 - Cannot read IP mode file for STMicroelectronics.X-CUBE-TOF1.3.4.1
2024-07-09 17:24:29,730 [WARN] PackLoader:240 - Cannot read IP mode file for STMicroelectronics.X-CUBE-AZRTOS-H7.3.2.0
2024-07-09 17:24:29,733 [INFO] ThirdParty:978 - Integrity check success = true
2024-07-09 17:24:29,733 [INFO] IntegrityCheckThread:100 - exiting critical section [integrity check]
2024-07-09 17:24:29,733 [INFO] IntegrityCheckThread:103 - End integrity checks thread
2024-07-09 17:24:29,996 [INFO] WebApp:779 - Register for checkConnection events
2024-07-09 17:24:29,997 [INFO] WebApp:414 - Apply proxy settings
2024-07-09 17:24:29,997 [INFO] WebApp:499 - Chromium requires no authentication
2024-07-09 17:24:30,003 [INFO] WebApp:442 - Direct internet connection detected
2024-07-09 17:24:30,125 [INFO] WebApp:192 - Starting web application
2024-07-09 17:24:30,125 [INFO] WebApp:544 - Web application path used C:\ST\STM32CubeIDE_1.14.1\STM32CubeIDE\plugins\com.st.stm32cube.common.mx_6.11.1.202404110753\db\plugins\mcufinder\reactClient1\index.html
2024-07-09 22:56:03,000 [INFO] WebApp:354 - JxBrowser engine has been closed 
