2024-03-12 09:24:23,862 [INFO] Activator:176 - 


2024-03-12 09:24:23,865 [INFO] Activator:177 - !SESSION log4j initialized
2024-03-12 09:24:27,476 [INFO] LogOutputStream:77 - [STDOUT_REDIRECT] 
2024-03-12 09:24:28,800 [INFO] ApplicationProperties:184 - Using Application install path: C:\ST\STM32CubeIDE_1.14.1\STM32CubeIDE\plugins\com.st.stm32cube.common.mx_6.10.0.202311202037
2024-03-12 09:24:28,813 [INFO] DbMcusXml:78 - Set database path to: C:\ST\STM32CubeIDE_1.14.1\STM32CubeIDE\plugins\com.st.stm32cube.common.mx_6.10.0.202311202037\\db\/mcu/
2024-03-12 09:24:28,813 [INFO] ApiDb:274 - Set plugin database path to: C:\ST\STM32CubeIDE_1.14.1\STM32CubeIDE\plugins\com.st.stm32cube.common.mx_6.10.0.202311202037\\db\/plugins/boardmanager/
2024-03-12 09:24:28,817 [WARN] ApiDb:259 - Overriding images path with different value:  => C:\ST\STM32CubeIDE_1.14.1\STM32CubeIDE\plugins\com.st.stm32cube.common.mx_6.10.0.202311202037\\db\/plugins/mcufinder/images/
2024-03-12 09:24:28,823 [INFO] ApiDb:250 - Set database path to: C:\Users\harry\.stmcufinder\plugins\mcufinder//mcu/
2024-03-12 09:24:28,824 [INFO] DbMcusAds:125 - Set database path to: C:\Users\harry\.stmcufinder\plugins\mcufinder//mcu/
2024-03-12 09:24:28,825 [INFO] CrossReferenceDbSqlite:203 - Set database path to: C:\Users\harry\.stmcufinder\plugins\mcufinder//mcu/cs/
2024-03-12 09:24:28,894 [INFO] RulesReader:64 - Compatibility file has been processed (297 Rules)
2024-03-12 09:24:28,964 [INFO] DbMcusXml:78 - Set database path to: C:\ST\STM32CubeIDE_1.14.1\STM32CubeIDE\plugins\com.st.stm32cube.common.mx_6.10.0.202311202037\\db\/mcu/
2024-03-12 09:24:28,964 [INFO] ApiDb:274 - Set plugin database path to: C:\ST\STM32CubeIDE_1.14.1\STM32CubeIDE\plugins\com.st.stm32cube.common.mx_6.10.0.202311202037\\db\/plugins/boardmanager/
2024-03-12 09:24:28,964 [INFO] ApiDb:261 - Set plugin images path to: C:\ST\STM32CubeIDE_1.14.1\STM32CubeIDE\plugins\com.st.stm32cube.common.mx_6.10.0.202311202037\\db\/plugins/mcufinder/images/
2024-03-12 09:24:28,964 [WARN] DbFile:41 - Overriding database path with different value: C:\Users\harry\.stmcufinder\plugins\mcufinder/ => C:\Users\harry\.stmcufinder\plugins\mcufinder
2024-03-12 09:24:28,964 [INFO] ApiDb:250 - Set database path to: C:\Users\harry\.stmcufinder\plugins\mcufinder//mcu/
2024-03-12 09:24:28,964 [WARN] DbFile:41 - Overriding database path with different value: C:\Users\harry\.stmcufinder\plugins\mcufinder/ => C:\Users\harry\.stmcufinder\plugins\mcufinder
2024-03-12 09:24:28,964 [INFO] DbMcusAds:125 - Set database path to: C:\Users\harry\.stmcufinder\plugins\mcufinder//mcu/
2024-03-12 09:24:28,964 [WARN] DbFile:41 - Overriding database path with different value: C:\Users\harry\.stmcufinder\plugins\mcufinder/ => C:\Users\harry\.stmcufinder\plugins\mcufinder
2024-03-12 09:24:28,964 [WARN] DbFile:41 - Overriding database path with different value: C:\Users\harry\.stmcufinder\plugins\mcufinder/ => C:\Users\harry\.stmcufinder\plugins\mcufinder
2024-03-12 09:24:28,964 [INFO] CrossReferenceDbSqlite:203 - Set database path to: C:\Users\harry\.stmcufinder\plugins\mcufinder//mcu/cs/
2024-03-12 09:24:29,015 [INFO] MainPanel:264 - HeapMemory: 268435456
2024-03-12 09:24:29,081 [INFO] DbMcusXml:78 - Set database path to: C:\ST\STM32CubeIDE_1.14.1\STM32CubeIDE\plugins\com.st.stm32cube.common.mx_6.10.0.202311202037\\db\/mcu/
2024-03-12 09:24:29,081 [INFO] ApiDb:274 - Set plugin database path to: C:\ST\STM32CubeIDE_1.14.1\STM32CubeIDE\plugins\com.st.stm32cube.common.mx_6.10.0.202311202037\\db\/plugins/boardmanager/
2024-03-12 09:24:29,081 [INFO] ApiDb:261 - Set plugin images path to: C:\ST\STM32CubeIDE_1.14.1\STM32CubeIDE\plugins\com.st.stm32cube.common.mx_6.10.0.202311202037\\db\/plugins/mcufinder/images/
2024-03-12 09:24:29,081 [WARN] DbFile:41 - Overriding database path with different value: C:\Users\harry\.stmcufinder\plugins\mcufinder/ => C:\Users\harry\.stmcufinder\plugins\mcufinder
2024-03-12 09:24:29,081 [INFO] ApiDb:250 - Set database path to: C:\Users\harry\.stmcufinder\plugins\mcufinder//mcu/
2024-03-12 09:24:29,081 [WARN] DbFile:41 - Overriding database path with different value: C:\Users\harry\.stmcufinder\plugins\mcufinder/ => C:\Users\harry\.stmcufinder\plugins\mcufinder
2024-03-12 09:24:29,082 [INFO] DbMcusAds:125 - Set database path to: C:\Users\harry\.stmcufinder\plugins\mcufinder//mcu/
2024-03-12 09:24:29,082 [WARN] DbFile:41 - Overriding database path with different value: C:\Users\harry\.stmcufinder\plugins\mcufinder/ => C:\Users\harry\.stmcufinder\plugins\mcufinder
2024-03-12 09:24:29,082 [WARN] DbFile:41 - Overriding database path with different value: C:\Users\harry\.stmcufinder\plugins\mcufinder/ => C:\Users\harry\.stmcufinder\plugins\mcufinder
2024-03-12 09:24:29,082 [INFO] CrossReferenceDbSqlite:203 - Set database path to: C:\Users\harry\.stmcufinder\plugins\mcufinder//mcu/cs/
2024-03-12 09:24:29,095 [INFO] ApplicationProperties:184 - Using Application install path: C:\ST\STM32CubeIDE_1.14.1\STM32CubeIDE\plugins\com.st.stm32cube.common.mx_6.10.0.202311202037
2024-03-12 09:24:29,095 [INFO] PluginManage:196 - Search for loadable plugins [exclusion list=, ]
2024-03-12 09:24:29,096 [INFO] PluginManage:310 - Check plugin analytics
2024-03-12 09:24:29,208 [INFO] AnalyticsPlugin:253 - Accepted Software Licenses: 
2024-03-12 09:24:29,208 [INFO] AnalyticsPlugin:255 - Accepted CMSIS Pack Licenses: 
2024-03-12 09:24:29,208 [INFO] AnalyticsPlugin:257 - Accepted Firmware Licenses: 
2024-03-12 09:24:29,210 [INFO] PluginManage:359 - Loaded plugin analytics (category:tool,tabindex:-1)
2024-03-12 09:24:29,210 [INFO] PluginManage:310 - Check plugin cadmodel
2024-03-12 09:24:29,221 [INFO] CADModel:105 - Init CAD model plugin
2024-03-12 09:24:29,221 [INFO] PluginManage:359 - Loaded plugin cadmodel (category:power,tabindex:5)
2024-03-12 09:24:29,221 [INFO] PluginManage:310 - Check plugin clock
2024-03-12 09:24:29,237 [INFO] PluginManage:359 - Loaded plugin clock (category:base,tabindex:2)
2024-03-12 09:24:29,237 [INFO] PluginManage:310 - Check plugin ddr
2024-03-12 09:24:29,239 [INFO] PluginManage:359 - Loaded plugin ddr (category:tool,tabindex:6)
2024-03-12 09:24:29,239 [INFO] PluginManage:310 - Check plugin filemanager
2024-03-12 09:24:29,334 [INFO] PluginManage:359 - Loaded plugin filemanager (category:base,tabindex:10)
2024-03-12 09:24:29,334 [INFO] PluginManage:310 - Check plugin ipmanager
2024-03-12 09:24:29,339 [INFO] PluginManage:359 - Loaded plugin ipmanager (category:base,tabindex:5)
2024-03-12 09:24:29,339 [INFO] PluginManage:310 - Check plugin lpbam
2024-03-12 09:24:29,351 [INFO] PluginManage:359 - Loaded plugin lpbam (category:base,tabindex:0)
2024-03-12 09:24:29,353 [INFO] PluginManage:310 - Check plugin memorymap
2024-03-12 09:24:29,367 [INFO] PluginManage:359 - Loaded plugin memorymap (category:base,tabindex:4)
2024-03-12 09:24:29,367 [INFO] PluginManage:310 - Check plugin pinoutandconfiguration
2024-03-12 09:24:29,377 [INFO] PluginManage:359 - Loaded plugin pinoutandconfiguration (category:base,tabindex:1)
2024-03-12 09:24:29,378 [INFO] PluginManage:310 - Check plugin pinoutconfig
2024-03-12 09:24:29,434 [WARN] SupportedApi:132 - Cannot load RTOS API schema: s4s-elt-must-match.1: The content of 'definitions' must match (annotation?, (simpleType | complexType)?, (unique | key | keyref)*)). A problem was found starting at: attribute.
2024-03-12 09:24:29,513 [INFO] PluginManage:359 - Loaded plugin pinoutconfig (category:base,tabindex:0)
2024-03-12 09:24:29,513 [INFO] PluginManage:310 - Check plugin power
2024-03-12 09:24:29,527 [INFO] PluginManage:359 - Loaded plugin power (category:power,tabindex:4)
2024-03-12 09:24:29,527 [INFO] PluginManage:310 - Check plugin projectmanager
2024-03-12 09:24:29,537 [INFO] PluginManage:359 - Loaded plugin projectmanager (category:projectmanager,tabindex:3)
2024-03-12 09:24:29,537 [INFO] PluginManage:310 - Check plugin thirdparty
2024-03-12 09:24:29,687 [INFO] PluginManage:359 - Loaded plugin thirdparty (category:base,tabindex:-1)
2024-03-12 09:24:29,687 [INFO] PluginManage:310 - Check plugin tools
2024-03-12 09:24:29,687 [WARN] IntegrityCheckThread:84 - waiting for thirdparty lock release [integrity check]
2024-03-12 09:24:29,688 [INFO] IntegrityCheckThread:86 - entering critical section [integrity check]
2024-03-12 09:24:29,688 [INFO] ThirdPartyUpdaterWithRetryManager:70 - Updater plugin not ready yet. [1/15]
2024-03-12 09:24:29,708 [INFO] PluginManage:359 - Loaded plugin tools (category:base,tabindex:7)
2024-03-12 09:24:29,708 [INFO] PluginManage:310 - Check plugin tutovideos
2024-03-12 09:24:29,834 [INFO] PluginManage:359 - Loaded plugin tutovideos (category:base,tabindex:-1)
2024-03-12 09:24:29,834 [INFO] PluginManage:310 - Check plugin updater
2024-03-12 09:24:29,842 [INFO] PluginManage:359 - Loaded plugin updater (category:base,tabindex:12)
2024-03-12 09:24:29,842 [INFO] PluginManage:310 - Check plugin userauth
2024-03-12 09:24:29,845 [INFO] UserAuth:114 - Init User Auth plugin
2024-03-12 09:24:29,845 [INFO] PluginManage:359 - Loaded plugin userauth (category:base,tabindex:14)
2024-03-12 09:24:29,845 [INFO] PluginManage:283 - PluginManage : Loaded plugins [17]
2024-03-12 09:24:29,987 [INFO] PinOutPanel:1499 - setPackage(No Configuration,No Configuration)
2024-03-12 09:24:30,043 [INFO] CADModel:165 - CPN selected for project level
2024-03-12 09:24:30,044 [INFO] CADModel:114 - Register for checkConnection events
2024-03-12 09:24:30,063 [INFO] IPUIPlugin:80 - create IPUIPlugin
2024-03-12 09:24:30,063 [INFO] PluginManager:220 - loadIPPluginJar : add adc
2024-03-12 09:24:30,084 [INFO] IPUIPlugin:80 - create IPUIPlugin
2024-03-12 09:24:30,084 [INFO] PluginManager:220 - loadIPPluginJar : add aes
2024-03-12 09:24:30,108 [INFO] IPUIPlugin:80 - create IPUIPlugin
2024-03-12 09:24:30,108 [INFO] PluginManager:220 - loadIPPluginJar : add can
2024-03-12 09:24:30,121 [INFO] IPUIPlugin:80 - create IPUIPlugin
2024-03-12 09:24:30,121 [INFO] PluginManager:220 - loadIPPluginJar : add comp
2024-03-12 09:24:30,139 [INFO] IPUIPlugin:80 - create IPUIPlugin
2024-03-12 09:24:30,139 [INFO] PluginManager:220 - loadIPPluginJar : add cryp
2024-03-12 09:24:30,154 [INFO] IPUIPlugin:80 - create IPUIPlugin
2024-03-12 09:24:30,154 [INFO] PluginManager:220 - loadIPPluginJar : add dfsdm
2024-03-12 09:24:30,163 [INFO] IPUIPlugin:80 - create IPUIPlugin
2024-03-12 09:24:30,163 [INFO] PluginManager:220 - loadIPPluginJar : add dma
2024-03-12 09:24:30,186 [INFO] IPUIPlugin:80 - create IPUIPlugin
2024-03-12 09:24:30,186 [INFO] PluginManager:220 - loadIPPluginJar : add dma3
2024-03-12 09:24:30,196 [INFO] IPUIPlugin:80 - create IPUIPlugin
2024-03-12 09:24:30,196 [INFO] PluginManager:220 - loadIPPluginJar : add fatfs
2024-03-12 09:24:30,222 [INFO] IPUIPlugin:80 - create IPUIPlugin
2024-03-12 09:24:30,222 [INFO] PluginManager:220 - loadIPPluginJar : add fmc
2024-03-12 09:24:30,231 [INFO] IPUIPlugin:80 - create IPUIPlugin
2024-03-12 09:24:30,232 [INFO] PluginManager:220 - loadIPPluginJar : add freertos
2024-03-12 09:24:30,244 [INFO] IPUIPlugin:80 - create IPUIPlugin
2024-03-12 09:24:30,244 [INFO] PluginManager:220 - loadIPPluginJar : add genericplugin
2024-03-12 09:24:30,294 [INFO] IPUIPlugin:80 - create IPUIPlugin
2024-03-12 09:24:30,294 [INFO] PluginManager:220 - loadIPPluginJar : add gfxmmu
2024-03-12 09:24:30,365 [INFO] IPUIPlugin:80 - create IPUIPlugin
2024-03-12 09:24:30,366 [INFO] PluginManager:220 - loadIPPluginJar : add gic
2024-03-12 09:24:30,374 [INFO] IPUIPlugin:80 - create IPUIPlugin
2024-03-12 09:24:30,374 [INFO] PluginManager:220 - loadIPPluginJar : add gpio
2024-03-12 09:24:30,426 [INFO] IPUIPlugin:80 - create IPUIPlugin
2024-03-12 09:24:30,426 [INFO] PluginManager:220 - loadIPPluginJar : add gtzc
2024-03-12 09:24:30,443 [INFO] IPUIPlugin:80 - create IPUIPlugin
2024-03-12 09:24:30,443 [INFO] PluginManager:220 - loadIPPluginJar : add hash
2024-03-12 09:24:30,471 [INFO] IPUIPlugin:80 - create IPUIPlugin
2024-03-12 09:24:30,471 [INFO] PluginManager:220 - loadIPPluginJar : add i2c
2024-03-12 09:24:30,491 [INFO] IPUIPlugin:80 - create IPUIPlugin
2024-03-12 09:24:30,491 [INFO] PluginManager:220 - loadIPPluginJar : add i2s
2024-03-12 09:24:30,513 [INFO] IPUIPlugin:80 - create IPUIPlugin
2024-03-12 09:24:30,513 [INFO] PluginManager:220 - loadIPPluginJar : add i3c
2024-03-12 09:24:30,574 [INFO] IPUIPlugin:80 - create IPUIPlugin
2024-03-12 09:24:30,574 [INFO] PluginManager:220 - loadIPPluginJar : add ipddr
2024-03-12 09:24:30,624 [INFO] IPUIPlugin:80 - create IPUIPlugin
2024-03-12 09:24:30,625 [INFO] PluginManager:220 - loadIPPluginJar : add linkedlist
2024-03-12 09:24:30,644 [INFO] IPUIPlugin:80 - create IPUIPlugin
2024-03-12 09:24:30,644 [INFO] PluginManager:220 - loadIPPluginJar : add lorawan
2024-03-12 09:24:30,663 [INFO] IPUIPlugin:80 - create IPUIPlugin
2024-03-12 09:24:30,664 [INFO] PluginManager:220 - loadIPPluginJar : add ltdc
2024-03-12 09:24:30,673 [INFO] IPUIPlugin:80 - create IPUIPlugin
2024-03-12 09:24:30,673 [INFO] PluginManager:220 - loadIPPluginJar : add mdma
2024-03-12 09:24:30,679 [INFO] IPUIPlugin:80 - create IPUIPlugin
2024-03-12 09:24:30,679 [INFO] PluginManager:220 - loadIPPluginJar : add nvic
2024-03-12 09:24:30,698 [INFO] IPUIPlugin:80 - create IPUIPlugin
2024-03-12 09:24:30,698 [INFO] PluginManager:220 - loadIPPluginJar : add opamp
2024-03-12 09:24:30,731 [INFO] IPUIPlugin:80 - create IPUIPlugin
2024-03-12 09:24:30,731 [INFO] PluginManager:220 - loadIPPluginJar : add openamp
2024-03-12 09:24:30,753 [INFO] IPUIPlugin:80 - create IPUIPlugin
2024-03-12 09:24:30,753 [INFO] PluginManager:220 - loadIPPluginJar : add pdm2pcm
2024-03-12 09:24:30,763 [INFO] IPUIPlugin:80 - create IPUIPlugin
2024-03-12 09:24:30,764 [INFO] PluginManager:220 - loadIPPluginJar : add plateformsettings
2024-03-12 09:24:30,775 [INFO] IPUIPlugin:80 - create IPUIPlugin
2024-03-12 09:24:30,775 [INFO] PluginManager:220 - loadIPPluginJar : add quadspi
2024-03-12 09:24:30,782 [INFO] IPUIPlugin:80 - create IPUIPlugin
2024-03-12 09:24:30,782 [INFO] PluginManager:220 - loadIPPluginJar : add resmgrutility
2024-03-12 09:24:30,809 [INFO] IPUIPlugin:80 - create IPUIPlugin
2024-03-12 09:24:30,809 [INFO] PluginManager:220 - loadIPPluginJar : add sai
2024-03-12 09:24:30,829 [INFO] IPUIPlugin:80 - create IPUIPlugin
2024-03-12 09:24:30,829 [INFO] PluginManager:220 - loadIPPluginJar : add spi
2024-03-12 09:24:30,871 [INFO] IPUIPlugin:80 - create IPUIPlugin
2024-03-12 09:24:30,871 [INFO] PluginManager:220 - loadIPPluginJar : add stm32_wpan
2024-03-12 09:24:30,884 [INFO] IPUIPlugin:80 - create IPUIPlugin
2024-03-12 09:24:30,884 [INFO] PluginManager:220 - loadIPPluginJar : add tim
2024-03-12 09:24:30,915 [INFO] IPUIPlugin:80 - create IPUIPlugin
2024-03-12 09:24:30,915 [INFO] PluginManager:220 - loadIPPluginJar : add touchsensing
2024-03-12 09:24:30,926 [INFO] IPUIPlugin:80 - create IPUIPlugin
2024-03-12 09:24:30,926 [INFO] PluginManager:220 - loadIPPluginJar : add tracer_emb
2024-03-12 09:24:30,938 [INFO] IPUIPlugin:80 - create IPUIPlugin
2024-03-12 09:24:30,938 [INFO] PluginManager:220 - loadIPPluginJar : add ts
2024-03-12 09:24:30,948 [INFO] IPUIPlugin:80 - create IPUIPlugin
2024-03-12 09:24:30,949 [INFO] PluginManager:220 - loadIPPluginJar : add tsc
2024-03-12 09:24:30,960 [INFO] IPUIPlugin:80 - create IPUIPlugin
2024-03-12 09:24:30,960 [INFO] PluginManager:220 - loadIPPluginJar : add ucpd
2024-03-12 09:24:30,983 [INFO] IPUIPlugin:80 - create IPUIPlugin
2024-03-12 09:24:30,983 [INFO] PluginManager:220 - loadIPPluginJar : add usart
2024-03-12 09:24:31,008 [INFO] IPUIPlugin:80 - create IPUIPlugin
2024-03-12 09:24:31,008 [INFO] PluginManager:220 - loadIPPluginJar : add usbx
2024-03-12 09:24:31,115 [INFO] CADModel:165 - CPN selected for project level
2024-03-12 09:24:31,115 [INFO] CADModel:114 - Register for checkConnection events
2024-03-12 09:24:31,115 [FATAL] Updater:308 - Updater called before beeing initialized
2024-03-12 09:24:31,115 [ERROR] CADModel:125 - Updater not yet initialized, retry later 
2024-03-12 09:24:31,215 [INFO] CADModel:165 - CPN selected for project level
2024-03-12 09:24:31,215 [INFO] CADModel:114 - Register for checkConnection events
2024-03-12 09:24:31,215 [FATAL] Updater:308 - Updater called before beeing initialized
2024-03-12 09:24:31,215 [ERROR] CADModel:125 - Updater not yet initialized, retry later 
2024-03-12 09:24:31,217 [FATAL] Updater:308 - Updater called before beeing initialized
2024-03-12 09:24:31,276 [FATAL] Updater:308 - Updater called before beeing initialized
2024-03-12 09:24:31,282 [INFO] DbMcusAds:53 - JSON generation date=Wed Nov 29 18:52:27 CST 2023 (1701255147349)
2024-03-12 09:24:31,282 [FATAL] Updater:308 - Updater called before beeing initialized
2024-03-12 09:24:31,331 [WARN] DetailPanel:346 - Failed to get advertising image, set to default
2024-03-12 09:24:31,410 [FATAL] Updater:308 - Updater called before beeing initialized
2024-03-12 09:24:31,412 [FATAL] Updater:308 - Updater called before beeing initialized
2024-03-12 09:24:31,412 [FATAL] Updater:308 - Updater called before beeing initialized
2024-03-12 09:24:31,412 [WARN] DetailPanel:346 - Failed to get advertising image, set to default
2024-03-12 09:24:31,412 [FATAL] Updater:308 - Updater called before beeing initialized
2024-03-12 09:24:31,451 [ERROR] Updater:1120 - MainUpdater not yet initialized. External WinMGr cannot be set.
2024-03-12 09:24:31,457 [INFO] Updater:1056 - Updater Version found : 6.10.0
2024-03-12 09:24:31,472 [INFO] ApplicationProperties:184 - Using Application install path: C:\ST\STM32CubeIDE_1.14.1\STM32CubeIDE\plugins\com.st.stm32cube.common.mx_6.10.0.202311202037
2024-03-12 09:24:32,688 [INFO] ThirdPartyUpdaterWithRetryManager:70 - Updater plugin not ready yet. [2/15]
2024-03-12 09:24:33,046 [ERROR] LogOutputStream:75 - [STDERR_REDIRECT] Mar 12, 2024 9:24:33 AM java.util.prefs.WindowsPreferences <init>
2024-03-12 09:24:33,047 [ERROR] LogOutputStream:75 - [STDERR_REDIRECT] WARNING: Could not open/create prefs root node Software\JavaSoft\Prefs at root 0xffffffff80000002. Windows RegCreateKeyEx(...) returned error code 5.
2024-03-12 09:24:33,047 [ERROR] LogOutputStream:75 - [STDERR_REDIRECT] 
2024-03-12 09:24:33,367 [INFO] MainUpdater:2873 - connection check result : 10
2024-03-12 09:24:33,368 [INFO] MainUpdater:290 - Updater Check For Update Now.
2024-03-12 09:24:33,368 [INFO] MicroXplorer:498 - Change Database Version : DB.6.0.100
2024-03-12 09:24:33,378 [INFO] McuFinderGlobals:63 - Set McuFinder mode to 2 (CubeIDE integrated)
2024-03-12 09:24:33,378 [INFO] UserAuth:180 - activating auth plugin
2024-03-12 09:24:33,380 [INFO] UserAuth:404 - Internet connection configuration mode: 1
2024-03-12 09:24:33,402 [INFO] JxBrowserEngine:152 - Initiate JxBrowser Engine with user profile folder
2024-03-12 09:24:33,524 [INFO] CheckServerUpdateThread:120 - End of CheckServer Thread
2024-03-12 09:24:35,620 [INFO] WebApp:161 - Instantiating new browser for Auth
2024-03-12 09:24:35,862 [WARN] PackLoader:240 - Cannot read IP mode file for STMicroelectronics.X-CUBE-SMBUS.2.1.0
2024-03-12 09:24:35,880 [WARN] PackLoader:240 - Cannot read IP mode file for STMicroelectronics.X-CUBE-TOUCHGFX.4.23.0
2024-03-12 09:24:35,911 [WARN] PackLoader:240 - Cannot read IP mode file for STMicroelectronics.X-CUBE-AZRTOS-F7.1.1.0
2024-03-12 09:24:35,929 [WARN] PackLoader:240 - Cannot read IP mode file for STMicroelectronics.FP-SNS-MOTENV1.4.3.2
2024-03-12 09:24:35,942 [WARN] PackLoader:240 - Cannot read IP mode file for STMicroelectronics.FP-SNS-FLIGHT1.5.0.2
2024-03-12 09:24:35,962 [WARN] PackLoader:240 - Cannot read IP mode file for STMicroelectronics.X-CUBE-DISPLAY.3.0.0
2024-03-12 09:24:35,980 [WARN] PackLoader:240 - Cannot read IP mode file for STMicroelectronics.X-CUBE-BLE1.7.0.0
2024-03-12 09:24:35,992 [WARN] PackLoader:240 - Cannot read IP mode file for emotas.I-CUBE-CANOPEN.1.3.0
2024-03-12 09:24:36,005 [WARN] PackLoader:240 - Cannot read IP mode file for STMicroelectronics.X-CUBE-BLEMGR.3.1.0
2024-03-12 09:24:36,015 [WARN] PackLoader:240 - Cannot read IP mode file for STMicroelectronics.FP-SNS-SMARTAG2.1.2.0
2024-03-12 09:24:36,029 [INFO] LogOutputStream:77 - [STDOUT_REDIRECT] 1 : Invalid condition id : UX_CORESTACK_Condition cause : null
2024-03-12 09:24:36,030 [INFO] LogOutputStream:77 - [STDOUT_REDIRECT] 1 : Invalid condition id : UX_CORESTACK_Condition cause : null
2024-03-12 09:24:36,030 [INFO] LogOutputStream:77 - [STDOUT_REDIRECT] 1 : Invalid condition id : UX_CORESTACK_Condition cause : null
2024-03-12 09:24:36,031 [INFO] LogOutputStream:77 - [STDOUT_REDIRECT] 1 : Invalid condition id : UX_CORESTACK_Condition cause : null
2024-03-12 09:24:36,031 [INFO] LogOutputStream:77 - [STDOUT_REDIRECT] 1 : Invalid condition id : UX_CORESTACK_Condition cause : null
2024-03-12 09:24:36,033 [WARN] PackLoader:240 - Cannot read IP mode file for STMicroelectronics.X-CUBE-AZRTOS-WL.2.0.0
2024-03-12 09:24:36,044 [WARN] PackLoader:240 - Cannot read IP mode file for WES.I-CUBE-Cesium.1.3.0
2024-03-12 09:24:36,052 [WARN] PackLoader:240 - Cannot read IP mode file for STMicroelectronics.X-CUBE-BLE2.3.3.0
2024-03-12 09:24:36,061 [WARN] PackLoader:240 - Cannot read IP mode file for STMicroelectronics.X-CUBE-ALGOBUILD.1.3.0
2024-03-12 09:24:36,079 [WARN] PackLoader:240 - Cannot read IP mode file for STMicroelectronics.X-CUBE-AZRTOS-G0.1.1.0
2024-03-12 09:24:36,090 [WARN] PackLoader:240 - Cannot read IP mode file for STMicroelectronics.X-CUBE-NFC4.3.0.0
2024-03-12 09:24:36,098 [WARN] PackLoader:240 - Cannot read IP mode file for STMicroelectronics.FP-ATR-SIGFOX1.3.2.0
2024-03-12 09:24:36,107 [WARN] PackLoader:240 - Cannot read IP mode file for STMicroelectronics.X-CUBE-EEPRMA1.5.1.0
2024-03-12 09:24:36,131 [WARN] PackLoader:240 - Cannot read IP mode file for SEGGER.I-CUBE-embOS.1.3.1
2024-03-12 09:24:36,162 [WARN] PackLoader:240 - Cannot read IP mode file for STMicroelectronics.X-CUBE-GNSS1.6.0.0
2024-03-12 09:24:36,184 [WARN] PackLoader:240 - Cannot read IP mode file for STMicroelectronics.X-CUBE-AZRTOS-F4.1.1.0
2024-03-12 09:24:36,196 [WARN] PackLoader:240 - Cannot read IP mode file for wolfSSL.I-CUBE-wolfSSL.5.6.6
2024-03-12 09:24:36,223 [WARN] PackLoader:240 - Cannot read IP mode file for STMicroelectronics.X-CUBE-AZRTOS-L5.2.0.0
2024-03-12 09:24:36,224 [INFO] WebApp:780 - Register for checkConnection events
2024-03-12 09:24:36,224 [INFO] WebApp:414 - Apply proxy settings
2024-03-12 09:24:36,224 [INFO] WebApp:499 - Chromium requires no authentication
2024-03-12 09:24:36,234 [INFO] WebApp:442 - Direct internet connection detected
2024-03-12 09:24:36,238 [WARN] PackLoader:240 - Cannot read IP mode file for ITTIA_DB.I-CUBE-ITTIADB.8.8.0
2024-03-12 09:24:36,250 [WARN] PackLoader:240 - Cannot read IP mode file for STMicroelectronics.X-CUBE-NFC7.1.0.1
2024-03-12 09:24:36,265 [WARN] PackLoader:240 - Cannot read IP mode file for STMicroelectronics.X-CUBE-NFC6.3.0.0
2024-03-12 09:24:36,279 [WARN] PackLoader:240 - Cannot read IP mode file for STMicroelectronics.X-CUBE-AI.8.1.0
2024-03-12 09:24:36,303 [WARN] ConditionMgr:438 - getConditionDescription Invalid condition id : LAN8742 Phy interface Condition cause : null
2024-03-12 09:24:36,304 [WARN] PackLoader:240 - Cannot read IP mode file for STMicroelectronics.X-CUBE-AZRTOS-L4.2.0.0
2024-03-12 09:24:36,305 [WARN] ConditionMgr:1039 - genDependencies : Invalid condition id : LAN8742 Phy interface Condition cause : null
2024-03-12 09:24:36,306 [WARN] ConditionMgr:1039 - genDependencies : Invalid condition id : LAN8742 Phy interface Condition cause : null
2024-03-12 09:24:36,306 [WARN] ConditionMgr:1039 - genDependencies : Invalid condition id : LAN8742 Phy interface Condition cause : null
2024-03-12 09:24:36,318 [WARN] PackLoader:240 - Cannot read IP mode file for STMicroelectronics.X-CUBE-SFXS2LP1.4.0.0
2024-03-12 09:24:36,337 [WARN] ConditionMgr:438 - getConditionDescription Invalid condition id : UX DEVICE CLASS RTOS Condition cause : null
2024-03-12 09:24:36,338 [WARN] ConditionMgr:438 - getConditionDescription Invalid condition id : UX DEVICE CLASS RTOS Condition cause : null
2024-03-12 09:24:36,339 [WARN] PackLoader:240 - Cannot read IP mode file for STMicroelectronics.X-CUBE-AZRTOS-WB.2.0.0
2024-03-12 09:24:36,339 [WARN] ConditionMgr:1039 - genDependencies : Invalid condition id : UX DEVICE CLASS RTOS Condition cause : null
2024-03-12 09:24:36,339 [WARN] ConditionMgr:1039 - genDependencies : Invalid condition id : UX DEVICE CLASS RTOS Condition cause : null
2024-03-12 09:24:36,339 [WARN] ConditionMgr:1039 - genDependencies : Invalid condition id : UX DEVICE CLASS RTOS Condition cause : null
2024-03-12 09:24:36,339 [WARN] ConditionMgr:1039 - genDependencies : Invalid condition id : UX DEVICE CLASS RTOS Condition cause : null
2024-03-12 09:24:36,339 [WARN] ConditionMgr:1039 - genDependencies : Invalid condition id : UX DEVICE CLASS RTOS Condition cause : null
2024-03-12 09:24:36,356 [WARN] PackLoader:240 - Cannot read IP mode file for STMicroelectronics.X-CUBE-SUBG2.5.0.0
2024-03-12 09:24:36,379 [WARN] PackLoader:240 - Cannot read IP mode file for STMicroelectronics.X-CUBE-AZRTOS-G4.2.0.0
2024-03-12 09:24:36,398 [WARN] PackLoader:240 - Cannot read IP mode file for Infineon.AIROC-Wi-Fi-Bluetooth-STM32.1.5.1
2024-03-12 09:24:36,412 [WARN] PackLoader:240 - Cannot read IP mode file for STMicroelectronics.FP-SNS-MOTENVWB1.1.3.1
2024-03-12 09:24:36,424 [WARN] PackLoader:240 - Cannot read IP mode file for STMicroelectronics.X-CUBE-ISPU.2.0.0
2024-03-12 09:24:36,445 [INFO] WebApp:192 - Starting web application
2024-03-12 09:24:36,445 [INFO] WebApp:544 - Web application path used C:\ST\STM32CubeIDE_1.14.1\STM32CubeIDE\plugins\com.st.stm32cube.common.mx_6.10.0.202311202037\db\plugins\mcufinder\reactClient1\index.html
2024-03-12 09:24:36,459 [WARN] PackLoader:240 - Cannot read IP mode file for STMicroelectronics.X-CUBE-MEMS1.10.0.0
2024-03-12 09:24:36,557 [WARN] PackLoader:240 - Cannot read IP mode file for STMicroelectronics.X-CUBE-FREERTOS.1.1.0
2024-03-12 09:24:36,569 [WARN] PackLoader:240 - Cannot read IP mode file for portGmbH.I-Cube-SoM-uGOAL.1.1.0
2024-03-12 09:24:36,582 [WARN] PackLoader:240 - Cannot read IP mode file for STMicroelectronics.X-CUBE-ALS.1.0.1
2024-03-12 09:24:36,593 [WARN] PackLoader:240 - Cannot read IP mode file for STMicroelectronics.FP-ATR-ASTRA1.2.0.0
2024-03-12 09:24:36,611 [WARN] PackLoader:240 - Cannot read IP mode file for STMicroelectronics.X-CUBE-TOF1.3.4.1
2024-03-12 09:24:36,647 [WARN] PackLoader:240 - Cannot read IP mode file for STMicroelectronics.X-CUBE-AZRTOS-H7.3.2.0
2024-03-12 09:24:36,649 [INFO] ThirdParty:978 - Integrity check success = true
2024-03-12 09:24:36,649 [INFO] IntegrityCheckThread:100 - exiting critical section [integrity check]
2024-03-12 09:24:36,649 [INFO] IntegrityCheckThread:103 - End integrity checks thread
2024-03-12 09:24:57,033 [ERROR] LogOutputStream:75 - [STDERR_REDIRECT] SLF4J: Failed to load class "org.slf4j.impl.StaticLoggerBinder".
2024-03-12 09:24:57,034 [ERROR] LogOutputStream:75 - [STDERR_REDIRECT] SLF4J: Defaulting to no-operation (NOP) logger implementation
2024-03-12 09:24:57,035 [ERROR] LogOutputStream:75 - [STDERR_REDIRECT] SLF4J: See http://www.slf4j.org/codes.html#StaticLoggerBinder for further details.
2024-03-12 09:47:47,166 [ERROR] LogOutputStream:75 - [STDERR_REDIRECT] 
2024-03-12 09:47:59,151 [INFO] Activator:176 - 


2024-03-12 09:47:59,152 [INFO] Activator:177 - !SESSION log4j initialized
2024-03-12 09:48:02,442 [INFO] LogOutputStream:77 - [STDOUT_REDIRECT] 
2024-03-12 09:48:03,562 [INFO] ApplicationProperties:184 - Using Application install path: C:\ST\STM32CubeIDE_1.14.1\STM32CubeIDE\plugins\com.st.stm32cube.common.mx_6.10.0.202311202037
2024-03-12 09:48:03,571 [INFO] DbMcusXml:78 - Set database path to: C:\ST\STM32CubeIDE_1.14.1\STM32CubeIDE\plugins\com.st.stm32cube.common.mx_6.10.0.202311202037\\db\/mcu/
2024-03-12 09:48:03,571 [INFO] ApiDb:274 - Set plugin database path to: C:\ST\STM32CubeIDE_1.14.1\STM32CubeIDE\plugins\com.st.stm32cube.common.mx_6.10.0.202311202037\\db\/plugins/boardmanager/
2024-03-12 09:48:03,571 [WARN] ApiDb:259 - Overriding images path with different value:  => C:\ST\STM32CubeIDE_1.14.1\STM32CubeIDE\plugins\com.st.stm32cube.common.mx_6.10.0.202311202037\\db\/plugins/mcufinder/images/
2024-03-12 09:48:03,574 [INFO] ApiDb:250 - Set database path to: C:\Users\harry\.stmcufinder\plugins\mcufinder//mcu/
2024-03-12 09:48:03,575 [INFO] DbMcusAds:125 - Set database path to: C:\Users\harry\.stmcufinder\plugins\mcufinder//mcu/
2024-03-12 09:48:03,576 [INFO] CrossReferenceDbSqlite:203 - Set database path to: C:\Users\harry\.stmcufinder\plugins\mcufinder//mcu/cs/
2024-03-12 09:48:03,638 [INFO] RulesReader:64 - Compatibility file has been processed (297 Rules)
2024-03-12 09:48:03,693 [INFO] DbMcusXml:78 - Set database path to: C:\ST\STM32CubeIDE_1.14.1\STM32CubeIDE\plugins\com.st.stm32cube.common.mx_6.10.0.202311202037\\db\/mcu/
2024-03-12 09:48:03,693 [INFO] ApiDb:274 - Set plugin database path to: C:\ST\STM32CubeIDE_1.14.1\STM32CubeIDE\plugins\com.st.stm32cube.common.mx_6.10.0.202311202037\\db\/plugins/boardmanager/
2024-03-12 09:48:03,693 [INFO] ApiDb:261 - Set plugin images path to: C:\ST\STM32CubeIDE_1.14.1\STM32CubeIDE\plugins\com.st.stm32cube.common.mx_6.10.0.202311202037\\db\/plugins/mcufinder/images/
2024-03-12 09:48:03,693 [WARN] DbFile:41 - Overriding database path with different value: C:\Users\harry\.stmcufinder\plugins\mcufinder/ => C:\Users\harry\.stmcufinder\plugins\mcufinder
2024-03-12 09:48:03,693 [INFO] ApiDb:250 - Set database path to: C:\Users\harry\.stmcufinder\plugins\mcufinder//mcu/
2024-03-12 09:48:03,694 [WARN] DbFile:41 - Overriding database path with different value: C:\Users\harry\.stmcufinder\plugins\mcufinder/ => C:\Users\harry\.stmcufinder\plugins\mcufinder
2024-03-12 09:48:03,694 [INFO] DbMcusAds:125 - Set database path to: C:\Users\harry\.stmcufinder\plugins\mcufinder//mcu/
2024-03-12 09:48:03,694 [WARN] DbFile:41 - Overriding database path with different value: C:\Users\harry\.stmcufinder\plugins\mcufinder/ => C:\Users\harry\.stmcufinder\plugins\mcufinder
2024-03-12 09:48:03,694 [WARN] DbFile:41 - Overriding database path with different value: C:\Users\harry\.stmcufinder\plugins\mcufinder/ => C:\Users\harry\.stmcufinder\plugins\mcufinder
2024-03-12 09:48:03,694 [INFO] CrossReferenceDbSqlite:203 - Set database path to: C:\Users\harry\.stmcufinder\plugins\mcufinder//mcu/cs/
2024-03-12 09:48:03,736 [INFO] MainPanel:264 - HeapMemory: 268435456
2024-03-12 09:48:03,771 [INFO] DbMcusXml:78 - Set database path to: C:\ST\STM32CubeIDE_1.14.1\STM32CubeIDE\plugins\com.st.stm32cube.common.mx_6.10.0.202311202037\\db\/mcu/
2024-03-12 09:48:03,771 [INFO] ApiDb:274 - Set plugin database path to: C:\ST\STM32CubeIDE_1.14.1\STM32CubeIDE\plugins\com.st.stm32cube.common.mx_6.10.0.202311202037\\db\/plugins/boardmanager/
2024-03-12 09:48:03,771 [INFO] ApiDb:261 - Set plugin images path to: C:\ST\STM32CubeIDE_1.14.1\STM32CubeIDE\plugins\com.st.stm32cube.common.mx_6.10.0.202311202037\\db\/plugins/mcufinder/images/
2024-03-12 09:48:03,772 [WARN] DbFile:41 - Overriding database path with different value: C:\Users\harry\.stmcufinder\plugins\mcufinder/ => C:\Users\harry\.stmcufinder\plugins\mcufinder
2024-03-12 09:48:03,772 [INFO] ApiDb:250 - Set database path to: C:\Users\harry\.stmcufinder\plugins\mcufinder//mcu/
2024-03-12 09:48:03,772 [WARN] DbFile:41 - Overriding database path with different value: C:\Users\harry\.stmcufinder\plugins\mcufinder/ => C:\Users\harry\.stmcufinder\plugins\mcufinder
2024-03-12 09:48:03,772 [INFO] DbMcusAds:125 - Set database path to: C:\Users\harry\.stmcufinder\plugins\mcufinder//mcu/
2024-03-12 09:48:03,772 [WARN] DbFile:41 - Overriding database path with different value: C:\Users\harry\.stmcufinder\plugins\mcufinder/ => C:\Users\harry\.stmcufinder\plugins\mcufinder
2024-03-12 09:48:03,772 [WARN] DbFile:41 - Overriding database path with different value: C:\Users\harry\.stmcufinder\plugins\mcufinder/ => C:\Users\harry\.stmcufinder\plugins\mcufinder
2024-03-12 09:48:03,772 [INFO] CrossReferenceDbSqlite:203 - Set database path to: C:\Users\harry\.stmcufinder\plugins\mcufinder//mcu/cs/
2024-03-12 09:48:03,781 [INFO] ApplicationProperties:184 - Using Application install path: C:\ST\STM32CubeIDE_1.14.1\STM32CubeIDE\plugins\com.st.stm32cube.common.mx_6.10.0.202311202037
2024-03-12 09:48:03,782 [INFO] PluginManage:196 - Search for loadable plugins [exclusion list=, ]
2024-03-12 09:48:03,782 [INFO] PluginManage:310 - Check plugin analytics
2024-03-12 09:48:03,874 [INFO] AnalyticsPlugin:253 - Accepted Software Licenses: 
2024-03-12 09:48:03,874 [INFO] AnalyticsPlugin:255 - Accepted CMSIS Pack Licenses: 
2024-03-12 09:48:03,874 [INFO] AnalyticsPlugin:257 - Accepted Firmware Licenses: 
2024-03-12 09:48:03,876 [INFO] PluginManage:359 - Loaded plugin analytics (category:tool,tabindex:-1)
2024-03-12 09:48:03,876 [INFO] PluginManage:310 - Check plugin cadmodel
2024-03-12 09:48:03,885 [INFO] CADModel:105 - Init CAD model plugin
2024-03-12 09:48:03,885 [INFO] PluginManage:359 - Loaded plugin cadmodel (category:power,tabindex:5)
2024-03-12 09:48:03,886 [INFO] PluginManage:310 - Check plugin clock
2024-03-12 09:48:03,898 [INFO] PluginManage:359 - Loaded plugin clock (category:base,tabindex:2)
2024-03-12 09:48:03,898 [INFO] PluginManage:310 - Check plugin ddr
2024-03-12 09:48:03,900 [INFO] PluginManage:359 - Loaded plugin ddr (category:tool,tabindex:6)
2024-03-12 09:48:03,900 [INFO] PluginManage:310 - Check plugin filemanager
2024-03-12 09:48:03,986 [INFO] PluginManage:359 - Loaded plugin filemanager (category:base,tabindex:10)
2024-03-12 09:48:03,986 [INFO] PluginManage:310 - Check plugin ipmanager
2024-03-12 09:48:03,991 [INFO] PluginManage:359 - Loaded plugin ipmanager (category:base,tabindex:5)
2024-03-12 09:48:03,991 [INFO] PluginManage:310 - Check plugin lpbam
2024-03-12 09:48:04,003 [INFO] PluginManage:359 - Loaded plugin lpbam (category:base,tabindex:0)
2024-03-12 09:48:04,004 [INFO] PluginManage:310 - Check plugin memorymap
2024-03-12 09:48:04,017 [INFO] PluginManage:359 - Loaded plugin memorymap (category:base,tabindex:4)
2024-03-12 09:48:04,018 [INFO] PluginManage:310 - Check plugin pinoutandconfiguration
2024-03-12 09:48:04,029 [INFO] PluginManage:359 - Loaded plugin pinoutandconfiguration (category:base,tabindex:1)
2024-03-12 09:48:04,029 [INFO] PluginManage:310 - Check plugin pinoutconfig
2024-03-12 09:48:04,084 [WARN] SupportedApi:132 - Cannot load RTOS API schema: s4s-elt-must-match.1: The content of 'definitions' must match (annotation?, (simpleType | complexType)?, (unique | key | keyref)*)). A problem was found starting at: attribute.
2024-03-12 09:48:04,150 [INFO] PluginManage:359 - Loaded plugin pinoutconfig (category:base,tabindex:0)
2024-03-12 09:48:04,150 [INFO] PluginManage:310 - Check plugin power
2024-03-12 09:48:04,161 [INFO] PluginManage:359 - Loaded plugin power (category:power,tabindex:4)
2024-03-12 09:48:04,161 [INFO] PluginManage:310 - Check plugin projectmanager
2024-03-12 09:48:04,170 [INFO] PluginManage:359 - Loaded plugin projectmanager (category:projectmanager,tabindex:3)
2024-03-12 09:48:04,170 [INFO] PluginManage:310 - Check plugin thirdparty
2024-03-12 09:48:04,295 [INFO] PluginManage:359 - Loaded plugin thirdparty (category:base,tabindex:-1)
2024-03-12 09:48:04,295 [INFO] PluginManage:310 - Check plugin tools
2024-03-12 09:48:04,295 [WARN] IntegrityCheckThread:84 - waiting for thirdparty lock release [integrity check]
2024-03-12 09:48:04,296 [INFO] IntegrityCheckThread:86 - entering critical section [integrity check]
2024-03-12 09:48:04,296 [INFO] ThirdPartyUpdaterWithRetryManager:70 - Updater plugin not ready yet. [1/15]
2024-03-12 09:48:04,314 [INFO] PluginManage:359 - Loaded plugin tools (category:base,tabindex:7)
2024-03-12 09:48:04,314 [INFO] PluginManage:310 - Check plugin tutovideos
2024-03-12 09:48:04,412 [INFO] PluginManage:359 - Loaded plugin tutovideos (category:base,tabindex:-1)
2024-03-12 09:48:04,413 [INFO] PluginManage:310 - Check plugin updater
2024-03-12 09:48:04,418 [INFO] PluginManage:359 - Loaded plugin updater (category:base,tabindex:12)
2024-03-12 09:48:04,418 [INFO] PluginManage:310 - Check plugin userauth
2024-03-12 09:48:04,420 [INFO] UserAuth:114 - Init User Auth plugin
2024-03-12 09:48:04,420 [INFO] PluginManage:359 - Loaded plugin userauth (category:base,tabindex:14)
2024-03-12 09:48:04,420 [INFO] PluginManage:283 - PluginManage : Loaded plugins [17]
2024-03-12 09:48:04,537 [INFO] PinOutPanel:1499 - setPackage(No Configuration,No Configuration)
2024-03-12 09:48:04,582 [INFO] CADModel:165 - CPN selected for project level
2024-03-12 09:48:04,582 [INFO] CADModel:114 - Register for checkConnection events
2024-03-12 09:48:04,597 [INFO] IPUIPlugin:80 - create IPUIPlugin
2024-03-12 09:48:04,598 [INFO] PluginManager:220 - loadIPPluginJar : add adc
2024-03-12 09:48:04,618 [INFO] IPUIPlugin:80 - create IPUIPlugin
2024-03-12 09:48:04,618 [INFO] PluginManager:220 - loadIPPluginJar : add aes
2024-03-12 09:48:04,640 [INFO] IPUIPlugin:80 - create IPUIPlugin
2024-03-12 09:48:04,640 [INFO] PluginManager:220 - loadIPPluginJar : add can
2024-03-12 09:48:04,652 [INFO] IPUIPlugin:80 - create IPUIPlugin
2024-03-12 09:48:04,652 [INFO] PluginManager:220 - loadIPPluginJar : add comp
2024-03-12 09:48:04,669 [INFO] IPUIPlugin:80 - create IPUIPlugin
2024-03-12 09:48:04,669 [INFO] PluginManager:220 - loadIPPluginJar : add cryp
2024-03-12 09:48:04,684 [INFO] IPUIPlugin:80 - create IPUIPlugin
2024-03-12 09:48:04,684 [INFO] PluginManager:220 - loadIPPluginJar : add dfsdm
2024-03-12 09:48:04,692 [INFO] IPUIPlugin:80 - create IPUIPlugin
2024-03-12 09:48:04,692 [INFO] PluginManager:220 - loadIPPluginJar : add dma
2024-03-12 09:48:04,714 [INFO] IPUIPlugin:80 - create IPUIPlugin
2024-03-12 09:48:04,715 [INFO] PluginManager:220 - loadIPPluginJar : add dma3
2024-03-12 09:48:04,725 [INFO] IPUIPlugin:80 - create IPUIPlugin
2024-03-12 09:48:04,725 [INFO] PluginManager:220 - loadIPPluginJar : add fatfs
2024-03-12 09:48:04,752 [INFO] IPUIPlugin:80 - create IPUIPlugin
2024-03-12 09:48:04,752 [INFO] PluginManager:220 - loadIPPluginJar : add fmc
2024-03-12 09:48:04,760 [INFO] IPUIPlugin:80 - create IPUIPlugin
2024-03-12 09:48:04,760 [INFO] PluginManager:220 - loadIPPluginJar : add freertos
2024-03-12 09:48:04,771 [INFO] IPUIPlugin:80 - create IPUIPlugin
2024-03-12 09:48:04,771 [INFO] PluginManager:220 - loadIPPluginJar : add genericplugin
2024-03-12 09:48:04,818 [INFO] IPUIPlugin:80 - create IPUIPlugin
2024-03-12 09:48:04,818 [INFO] PluginManager:220 - loadIPPluginJar : add gfxmmu
2024-03-12 09:48:04,885 [INFO] IPUIPlugin:80 - create IPUIPlugin
2024-03-12 09:48:04,885 [INFO] PluginManager:220 - loadIPPluginJar : add gic
2024-03-12 09:48:04,892 [INFO] IPUIPlugin:80 - create IPUIPlugin
2024-03-12 09:48:04,892 [INFO] PluginManager:220 - loadIPPluginJar : add gpio
2024-03-12 09:48:04,941 [INFO] IPUIPlugin:80 - create IPUIPlugin
2024-03-12 09:48:04,941 [INFO] PluginManager:220 - loadIPPluginJar : add gtzc
2024-03-12 09:48:04,957 [INFO] IPUIPlugin:80 - create IPUIPlugin
2024-03-12 09:48:04,957 [INFO] PluginManager:220 - loadIPPluginJar : add hash
2024-03-12 09:48:04,984 [INFO] IPUIPlugin:80 - create IPUIPlugin
2024-03-12 09:48:04,984 [INFO] PluginManager:220 - loadIPPluginJar : add i2c
2024-03-12 09:48:05,005 [INFO] IPUIPlugin:80 - create IPUIPlugin
2024-03-12 09:48:05,005 [INFO] PluginManager:220 - loadIPPluginJar : add i2s
2024-03-12 09:48:05,026 [INFO] IPUIPlugin:80 - create IPUIPlugin
2024-03-12 09:48:05,026 [INFO] PluginManager:220 - loadIPPluginJar : add i3c
2024-03-12 09:48:05,086 [INFO] IPUIPlugin:80 - create IPUIPlugin
2024-03-12 09:48:05,086 [INFO] PluginManager:220 - loadIPPluginJar : add ipddr
2024-03-12 09:48:05,134 [INFO] IPUIPlugin:80 - create IPUIPlugin
2024-03-12 09:48:05,134 [INFO] PluginManager:220 - loadIPPluginJar : add linkedlist
2024-03-12 09:48:05,152 [INFO] IPUIPlugin:80 - create IPUIPlugin
2024-03-12 09:48:05,152 [INFO] PluginManager:220 - loadIPPluginJar : add lorawan
2024-03-12 09:48:05,171 [INFO] IPUIPlugin:80 - create IPUIPlugin
2024-03-12 09:48:05,171 [INFO] PluginManager:220 - loadIPPluginJar : add ltdc
2024-03-12 09:48:05,178 [INFO] IPUIPlugin:80 - create IPUIPlugin
2024-03-12 09:48:05,179 [INFO] PluginManager:220 - loadIPPluginJar : add mdma
2024-03-12 09:48:05,185 [INFO] IPUIPlugin:80 - create IPUIPlugin
2024-03-12 09:48:05,185 [INFO] PluginManager:220 - loadIPPluginJar : add nvic
2024-03-12 09:48:05,203 [INFO] IPUIPlugin:80 - create IPUIPlugin
2024-03-12 09:48:05,203 [INFO] PluginManager:220 - loadIPPluginJar : add opamp
2024-03-12 09:48:05,234 [INFO] IPUIPlugin:80 - create IPUIPlugin
2024-03-12 09:48:05,234 [INFO] PluginManager:220 - loadIPPluginJar : add openamp
2024-03-12 09:48:05,257 [INFO] IPUIPlugin:80 - create IPUIPlugin
2024-03-12 09:48:05,257 [INFO] PluginManager:220 - loadIPPluginJar : add pdm2pcm
2024-03-12 09:48:05,265 [INFO] IPUIPlugin:80 - create IPUIPlugin
2024-03-12 09:48:05,266 [INFO] PluginManager:220 - loadIPPluginJar : add plateformsettings
2024-03-12 09:48:05,278 [INFO] IPUIPlugin:80 - create IPUIPlugin
2024-03-12 09:48:05,278 [INFO] PluginManager:220 - loadIPPluginJar : add quadspi
2024-03-12 09:48:05,285 [INFO] IPUIPlugin:80 - create IPUIPlugin
2024-03-12 09:48:05,285 [INFO] PluginManager:220 - loadIPPluginJar : add resmgrutility
2024-03-12 09:48:05,312 [INFO] IPUIPlugin:80 - create IPUIPlugin
2024-03-12 09:48:05,312 [INFO] PluginManager:220 - loadIPPluginJar : add sai
2024-03-12 09:48:05,332 [INFO] IPUIPlugin:80 - create IPUIPlugin
2024-03-12 09:48:05,332 [INFO] PluginManager:220 - loadIPPluginJar : add spi
2024-03-12 09:48:05,369 [INFO] IPUIPlugin:80 - create IPUIPlugin
2024-03-12 09:48:05,369 [INFO] PluginManager:220 - loadIPPluginJar : add stm32_wpan
2024-03-12 09:48:05,381 [INFO] IPUIPlugin:80 - create IPUIPlugin
2024-03-12 09:48:05,381 [INFO] PluginManager:220 - loadIPPluginJar : add tim
2024-03-12 09:48:05,410 [INFO] IPUIPlugin:80 - create IPUIPlugin
2024-03-12 09:48:05,410 [INFO] PluginManager:220 - loadIPPluginJar : add touchsensing
2024-03-12 09:48:05,422 [INFO] IPUIPlugin:80 - create IPUIPlugin
2024-03-12 09:48:05,422 [INFO] PluginManager:220 - loadIPPluginJar : add tracer_emb
2024-03-12 09:48:05,434 [INFO] IPUIPlugin:80 - create IPUIPlugin
2024-03-12 09:48:05,434 [INFO] PluginManager:220 - loadIPPluginJar : add ts
2024-03-12 09:48:05,444 [INFO] IPUIPlugin:80 - create IPUIPlugin
2024-03-12 09:48:05,445 [INFO] PluginManager:220 - loadIPPluginJar : add tsc
2024-03-12 09:48:05,455 [INFO] IPUIPlugin:80 - create IPUIPlugin
2024-03-12 09:48:05,455 [INFO] PluginManager:220 - loadIPPluginJar : add ucpd
2024-03-12 09:48:05,479 [INFO] IPUIPlugin:80 - create IPUIPlugin
2024-03-12 09:48:05,479 [INFO] PluginManager:220 - loadIPPluginJar : add usart
2024-03-12 09:48:05,501 [INFO] IPUIPlugin:80 - create IPUIPlugin
2024-03-12 09:48:05,501 [INFO] PluginManager:220 - loadIPPluginJar : add usbx
2024-03-12 09:48:05,602 [INFO] CADModel:165 - CPN selected for project level
2024-03-12 09:48:05,602 [INFO] CADModel:114 - Register for checkConnection events
2024-03-12 09:48:05,602 [FATAL] Updater:308 - Updater called before beeing initialized
2024-03-12 09:48:05,602 [ERROR] CADModel:125 - Updater not yet initialized, retry later 
2024-03-12 09:48:05,679 [INFO] CADModel:165 - CPN selected for project level
2024-03-12 09:48:05,679 [INFO] CADModel:114 - Register for checkConnection events
2024-03-12 09:48:05,679 [FATAL] Updater:308 - Updater called before beeing initialized
2024-03-12 09:48:05,679 [ERROR] CADModel:125 - Updater not yet initialized, retry later 
2024-03-12 09:48:05,688 [FATAL] Updater:308 - Updater called before beeing initialized
2024-03-12 09:48:05,753 [FATAL] Updater:308 - Updater called before beeing initialized
2024-03-12 09:48:05,759 [INFO] DbMcusAds:53 - JSON generation date=Wed Nov 29 18:52:27 CST 2023 (1701255147349)
2024-03-12 09:48:05,759 [FATAL] Updater:308 - Updater called before beeing initialized
2024-03-12 09:48:05,801 [WARN] DetailPanel:346 - Failed to get advertising image, set to default
2024-03-12 09:48:05,863 [FATAL] Updater:308 - Updater called before beeing initialized
2024-03-12 09:48:05,864 [FATAL] Updater:308 - Updater called before beeing initialized
2024-03-12 09:48:05,864 [FATAL] Updater:308 - Updater called before beeing initialized
2024-03-12 09:48:05,864 [WARN] DetailPanel:346 - Failed to get advertising image, set to default
2024-03-12 09:48:05,864 [FATAL] Updater:308 - Updater called before beeing initialized
2024-03-12 09:48:05,898 [ERROR] Updater:1120 - MainUpdater not yet initialized. External WinMGr cannot be set.
2024-03-12 09:48:05,903 [INFO] Updater:1056 - Updater Version found : 6.10.0
2024-03-12 09:48:05,914 [INFO] ApplicationProperties:184 - Using Application install path: C:\ST\STM32CubeIDE_1.14.1\STM32CubeIDE\plugins\com.st.stm32cube.common.mx_6.10.0.202311202037
2024-03-12 09:48:07,300 [INFO] ThirdPartyUpdaterWithRetryManager:70 - Updater plugin not ready yet. [2/15]
2024-03-12 09:48:07,483 [ERROR] LogOutputStream:75 - [STDERR_REDIRECT] Mar 12, 2024 9:48:07 AM java.util.prefs.WindowsPreferences <init>
2024-03-12 09:48:07,484 [ERROR] LogOutputStream:75 - [STDERR_REDIRECT] WARNING: Could not open/create prefs root node Software\JavaSoft\Prefs at root 0xffffffff80000002. Windows RegCreateKeyEx(...) returned error code 5.
2024-03-12 09:48:07,484 [ERROR] LogOutputStream:75 - [STDERR_REDIRECT] 
2024-03-12 09:48:07,822 [INFO] MainUpdater:2873 - connection check result : 10
2024-03-12 09:48:07,822 [INFO] MainUpdater:290 - Updater Check For Update Now.
2024-03-12 09:48:07,822 [INFO] MicroXplorer:498 - Change Database Version : DB.6.0.100
2024-03-12 09:48:07,831 [INFO] McuFinderGlobals:63 - Set McuFinder mode to 2 (CubeIDE integrated)
2024-03-12 09:48:07,831 [INFO] UserAuth:180 - activating auth plugin
2024-03-12 09:48:07,833 [INFO] UserAuth:404 - Internet connection configuration mode: 1
2024-03-12 09:48:07,846 [INFO] JxBrowserEngine:152 - Initiate JxBrowser Engine with user profile folder
2024-03-12 09:48:07,977 [INFO] CheckServerUpdateThread:120 - End of CheckServer Thread
2024-03-12 09:48:08,861 [INFO] WebApp:161 - Instantiating new browser for Auth
2024-03-12 09:48:09,226 [INFO] WebApp:780 - Register for checkConnection events
2024-03-12 09:48:09,226 [INFO] WebApp:414 - Apply proxy settings
2024-03-12 09:48:09,226 [INFO] WebApp:499 - Chromium requires no authentication
2024-03-12 09:48:09,230 [INFO] WebApp:442 - Direct internet connection detected
2024-03-12 09:48:09,309 [INFO] WebApp:192 - Starting web application
2024-03-12 09:48:09,309 [INFO] WebApp:544 - Web application path used C:\ST\STM32CubeIDE_1.14.1\STM32CubeIDE\plugins\com.st.stm32cube.common.mx_6.10.0.202311202037\db\plugins\mcufinder\reactClient1\index.html
2024-03-12 09:48:10,399 [WARN] PackLoader:240 - Cannot read IP mode file for STMicroelectronics.X-CUBE-SMBUS.2.1.0
2024-03-12 09:48:10,407 [WARN] PackLoader:240 - Cannot read IP mode file for STMicroelectronics.X-CUBE-TOUCHGFX.4.23.0
2024-03-12 09:48:10,434 [WARN] PackLoader:240 - Cannot read IP mode file for STMicroelectronics.X-CUBE-AZRTOS-F7.1.1.0
2024-03-12 09:48:10,447 [WARN] PackLoader:240 - Cannot read IP mode file for STMicroelectronics.FP-SNS-MOTENV1.4.3.2
2024-03-12 09:48:10,456 [WARN] PackLoader:240 - Cannot read IP mode file for STMicroelectronics.FP-SNS-FLIGHT1.5.0.2
2024-03-12 09:48:10,467 [WARN] PackLoader:240 - Cannot read IP mode file for STMicroelectronics.X-CUBE-DISPLAY.3.0.0
2024-03-12 09:48:10,479 [WARN] PackLoader:240 - Cannot read IP mode file for STMicroelectronics.X-CUBE-BLE1.7.0.0
2024-03-12 09:48:10,489 [WARN] PackLoader:240 - Cannot read IP mode file for emotas.I-CUBE-CANOPEN.1.3.0
2024-03-12 09:48:10,500 [WARN] PackLoader:240 - Cannot read IP mode file for STMicroelectronics.X-CUBE-BLEMGR.3.1.0
2024-03-12 09:48:10,509 [WARN] PackLoader:240 - Cannot read IP mode file for STMicroelectronics.FP-SNS-SMARTAG2.1.2.0
2024-03-12 09:48:10,521 [INFO] LogOutputStream:77 - [STDOUT_REDIRECT] 1 : Invalid condition id : UX_CORESTACK_Condition cause : null
2024-03-12 09:48:10,521 [INFO] LogOutputStream:77 - [STDOUT_REDIRECT] 1 : Invalid condition id : UX_CORESTACK_Condition cause : null
2024-03-12 09:48:10,522 [INFO] LogOutputStream:77 - [STDOUT_REDIRECT] 1 : Invalid condition id : UX_CORESTACK_Condition cause : null
2024-03-12 09:48:10,522 [INFO] LogOutputStream:77 - [STDOUT_REDIRECT] 1 : Invalid condition id : UX_CORESTACK_Condition cause : null
2024-03-12 09:48:10,523 [INFO] LogOutputStream:77 - [STDOUT_REDIRECT] 1 : Invalid condition id : UX_CORESTACK_Condition cause : null
2024-03-12 09:48:10,524 [WARN] PackLoader:240 - Cannot read IP mode file for STMicroelectronics.X-CUBE-AZRTOS-WL.2.0.0
2024-03-12 09:48:10,533 [WARN] PackLoader:240 - Cannot read IP mode file for WES.I-CUBE-Cesium.1.3.0
2024-03-12 09:48:10,540 [WARN] PackLoader:240 - Cannot read IP mode file for STMicroelectronics.X-CUBE-BLE2.3.3.0
2024-03-12 09:48:10,548 [WARN] PackLoader:240 - Cannot read IP mode file for STMicroelectronics.X-CUBE-ALGOBUILD.1.3.0
2024-03-12 09:48:10,562 [WARN] PackLoader:240 - Cannot read IP mode file for STMicroelectronics.X-CUBE-AZRTOS-G0.1.1.0
2024-03-12 09:48:10,571 [WARN] PackLoader:240 - Cannot read IP mode file for STMicroelectronics.X-CUBE-NFC4.3.0.0
2024-03-12 09:48:10,577 [WARN] PackLoader:240 - Cannot read IP mode file for STMicroelectronics.FP-ATR-SIGFOX1.3.2.0
2024-03-12 09:48:10,584 [WARN] PackLoader:240 - Cannot read IP mode file for STMicroelectronics.X-CUBE-EEPRMA1.5.1.0
2024-03-12 09:48:10,602 [WARN] PackLoader:240 - Cannot read IP mode file for SEGGER.I-CUBE-embOS.1.3.1
2024-03-12 09:48:10,628 [WARN] PackLoader:240 - Cannot read IP mode file for STMicroelectronics.X-CUBE-GNSS1.6.0.0
2024-03-12 09:48:10,644 [WARN] PackLoader:240 - Cannot read IP mode file for STMicroelectronics.X-CUBE-AZRTOS-F4.1.1.0
2024-03-12 09:48:10,653 [WARN] PackLoader:240 - Cannot read IP mode file for wolfSSL.I-CUBE-wolfSSL.5.6.6
2024-03-12 09:48:10,673 [WARN] PackLoader:240 - Cannot read IP mode file for STMicroelectronics.X-CUBE-AZRTOS-L5.2.0.0
2024-03-12 09:48:10,684 [WARN] PackLoader:240 - Cannot read IP mode file for ITTIA_DB.I-CUBE-ITTIADB.8.8.0
2024-03-12 09:48:10,693 [WARN] PackLoader:240 - Cannot read IP mode file for STMicroelectronics.X-CUBE-NFC7.1.0.1
2024-03-12 09:48:10,702 [WARN] PackLoader:240 - Cannot read IP mode file for STMicroelectronics.X-CUBE-NFC6.3.0.0
2024-03-12 09:48:10,709 [WARN] PackLoader:240 - Cannot read IP mode file for STMicroelectronics.X-CUBE-AI.8.1.0
2024-03-12 09:48:10,726 [WARN] ConditionMgr:438 - getConditionDescription Invalid condition id : LAN8742 Phy interface Condition cause : null
2024-03-12 09:48:10,726 [WARN] PackLoader:240 - Cannot read IP mode file for STMicroelectronics.X-CUBE-AZRTOS-L4.2.0.0
2024-03-12 09:48:10,727 [WARN] ConditionMgr:1039 - genDependencies : Invalid condition id : LAN8742 Phy interface Condition cause : null
2024-03-12 09:48:10,727 [WARN] ConditionMgr:1039 - genDependencies : Invalid condition id : LAN8742 Phy interface Condition cause : null
2024-03-12 09:48:10,727 [WARN] ConditionMgr:1039 - genDependencies : Invalid condition id : LAN8742 Phy interface Condition cause : null
2024-03-12 09:48:10,736 [WARN] PackLoader:240 - Cannot read IP mode file for STMicroelectronics.X-CUBE-SFXS2LP1.4.0.0
2024-03-12 09:48:10,748 [WARN] ConditionMgr:438 - getConditionDescription Invalid condition id : UX DEVICE CLASS RTOS Condition cause : null
2024-03-12 09:48:10,749 [WARN] ConditionMgr:438 - getConditionDescription Invalid condition id : UX DEVICE CLASS RTOS Condition cause : null
2024-03-12 09:48:10,749 [WARN] PackLoader:240 - Cannot read IP mode file for STMicroelectronics.X-CUBE-AZRTOS-WB.2.0.0
2024-03-12 09:48:10,750 [WARN] ConditionMgr:1039 - genDependencies : Invalid condition id : UX DEVICE CLASS RTOS Condition cause : null
2024-03-12 09:48:10,750 [WARN] ConditionMgr:1039 - genDependencies : Invalid condition id : UX DEVICE CLASS RTOS Condition cause : null
2024-03-12 09:48:10,750 [WARN] ConditionMgr:1039 - genDependencies : Invalid condition id : UX DEVICE CLASS RTOS Condition cause : null
2024-03-12 09:48:10,750 [WARN] ConditionMgr:1039 - genDependencies : Invalid condition id : UX DEVICE CLASS RTOS Condition cause : null
2024-03-12 09:48:10,750 [WARN] ConditionMgr:1039 - genDependencies : Invalid condition id : UX DEVICE CLASS RTOS Condition cause : null
2024-03-12 09:48:10,761 [WARN] PackLoader:240 - Cannot read IP mode file for STMicroelectronics.X-CUBE-SUBG2.5.0.0
2024-03-12 09:48:10,777 [WARN] PackLoader:240 - Cannot read IP mode file for STMicroelectronics.X-CUBE-AZRTOS-G4.2.0.0
2024-03-12 09:48:10,789 [WARN] PackLoader:240 - Cannot read IP mode file for Infineon.AIROC-Wi-Fi-Bluetooth-STM32.1.5.1
2024-03-12 09:48:10,799 [WARN] PackLoader:240 - Cannot read IP mode file for STMicroelectronics.FP-SNS-MOTENVWB1.1.3.1
2024-03-12 09:48:10,807 [WARN] PackLoader:240 - Cannot read IP mode file for STMicroelectronics.X-CUBE-ISPU.2.0.0
2024-03-12 09:48:10,835 [WARN] PackLoader:240 - Cannot read IP mode file for STMicroelectronics.X-CUBE-MEMS1.10.0.0
2024-03-12 09:48:10,902 [WARN] PackLoader:240 - Cannot read IP mode file for STMicroelectronics.X-CUBE-FREERTOS.1.1.0
2024-03-12 09:48:10,911 [WARN] PackLoader:240 - Cannot read IP mode file for portGmbH.I-Cube-SoM-uGOAL.1.1.0
2024-03-12 09:48:10,920 [WARN] PackLoader:240 - Cannot read IP mode file for STMicroelectronics.X-CUBE-ALS.1.0.1
2024-03-12 09:48:10,928 [WARN] PackLoader:240 - Cannot read IP mode file for STMicroelectronics.FP-ATR-ASTRA1.2.0.0
2024-03-12 09:48:10,940 [WARN] PackLoader:240 - Cannot read IP mode file for STMicroelectronics.X-CUBE-TOF1.3.4.1
2024-03-12 09:48:10,961 [WARN] PackLoader:240 - Cannot read IP mode file for STMicroelectronics.X-CUBE-AZRTOS-H7.3.2.0
2024-03-12 09:48:10,963 [INFO] ThirdParty:978 - Integrity check success = true
2024-03-12 09:48:10,963 [INFO] IntegrityCheckThread:100 - exiting critical section [integrity check]
2024-03-12 09:48:10,964 [INFO] IntegrityCheckThread:103 - End integrity checks thread
2024-03-12 09:48:29,823 [ERROR] LogOutputStream:75 - [STDERR_REDIRECT] SLF4J: Failed to load class "org.slf4j.impl.StaticLoggerBinder".
2024-03-12 09:48:29,824 [ERROR] LogOutputStream:75 - [STDERR_REDIRECT] SLF4J: Defaulting to no-operation (NOP) logger implementation
2024-03-12 09:48:29,824 [ERROR] LogOutputStream:75 - [STDERR_REDIRECT] SLF4J: See http://www.slf4j.org/codes.html#StaticLoggerBinder for further details.
2024-03-12 10:04:54,561 [INFO] LogOutputStream:77 - [STDOUT_REDIRECT] StartTraceHandler.execute(), success : Collect=true
2024-03-12 18:32:11,965 [INFO] Activator:176 - 


2024-03-12 18:32:11,966 [INFO] Activator:177 - !SESSION log4j initialized
2024-03-12 18:32:16,596 [INFO] LogOutputStream:77 - [STDOUT_REDIRECT] 
2024-03-12 18:32:17,926 [INFO] ApplicationProperties:184 - Using Application install path: C:\ST\STM32CubeIDE_1.14.1\STM32CubeIDE\plugins\com.st.stm32cube.common.mx_6.10.0.202311202037
2024-03-12 18:32:17,945 [INFO] DbMcusXml:78 - Set database path to: C:\ST\STM32CubeIDE_1.14.1\STM32CubeIDE\plugins\com.st.stm32cube.common.mx_6.10.0.202311202037\\db\/mcu/
2024-03-12 18:32:17,945 [INFO] ApiDb:274 - Set plugin database path to: C:\ST\STM32CubeIDE_1.14.1\STM32CubeIDE\plugins\com.st.stm32cube.common.mx_6.10.0.202311202037\\db\/plugins/boardmanager/
2024-03-12 18:32:17,946 [WARN] ApiDb:259 - Overriding images path with different value:  => C:\ST\STM32CubeIDE_1.14.1\STM32CubeIDE\plugins\com.st.stm32cube.common.mx_6.10.0.202311202037\\db\/plugins/mcufinder/images/
2024-03-12 18:32:17,954 [INFO] ApiDb:250 - Set database path to: C:\Users\harry\.stmcufinder\plugins\mcufinder//mcu/
2024-03-12 18:32:17,955 [INFO] DbMcusAds:125 - Set database path to: C:\Users\harry\.stmcufinder\plugins\mcufinder//mcu/
2024-03-12 18:32:17,957 [INFO] CrossReferenceDbSqlite:203 - Set database path to: C:\Users\harry\.stmcufinder\plugins\mcufinder//mcu/cs/
2024-03-12 18:32:18,040 [INFO] RulesReader:64 - Compatibility file has been processed (297 Rules)
2024-03-12 18:32:18,105 [INFO] DbMcusXml:78 - Set database path to: C:\ST\STM32CubeIDE_1.14.1\STM32CubeIDE\plugins\com.st.stm32cube.common.mx_6.10.0.202311202037\\db\/mcu/
2024-03-12 18:32:18,105 [INFO] ApiDb:274 - Set plugin database path to: C:\ST\STM32CubeIDE_1.14.1\STM32CubeIDE\plugins\com.st.stm32cube.common.mx_6.10.0.202311202037\\db\/plugins/boardmanager/
2024-03-12 18:32:18,105 [INFO] ApiDb:261 - Set plugin images path to: C:\ST\STM32CubeIDE_1.14.1\STM32CubeIDE\plugins\com.st.stm32cube.common.mx_6.10.0.202311202037\\db\/plugins/mcufinder/images/
2024-03-12 18:32:18,105 [WARN] DbFile:41 - Overriding database path with different value: C:\Users\harry\.stmcufinder\plugins\mcufinder/ => C:\Users\harry\.stmcufinder\plugins\mcufinder
2024-03-12 18:32:18,105 [INFO] ApiDb:250 - Set database path to: C:\Users\harry\.stmcufinder\plugins\mcufinder//mcu/
2024-03-12 18:32:18,105 [WARN] DbFile:41 - Overriding database path with different value: C:\Users\harry\.stmcufinder\plugins\mcufinder/ => C:\Users\harry\.stmcufinder\plugins\mcufinder
2024-03-12 18:32:18,105 [INFO] DbMcusAds:125 - Set database path to: C:\Users\harry\.stmcufinder\plugins\mcufinder//mcu/
2024-03-12 18:32:18,105 [WARN] DbFile:41 - Overriding database path with different value: C:\Users\harry\.stmcufinder\plugins\mcufinder/ => C:\Users\harry\.stmcufinder\plugins\mcufinder
2024-03-12 18:32:18,105 [WARN] DbFile:41 - Overriding database path with different value: C:\Users\harry\.stmcufinder\plugins\mcufinder/ => C:\Users\harry\.stmcufinder\plugins\mcufinder
2024-03-12 18:32:18,105 [INFO] CrossReferenceDbSqlite:203 - Set database path to: C:\Users\harry\.stmcufinder\plugins\mcufinder//mcu/cs/
2024-03-12 18:32:18,163 [INFO] MainPanel:264 - HeapMemory: 268435456
2024-03-12 18:32:18,235 [INFO] DbMcusXml:78 - Set database path to: C:\ST\STM32CubeIDE_1.14.1\STM32CubeIDE\plugins\com.st.stm32cube.common.mx_6.10.0.202311202037\\db\/mcu/
2024-03-12 18:32:18,235 [INFO] ApiDb:274 - Set plugin database path to: C:\ST\STM32CubeIDE_1.14.1\STM32CubeIDE\plugins\com.st.stm32cube.common.mx_6.10.0.202311202037\\db\/plugins/boardmanager/
2024-03-12 18:32:18,235 [INFO] ApiDb:261 - Set plugin images path to: C:\ST\STM32CubeIDE_1.14.1\STM32CubeIDE\plugins\com.st.stm32cube.common.mx_6.10.0.202311202037\\db\/plugins/mcufinder/images/
2024-03-12 18:32:18,235 [WARN] DbFile:41 - Overriding database path with different value: C:\Users\harry\.stmcufinder\plugins\mcufinder/ => C:\Users\harry\.stmcufinder\plugins\mcufinder
2024-03-12 18:32:18,236 [INFO] ApiDb:250 - Set database path to: C:\Users\harry\.stmcufinder\plugins\mcufinder//mcu/
2024-03-12 18:32:18,236 [WARN] DbFile:41 - Overriding database path with different value: C:\Users\harry\.stmcufinder\plugins\mcufinder/ => C:\Users\harry\.stmcufinder\plugins\mcufinder
2024-03-12 18:32:18,236 [INFO] DbMcusAds:125 - Set database path to: C:\Users\harry\.stmcufinder\plugins\mcufinder//mcu/
2024-03-12 18:32:18,236 [WARN] DbFile:41 - Overriding database path with different value: C:\Users\harry\.stmcufinder\plugins\mcufinder/ => C:\Users\harry\.stmcufinder\plugins\mcufinder
2024-03-12 18:32:18,236 [WARN] DbFile:41 - Overriding database path with different value: C:\Users\harry\.stmcufinder\plugins\mcufinder/ => C:\Users\harry\.stmcufinder\plugins\mcufinder
2024-03-12 18:32:18,236 [INFO] CrossReferenceDbSqlite:203 - Set database path to: C:\Users\harry\.stmcufinder\plugins\mcufinder//mcu/cs/
2024-03-12 18:32:18,250 [INFO] ApplicationProperties:184 - Using Application install path: C:\ST\STM32CubeIDE_1.14.1\STM32CubeIDE\plugins\com.st.stm32cube.common.mx_6.10.0.202311202037
2024-03-12 18:32:18,251 [INFO] PluginManage:196 - Search for loadable plugins [exclusion list=, ]
2024-03-12 18:32:18,253 [INFO] PluginManage:310 - Check plugin analytics
2024-03-12 18:32:18,366 [INFO] AnalyticsPlugin:253 - Accepted Software Licenses: 
2024-03-12 18:32:18,366 [INFO] AnalyticsPlugin:255 - Accepted CMSIS Pack Licenses: 
2024-03-12 18:32:18,366 [INFO] AnalyticsPlugin:257 - Accepted Firmware Licenses: 
2024-03-12 18:32:18,368 [INFO] PluginManage:359 - Loaded plugin analytics (category:tool,tabindex:-1)
2024-03-12 18:32:18,368 [INFO] PluginManage:310 - Check plugin cadmodel
2024-03-12 18:32:18,382 [INFO] CADModel:105 - Init CAD model plugin
2024-03-12 18:32:18,382 [INFO] PluginManage:359 - Loaded plugin cadmodel (category:power,tabindex:5)
2024-03-12 18:32:18,382 [INFO] PluginManage:310 - Check plugin clock
2024-03-12 18:32:18,401 [INFO] PluginManage:359 - Loaded plugin clock (category:base,tabindex:2)
2024-03-12 18:32:18,401 [INFO] PluginManage:310 - Check plugin ddr
2024-03-12 18:32:18,402 [INFO] PluginManage:359 - Loaded plugin ddr (category:tool,tabindex:6)
2024-03-12 18:32:18,402 [INFO] PluginManage:310 - Check plugin filemanager
2024-03-12 18:32:18,514 [INFO] PluginManage:359 - Loaded plugin filemanager (category:base,tabindex:10)
2024-03-12 18:32:18,514 [INFO] PluginManage:310 - Check plugin ipmanager
2024-03-12 18:32:18,521 [INFO] PluginManage:359 - Loaded plugin ipmanager (category:base,tabindex:5)
2024-03-12 18:32:18,521 [INFO] PluginManage:310 - Check plugin lpbam
2024-03-12 18:32:18,541 [INFO] PluginManage:359 - Loaded plugin lpbam (category:base,tabindex:0)
2024-03-12 18:32:18,541 [INFO] PluginManage:310 - Check plugin memorymap
2024-03-12 18:32:18,560 [INFO] PluginManage:359 - Loaded plugin memorymap (category:base,tabindex:4)
2024-03-12 18:32:18,560 [INFO] PluginManage:310 - Check plugin pinoutandconfiguration
2024-03-12 18:32:18,571 [INFO] PluginManage:359 - Loaded plugin pinoutandconfiguration (category:base,tabindex:1)
2024-03-12 18:32:18,571 [INFO] PluginManage:310 - Check plugin pinoutconfig
2024-03-12 18:32:18,634 [WARN] SupportedApi:132 - Cannot load RTOS API schema: s4s-elt-must-match.1: The content of 'definitions' must match (annotation?, (simpleType | complexType)?, (unique | key | keyref)*)). A problem was found starting at: attribute.
2024-03-12 18:32:18,721 [INFO] PluginManage:359 - Loaded plugin pinoutconfig (category:base,tabindex:0)
2024-03-12 18:32:18,721 [INFO] PluginManage:310 - Check plugin power
2024-03-12 18:32:18,737 [INFO] PluginManage:359 - Loaded plugin power (category:power,tabindex:4)
2024-03-12 18:32:18,737 [INFO] PluginManage:310 - Check plugin projectmanager
2024-03-12 18:32:18,748 [INFO] PluginManage:359 - Loaded plugin projectmanager (category:projectmanager,tabindex:3)
2024-03-12 18:32:18,748 [INFO] PluginManage:310 - Check plugin thirdparty
2024-03-12 18:32:18,909 [INFO] PluginManage:359 - Loaded plugin thirdparty (category:base,tabindex:-1)
2024-03-12 18:32:18,909 [INFO] PluginManage:310 - Check plugin tools
2024-03-12 18:32:18,909 [WARN] IntegrityCheckThread:84 - waiting for thirdparty lock release [integrity check]
2024-03-12 18:32:18,909 [INFO] IntegrityCheckThread:86 - entering critical section [integrity check]
2024-03-12 18:32:18,909 [INFO] ThirdPartyUpdaterWithRetryManager:70 - Updater plugin not ready yet. [1/15]
2024-03-12 18:32:18,932 [INFO] PluginManage:359 - Loaded plugin tools (category:base,tabindex:7)
2024-03-12 18:32:18,932 [INFO] PluginManage:310 - Check plugin tutovideos
2024-03-12 18:32:19,070 [INFO] PluginManage:359 - Loaded plugin tutovideos (category:base,tabindex:-1)
2024-03-12 18:32:19,071 [INFO] PluginManage:310 - Check plugin updater
2024-03-12 18:32:19,079 [INFO] PluginManage:359 - Loaded plugin updater (category:base,tabindex:12)
2024-03-12 18:32:19,079 [INFO] PluginManage:310 - Check plugin userauth
2024-03-12 18:32:19,084 [INFO] UserAuth:114 - Init User Auth plugin
2024-03-12 18:32:19,084 [INFO] PluginManage:359 - Loaded plugin userauth (category:base,tabindex:14)
2024-03-12 18:32:19,084 [INFO] PluginManage:283 - PluginManage : Loaded plugins [17]
2024-03-12 18:32:19,273 [INFO] PinOutPanel:1499 - setPackage(No Configuration,No Configuration)
2024-03-12 18:32:19,332 [INFO] CADModel:165 - CPN selected for project level
2024-03-12 18:32:19,332 [INFO] CADModel:114 - Register for checkConnection events
2024-03-12 18:32:19,355 [INFO] IPUIPlugin:80 - create IPUIPlugin
2024-03-12 18:32:19,355 [INFO] PluginManager:220 - loadIPPluginJar : add adc
2024-03-12 18:32:19,380 [INFO] IPUIPlugin:80 - create IPUIPlugin
2024-03-12 18:32:19,380 [INFO] PluginManager:220 - loadIPPluginJar : add aes
2024-03-12 18:32:19,409 [INFO] IPUIPlugin:80 - create IPUIPlugin
2024-03-12 18:32:19,409 [INFO] PluginManager:220 - loadIPPluginJar : add can
2024-03-12 18:32:19,426 [INFO] IPUIPlugin:80 - create IPUIPlugin
2024-03-12 18:32:19,426 [INFO] PluginManager:220 - loadIPPluginJar : add comp
2024-03-12 18:32:19,452 [INFO] IPUIPlugin:80 - create IPUIPlugin
2024-03-12 18:32:19,452 [INFO] PluginManager:220 - loadIPPluginJar : add cryp
2024-03-12 18:32:19,472 [INFO] IPUIPlugin:80 - create IPUIPlugin
2024-03-12 18:32:19,472 [INFO] PluginManager:220 - loadIPPluginJar : add dfsdm
2024-03-12 18:32:19,483 [INFO] IPUIPlugin:80 - create IPUIPlugin
2024-03-12 18:32:19,484 [INFO] PluginManager:220 - loadIPPluginJar : add dma
2024-03-12 18:32:19,516 [INFO] IPUIPlugin:80 - create IPUIPlugin
2024-03-12 18:32:19,516 [INFO] PluginManager:220 - loadIPPluginJar : add dma3
2024-03-12 18:32:19,530 [INFO] IPUIPlugin:80 - create IPUIPlugin
2024-03-12 18:32:19,530 [INFO] PluginManager:220 - loadIPPluginJar : add fatfs
2024-03-12 18:32:19,565 [INFO] IPUIPlugin:80 - create IPUIPlugin
2024-03-12 18:32:19,565 [INFO] PluginManager:220 - loadIPPluginJar : add fmc
2024-03-12 18:32:19,578 [INFO] IPUIPlugin:80 - create IPUIPlugin
2024-03-12 18:32:19,578 [INFO] PluginManager:220 - loadIPPluginJar : add freertos
2024-03-12 18:32:19,595 [INFO] IPUIPlugin:80 - create IPUIPlugin
2024-03-12 18:32:19,596 [INFO] PluginManager:220 - loadIPPluginJar : add genericplugin
2024-03-12 18:32:19,655 [INFO] IPUIPlugin:80 - create IPUIPlugin
2024-03-12 18:32:19,655 [INFO] PluginManager:220 - loadIPPluginJar : add gfxmmu
2024-03-12 18:32:19,741 [INFO] IPUIPlugin:80 - create IPUIPlugin
2024-03-12 18:32:19,741 [INFO] PluginManager:220 - loadIPPluginJar : add gic
2024-03-12 18:32:19,753 [INFO] IPUIPlugin:80 - create IPUIPlugin
2024-03-12 18:32:19,753 [INFO] PluginManager:220 - loadIPPluginJar : add gpio
2024-03-12 18:32:19,818 [INFO] IPUIPlugin:80 - create IPUIPlugin
2024-03-12 18:32:19,818 [INFO] PluginManager:220 - loadIPPluginJar : add gtzc
2024-03-12 18:32:19,842 [INFO] IPUIPlugin:80 - create IPUIPlugin
2024-03-12 18:32:19,842 [INFO] PluginManager:220 - loadIPPluginJar : add hash
2024-03-12 18:32:19,877 [INFO] IPUIPlugin:80 - create IPUIPlugin
2024-03-12 18:32:19,877 [INFO] PluginManager:220 - loadIPPluginJar : add i2c
2024-03-12 18:32:19,904 [INFO] IPUIPlugin:80 - create IPUIPlugin
2024-03-12 18:32:19,904 [INFO] PluginManager:220 - loadIPPluginJar : add i2s
2024-03-12 18:32:19,933 [INFO] IPUIPlugin:80 - create IPUIPlugin
2024-03-12 18:32:19,933 [INFO] PluginManager:220 - loadIPPluginJar : add i3c
2024-03-12 18:32:20,001 [INFO] IPUIPlugin:80 - create IPUIPlugin
2024-03-12 18:32:20,001 [INFO] PluginManager:220 - loadIPPluginJar : add ipddr
2024-03-12 18:32:20,058 [INFO] IPUIPlugin:80 - create IPUIPlugin
2024-03-12 18:32:20,058 [INFO] PluginManager:220 - loadIPPluginJar : add linkedlist
2024-03-12 18:32:20,081 [INFO] IPUIPlugin:80 - create IPUIPlugin
2024-03-12 18:32:20,081 [INFO] PluginManager:220 - loadIPPluginJar : add lorawan
2024-03-12 18:32:20,106 [INFO] IPUIPlugin:80 - create IPUIPlugin
2024-03-12 18:32:20,106 [INFO] PluginManager:220 - loadIPPluginJar : add ltdc
2024-03-12 18:32:20,118 [INFO] IPUIPlugin:80 - create IPUIPlugin
2024-03-12 18:32:20,118 [INFO] PluginManager:220 - loadIPPluginJar : add mdma
2024-03-12 18:32:20,128 [INFO] IPUIPlugin:80 - create IPUIPlugin
2024-03-12 18:32:20,128 [INFO] PluginManager:220 - loadIPPluginJar : add nvic
2024-03-12 18:32:20,151 [INFO] IPUIPlugin:80 - create IPUIPlugin
2024-03-12 18:32:20,151 [INFO] PluginManager:220 - loadIPPluginJar : add opamp
2024-03-12 18:32:20,219 [INFO] IPUIPlugin:80 - create IPUIPlugin
2024-03-12 18:32:20,219 [INFO] PluginManager:220 - loadIPPluginJar : add openamp
2024-03-12 18:32:20,251 [INFO] IPUIPlugin:80 - create IPUIPlugin
2024-03-12 18:32:20,252 [INFO] PluginManager:220 - loadIPPluginJar : add pdm2pcm
2024-03-12 18:32:20,262 [INFO] IPUIPlugin:80 - create IPUIPlugin
2024-03-12 18:32:20,263 [INFO] PluginManager:220 - loadIPPluginJar : add plateformsettings
2024-03-12 18:32:20,279 [INFO] IPUIPlugin:80 - create IPUIPlugin
2024-03-12 18:32:20,280 [INFO] PluginManager:220 - loadIPPluginJar : add quadspi
2024-03-12 18:32:20,289 [INFO] IPUIPlugin:80 - create IPUIPlugin
2024-03-12 18:32:20,289 [INFO] PluginManager:220 - loadIPPluginJar : add resmgrutility
2024-03-12 18:32:20,323 [INFO] IPUIPlugin:80 - create IPUIPlugin
2024-03-12 18:32:20,323 [INFO] PluginManager:220 - loadIPPluginJar : add sai
2024-03-12 18:32:20,349 [INFO] IPUIPlugin:80 - create IPUIPlugin
2024-03-12 18:32:20,349 [INFO] PluginManager:220 - loadIPPluginJar : add spi
2024-03-12 18:32:20,396 [INFO] IPUIPlugin:80 - create IPUIPlugin
2024-03-12 18:32:20,396 [INFO] PluginManager:220 - loadIPPluginJar : add stm32_wpan
2024-03-12 18:32:20,412 [INFO] IPUIPlugin:80 - create IPUIPlugin
2024-03-12 18:32:20,413 [INFO] PluginManager:220 - loadIPPluginJar : add tim
2024-03-12 18:32:20,451 [INFO] IPUIPlugin:80 - create IPUIPlugin
2024-03-12 18:32:20,451 [INFO] PluginManager:220 - loadIPPluginJar : add touchsensing
2024-03-12 18:32:20,465 [INFO] IPUIPlugin:80 - create IPUIPlugin
2024-03-12 18:32:20,466 [INFO] PluginManager:220 - loadIPPluginJar : add tracer_emb
2024-03-12 18:32:20,482 [INFO] IPUIPlugin:80 - create IPUIPlugin
2024-03-12 18:32:20,482 [INFO] PluginManager:220 - loadIPPluginJar : add ts
2024-03-12 18:32:20,498 [INFO] IPUIPlugin:80 - create IPUIPlugin
2024-03-12 18:32:20,498 [INFO] PluginManager:220 - loadIPPluginJar : add tsc
2024-03-12 18:32:20,513 [INFO] IPUIPlugin:80 - create IPUIPlugin
2024-03-12 18:32:20,513 [INFO] PluginManager:220 - loadIPPluginJar : add ucpd
2024-03-12 18:32:20,543 [INFO] IPUIPlugin:80 - create IPUIPlugin
2024-03-12 18:32:20,543 [INFO] PluginManager:220 - loadIPPluginJar : add usart
2024-03-12 18:32:20,576 [INFO] IPUIPlugin:80 - create IPUIPlugin
2024-03-12 18:32:20,576 [INFO] PluginManager:220 - loadIPPluginJar : add usbx
2024-03-12 18:32:20,688 [INFO] CADModel:165 - CPN selected for project level
2024-03-12 18:32:20,688 [INFO] CADModel:114 - Register for checkConnection events
2024-03-12 18:32:20,688 [FATAL] Updater:308 - Updater called before beeing initialized
2024-03-12 18:32:20,688 [ERROR] CADModel:125 - Updater not yet initialized, retry later 
2024-03-12 18:32:20,799 [INFO] CADModel:165 - CPN selected for project level
2024-03-12 18:32:20,799 [INFO] CADModel:114 - Register for checkConnection events
2024-03-12 18:32:20,799 [FATAL] Updater:308 - Updater called before beeing initialized
2024-03-12 18:32:20,799 [ERROR] CADModel:125 - Updater not yet initialized, retry later 
2024-03-12 18:32:20,802 [FATAL] Updater:308 - Updater called before beeing initialized
2024-03-12 18:32:20,880 [FATAL] Updater:308 - Updater called before beeing initialized
2024-03-12 18:32:20,887 [INFO] DbMcusAds:53 - JSON generation date=Wed Nov 29 18:52:27 CST 2023 (1701255147349)
2024-03-12 18:32:20,887 [FATAL] Updater:308 - Updater called before beeing initialized
2024-03-12 18:32:20,947 [WARN] DetailPanel:346 - Failed to get advertising image, set to default
2024-03-12 18:32:21,056 [FATAL] Updater:308 - Updater called before beeing initialized
2024-03-12 18:32:21,060 [FATAL] Updater:308 - Updater called before beeing initialized
2024-03-12 18:32:21,060 [FATAL] Updater:308 - Updater called before beeing initialized
2024-03-12 18:32:21,060 [WARN] DetailPanel:346 - Failed to get advertising image, set to default
2024-03-12 18:32:21,061 [FATAL] Updater:308 - Updater called before beeing initialized
2024-03-12 18:32:21,121 [ERROR] Updater:1120 - MainUpdater not yet initialized. External WinMGr cannot be set.
2024-03-12 18:32:21,128 [INFO] Updater:1056 - Updater Version found : 6.10.0
2024-03-12 18:32:21,145 [INFO] ApplicationProperties:184 - Using Application install path: C:\ST\STM32CubeIDE_1.14.1\STM32CubeIDE\plugins\com.st.stm32cube.common.mx_6.10.0.202311202037
2024-03-12 18:32:21,911 [INFO] ThirdPartyUpdaterWithRetryManager:70 - Updater plugin not ready yet. [2/15]
2024-03-12 18:32:22,756 [ERROR] LogOutputStream:75 - [STDERR_REDIRECT] Mar 12, 2024 6:32:22 PM java.util.prefs.WindowsPreferences <init>
2024-03-12 18:32:22,757 [ERROR] LogOutputStream:75 - [STDERR_REDIRECT] WARNING: Could not open/create prefs root node Software\JavaSoft\Prefs at root 0xffffffff80000002. Windows RegCreateKeyEx(...) returned error code 5.
2024-03-12 18:32:22,757 [ERROR] LogOutputStream:75 - [STDERR_REDIRECT] 
2024-03-12 18:32:22,973 [INFO] MainUpdater:2873 - connection check result : 10
2024-03-12 18:32:22,974 [INFO] MainUpdater:290 - Updater Check For Update Now.
2024-03-12 18:32:22,974 [INFO] MicroXplorer:498 - Change Database Version : DB.6.0.100
2024-03-12 18:32:22,986 [INFO] McuFinderGlobals:63 - Set McuFinder mode to 2 (CubeIDE integrated)
2024-03-12 18:32:22,986 [INFO] UserAuth:180 - activating auth plugin
2024-03-12 18:32:22,988 [INFO] UserAuth:404 - Internet connection configuration mode: 1
2024-03-12 18:32:23,017 [INFO] JxBrowserEngine:152 - Initiate JxBrowser Engine with user profile folder
2024-03-12 18:32:23,159 [INFO] CheckServerUpdateThread:120 - End of CheckServer Thread
2024-03-12 18:32:25,426 [WARN] PackLoader:240 - Cannot read IP mode file for STMicroelectronics.X-CUBE-SMBUS.2.1.0
2024-03-12 18:32:25,438 [WARN] PackLoader:240 - Cannot read IP mode file for STMicroelectronics.X-CUBE-TOUCHGFX.4.23.0
2024-03-12 18:32:25,471 [WARN] PackLoader:240 - Cannot read IP mode file for STMicroelectronics.X-CUBE-AZRTOS-F7.1.1.0
2024-03-12 18:32:25,488 [WARN] PackLoader:240 - Cannot read IP mode file for STMicroelectronics.FP-SNS-MOTENV1.4.3.2
2024-03-12 18:32:25,505 [WARN] PackLoader:240 - Cannot read IP mode file for STMicroelectronics.FP-SNS-FLIGHT1.5.0.2
2024-03-12 18:32:25,522 [WARN] PackLoader:240 - Cannot read IP mode file for STMicroelectronics.X-CUBE-DISPLAY.3.0.0
2024-03-12 18:32:25,542 [WARN] PackLoader:240 - Cannot read IP mode file for STMicroelectronics.X-CUBE-BLE1.7.0.0
2024-03-12 18:32:25,556 [WARN] PackLoader:240 - Cannot read IP mode file for emotas.I-CUBE-CANOPEN.1.3.0
2024-03-12 18:32:25,579 [WARN] PackLoader:240 - Cannot read IP mode file for STMicroelectronics.X-CUBE-BLEMGR.3.1.0
2024-03-12 18:32:25,586 [INFO] WebApp:161 - Instantiating new browser for Auth
2024-03-12 18:32:25,601 [WARN] PackLoader:240 - Cannot read IP mode file for STMicroelectronics.FP-SNS-SMARTAG2.1.2.0
2024-03-12 18:32:25,630 [INFO] LogOutputStream:77 - [STDOUT_REDIRECT] 1 : Invalid condition id : UX_CORESTACK_Condition cause : null
2024-03-12 18:32:25,630 [INFO] LogOutputStream:77 - [STDOUT_REDIRECT] 1 : Invalid condition id : UX_CORESTACK_Condition cause : null
2024-03-12 18:32:25,631 [INFO] LogOutputStream:77 - [STDOUT_REDIRECT] 1 : Invalid condition id : UX_CORESTACK_Condition cause : null
2024-03-12 18:32:25,632 [INFO] LogOutputStream:77 - [STDOUT_REDIRECT] 1 : Invalid condition id : UX_CORESTACK_Condition cause : null
2024-03-12 18:32:25,633 [INFO] LogOutputStream:77 - [STDOUT_REDIRECT] 1 : Invalid condition id : UX_CORESTACK_Condition cause : null
2024-03-12 18:32:25,635 [WARN] PackLoader:240 - Cannot read IP mode file for STMicroelectronics.X-CUBE-AZRTOS-WL.2.0.0
2024-03-12 18:32:25,651 [WARN] PackLoader:240 - Cannot read IP mode file for WES.I-CUBE-Cesium.1.3.0
2024-03-12 18:32:25,662 [WARN] PackLoader:240 - Cannot read IP mode file for STMicroelectronics.X-CUBE-BLE2.3.3.0
2024-03-12 18:32:25,677 [WARN] PackLoader:240 - Cannot read IP mode file for STMicroelectronics.X-CUBE-ALGOBUILD.1.3.0
2024-03-12 18:32:25,702 [WARN] PackLoader:240 - Cannot read IP mode file for STMicroelectronics.X-CUBE-AZRTOS-G0.1.1.0
2024-03-12 18:32:25,722 [WARN] PackLoader:240 - Cannot read IP mode file for STMicroelectronics.X-CUBE-NFC4.3.0.0
2024-03-12 18:32:25,736 [WARN] PackLoader:240 - Cannot read IP mode file for STMicroelectronics.FP-ATR-SIGFOX1.3.2.0
2024-03-12 18:32:25,757 [WARN] PackLoader:240 - Cannot read IP mode file for STMicroelectronics.X-CUBE-EEPRMA1.5.1.0
2024-03-12 18:32:25,807 [WARN] PackLoader:240 - Cannot read IP mode file for SEGGER.I-CUBE-embOS.1.3.1
2024-03-12 18:32:25,854 [WARN] PackLoader:240 - Cannot read IP mode file for STMicroelectronics.X-CUBE-GNSS1.6.0.0
2024-03-12 18:32:25,890 [WARN] PackLoader:240 - Cannot read IP mode file for STMicroelectronics.X-CUBE-AZRTOS-F4.1.1.0
2024-03-12 18:32:25,910 [WARN] PackLoader:240 - Cannot read IP mode file for wolfSSL.I-CUBE-wolfSSL.5.6.6
2024-03-12 18:32:25,938 [WARN] PackLoader:240 - Cannot read IP mode file for STMicroelectronics.X-CUBE-AZRTOS-L5.2.0.0
2024-03-12 18:32:25,955 [WARN] PackLoader:240 - Cannot read IP mode file for ITTIA_DB.I-CUBE-ITTIADB.8.8.0
2024-03-12 18:32:25,973 [WARN] PackLoader:240 - Cannot read IP mode file for STMicroelectronics.X-CUBE-NFC7.1.0.1
2024-03-12 18:32:25,987 [WARN] PackLoader:240 - Cannot read IP mode file for STMicroelectronics.X-CUBE-NFC6.3.0.0
2024-03-12 18:32:26,002 [WARN] PackLoader:240 - Cannot read IP mode file for STMicroelectronics.X-CUBE-AI.8.1.0
2024-03-12 18:32:26,026 [WARN] ConditionMgr:438 - getConditionDescription Invalid condition id : LAN8742 Phy interface Condition cause : null
2024-03-12 18:32:26,026 [WARN] PackLoader:240 - Cannot read IP mode file for STMicroelectronics.X-CUBE-AZRTOS-L4.2.0.0
2024-03-12 18:32:26,027 [WARN] ConditionMgr:1039 - genDependencies : Invalid condition id : LAN8742 Phy interface Condition cause : null
2024-03-12 18:32:26,028 [WARN] ConditionMgr:1039 - genDependencies : Invalid condition id : LAN8742 Phy interface Condition cause : null
2024-03-12 18:32:26,028 [WARN] ConditionMgr:1039 - genDependencies : Invalid condition id : LAN8742 Phy interface Condition cause : null
2024-03-12 18:32:26,046 [WARN] PackLoader:240 - Cannot read IP mode file for STMicroelectronics.X-CUBE-SFXS2LP1.4.0.0
2024-03-12 18:32:26,068 [WARN] ConditionMgr:438 - getConditionDescription Invalid condition id : UX DEVICE CLASS RTOS Condition cause : null
2024-03-12 18:32:26,069 [WARN] ConditionMgr:438 - getConditionDescription Invalid condition id : UX DEVICE CLASS RTOS Condition cause : null
2024-03-12 18:32:26,070 [WARN] PackLoader:240 - Cannot read IP mode file for STMicroelectronics.X-CUBE-AZRTOS-WB.2.0.0
2024-03-12 18:32:26,071 [WARN] ConditionMgr:1039 - genDependencies : Invalid condition id : UX DEVICE CLASS RTOS Condition cause : null
2024-03-12 18:32:26,071 [WARN] ConditionMgr:1039 - genDependencies : Invalid condition id : UX DEVICE CLASS RTOS Condition cause : null
2024-03-12 18:32:26,071 [WARN] ConditionMgr:1039 - genDependencies : Invalid condition id : UX DEVICE CLASS RTOS Condition cause : null
2024-03-12 18:32:26,072 [WARN] ConditionMgr:1039 - genDependencies : Invalid condition id : UX DEVICE CLASS RTOS Condition cause : null
2024-03-12 18:32:26,072 [WARN] ConditionMgr:1039 - genDependencies : Invalid condition id : UX DEVICE CLASS RTOS Condition cause : null
2024-03-12 18:32:26,093 [WARN] PackLoader:240 - Cannot read IP mode file for STMicroelectronics.X-CUBE-SUBG2.5.0.0
2024-03-12 18:32:26,128 [WARN] PackLoader:240 - Cannot read IP mode file for STMicroelectronics.X-CUBE-AZRTOS-G4.2.0.0
2024-03-12 18:32:26,151 [WARN] PackLoader:240 - Cannot read IP mode file for Infineon.AIROC-Wi-Fi-Bluetooth-STM32.1.5.1
2024-03-12 18:32:26,171 [WARN] PackLoader:240 - Cannot read IP mode file for STMicroelectronics.FP-SNS-MOTENVWB1.1.3.1
2024-03-12 18:32:26,186 [WARN] PackLoader:240 - Cannot read IP mode file for STMicroelectronics.X-CUBE-ISPU.2.0.0
2024-03-12 18:32:26,227 [WARN] PackLoader:240 - Cannot read IP mode file for STMicroelectronics.X-CUBE-MEMS1.10.0.0
2024-03-12 18:32:26,311 [WARN] PackLoader:240 - Cannot read IP mode file for STMicroelectronics.X-CUBE-FREERTOS.1.1.0
2024-03-12 18:32:26,330 [WARN] PackLoader:240 - Cannot read IP mode file for portGmbH.I-Cube-SoM-uGOAL.1.1.0
2024-03-12 18:32:26,346 [INFO] WebApp:780 - Register for checkConnection events
2024-03-12 18:32:26,347 [INFO] WebApp:414 - Apply proxy settings
2024-03-12 18:32:26,347 [INFO] WebApp:499 - Chromium requires no authentication
2024-03-12 18:32:26,347 [WARN] PackLoader:240 - Cannot read IP mode file for STMicroelectronics.X-CUBE-ALS.1.0.1
2024-03-12 18:32:26,362 [INFO] WebApp:442 - Direct internet connection detected
2024-03-12 18:32:26,363 [WARN] PackLoader:240 - Cannot read IP mode file for STMicroelectronics.FP-ATR-ASTRA1.2.0.0
2024-03-12 18:32:26,397 [WARN] PackLoader:240 - Cannot read IP mode file for STMicroelectronics.X-CUBE-TOF1.3.4.1
2024-03-12 18:32:26,438 [WARN] PackLoader:240 - Cannot read IP mode file for STMicroelectronics.X-CUBE-AZRTOS-H7.3.2.0
2024-03-12 18:32:26,441 [INFO] ThirdParty:978 - Integrity check success = true
2024-03-12 18:32:26,441 [INFO] IntegrityCheckThread:100 - exiting critical section [integrity check]
2024-03-12 18:32:26,441 [INFO] IntegrityCheckThread:103 - End integrity checks thread
2024-03-12 18:32:26,610 [INFO] WebApp:192 - Starting web application
2024-03-12 18:32:26,610 [INFO] WebApp:544 - Web application path used C:\ST\STM32CubeIDE_1.14.1\STM32CubeIDE\plugins\com.st.stm32cube.common.mx_6.10.0.202311202037\db\plugins\mcufinder\reactClient1\index.html
2024-03-12 18:32:47,306 [ERROR] LogOutputStream:75 - [STDERR_REDIRECT] SLF4J: Failed to load class "org.slf4j.impl.StaticLoggerBinder".
2024-03-12 18:32:47,307 [ERROR] LogOutputStream:75 - [STDERR_REDIRECT] SLF4J: Defaulting to no-operation (NOP) logger implementation
2024-03-12 18:32:47,308 [ERROR] LogOutputStream:75 - [STDERR_REDIRECT] SLF4J: See http://www.slf4j.org/codes.html#StaticLoggerBinder for further details.
2024-03-12 18:34:54,982 [INFO] LogOutputStream:77 - [STDOUT_REDIRECT] StartTraceHandler.execute(), success : Collect=false
2024-03-12 18:35:15,704 [INFO] LogOutputStream:77 - [STDOUT_REDIRECT] StartTraceHandler.execute(), success : Collect=true
2024-03-12 18:35:17,824 [INFO] LogOutputStream:77 - [STDOUT_REDIRECT] StartTraceHandler.execute(), success : Collect=false
2024-03-12 18:35:18,868 [INFO] LogOutputStream:77 - [STDOUT_REDIRECT] StartTraceHandler.execute(), success : Collect=true
2024-03-12 22:21:22,791 [INFO] WebApp:354 - JxBrowser engine has been closed 
