2024-05-06 15:21:10,705 [INFO] Activator:176 - 


2024-05-06 15:21:10,708 [INFO] Activator:177 - !SESSION log4j initialized
2024-05-06 15:21:15,129 [INFO] LogOutputStream:77 - [STDOUT_REDIRECT] 
2024-05-06 15:21:16,776 [INFO] ApplicationProperties:184 - Using Application install path: C:\ST\STM32CubeIDE_1.14.1\STM32CubeIDE\plugins\com.st.stm32cube.common.mx_6.10.0.202311202037
2024-05-06 15:21:16,789 [INFO] DbMcusXml:78 - Set database path to: C:\ST\STM32CubeIDE_1.14.1\STM32CubeIDE\plugins\com.st.stm32cube.common.mx_6.10.0.202311202037\\db\/mcu/
2024-05-06 15:21:16,790 [INFO] ApiDb:274 - Set plugin database path to: C:\ST\STM32CubeIDE_1.14.1\STM32CubeIDE\plugins\com.st.stm32cube.common.mx_6.10.0.202311202037\\db\/plugins/boardmanager/
2024-05-06 15:21:16,793 [WARN] ApiDb:259 - Overriding images path with different value:  => C:\ST\STM32CubeIDE_1.14.1\STM32CubeIDE\plugins\com.st.stm32cube.common.mx_6.10.0.202311202037\\db\/plugins/mcufinder/images/
2024-05-06 15:21:16,800 [INFO] ApiDb:250 - Set database path to: C:\Users\harry\.stmcufinder\plugins\mcufinder//mcu/
2024-05-06 15:21:16,801 [INFO] DbMcusAds:125 - Set database path to: C:\Users\harry\.stmcufinder\plugins\mcufinder//mcu/
2024-05-06 15:21:16,802 [INFO] CrossReferenceDbSqlite:203 - Set database path to: C:\Users\harry\.stmcufinder\plugins\mcufinder//mcu/cs/
2024-05-06 15:21:16,882 [INFO] RulesReader:64 - Compatibility file has been processed (297 Rules)
2024-05-06 15:21:16,945 [INFO] DbMcusXml:78 - Set database path to: C:\ST\STM32CubeIDE_1.14.1\STM32CubeIDE\plugins\com.st.stm32cube.common.mx_6.10.0.202311202037\\db\/mcu/
2024-05-06 15:21:16,946 [INFO] ApiDb:274 - Set plugin database path to: C:\ST\STM32CubeIDE_1.14.1\STM32CubeIDE\plugins\com.st.stm32cube.common.mx_6.10.0.202311202037\\db\/plugins/boardmanager/
2024-05-06 15:21:16,946 [INFO] ApiDb:261 - Set plugin images path to: C:\ST\STM32CubeIDE_1.14.1\STM32CubeIDE\plugins\com.st.stm32cube.common.mx_6.10.0.202311202037\\db\/plugins/mcufinder/images/
2024-05-06 15:21:16,946 [WARN] DbFile:41 - Overriding database path with different value: C:\Users\harry\.stmcufinder\plugins\mcufinder/ => C:\Users\harry\.stmcufinder\plugins\mcufinder
2024-05-06 15:21:16,946 [INFO] ApiDb:250 - Set database path to: C:\Users\harry\.stmcufinder\plugins\mcufinder//mcu/
2024-05-06 15:21:16,946 [WARN] DbFile:41 - Overriding database path with different value: C:\Users\harry\.stmcufinder\plugins\mcufinder/ => C:\Users\harry\.stmcufinder\plugins\mcufinder
2024-05-06 15:21:16,946 [INFO] DbMcusAds:125 - Set database path to: C:\Users\harry\.stmcufinder\plugins\mcufinder//mcu/
2024-05-06 15:21:16,946 [WARN] DbFile:41 - Overriding database path with different value: C:\Users\harry\.stmcufinder\plugins\mcufinder/ => C:\Users\harry\.stmcufinder\plugins\mcufinder
2024-05-06 15:21:16,946 [WARN] DbFile:41 - Overriding database path with different value: C:\Users\harry\.stmcufinder\plugins\mcufinder/ => C:\Users\harry\.stmcufinder\plugins\mcufinder
2024-05-06 15:21:16,946 [INFO] CrossReferenceDbSqlite:203 - Set database path to: C:\Users\harry\.stmcufinder\plugins\mcufinder//mcu/cs/
2024-05-06 15:21:17,001 [INFO] MainPanel:264 - HeapMemory: 268435456
2024-05-06 15:21:17,071 [INFO] DbMcusXml:78 - Set database path to: C:\ST\STM32CubeIDE_1.14.1\STM32CubeIDE\plugins\com.st.stm32cube.common.mx_6.10.0.202311202037\\db\/mcu/
2024-05-06 15:21:17,071 [INFO] ApiDb:274 - Set plugin database path to: C:\ST\STM32CubeIDE_1.14.1\STM32CubeIDE\plugins\com.st.stm32cube.common.mx_6.10.0.202311202037\\db\/plugins/boardmanager/
2024-05-06 15:21:17,071 [INFO] ApiDb:261 - Set plugin images path to: C:\ST\STM32CubeIDE_1.14.1\STM32CubeIDE\plugins\com.st.stm32cube.common.mx_6.10.0.202311202037\\db\/plugins/mcufinder/images/
2024-05-06 15:21:17,071 [WARN] DbFile:41 - Overriding database path with different value: C:\Users\harry\.stmcufinder\plugins\mcufinder/ => C:\Users\harry\.stmcufinder\plugins\mcufinder
2024-05-06 15:21:17,071 [INFO] ApiDb:250 - Set database path to: C:\Users\harry\.stmcufinder\plugins\mcufinder//mcu/
2024-05-06 15:21:17,071 [WARN] DbFile:41 - Overriding database path with different value: C:\Users\harry\.stmcufinder\plugins\mcufinder/ => C:\Users\harry\.stmcufinder\plugins\mcufinder
2024-05-06 15:21:17,071 [INFO] DbMcusAds:125 - Set database path to: C:\Users\harry\.stmcufinder\plugins\mcufinder//mcu/
2024-05-06 15:21:17,071 [WARN] DbFile:41 - Overriding database path with different value: C:\Users\harry\.stmcufinder\plugins\mcufinder/ => C:\Users\harry\.stmcufinder\plugins\mcufinder
2024-05-06 15:21:17,071 [WARN] DbFile:41 - Overriding database path with different value: C:\Users\harry\.stmcufinder\plugins\mcufinder/ => C:\Users\harry\.stmcufinder\plugins\mcufinder
2024-05-06 15:21:17,072 [INFO] CrossReferenceDbSqlite:203 - Set database path to: C:\Users\harry\.stmcufinder\plugins\mcufinder//mcu/cs/
2024-05-06 15:21:17,085 [INFO] ApplicationProperties:184 - Using Application install path: C:\ST\STM32CubeIDE_1.14.1\STM32CubeIDE\plugins\com.st.stm32cube.common.mx_6.10.0.202311202037
2024-05-06 15:21:17,086 [INFO] PluginManage:196 - Search for loadable plugins [exclusion list=, ]
2024-05-06 15:21:17,087 [INFO] PluginManage:310 - Check plugin analytics
2024-05-06 15:21:17,198 [INFO] AnalyticsPlugin:253 - Accepted Software Licenses: 
2024-05-06 15:21:17,198 [INFO] AnalyticsPlugin:255 - Accepted CMSIS Pack Licenses: 
2024-05-06 15:21:17,198 [INFO] AnalyticsPlugin:257 - Accepted Firmware Licenses: 
2024-05-06 15:21:17,200 [INFO] PluginManage:359 - Loaded plugin analytics (category:tool,tabindex:-1)
2024-05-06 15:21:17,200 [INFO] PluginManage:310 - Check plugin cadmodel
2024-05-06 15:21:17,212 [INFO] CADModel:105 - Init CAD model plugin
2024-05-06 15:21:17,212 [INFO] PluginManage:359 - Loaded plugin cadmodel (category:power,tabindex:5)
2024-05-06 15:21:17,212 [INFO] PluginManage:310 - Check plugin clock
2024-05-06 15:21:17,230 [INFO] PluginManage:359 - Loaded plugin clock (category:base,tabindex:2)
2024-05-06 15:21:17,230 [INFO] PluginManage:310 - Check plugin ddr
2024-05-06 15:21:17,231 [INFO] PluginManage:359 - Loaded plugin ddr (category:tool,tabindex:6)
2024-05-06 15:21:17,232 [INFO] PluginManage:310 - Check plugin filemanager
2024-05-06 15:21:17,334 [INFO] PluginManage:359 - Loaded plugin filemanager (category:base,tabindex:10)
2024-05-06 15:21:17,335 [INFO] PluginManage:310 - Check plugin ipmanager
2024-05-06 15:21:17,341 [INFO] PluginManage:359 - Loaded plugin ipmanager (category:base,tabindex:5)
2024-05-06 15:21:17,341 [INFO] PluginManage:310 - Check plugin lpbam
2024-05-06 15:21:17,358 [INFO] PluginManage:359 - Loaded plugin lpbam (category:base,tabindex:0)
2024-05-06 15:21:17,358 [INFO] PluginManage:310 - Check plugin memorymap
2024-05-06 15:21:17,375 [INFO] PluginManage:359 - Loaded plugin memorymap (category:base,tabindex:4)
2024-05-06 15:21:17,375 [INFO] PluginManage:310 - Check plugin pinoutandconfiguration
2024-05-06 15:21:17,389 [INFO] PluginManage:359 - Loaded plugin pinoutandconfiguration (category:base,tabindex:1)
2024-05-06 15:21:17,389 [INFO] PluginManage:310 - Check plugin pinoutconfig
2024-05-06 15:21:17,457 [WARN] SupportedApi:132 - Cannot load RTOS API schema: s4s-elt-must-match.1: The content of 'definitions' must match (annotation?, (simpleType | complexType)?, (unique | key | keyref)*)). A problem was found starting at: attribute.
2024-05-06 15:21:17,545 [INFO] PluginManage:359 - Loaded plugin pinoutconfig (category:base,tabindex:0)
2024-05-06 15:21:17,545 [INFO] PluginManage:310 - Check plugin power
2024-05-06 15:21:17,560 [INFO] PluginManage:359 - Loaded plugin power (category:power,tabindex:4)
2024-05-06 15:21:17,561 [INFO] PluginManage:310 - Check plugin projectmanager
2024-05-06 15:21:17,573 [INFO] PluginManage:359 - Loaded plugin projectmanager (category:projectmanager,tabindex:3)
2024-05-06 15:21:17,573 [INFO] PluginManage:310 - Check plugin thirdparty
2024-05-06 15:21:17,731 [INFO] PluginManage:359 - Loaded plugin thirdparty (category:base,tabindex:-1)
2024-05-06 15:21:17,731 [WARN] IntegrityCheckThread:84 - waiting for thirdparty lock release [integrity check]
2024-05-06 15:21:17,731 [INFO] PluginManage:310 - Check plugin tools
2024-05-06 15:21:17,731 [INFO] IntegrityCheckThread:86 - entering critical section [integrity check]
2024-05-06 15:21:17,731 [INFO] ThirdPartyUpdaterWithRetryManager:70 - Updater plugin not ready yet. [1/15]
2024-05-06 15:21:17,754 [INFO] PluginManage:359 - Loaded plugin tools (category:base,tabindex:7)
2024-05-06 15:21:17,754 [INFO] PluginManage:310 - Check plugin tutovideos
2024-05-06 15:21:17,917 [INFO] PluginManage:359 - Loaded plugin tutovideos (category:base,tabindex:-1)
2024-05-06 15:21:17,917 [INFO] PluginManage:310 - Check plugin updater
2024-05-06 15:21:17,932 [INFO] PluginManage:359 - Loaded plugin updater (category:base,tabindex:12)
2024-05-06 15:21:17,933 [INFO] PluginManage:310 - Check plugin userauth
2024-05-06 15:21:17,937 [INFO] UserAuth:114 - Init User Auth plugin
2024-05-06 15:21:17,937 [INFO] PluginManage:359 - Loaded plugin userauth (category:base,tabindex:14)
2024-05-06 15:21:17,937 [INFO] PluginManage:283 - PluginManage : Loaded plugins [17]
2024-05-06 15:21:18,088 [INFO] PinOutPanel:1499 - setPackage(No Configuration,No Configuration)
2024-05-06 15:21:18,144 [INFO] CADModel:165 - CPN selected for project level
2024-05-06 15:21:18,144 [INFO] CADModel:114 - Register for checkConnection events
2024-05-06 15:21:18,164 [INFO] IPUIPlugin:80 - create IPUIPlugin
2024-05-06 15:21:18,164 [INFO] PluginManager:220 - loadIPPluginJar : add adc
2024-05-06 15:21:18,188 [INFO] IPUIPlugin:80 - create IPUIPlugin
2024-05-06 15:21:18,188 [INFO] PluginManager:220 - loadIPPluginJar : add aes
2024-05-06 15:21:18,212 [INFO] IPUIPlugin:80 - create IPUIPlugin
2024-05-06 15:21:18,213 [INFO] PluginManager:220 - loadIPPluginJar : add can
2024-05-06 15:21:18,227 [INFO] IPUIPlugin:80 - create IPUIPlugin
2024-05-06 15:21:18,227 [INFO] PluginManager:220 - loadIPPluginJar : add comp
2024-05-06 15:21:18,247 [INFO] IPUIPlugin:80 - create IPUIPlugin
2024-05-06 15:21:18,247 [INFO] PluginManager:220 - loadIPPluginJar : add cryp
2024-05-06 15:21:18,265 [INFO] IPUIPlugin:80 - create IPUIPlugin
2024-05-06 15:21:18,265 [INFO] PluginManager:220 - loadIPPluginJar : add dfsdm
2024-05-06 15:21:18,275 [INFO] IPUIPlugin:80 - create IPUIPlugin
2024-05-06 15:21:18,275 [INFO] PluginManager:220 - loadIPPluginJar : add dma
2024-05-06 15:21:18,304 [INFO] IPUIPlugin:80 - create IPUIPlugin
2024-05-06 15:21:18,304 [INFO] PluginManager:220 - loadIPPluginJar : add dma3
2024-05-06 15:21:18,317 [INFO] IPUIPlugin:80 - create IPUIPlugin
2024-05-06 15:21:18,317 [INFO] PluginManager:220 - loadIPPluginJar : add fatfs
2024-05-06 15:21:18,351 [INFO] IPUIPlugin:80 - create IPUIPlugin
2024-05-06 15:21:18,351 [INFO] PluginManager:220 - loadIPPluginJar : add fmc
2024-05-06 15:21:18,362 [INFO] IPUIPlugin:80 - create IPUIPlugin
2024-05-06 15:21:18,362 [INFO] PluginManager:220 - loadIPPluginJar : add freertos
2024-05-06 15:21:18,374 [INFO] IPUIPlugin:80 - create IPUIPlugin
2024-05-06 15:21:18,374 [INFO] PluginManager:220 - loadIPPluginJar : add genericplugin
2024-05-06 15:21:18,430 [INFO] IPUIPlugin:80 - create IPUIPlugin
2024-05-06 15:21:18,431 [INFO] PluginManager:220 - loadIPPluginJar : add gfxmmu
2024-05-06 15:21:18,508 [INFO] IPUIPlugin:80 - create IPUIPlugin
2024-05-06 15:21:18,509 [INFO] PluginManager:220 - loadIPPluginJar : add gic
2024-05-06 15:21:18,517 [INFO] IPUIPlugin:80 - create IPUIPlugin
2024-05-06 15:21:18,517 [INFO] PluginManager:220 - loadIPPluginJar : add gpio
2024-05-06 15:21:18,571 [INFO] IPUIPlugin:80 - create IPUIPlugin
2024-05-06 15:21:18,572 [INFO] PluginManager:220 - loadIPPluginJar : add gtzc
2024-05-06 15:21:18,590 [INFO] IPUIPlugin:80 - create IPUIPlugin
2024-05-06 15:21:18,590 [INFO] PluginManager:220 - loadIPPluginJar : add hash
2024-05-06 15:21:18,621 [INFO] IPUIPlugin:80 - create IPUIPlugin
2024-05-06 15:21:18,621 [INFO] PluginManager:220 - loadIPPluginJar : add i2c
2024-05-06 15:21:18,650 [INFO] IPUIPlugin:80 - create IPUIPlugin
2024-05-06 15:21:18,650 [INFO] PluginManager:220 - loadIPPluginJar : add i2s
2024-05-06 15:21:18,677 [INFO] IPUIPlugin:80 - create IPUIPlugin
2024-05-06 15:21:18,677 [INFO] PluginManager:220 - loadIPPluginJar : add i3c
2024-05-06 15:21:18,744 [INFO] IPUIPlugin:80 - create IPUIPlugin
2024-05-06 15:21:18,745 [INFO] PluginManager:220 - loadIPPluginJar : add ipddr
2024-05-06 15:21:18,799 [INFO] IPUIPlugin:80 - create IPUIPlugin
2024-05-06 15:21:18,799 [INFO] PluginManager:220 - loadIPPluginJar : add linkedlist
2024-05-06 15:21:18,820 [INFO] IPUIPlugin:80 - create IPUIPlugin
2024-05-06 15:21:18,820 [INFO] PluginManager:220 - loadIPPluginJar : add lorawan
2024-05-06 15:21:18,841 [INFO] IPUIPlugin:80 - create IPUIPlugin
2024-05-06 15:21:18,841 [INFO] PluginManager:220 - loadIPPluginJar : add ltdc
2024-05-06 15:21:18,851 [INFO] IPUIPlugin:80 - create IPUIPlugin
2024-05-06 15:21:18,851 [INFO] PluginManager:220 - loadIPPluginJar : add mdma
2024-05-06 15:21:18,859 [INFO] IPUIPlugin:80 - create IPUIPlugin
2024-05-06 15:21:18,859 [INFO] PluginManager:220 - loadIPPluginJar : add nvic
2024-05-06 15:21:18,880 [INFO] IPUIPlugin:80 - create IPUIPlugin
2024-05-06 15:21:18,881 [INFO] PluginManager:220 - loadIPPluginJar : add opamp
2024-05-06 15:21:18,916 [INFO] IPUIPlugin:80 - create IPUIPlugin
2024-05-06 15:21:18,917 [INFO] PluginManager:220 - loadIPPluginJar : add openamp
2024-05-06 15:21:18,945 [INFO] IPUIPlugin:80 - create IPUIPlugin
2024-05-06 15:21:18,945 [INFO] PluginManager:220 - loadIPPluginJar : add pdm2pcm
2024-05-06 15:21:18,957 [INFO] IPUIPlugin:80 - create IPUIPlugin
2024-05-06 15:21:18,959 [INFO] PluginManager:220 - loadIPPluginJar : add plateformsettings
2024-05-06 15:21:18,973 [INFO] IPUIPlugin:80 - create IPUIPlugin
2024-05-06 15:21:18,973 [INFO] PluginManager:220 - loadIPPluginJar : add quadspi
2024-05-06 15:21:18,982 [INFO] IPUIPlugin:80 - create IPUIPlugin
2024-05-06 15:21:18,982 [INFO] PluginManager:220 - loadIPPluginJar : add resmgrutility
2024-05-06 15:21:19,011 [INFO] IPUIPlugin:80 - create IPUIPlugin
2024-05-06 15:21:19,011 [INFO] PluginManager:220 - loadIPPluginJar : add sai
2024-05-06 15:21:19,033 [INFO] IPUIPlugin:80 - create IPUIPlugin
2024-05-06 15:21:19,034 [INFO] PluginManager:220 - loadIPPluginJar : add spi
2024-05-06 15:21:19,076 [INFO] IPUIPlugin:80 - create IPUIPlugin
2024-05-06 15:21:19,076 [INFO] PluginManager:220 - loadIPPluginJar : add stm32_wpan
2024-05-06 15:21:19,089 [INFO] IPUIPlugin:80 - create IPUIPlugin
2024-05-06 15:21:19,089 [INFO] PluginManager:220 - loadIPPluginJar : add tim
2024-05-06 15:21:19,122 [INFO] IPUIPlugin:80 - create IPUIPlugin
2024-05-06 15:21:19,122 [INFO] PluginManager:220 - loadIPPluginJar : add touchsensing
2024-05-06 15:21:19,136 [INFO] IPUIPlugin:80 - create IPUIPlugin
2024-05-06 15:21:19,136 [INFO] PluginManager:220 - loadIPPluginJar : add tracer_emb
2024-05-06 15:21:19,151 [INFO] IPUIPlugin:80 - create IPUIPlugin
2024-05-06 15:21:19,151 [INFO] PluginManager:220 - loadIPPluginJar : add ts
2024-05-06 15:21:19,164 [INFO] IPUIPlugin:80 - create IPUIPlugin
2024-05-06 15:21:19,164 [INFO] PluginManager:220 - loadIPPluginJar : add tsc
2024-05-06 15:21:19,179 [INFO] IPUIPlugin:80 - create IPUIPlugin
2024-05-06 15:21:19,179 [INFO] PluginManager:220 - loadIPPluginJar : add ucpd
2024-05-06 15:21:19,210 [INFO] IPUIPlugin:80 - create IPUIPlugin
2024-05-06 15:21:19,210 [INFO] PluginManager:220 - loadIPPluginJar : add usart
2024-05-06 15:21:19,236 [INFO] IPUIPlugin:80 - create IPUIPlugin
2024-05-06 15:21:19,236 [INFO] PluginManager:220 - loadIPPluginJar : add usbx
2024-05-06 15:21:19,343 [INFO] CADModel:165 - CPN selected for project level
2024-05-06 15:21:19,343 [INFO] CADModel:114 - Register for checkConnection events
2024-05-06 15:21:19,343 [FATAL] Updater:308 - Updater called before beeing initialized
2024-05-06 15:21:19,343 [ERROR] CADModel:125 - Updater not yet initialized, retry later 
2024-05-06 15:21:19,446 [INFO] CADModel:165 - CPN selected for project level
2024-05-06 15:21:19,446 [INFO] CADModel:114 - Register for checkConnection events
2024-05-06 15:21:19,446 [FATAL] Updater:308 - Updater called before beeing initialized
2024-05-06 15:21:19,447 [ERROR] CADModel:125 - Updater not yet initialized, retry later 
2024-05-06 15:21:19,449 [FATAL] Updater:308 - Updater called before beeing initialized
2024-05-06 15:21:19,510 [FATAL] Updater:308 - Updater called before beeing initialized
2024-05-06 15:21:19,517 [INFO] DbMcusAds:53 - JSON generation date=Wed Nov 29 18:52:27 CST 2023 (1701255147349)
2024-05-06 15:21:19,517 [FATAL] Updater:308 - Updater called before beeing initialized
2024-05-06 15:21:19,569 [WARN] DetailPanel:346 - Failed to get advertising image, set to default
2024-05-06 15:21:19,636 [FATAL] Updater:308 - Updater called before beeing initialized
2024-05-06 15:21:19,638 [FATAL] Updater:308 - Updater called before beeing initialized
2024-05-06 15:21:19,638 [FATAL] Updater:308 - Updater called before beeing initialized
2024-05-06 15:21:19,638 [WARN] DetailPanel:346 - Failed to get advertising image, set to default
2024-05-06 15:21:19,639 [FATAL] Updater:308 - Updater called before beeing initialized
2024-05-06 15:21:19,676 [ERROR] Updater:1120 - MainUpdater not yet initialized. External WinMGr cannot be set.
2024-05-06 15:21:19,683 [INFO] Updater:1056 - Updater Version found : 6.10.0
2024-05-06 15:21:19,696 [INFO] ApplicationProperties:184 - Using Application install path: C:\ST\STM32CubeIDE_1.14.1\STM32CubeIDE\plugins\com.st.stm32cube.common.mx_6.10.0.202311202037
2024-05-06 15:21:20,735 [INFO] ThirdPartyUpdaterWithRetryManager:70 - Updater plugin not ready yet. [2/15]
2024-05-06 15:21:21,264 [ERROR] LogOutputStream:75 - [STDERR_REDIRECT] May 06, 2024 3:21:21 PM java.util.prefs.WindowsPreferences <init>
2024-05-06 15:21:21,265 [ERROR] LogOutputStream:75 - [STDERR_REDIRECT] WARNING: Could not open/create prefs root node Software\JavaSoft\Prefs at root 0xffffffff80000002. Windows RegCreateKeyEx(...) returned error code 5.
2024-05-06 15:21:21,265 [ERROR] LogOutputStream:75 - [STDERR_REDIRECT] 
2024-05-06 15:21:21,457 [INFO] MainUpdater:2873 - connection check result : 10
2024-05-06 15:21:21,458 [INFO] MainUpdater:3567 - Updater definition file requires update
2024-05-06 15:21:21,459 [INFO] MainUpdater:290 - Updater Check For Update Now.
2024-05-06 15:21:21,459 [INFO] MicroXplorer:498 - Change Database Version : DB.6.0.100
2024-05-06 15:21:21,470 [INFO] McuFinderGlobals:63 - Set McuFinder mode to 2 (CubeIDE integrated)
2024-05-06 15:21:21,470 [INFO] UserAuth:180 - activating auth plugin
2024-05-06 15:21:21,472 [INFO] UserAuth:404 - Internet connection configuration mode: 1
2024-05-06 15:21:21,480 [INFO] ServerAccessManage:473 - Download File updaters.zip
2024-05-06 15:21:21,489 [INFO] JxBrowserEngine:152 - Initiate JxBrowser Engine with user profile folder
2024-05-06 15:21:21,538 [INFO] FileExtend:240 - Unzip File : updaters.zip
2024-05-06 15:21:21,538 [INFO] FileExtend:255 - Standard Zip Deflate
2024-05-06 15:21:21,836 [INFO] ServerAccessManage:473 - Download File PacksControlFlags.xml
2024-05-06 15:21:21,882 [INFO] ServerAccessManage:473 - Download File cubemx.pidx
2024-05-06 15:21:21,955 [INFO] LoadServerUpdatesThread:375 - End of LoadServerUpdate Thread
2024-05-06 15:21:22,102 [INFO] CheckServerUpdateThread:120 - End of CheckServer Thread
2024-05-06 15:21:23,925 [WARN] PackLoader:240 - Cannot read IP mode file for STMicroelectronics.FP-SNS-MOTENVWB1.1.4.0
2024-05-06 15:21:23,941 [WARN] PackLoader:240 - Cannot read IP mode file for STMicroelectronics.X-CUBE-SMBUS.2.1.0
2024-05-06 15:21:23,952 [WARN] PackLoader:240 - Cannot read IP mode file for STMicroelectronics.X-CUBE-TOUCHGFX.4.23.0
2024-05-06 15:21:23,955 [INFO] WebApp:161 - Instantiating new browser for Auth
2024-05-06 15:21:23,961 [WARN] PackLoader:240 - Cannot read IP mode file for STMicroelectronics.X-CUBE-TOUCHGFX.4.23.2
2024-05-06 15:21:24,007 [WARN] PackLoader:240 - Cannot read IP mode file for STMicroelectronics.X-CUBE-AZRTOS-F7.1.1.0
2024-05-06 15:21:24,027 [WARN] PackLoader:240 - Cannot read IP mode file for STMicroelectronics.FP-SNS-MOTENV1.4.3.2
2024-05-06 15:21:24,043 [WARN] PackLoader:240 - Cannot read IP mode file for STMicroelectronics.FP-SNS-FLIGHT1.5.0.2
2024-05-06 15:21:24,062 [WARN] PackLoader:240 - Cannot read IP mode file for STMicroelectronics.X-CUBE-DISPLAY.3.0.0
2024-05-06 15:21:24,083 [WARN] PackLoader:240 - Cannot read IP mode file for STMicroelectronics.X-CUBE-BLE1.7.0.0
2024-05-06 15:21:24,099 [WARN] PackLoader:240 - Cannot read IP mode file for emotas.I-CUBE-CANOPEN.1.3.0
2024-05-06 15:21:24,120 [WARN] PackLoader:240 - Cannot read IP mode file for STMicroelectronics.X-CUBE-BLEMGR.3.1.0
2024-05-06 15:21:24,135 [WARN] PackLoader:240 - Cannot read IP mode file for STMicroelectronics.FP-SNS-SMARTAG2.1.2.0
2024-05-06 15:21:24,157 [INFO] LogOutputStream:77 - [STDOUT_REDIRECT] 1 : Invalid condition id : UX_CORESTACK_Condition cause : null
2024-05-06 15:21:24,158 [INFO] LogOutputStream:77 - [STDOUT_REDIRECT] 1 : Invalid condition id : UX_CORESTACK_Condition cause : null
2024-05-06 15:21:24,159 [INFO] LogOutputStream:77 - [STDOUT_REDIRECT] 1 : Invalid condition id : UX_CORESTACK_Condition cause : null
2024-05-06 15:21:24,160 [INFO] LogOutputStream:77 - [STDOUT_REDIRECT] 1 : Invalid condition id : UX_CORESTACK_Condition cause : null
2024-05-06 15:21:24,161 [INFO] LogOutputStream:77 - [STDOUT_REDIRECT] 1 : Invalid condition id : UX_CORESTACK_Condition cause : null
2024-05-06 15:21:24,165 [WARN] PackLoader:240 - Cannot read IP mode file for STMicroelectronics.X-CUBE-AZRTOS-WL.2.0.0
2024-05-06 15:21:24,179 [WARN] PackLoader:240 - Cannot read IP mode file for STMicroelectronics.FP-SNS-MOTENV1.5.0.0
2024-05-06 15:21:24,194 [WARN] PackLoader:240 - Cannot read IP mode file for WES.I-CUBE-Cesium.1.3.0
2024-05-06 15:21:24,205 [WARN] PackLoader:240 - Cannot read IP mode file for STMicroelectronics.X-CUBE-BLE2.3.3.0
2024-05-06 15:21:24,218 [WARN] PackLoader:240 - Cannot read IP mode file for STMicroelectronics.X-CUBE-TCPP.4.1.0
2024-05-06 15:21:24,234 [WARN] PackLoader:240 - Cannot read IP mode file for STMicroelectronics.X-CUBE-ALGOBUILD.1.3.0
2024-05-06 15:21:24,269 [WARN] PackLoader:240 - Cannot read IP mode file for STMicroelectronics.X-CUBE-AZRTOS-G0.1.1.0
2024-05-06 15:21:24,286 [WARN] PackLoader:240 - Cannot read IP mode file for STMicroelectronics.X-CUBE-SAFEA1.1.2.2
2024-05-06 15:21:24,298 [WARN] PackLoader:240 - Cannot read IP mode file for STMicroelectronics.X-CUBE-NFC4.3.0.0
2024-05-06 15:21:24,309 [WARN] PackLoader:240 - Cannot read IP mode file for STMicroelectronics.FP-ATR-SIGFOX1.3.2.0
2024-05-06 15:21:24,324 [WARN] PackLoader:240 - Cannot read IP mode file for STMicroelectronics.X-CUBE-EEPRMA1.5.1.0
2024-05-06 15:21:24,361 [WARN] PackLoader:240 - Cannot read IP mode file for SEGGER.I-CUBE-embOS.1.3.1
2024-05-06 15:21:24,405 [WARN] PackLoader:240 - Cannot read IP mode file for STMicroelectronics.X-CUBE-GNSS1.6.0.0
2024-05-06 15:21:24,434 [WARN] PackLoader:240 - Cannot read IP mode file for STMicroelectronics.X-CUBE-AZRTOS-F4.1.1.0
2024-05-06 15:21:24,446 [WARN] PackLoader:240 - Cannot read IP mode file for STMicroelectronics.X-CUBE-FREERTOS.1.2.0
2024-05-06 15:21:24,458 [WARN] PackLoader:240 - Cannot read IP mode file for wolfSSL.I-CUBE-wolfSSL.5.6.6
2024-05-06 15:21:24,482 [WARN] PackLoader:240 - Cannot read IP mode file for STMicroelectronics.X-CUBE-AZRTOS-L5.2.0.0
2024-05-06 15:21:24,498 [WARN] PackLoader:240 - Cannot read IP mode file for STMicroelectronics.X-CUBE-NFC6.3.1.0
2024-05-06 15:21:24,510 [WARN] PackLoader:240 - Cannot read IP mode file for ITTIA_DB.I-CUBE-ITTIADB.8.8.0
2024-05-06 15:21:24,521 [WARN] PackLoader:240 - Cannot read IP mode file for STMicroelectronics.X-CUBE-AI.9.0.0
2024-05-06 15:21:24,534 [WARN] PackLoader:240 - Cannot read IP mode file for STMicroelectronics.X-CUBE-NFC7.1.0.1
2024-05-06 15:21:24,549 [WARN] PackLoader:240 - Cannot read IP mode file for STMicroelectronics.X-CUBE-NFC6.3.0.0
2024-05-06 15:21:24,564 [WARN] PackLoader:240 - Cannot read IP mode file for STMicroelectronics.X-CUBE-AI.8.1.0
2024-05-06 15:21:24,593 [WARN] ConditionMgr:438 - getConditionDescription Invalid condition id : LAN8742 Phy interface Condition cause : null
2024-05-06 15:21:24,594 [WARN] PackLoader:240 - Cannot read IP mode file for STMicroelectronics.X-CUBE-AZRTOS-L4.2.0.0
2024-05-06 15:21:24,596 [WARN] ConditionMgr:1039 - genDependencies : Invalid condition id : LAN8742 Phy interface Condition cause : null
2024-05-06 15:21:24,596 [INFO] WebApp:780 - Register for checkConnection events
2024-05-06 15:21:24,596 [WARN] ConditionMgr:1039 - genDependencies : Invalid condition id : LAN8742 Phy interface Condition cause : null
2024-05-06 15:21:24,596 [INFO] WebApp:414 - Apply proxy settings
2024-05-06 15:21:24,597 [INFO] WebApp:499 - Chromium requires no authentication
2024-05-06 15:21:24,597 [WARN] ConditionMgr:1039 - genDependencies : Invalid condition id : LAN8742 Phy interface Condition cause : null
2024-05-06 15:21:24,609 [INFO] WebApp:442 - Direct internet connection detected
2024-05-06 15:21:24,618 [WARN] PackLoader:240 - Cannot read IP mode file for STMicroelectronics.X-CUBE-SFXS2LP1.4.0.0
2024-05-06 15:21:24,645 [WARN] ConditionMgr:438 - getConditionDescription Invalid condition id : UX DEVICE CLASS RTOS Condition cause : null
2024-05-06 15:21:24,645 [WARN] ConditionMgr:438 - getConditionDescription Invalid condition id : UX DEVICE CLASS RTOS Condition cause : null
2024-05-06 15:21:24,647 [WARN] PackLoader:240 - Cannot read IP mode file for STMicroelectronics.X-CUBE-AZRTOS-WB.2.0.0
2024-05-06 15:21:24,647 [WARN] ConditionMgr:1039 - genDependencies : Invalid condition id : UX DEVICE CLASS RTOS Condition cause : null
2024-05-06 15:21:24,648 [WARN] ConditionMgr:1039 - genDependencies : Invalid condition id : UX DEVICE CLASS RTOS Condition cause : null
2024-05-06 15:21:24,648 [WARN] ConditionMgr:1039 - genDependencies : Invalid condition id : UX DEVICE CLASS RTOS Condition cause : null
2024-05-06 15:21:24,648 [WARN] ConditionMgr:1039 - genDependencies : Invalid condition id : UX DEVICE CLASS RTOS Condition cause : null
2024-05-06 15:21:24,648 [WARN] ConditionMgr:1039 - genDependencies : Invalid condition id : UX DEVICE CLASS RTOS Condition cause : null
2024-05-06 15:21:24,666 [WARN] PackLoader:240 - Cannot read IP mode file for STMicroelectronics.X-CUBE-SUBG2.5.0.0
2024-05-06 15:21:24,691 [WARN] PackLoader:240 - Cannot read IP mode file for STMicroelectronics.X-CUBE-AZRTOS-G4.2.0.0
2024-05-06 15:21:24,711 [WARN] PackLoader:240 - Cannot read IP mode file for Infineon.AIROC-Wi-Fi-Bluetooth-STM32.1.5.1
2024-05-06 15:21:24,724 [WARN] PackLoader:240 - Cannot read IP mode file for STMicroelectronics.FP-SNS-MOTENVWB1.1.3.1
2024-05-06 15:21:24,735 [WARN] PackLoader:240 - Cannot read IP mode file for STMicroelectronics.X-CUBE-ISPU.2.0.0
2024-05-06 15:21:24,774 [WARN] PackLoader:240 - Cannot read IP mode file for STMicroelectronics.X-CUBE-MEMS1.10.0.0
2024-05-06 15:21:24,806 [INFO] WebApp:192 - Starting web application
2024-05-06 15:21:24,806 [INFO] WebApp:544 - Web application path used C:\ST\STM32CubeIDE_1.14.1\STM32CubeIDE\plugins\com.st.stm32cube.common.mx_6.10.0.202311202037\db\plugins\mcufinder\reactClient1\index.html
2024-05-06 15:21:24,848 [WARN] PackLoader:240 - Cannot read IP mode file for STMicroelectronics.X-CUBE-FREERTOS.1.1.0
2024-05-06 15:21:24,859 [WARN] PackLoader:240 - Cannot read IP mode file for portGmbH.I-Cube-SoM-uGOAL.1.1.0
2024-05-06 15:21:24,869 [WARN] PackLoader:240 - Cannot read IP mode file for STMicroelectronics.X-CUBE-ALS.1.0.1
2024-05-06 15:21:24,893 [WARN] PackLoader:240 - Cannot read IP mode file for STMicroelectronics.X-CUBE-AZRTOS-H7RS.1.0.0
2024-05-06 15:21:24,905 [WARN] PackLoader:240 - Cannot read IP mode file for STMicroelectronics.FP-ATR-ASTRA1.2.0.0
2024-05-06 15:21:24,924 [WARN] PackLoader:240 - Cannot read IP mode file for STMicroelectronics.X-CUBE-TOF1.3.4.1
2024-05-06 15:21:24,956 [WARN] PackLoader:240 - Cannot read IP mode file for STMicroelectronics.X-CUBE-AZRTOS-H7.3.2.0
2024-05-06 15:21:24,958 [INFO] ThirdParty:978 - Integrity check success = true
2024-05-06 15:21:24,958 [INFO] IntegrityCheckThread:100 - exiting critical section [integrity check]
2024-05-06 15:21:24,958 [INFO] IntegrityCheckThread:103 - End integrity checks thread
2024-05-06 15:21:45,455 [ERROR] LogOutputStream:75 - [STDERR_REDIRECT] SLF4J: Failed to load class "org.slf4j.impl.StaticLoggerBinder".
2024-05-06 15:21:45,456 [ERROR] LogOutputStream:75 - [STDERR_REDIRECT] SLF4J: Defaulting to no-operation (NOP) logger implementation
2024-05-06 15:21:45,456 [ERROR] LogOutputStream:75 - [STDERR_REDIRECT] SLF4J: See http://www.slf4j.org/codes.html#StaticLoggerBinder for further details.
2024-05-06 21:56:52,690 [INFO] WebApp:354 - JxBrowser engine has been closed 
