2024-04-25 09:59:52,118 [INFO] Activator:176 - 


2024-04-25 09:59:52,121 [INFO] Activator:177 - !SESSION log4j initialized
2024-04-25 09:59:56,263 [INFO] LogOutputStream:77 - [STDOUT_REDIRECT] 
2024-04-25 09:59:58,104 [INFO] ApplicationProperties:184 - Using Application install path: C:\ST\STM32CubeIDE_1.14.1\STM32CubeIDE\plugins\com.st.stm32cube.common.mx_6.10.0.202311202037
2024-04-25 09:59:58,117 [INFO] DbMcusXml:78 - Set database path to: C:\ST\STM32CubeIDE_1.14.1\STM32CubeIDE\plugins\com.st.stm32cube.common.mx_6.10.0.202311202037\\db\/mcu/
2024-04-25 09:59:58,117 [INFO] ApiDb:274 - Set plugin database path to: C:\ST\STM32CubeIDE_1.14.1\STM32CubeIDE\plugins\com.st.stm32cube.common.mx_6.10.0.202311202037\\db\/plugins/boardmanager/
2024-04-25 09:59:58,121 [WARN] ApiDb:259 - Overriding images path with different value:  => C:\ST\STM32CubeIDE_1.14.1\STM32CubeIDE\plugins\com.st.stm32cube.common.mx_6.10.0.202311202037\\db\/plugins/mcufinder/images/
2024-04-25 09:59:58,127 [INFO] ApiDb:250 - Set database path to: C:\Users\harry\.stmcufinder\plugins\mcufinder//mcu/
2024-04-25 09:59:58,127 [INFO] DbMcusAds:125 - Set database path to: C:\Users\harry\.stmcufinder\plugins\mcufinder//mcu/
2024-04-25 09:59:58,128 [INFO] CrossReferenceDbSqlite:203 - Set database path to: C:\Users\harry\.stmcufinder\plugins\mcufinder//mcu/cs/
2024-04-25 09:59:58,199 [INFO] RulesReader:64 - Compatibility file has been processed (297 Rules)
2024-04-25 09:59:58,256 [INFO] DbMcusXml:78 - Set database path to: C:\ST\STM32CubeIDE_1.14.1\STM32CubeIDE\plugins\com.st.stm32cube.common.mx_6.10.0.202311202037\\db\/mcu/
2024-04-25 09:59:58,256 [INFO] ApiDb:274 - Set plugin database path to: C:\ST\STM32CubeIDE_1.14.1\STM32CubeIDE\plugins\com.st.stm32cube.common.mx_6.10.0.202311202037\\db\/plugins/boardmanager/
2024-04-25 09:59:58,256 [INFO] ApiDb:261 - Set plugin images path to: C:\ST\STM32CubeIDE_1.14.1\STM32CubeIDE\plugins\com.st.stm32cube.common.mx_6.10.0.202311202037\\db\/plugins/mcufinder/images/
2024-04-25 09:59:58,256 [WARN] DbFile:41 - Overriding database path with different value: C:\Users\harry\.stmcufinder\plugins\mcufinder/ => C:\Users\harry\.stmcufinder\plugins\mcufinder
2024-04-25 09:59:58,256 [INFO] ApiDb:250 - Set database path to: C:\Users\harry\.stmcufinder\plugins\mcufinder//mcu/
2024-04-25 09:59:58,256 [WARN] DbFile:41 - Overriding database path with different value: C:\Users\harry\.stmcufinder\plugins\mcufinder/ => C:\Users\harry\.stmcufinder\plugins\mcufinder
2024-04-25 09:59:58,256 [INFO] DbMcusAds:125 - Set database path to: C:\Users\harry\.stmcufinder\plugins\mcufinder//mcu/
2024-04-25 09:59:58,256 [WARN] DbFile:41 - Overriding database path with different value: C:\Users\harry\.stmcufinder\plugins\mcufinder/ => C:\Users\harry\.stmcufinder\plugins\mcufinder
2024-04-25 09:59:58,257 [WARN] DbFile:41 - Overriding database path with different value: C:\Users\harry\.stmcufinder\plugins\mcufinder/ => C:\Users\harry\.stmcufinder\plugins\mcufinder
2024-04-25 09:59:58,257 [INFO] CrossReferenceDbSqlite:203 - Set database path to: C:\Users\harry\.stmcufinder\plugins\mcufinder//mcu/cs/
2024-04-25 09:59:58,309 [INFO] MainPanel:264 - HeapMemory: 268435456
2024-04-25 09:59:58,375 [INFO] DbMcusXml:78 - Set database path to: C:\ST\STM32CubeIDE_1.14.1\STM32CubeIDE\plugins\com.st.stm32cube.common.mx_6.10.0.202311202037\\db\/mcu/
2024-04-25 09:59:58,375 [INFO] ApiDb:274 - Set plugin database path to: C:\ST\STM32CubeIDE_1.14.1\STM32CubeIDE\plugins\com.st.stm32cube.common.mx_6.10.0.202311202037\\db\/plugins/boardmanager/
2024-04-25 09:59:58,375 [INFO] ApiDb:261 - Set plugin images path to: C:\ST\STM32CubeIDE_1.14.1\STM32CubeIDE\plugins\com.st.stm32cube.common.mx_6.10.0.202311202037\\db\/plugins/mcufinder/images/
2024-04-25 09:59:58,376 [WARN] DbFile:41 - Overriding database path with different value: C:\Users\harry\.stmcufinder\plugins\mcufinder/ => C:\Users\harry\.stmcufinder\plugins\mcufinder
2024-04-25 09:59:58,376 [INFO] ApiDb:250 - Set database path to: C:\Users\harry\.stmcufinder\plugins\mcufinder//mcu/
2024-04-25 09:59:58,376 [WARN] DbFile:41 - Overriding database path with different value: C:\Users\harry\.stmcufinder\plugins\mcufinder/ => C:\Users\harry\.stmcufinder\plugins\mcufinder
2024-04-25 09:59:58,376 [INFO] DbMcusAds:125 - Set database path to: C:\Users\harry\.stmcufinder\plugins\mcufinder//mcu/
2024-04-25 09:59:58,376 [WARN] DbFile:41 - Overriding database path with different value: C:\Users\harry\.stmcufinder\plugins\mcufinder/ => C:\Users\harry\.stmcufinder\plugins\mcufinder
2024-04-25 09:59:58,376 [WARN] DbFile:41 - Overriding database path with different value: C:\Users\harry\.stmcufinder\plugins\mcufinder/ => C:\Users\harry\.stmcufinder\plugins\mcufinder
2024-04-25 09:59:58,376 [INFO] CrossReferenceDbSqlite:203 - Set database path to: C:\Users\harry\.stmcufinder\plugins\mcufinder//mcu/cs/
2024-04-25 09:59:58,389 [INFO] ApplicationProperties:184 - Using Application install path: C:\ST\STM32CubeIDE_1.14.1\STM32CubeIDE\plugins\com.st.stm32cube.common.mx_6.10.0.202311202037
2024-04-25 09:59:58,390 [INFO] PluginManage:196 - Search for loadable plugins [exclusion list=, ]
2024-04-25 09:59:58,391 [INFO] PluginManage:310 - Check plugin analytics
2024-04-25 09:59:58,519 [INFO] AnalyticsPlugin:253 - Accepted Software Licenses: 
2024-04-25 09:59:58,519 [INFO] AnalyticsPlugin:255 - Accepted CMSIS Pack Licenses: 
2024-04-25 09:59:58,519 [INFO] AnalyticsPlugin:257 - Accepted Firmware Licenses: 
2024-04-25 09:59:58,522 [INFO] PluginManage:359 - Loaded plugin analytics (category:tool,tabindex:-1)
2024-04-25 09:59:58,522 [INFO] PluginManage:310 - Check plugin cadmodel
2024-04-25 09:59:58,536 [INFO] CADModel:105 - Init CAD model plugin
2024-04-25 09:59:58,536 [INFO] PluginManage:359 - Loaded plugin cadmodel (category:power,tabindex:5)
2024-04-25 09:59:58,537 [INFO] PluginManage:310 - Check plugin clock
2024-04-25 09:59:58,559 [INFO] PluginManage:359 - Loaded plugin clock (category:base,tabindex:2)
2024-04-25 09:59:58,559 [INFO] PluginManage:310 - Check plugin ddr
2024-04-25 09:59:58,561 [INFO] PluginManage:359 - Loaded plugin ddr (category:tool,tabindex:6)
2024-04-25 09:59:58,562 [INFO] PluginManage:310 - Check plugin filemanager
2024-04-25 09:59:58,674 [INFO] PluginManage:359 - Loaded plugin filemanager (category:base,tabindex:10)
2024-04-25 09:59:58,674 [INFO] PluginManage:310 - Check plugin ipmanager
2024-04-25 09:59:58,679 [INFO] PluginManage:359 - Loaded plugin ipmanager (category:base,tabindex:5)
2024-04-25 09:59:58,679 [INFO] PluginManage:310 - Check plugin lpbam
2024-04-25 09:59:58,693 [INFO] PluginManage:359 - Loaded plugin lpbam (category:base,tabindex:0)
2024-04-25 09:59:58,693 [INFO] PluginManage:310 - Check plugin memorymap
2024-04-25 09:59:58,709 [INFO] PluginManage:359 - Loaded plugin memorymap (category:base,tabindex:4)
2024-04-25 09:59:58,709 [INFO] PluginManage:310 - Check plugin pinoutandconfiguration
2024-04-25 09:59:58,720 [INFO] PluginManage:359 - Loaded plugin pinoutandconfiguration (category:base,tabindex:1)
2024-04-25 09:59:58,720 [INFO] PluginManage:310 - Check plugin pinoutconfig
2024-04-25 09:59:58,778 [WARN] SupportedApi:132 - Cannot load RTOS API schema: s4s-elt-must-match.1: The content of 'definitions' must match (annotation?, (simpleType | complexType)?, (unique | key | keyref)*)). A problem was found starting at: attribute.
2024-04-25 09:59:58,865 [INFO] PluginManage:359 - Loaded plugin pinoutconfig (category:base,tabindex:0)
2024-04-25 09:59:58,865 [INFO] PluginManage:310 - Check plugin power
2024-04-25 09:59:58,885 [INFO] PluginManage:359 - Loaded plugin power (category:power,tabindex:4)
2024-04-25 09:59:58,885 [INFO] PluginManage:310 - Check plugin projectmanager
2024-04-25 09:59:58,896 [INFO] PluginManage:359 - Loaded plugin projectmanager (category:projectmanager,tabindex:3)
2024-04-25 09:59:58,896 [INFO] PluginManage:310 - Check plugin thirdparty
2024-04-25 09:59:59,035 [INFO] PluginManage:359 - Loaded plugin thirdparty (category:base,tabindex:-1)
2024-04-25 09:59:59,035 [INFO] PluginManage:310 - Check plugin tools
2024-04-25 09:59:59,035 [WARN] IntegrityCheckThread:84 - waiting for thirdparty lock release [integrity check]
2024-04-25 09:59:59,039 [INFO] IntegrityCheckThread:86 - entering critical section [integrity check]
2024-04-25 09:59:59,039 [INFO] ThirdPartyUpdaterWithRetryManager:70 - Updater plugin not ready yet. [1/15]
2024-04-25 09:59:59,055 [INFO] PluginManage:359 - Loaded plugin tools (category:base,tabindex:7)
2024-04-25 09:59:59,055 [INFO] PluginManage:310 - Check plugin tutovideos
2024-04-25 09:59:59,179 [INFO] PluginManage:359 - Loaded plugin tutovideos (category:base,tabindex:-1)
2024-04-25 09:59:59,179 [INFO] PluginManage:310 - Check plugin updater
2024-04-25 09:59:59,187 [INFO] PluginManage:359 - Loaded plugin updater (category:base,tabindex:12)
2024-04-25 09:59:59,187 [INFO] PluginManage:310 - Check plugin userauth
2024-04-25 09:59:59,191 [INFO] UserAuth:114 - Init User Auth plugin
2024-04-25 09:59:59,191 [INFO] PluginManage:359 - Loaded plugin userauth (category:base,tabindex:14)
2024-04-25 09:59:59,191 [INFO] PluginManage:283 - PluginManage : Loaded plugins [17]
2024-04-25 09:59:59,323 [INFO] PinOutPanel:1499 - setPackage(No Configuration,No Configuration)
2024-04-25 09:59:59,369 [INFO] CADModel:165 - CPN selected for project level
2024-04-25 09:59:59,369 [INFO] CADModel:114 - Register for checkConnection events
2024-04-25 09:59:59,385 [INFO] IPUIPlugin:80 - create IPUIPlugin
2024-04-25 09:59:59,385 [INFO] PluginManager:220 - loadIPPluginJar : add adc
2024-04-25 09:59:59,405 [INFO] IPUIPlugin:80 - create IPUIPlugin
2024-04-25 09:59:59,405 [INFO] PluginManager:220 - loadIPPluginJar : add aes
2024-04-25 09:59:59,428 [INFO] IPUIPlugin:80 - create IPUIPlugin
2024-04-25 09:59:59,428 [INFO] PluginManager:220 - loadIPPluginJar : add can
2024-04-25 09:59:59,440 [INFO] IPUIPlugin:80 - create IPUIPlugin
2024-04-25 09:59:59,440 [INFO] PluginManager:220 - loadIPPluginJar : add comp
2024-04-25 09:59:59,458 [INFO] IPUIPlugin:80 - create IPUIPlugin
2024-04-25 09:59:59,458 [INFO] PluginManager:220 - loadIPPluginJar : add cryp
2024-04-25 09:59:59,474 [INFO] IPUIPlugin:80 - create IPUIPlugin
2024-04-25 09:59:59,474 [INFO] PluginManager:220 - loadIPPluginJar : add dfsdm
2024-04-25 09:59:59,483 [INFO] IPUIPlugin:80 - create IPUIPlugin
2024-04-25 09:59:59,483 [INFO] PluginManager:220 - loadIPPluginJar : add dma
2024-04-25 09:59:59,506 [INFO] IPUIPlugin:80 - create IPUIPlugin
2024-04-25 09:59:59,506 [INFO] PluginManager:220 - loadIPPluginJar : add dma3
2024-04-25 09:59:59,518 [INFO] IPUIPlugin:80 - create IPUIPlugin
2024-04-25 09:59:59,518 [INFO] PluginManager:220 - loadIPPluginJar : add fatfs
2024-04-25 09:59:59,543 [INFO] IPUIPlugin:80 - create IPUIPlugin
2024-04-25 09:59:59,543 [INFO] PluginManager:220 - loadIPPluginJar : add fmc
2024-04-25 09:59:59,552 [INFO] IPUIPlugin:80 - create IPUIPlugin
2024-04-25 09:59:59,552 [INFO] PluginManager:220 - loadIPPluginJar : add freertos
2024-04-25 09:59:59,564 [INFO] IPUIPlugin:80 - create IPUIPlugin
2024-04-25 09:59:59,564 [INFO] PluginManager:220 - loadIPPluginJar : add genericplugin
2024-04-25 09:59:59,613 [INFO] IPUIPlugin:80 - create IPUIPlugin
2024-04-25 09:59:59,614 [INFO] PluginManager:220 - loadIPPluginJar : add gfxmmu
2024-04-25 09:59:59,690 [INFO] IPUIPlugin:80 - create IPUIPlugin
2024-04-25 09:59:59,690 [INFO] PluginManager:220 - loadIPPluginJar : add gic
2024-04-25 09:59:59,700 [INFO] IPUIPlugin:80 - create IPUIPlugin
2024-04-25 09:59:59,700 [INFO] PluginManager:220 - loadIPPluginJar : add gpio
2024-04-25 09:59:59,757 [INFO] IPUIPlugin:80 - create IPUIPlugin
2024-04-25 09:59:59,757 [INFO] PluginManager:220 - loadIPPluginJar : add gtzc
2024-04-25 09:59:59,776 [INFO] IPUIPlugin:80 - create IPUIPlugin
2024-04-25 09:59:59,776 [INFO] PluginManager:220 - loadIPPluginJar : add hash
2024-04-25 09:59:59,806 [INFO] IPUIPlugin:80 - create IPUIPlugin
2024-04-25 09:59:59,806 [INFO] PluginManager:220 - loadIPPluginJar : add i2c
2024-04-25 09:59:59,829 [INFO] IPUIPlugin:80 - create IPUIPlugin
2024-04-25 09:59:59,829 [INFO] PluginManager:220 - loadIPPluginJar : add i2s
2024-04-25 09:59:59,852 [INFO] IPUIPlugin:80 - create IPUIPlugin
2024-04-25 09:59:59,852 [INFO] PluginManager:220 - loadIPPluginJar : add i3c
2024-04-25 09:59:59,915 [INFO] IPUIPlugin:80 - create IPUIPlugin
2024-04-25 09:59:59,915 [INFO] PluginManager:220 - loadIPPluginJar : add ipddr
2024-04-25 09:59:59,964 [INFO] IPUIPlugin:80 - create IPUIPlugin
2024-04-25 09:59:59,964 [INFO] PluginManager:220 - loadIPPluginJar : add linkedlist
2024-04-25 09:59:59,983 [INFO] IPUIPlugin:80 - create IPUIPlugin
2024-04-25 09:59:59,983 [INFO] PluginManager:220 - loadIPPluginJar : add lorawan
2024-04-25 10:00:00,003 [INFO] IPUIPlugin:80 - create IPUIPlugin
2024-04-25 10:00:00,003 [INFO] PluginManager:220 - loadIPPluginJar : add ltdc
2024-04-25 10:00:00,013 [INFO] IPUIPlugin:80 - create IPUIPlugin
2024-04-25 10:00:00,013 [INFO] PluginManager:220 - loadIPPluginJar : add mdma
2024-04-25 10:00:00,021 [INFO] IPUIPlugin:80 - create IPUIPlugin
2024-04-25 10:00:00,021 [INFO] PluginManager:220 - loadIPPluginJar : add nvic
2024-04-25 10:00:00,042 [INFO] IPUIPlugin:80 - create IPUIPlugin
2024-04-25 10:00:00,042 [INFO] PluginManager:220 - loadIPPluginJar : add opamp
2024-04-25 10:00:00,075 [INFO] IPUIPlugin:80 - create IPUIPlugin
2024-04-25 10:00:00,075 [INFO] PluginManager:220 - loadIPPluginJar : add openamp
2024-04-25 10:00:00,098 [INFO] IPUIPlugin:80 - create IPUIPlugin
2024-04-25 10:00:00,098 [INFO] PluginManager:220 - loadIPPluginJar : add pdm2pcm
2024-04-25 10:00:00,107 [INFO] IPUIPlugin:80 - create IPUIPlugin
2024-04-25 10:00:00,108 [INFO] PluginManager:220 - loadIPPluginJar : add plateformsettings
2024-04-25 10:00:00,120 [INFO] IPUIPlugin:80 - create IPUIPlugin
2024-04-25 10:00:00,120 [INFO] PluginManager:220 - loadIPPluginJar : add quadspi
2024-04-25 10:00:00,127 [INFO] IPUIPlugin:80 - create IPUIPlugin
2024-04-25 10:00:00,127 [INFO] PluginManager:220 - loadIPPluginJar : add resmgrutility
2024-04-25 10:00:00,154 [INFO] IPUIPlugin:80 - create IPUIPlugin
2024-04-25 10:00:00,155 [INFO] PluginManager:220 - loadIPPluginJar : add sai
2024-04-25 10:00:00,175 [INFO] IPUIPlugin:80 - create IPUIPlugin
2024-04-25 10:00:00,175 [INFO] PluginManager:220 - loadIPPluginJar : add spi
2024-04-25 10:00:00,214 [INFO] IPUIPlugin:80 - create IPUIPlugin
2024-04-25 10:00:00,214 [INFO] PluginManager:220 - loadIPPluginJar : add stm32_wpan
2024-04-25 10:00:00,227 [INFO] IPUIPlugin:80 - create IPUIPlugin
2024-04-25 10:00:00,227 [INFO] PluginManager:220 - loadIPPluginJar : add tim
2024-04-25 10:00:00,258 [INFO] IPUIPlugin:80 - create IPUIPlugin
2024-04-25 10:00:00,258 [INFO] PluginManager:220 - loadIPPluginJar : add touchsensing
2024-04-25 10:00:00,270 [INFO] IPUIPlugin:80 - create IPUIPlugin
2024-04-25 10:00:00,270 [INFO] PluginManager:220 - loadIPPluginJar : add tracer_emb
2024-04-25 10:00:00,282 [INFO] IPUIPlugin:80 - create IPUIPlugin
2024-04-25 10:00:00,282 [INFO] PluginManager:220 - loadIPPluginJar : add ts
2024-04-25 10:00:00,293 [INFO] IPUIPlugin:80 - create IPUIPlugin
2024-04-25 10:00:00,293 [INFO] PluginManager:220 - loadIPPluginJar : add tsc
2024-04-25 10:00:00,306 [INFO] IPUIPlugin:80 - create IPUIPlugin
2024-04-25 10:00:00,306 [INFO] PluginManager:220 - loadIPPluginJar : add ucpd
2024-04-25 10:00:00,329 [INFO] IPUIPlugin:80 - create IPUIPlugin
2024-04-25 10:00:00,329 [INFO] PluginManager:220 - loadIPPluginJar : add usart
2024-04-25 10:00:00,353 [INFO] IPUIPlugin:80 - create IPUIPlugin
2024-04-25 10:00:00,353 [INFO] PluginManager:220 - loadIPPluginJar : add usbx
2024-04-25 10:00:00,457 [INFO] CADModel:165 - CPN selected for project level
2024-04-25 10:00:00,457 [INFO] CADModel:114 - Register for checkConnection events
2024-04-25 10:00:00,457 [FATAL] Updater:308 - Updater called before beeing initialized
2024-04-25 10:00:00,457 [ERROR] CADModel:125 - Updater not yet initialized, retry later 
2024-04-25 10:00:00,552 [INFO] CADModel:165 - CPN selected for project level
2024-04-25 10:00:00,552 [INFO] CADModel:114 - Register for checkConnection events
2024-04-25 10:00:00,552 [FATAL] Updater:308 - Updater called before beeing initialized
2024-04-25 10:00:00,552 [ERROR] CADModel:125 - Updater not yet initialized, retry later 
2024-04-25 10:00:00,554 [FATAL] Updater:308 - Updater called before beeing initialized
2024-04-25 10:00:00,616 [FATAL] Updater:308 - Updater called before beeing initialized
2024-04-25 10:00:00,623 [INFO] DbMcusAds:53 - JSON generation date=Wed Nov 29 18:52:27 CST 2023 (1701255147349)
2024-04-25 10:00:00,624 [FATAL] Updater:308 - Updater called before beeing initialized
2024-04-25 10:00:00,674 [WARN] DetailPanel:346 - Failed to get advertising image, set to default
2024-04-25 10:00:00,738 [FATAL] Updater:308 - Updater called before beeing initialized
2024-04-25 10:00:00,740 [FATAL] Updater:308 - Updater called before beeing initialized
2024-04-25 10:00:00,740 [FATAL] Updater:308 - Updater called before beeing initialized
2024-04-25 10:00:00,740 [WARN] DetailPanel:346 - Failed to get advertising image, set to default
2024-04-25 10:00:00,740 [FATAL] Updater:308 - Updater called before beeing initialized
2024-04-25 10:00:00,775 [ERROR] Updater:1120 - MainUpdater not yet initialized. External WinMGr cannot be set.
2024-04-25 10:00:00,781 [INFO] Updater:1056 - Updater Version found : 6.10.0
2024-04-25 10:00:00,794 [INFO] ApplicationProperties:184 - Using Application install path: C:\ST\STM32CubeIDE_1.14.1\STM32CubeIDE\plugins\com.st.stm32cube.common.mx_6.10.0.202311202037
2024-04-25 10:00:02,041 [INFO] ThirdPartyUpdaterWithRetryManager:70 - Updater plugin not ready yet. [2/15]
2024-04-25 10:00:02,361 [ERROR] LogOutputStream:75 - [STDERR_REDIRECT] Apr 25, 2024 10:00:02 AM java.util.prefs.WindowsPreferences <init>
2024-04-25 10:00:02,362 [ERROR] LogOutputStream:75 - [STDERR_REDIRECT] WARNING: Could not open/create prefs root node Software\JavaSoft\Prefs at root 0xffffffff80000002. Windows RegCreateKeyEx(...) returned error code 5.
2024-04-25 10:00:02,362 [ERROR] LogOutputStream:75 - [STDERR_REDIRECT] 
2024-04-25 10:00:02,539 [INFO] MainUpdater:2873 - connection check result : 10
2024-04-25 10:00:02,540 [INFO] MainUpdater:290 - Updater Check For Update Now.
2024-04-25 10:00:02,540 [INFO] MicroXplorer:498 - Change Database Version : DB.6.0.100
2024-04-25 10:00:02,549 [INFO] McuFinderGlobals:63 - Set McuFinder mode to 2 (CubeIDE integrated)
2024-04-25 10:00:02,549 [INFO] UserAuth:180 - activating auth plugin
2024-04-25 10:00:02,551 [INFO] UserAuth:404 - Internet connection configuration mode: 1
2024-04-25 10:00:02,570 [INFO] JxBrowserEngine:152 - Initiate JxBrowser Engine with user profile folder
2024-04-25 10:00:02,697 [INFO] CheckServerUpdateThread:120 - End of CheckServer Thread
2024-04-25 10:00:04,779 [INFO] WebApp:161 - Instantiating new browser for Auth
2024-04-25 10:00:05,205 [WARN] PackLoader:240 - Cannot read IP mode file for STMicroelectronics.FP-SNS-MOTENVWB1.1.4.0
2024-04-25 10:00:05,217 [WARN] PackLoader:240 - Cannot read IP mode file for STMicroelectronics.X-CUBE-SMBUS.2.1.0
2024-04-25 10:00:05,225 [WARN] PackLoader:240 - Cannot read IP mode file for STMicroelectronics.X-CUBE-TOUCHGFX.4.23.0
2024-04-25 10:00:05,232 [WARN] PackLoader:240 - Cannot read IP mode file for STMicroelectronics.X-CUBE-TOUCHGFX.4.23.2
2024-04-25 10:00:05,259 [WARN] PackLoader:240 - Cannot read IP mode file for STMicroelectronics.X-CUBE-AZRTOS-F7.1.1.0
2024-04-25 10:00:05,273 [WARN] PackLoader:240 - Cannot read IP mode file for STMicroelectronics.FP-SNS-MOTENV1.4.3.2
2024-04-25 10:00:05,283 [WARN] PackLoader:240 - Cannot read IP mode file for STMicroelectronics.FP-SNS-FLIGHT1.5.0.2
2024-04-25 10:00:05,289 [INFO] WebApp:780 - Register for checkConnection events
2024-04-25 10:00:05,289 [INFO] WebApp:414 - Apply proxy settings
2024-04-25 10:00:05,289 [INFO] WebApp:499 - Chromium requires no authentication
2024-04-25 10:00:05,294 [WARN] PackLoader:240 - Cannot read IP mode file for STMicroelectronics.X-CUBE-DISPLAY.3.0.0
2024-04-25 10:00:05,306 [INFO] WebApp:442 - Direct internet connection detected
2024-04-25 10:00:05,307 [WARN] PackLoader:240 - Cannot read IP mode file for STMicroelectronics.X-CUBE-BLE1.7.0.0
2024-04-25 10:00:05,316 [WARN] PackLoader:240 - Cannot read IP mode file for emotas.I-CUBE-CANOPEN.1.3.0
2024-04-25 10:00:05,327 [WARN] PackLoader:240 - Cannot read IP mode file for STMicroelectronics.X-CUBE-BLEMGR.3.1.0
2024-04-25 10:00:05,336 [WARN] PackLoader:240 - Cannot read IP mode file for STMicroelectronics.FP-SNS-SMARTAG2.1.2.0
2024-04-25 10:00:05,349 [INFO] LogOutputStream:77 - [STDOUT_REDIRECT] 1 : Invalid condition id : UX_CORESTACK_Condition cause : null
2024-04-25 10:00:05,349 [INFO] LogOutputStream:77 - [STDOUT_REDIRECT] 1 : Invalid condition id : UX_CORESTACK_Condition cause : null
2024-04-25 10:00:05,350 [INFO] LogOutputStream:77 - [STDOUT_REDIRECT] 1 : Invalid condition id : UX_CORESTACK_Condition cause : null
2024-04-25 10:00:05,351 [INFO] LogOutputStream:77 - [STDOUT_REDIRECT] 1 : Invalid condition id : UX_CORESTACK_Condition cause : null
2024-04-25 10:00:05,351 [INFO] LogOutputStream:77 - [STDOUT_REDIRECT] 1 : Invalid condition id : UX_CORESTACK_Condition cause : null
2024-04-25 10:00:05,353 [WARN] PackLoader:240 - Cannot read IP mode file for STMicroelectronics.X-CUBE-AZRTOS-WL.2.0.0
2024-04-25 10:00:05,361 [WARN] PackLoader:240 - Cannot read IP mode file for STMicroelectronics.FP-SNS-MOTENV1.5.0.0
2024-04-25 10:00:05,371 [WARN] PackLoader:240 - Cannot read IP mode file for WES.I-CUBE-Cesium.1.3.0
2024-04-25 10:00:05,379 [WARN] PackLoader:240 - Cannot read IP mode file for STMicroelectronics.X-CUBE-BLE2.3.3.0
2024-04-25 10:00:05,386 [WARN] PackLoader:240 - Cannot read IP mode file for STMicroelectronics.X-CUBE-TCPP.4.1.0
2024-04-25 10:00:05,396 [WARN] PackLoader:240 - Cannot read IP mode file for STMicroelectronics.X-CUBE-ALGOBUILD.1.3.0
2024-04-25 10:00:05,415 [WARN] PackLoader:240 - Cannot read IP mode file for STMicroelectronics.X-CUBE-AZRTOS-G0.1.1.0
2024-04-25 10:00:05,426 [WARN] PackLoader:240 - Cannot read IP mode file for STMicroelectronics.X-CUBE-SAFEA1.1.2.2
2024-04-25 10:00:05,436 [WARN] PackLoader:240 - Cannot read IP mode file for STMicroelectronics.X-CUBE-NFC4.3.0.0
2024-04-25 10:00:05,445 [WARN] PackLoader:240 - Cannot read IP mode file for STMicroelectronics.FP-ATR-SIGFOX1.3.2.0
2024-04-25 10:00:05,460 [INFO] WebApp:192 - Starting web application
2024-04-25 10:00:05,460 [INFO] WebApp:544 - Web application path used C:\ST\STM32CubeIDE_1.14.1\STM32CubeIDE\plugins\com.st.stm32cube.common.mx_6.10.0.202311202037\db\plugins\mcufinder\reactClient1\index.html
2024-04-25 10:00:05,462 [WARN] PackLoader:240 - Cannot read IP mode file for STMicroelectronics.X-CUBE-EEPRMA1.5.1.0
2024-04-25 10:00:05,489 [WARN] PackLoader:240 - Cannot read IP mode file for SEGGER.I-CUBE-embOS.1.3.1
2024-04-25 10:00:05,519 [WARN] PackLoader:240 - Cannot read IP mode file for STMicroelectronics.X-CUBE-GNSS1.6.0.0
2024-04-25 10:00:05,539 [WARN] PackLoader:240 - Cannot read IP mode file for STMicroelectronics.X-CUBE-AZRTOS-F4.1.1.0
2024-04-25 10:00:05,551 [WARN] PackLoader:240 - Cannot read IP mode file for STMicroelectronics.X-CUBE-FREERTOS.1.2.0
2024-04-25 10:00:05,562 [WARN] PackLoader:240 - Cannot read IP mode file for wolfSSL.I-CUBE-wolfSSL.5.6.6
2024-04-25 10:00:05,586 [WARN] PackLoader:240 - Cannot read IP mode file for STMicroelectronics.X-CUBE-AZRTOS-L5.2.0.0
2024-04-25 10:00:05,600 [WARN] PackLoader:240 - Cannot read IP mode file for STMicroelectronics.X-CUBE-NFC6.3.1.0
2024-04-25 10:00:05,615 [WARN] PackLoader:240 - Cannot read IP mode file for ITTIA_DB.I-CUBE-ITTIADB.8.8.0
2024-04-25 10:00:05,623 [WARN] PackLoader:240 - Cannot read IP mode file for STMicroelectronics.X-CUBE-AI.9.0.0
2024-04-25 10:00:05,633 [WARN] PackLoader:240 - Cannot read IP mode file for STMicroelectronics.X-CUBE-NFC7.1.0.1
2024-04-25 10:00:05,646 [WARN] PackLoader:240 - Cannot read IP mode file for STMicroelectronics.X-CUBE-NFC6.3.0.0
2024-04-25 10:00:05,662 [WARN] PackLoader:240 - Cannot read IP mode file for STMicroelectronics.X-CUBE-AI.8.1.0
2024-04-25 10:00:05,692 [WARN] ConditionMgr:438 - getConditionDescription Invalid condition id : LAN8742 Phy interface Condition cause : null
2024-04-25 10:00:05,692 [WARN] PackLoader:240 - Cannot read IP mode file for STMicroelectronics.X-CUBE-AZRTOS-L4.2.0.0
2024-04-25 10:00:05,693 [WARN] ConditionMgr:1039 - genDependencies : Invalid condition id : LAN8742 Phy interface Condition cause : null
2024-04-25 10:00:05,693 [WARN] ConditionMgr:1039 - genDependencies : Invalid condition id : LAN8742 Phy interface Condition cause : null
2024-04-25 10:00:05,693 [WARN] ConditionMgr:1039 - genDependencies : Invalid condition id : LAN8742 Phy interface Condition cause : null
2024-04-25 10:00:05,720 [WARN] PackLoader:240 - Cannot read IP mode file for STMicroelectronics.X-CUBE-SFXS2LP1.4.0.0
2024-04-25 10:00:05,760 [WARN] ConditionMgr:438 - getConditionDescription Invalid condition id : UX DEVICE CLASS RTOS Condition cause : null
2024-04-25 10:00:05,761 [WARN] ConditionMgr:438 - getConditionDescription Invalid condition id : UX DEVICE CLASS RTOS Condition cause : null
2024-04-25 10:00:05,762 [WARN] PackLoader:240 - Cannot read IP mode file for STMicroelectronics.X-CUBE-AZRTOS-WB.2.0.0
2024-04-25 10:00:05,762 [WARN] ConditionMgr:1039 - genDependencies : Invalid condition id : UX DEVICE CLASS RTOS Condition cause : null
2024-04-25 10:00:05,763 [WARN] ConditionMgr:1039 - genDependencies : Invalid condition id : UX DEVICE CLASS RTOS Condition cause : null
2024-04-25 10:00:05,763 [WARN] ConditionMgr:1039 - genDependencies : Invalid condition id : UX DEVICE CLASS RTOS Condition cause : null
2024-04-25 10:00:05,763 [WARN] ConditionMgr:1039 - genDependencies : Invalid condition id : UX DEVICE CLASS RTOS Condition cause : null
2024-04-25 10:00:05,763 [WARN] ConditionMgr:1039 - genDependencies : Invalid condition id : UX DEVICE CLASS RTOS Condition cause : null
2024-04-25 10:00:05,787 [WARN] PackLoader:240 - Cannot read IP mode file for STMicroelectronics.X-CUBE-SUBG2.5.0.0
2024-04-25 10:00:05,815 [WARN] PackLoader:240 - Cannot read IP mode file for STMicroelectronics.X-CUBE-AZRTOS-G4.2.0.0
2024-04-25 10:00:05,845 [WARN] PackLoader:240 - Cannot read IP mode file for Infineon.AIROC-Wi-Fi-Bluetooth-STM32.1.5.1
2024-04-25 10:00:05,864 [WARN] PackLoader:240 - Cannot read IP mode file for STMicroelectronics.FP-SNS-MOTENVWB1.1.3.1
2024-04-25 10:00:05,887 [WARN] PackLoader:240 - Cannot read IP mode file for STMicroelectronics.X-CUBE-ISPU.2.0.0
2024-04-25 10:00:05,936 [WARN] PackLoader:240 - Cannot read IP mode file for STMicroelectronics.X-CUBE-MEMS1.10.0.0
2024-04-25 10:00:06,018 [WARN] PackLoader:240 - Cannot read IP mode file for STMicroelectronics.X-CUBE-FREERTOS.1.1.0
2024-04-25 10:00:06,029 [WARN] PackLoader:240 - Cannot read IP mode file for portGmbH.I-Cube-SoM-uGOAL.1.1.0
2024-04-25 10:00:06,040 [WARN] PackLoader:240 - Cannot read IP mode file for STMicroelectronics.X-CUBE-ALS.1.0.1
2024-04-25 10:00:06,063 [WARN] PackLoader:240 - Cannot read IP mode file for STMicroelectronics.X-CUBE-AZRTOS-H7RS.1.0.0
2024-04-25 10:00:06,077 [WARN] PackLoader:240 - Cannot read IP mode file for STMicroelectronics.FP-ATR-ASTRA1.2.0.0
2024-04-25 10:00:06,095 [WARN] PackLoader:240 - Cannot read IP mode file for STMicroelectronics.X-CUBE-TOF1.3.4.1
2024-04-25 10:00:06,125 [WARN] PackLoader:240 - Cannot read IP mode file for STMicroelectronics.X-CUBE-AZRTOS-H7.3.2.0
2024-04-25 10:00:06,127 [INFO] ThirdParty:978 - Integrity check success = true
2024-04-25 10:00:06,127 [INFO] IntegrityCheckThread:100 - exiting critical section [integrity check]
2024-04-25 10:00:06,127 [INFO] IntegrityCheckThread:103 - End integrity checks thread
2024-04-25 10:00:26,048 [ERROR] LogOutputStream:75 - [STDERR_REDIRECT] SLF4J: Failed to load class "org.slf4j.impl.StaticLoggerBinder".
2024-04-25 10:00:26,048 [ERROR] LogOutputStream:75 - [STDERR_REDIRECT] SLF4J: Defaulting to no-operation (NOP) logger implementation
2024-04-25 10:00:26,049 [ERROR] LogOutputStream:75 - [STDERR_REDIRECT] SLF4J: See http://www.slf4j.org/codes.html#StaticLoggerBinder for further details.
2024-04-25 22:47:17,115 [INFO] WebApp:354 - JxBrowser engine has been closed 
