2024-03-21 10:59:28,495 [INFO] Activator:176 - 


2024-03-21 10:59:28,498 [INFO] Activator:177 - !SESSION log4j initialized
2024-03-21 10:59:33,733 [INFO] LogOutputStream:77 - [STDOUT_REDIRECT] 
2024-03-21 10:59:35,716 [INFO] ApplicationProperties:184 - Using Application install path: C:\ST\STM32CubeIDE_1.14.1\STM32CubeIDE\plugins\com.st.stm32cube.common.mx_6.10.0.202311202037
2024-03-21 10:59:35,731 [INFO] DbMcusXml:78 - Set database path to: C:\ST\STM32CubeIDE_1.14.1\STM32CubeIDE\plugins\com.st.stm32cube.common.mx_6.10.0.202311202037\\db\/mcu/
2024-03-21 10:59:35,731 [INFO] ApiDb:274 - Set plugin database path to: C:\ST\STM32CubeIDE_1.14.1\STM32CubeIDE\plugins\com.st.stm32cube.common.mx_6.10.0.202311202037\\db\/plugins/boardmanager/
2024-03-21 10:59:35,735 [WARN] ApiDb:259 - Overriding images path with different value:  => C:\ST\STM32CubeIDE_1.14.1\STM32CubeIDE\plugins\com.st.stm32cube.common.mx_6.10.0.202311202037\\db\/plugins/mcufinder/images/
2024-03-21 10:59:35,741 [INFO] ApiDb:250 - Set database path to: C:\Users\harry\.stmcufinder\plugins\mcufinder//mcu/
2024-03-21 10:59:35,742 [INFO] DbMcusAds:125 - Set database path to: C:\Users\harry\.stmcufinder\plugins\mcufinder//mcu/
2024-03-21 10:59:35,743 [INFO] CrossReferenceDbSqlite:203 - Set database path to: C:\Users\harry\.stmcufinder\plugins\mcufinder//mcu/cs/
2024-03-21 10:59:35,819 [INFO] RulesReader:64 - Compatibility file has been processed (297 Rules)
2024-03-21 10:59:35,884 [INFO] DbMcusXml:78 - Set database path to: C:\ST\STM32CubeIDE_1.14.1\STM32CubeIDE\plugins\com.st.stm32cube.common.mx_6.10.0.202311202037\\db\/mcu/
2024-03-21 10:59:35,884 [INFO] ApiDb:274 - Set plugin database path to: C:\ST\STM32CubeIDE_1.14.1\STM32CubeIDE\plugins\com.st.stm32cube.common.mx_6.10.0.202311202037\\db\/plugins/boardmanager/
2024-03-21 10:59:35,884 [INFO] ApiDb:261 - Set plugin images path to: C:\ST\STM32CubeIDE_1.14.1\STM32CubeIDE\plugins\com.st.stm32cube.common.mx_6.10.0.202311202037\\db\/plugins/mcufinder/images/
2024-03-21 10:59:35,884 [WARN] DbFile:41 - Overriding database path with different value: C:\Users\harry\.stmcufinder\plugins\mcufinder/ => C:\Users\harry\.stmcufinder\plugins\mcufinder
2024-03-21 10:59:35,885 [INFO] ApiDb:250 - Set database path to: C:\Users\harry\.stmcufinder\plugins\mcufinder//mcu/
2024-03-21 10:59:35,885 [WARN] DbFile:41 - Overriding database path with different value: C:\Users\harry\.stmcufinder\plugins\mcufinder/ => C:\Users\harry\.stmcufinder\plugins\mcufinder
2024-03-21 10:59:35,885 [INFO] DbMcusAds:125 - Set database path to: C:\Users\harry\.stmcufinder\plugins\mcufinder//mcu/
2024-03-21 10:59:35,885 [WARN] DbFile:41 - Overriding database path with different value: C:\Users\harry\.stmcufinder\plugins\mcufinder/ => C:\Users\harry\.stmcufinder\plugins\mcufinder
2024-03-21 10:59:35,885 [WARN] DbFile:41 - Overriding database path with different value: C:\Users\harry\.stmcufinder\plugins\mcufinder/ => C:\Users\harry\.stmcufinder\plugins\mcufinder
2024-03-21 10:59:35,885 [INFO] CrossReferenceDbSqlite:203 - Set database path to: C:\Users\harry\.stmcufinder\plugins\mcufinder//mcu/cs/
2024-03-21 10:59:35,946 [INFO] MainPanel:264 - HeapMemory: 268435456
2024-03-21 10:59:36,019 [INFO] DbMcusXml:78 - Set database path to: C:\ST\STM32CubeIDE_1.14.1\STM32CubeIDE\plugins\com.st.stm32cube.common.mx_6.10.0.202311202037\\db\/mcu/
2024-03-21 10:59:36,019 [INFO] ApiDb:274 - Set plugin database path to: C:\ST\STM32CubeIDE_1.14.1\STM32CubeIDE\plugins\com.st.stm32cube.common.mx_6.10.0.202311202037\\db\/plugins/boardmanager/
2024-03-21 10:59:36,019 [INFO] ApiDb:261 - Set plugin images path to: C:\ST\STM32CubeIDE_1.14.1\STM32CubeIDE\plugins\com.st.stm32cube.common.mx_6.10.0.202311202037\\db\/plugins/mcufinder/images/
2024-03-21 10:59:36,019 [WARN] DbFile:41 - Overriding database path with different value: C:\Users\harry\.stmcufinder\plugins\mcufinder/ => C:\Users\harry\.stmcufinder\plugins\mcufinder
2024-03-21 10:59:36,019 [INFO] ApiDb:250 - Set database path to: C:\Users\harry\.stmcufinder\plugins\mcufinder//mcu/
2024-03-21 10:59:36,019 [WARN] DbFile:41 - Overriding database path with different value: C:\Users\harry\.stmcufinder\plugins\mcufinder/ => C:\Users\harry\.stmcufinder\plugins\mcufinder
2024-03-21 10:59:36,020 [INFO] DbMcusAds:125 - Set database path to: C:\Users\harry\.stmcufinder\plugins\mcufinder//mcu/
2024-03-21 10:59:36,020 [WARN] DbFile:41 - Overriding database path with different value: C:\Users\harry\.stmcufinder\plugins\mcufinder/ => C:\Users\harry\.stmcufinder\plugins\mcufinder
2024-03-21 10:59:36,020 [WARN] DbFile:41 - Overriding database path with different value: C:\Users\harry\.stmcufinder\plugins\mcufinder/ => C:\Users\harry\.stmcufinder\plugins\mcufinder
2024-03-21 10:59:36,020 [INFO] CrossReferenceDbSqlite:203 - Set database path to: C:\Users\harry\.stmcufinder\plugins\mcufinder//mcu/cs/
2024-03-21 10:59:36,034 [INFO] ApplicationProperties:184 - Using Application install path: C:\ST\STM32CubeIDE_1.14.1\STM32CubeIDE\plugins\com.st.stm32cube.common.mx_6.10.0.202311202037
2024-03-21 10:59:36,035 [INFO] PluginManage:196 - Search for loadable plugins [exclusion list=, ]
2024-03-21 10:59:36,036 [INFO] PluginManage:310 - Check plugin analytics
2024-03-21 10:59:36,157 [INFO] AnalyticsPlugin:253 - Accepted Software Licenses: 
2024-03-21 10:59:36,157 [INFO] AnalyticsPlugin:255 - Accepted CMSIS Pack Licenses: 
2024-03-21 10:59:36,158 [INFO] AnalyticsPlugin:257 - Accepted Firmware Licenses: 
2024-03-21 10:59:36,160 [INFO] PluginManage:359 - Loaded plugin analytics (category:tool,tabindex:-1)
2024-03-21 10:59:36,160 [INFO] PluginManage:310 - Check plugin cadmodel
2024-03-21 10:59:36,176 [INFO] CADModel:105 - Init CAD model plugin
2024-03-21 10:59:36,176 [INFO] PluginManage:359 - Loaded plugin cadmodel (category:power,tabindex:5)
2024-03-21 10:59:36,176 [INFO] PluginManage:310 - Check plugin clock
2024-03-21 10:59:36,199 [INFO] PluginManage:359 - Loaded plugin clock (category:base,tabindex:2)
2024-03-21 10:59:36,199 [INFO] PluginManage:310 - Check plugin ddr
2024-03-21 10:59:36,201 [INFO] PluginManage:359 - Loaded plugin ddr (category:tool,tabindex:6)
2024-03-21 10:59:36,201 [INFO] PluginManage:310 - Check plugin filemanager
2024-03-21 10:59:36,314 [INFO] PluginManage:359 - Loaded plugin filemanager (category:base,tabindex:10)
2024-03-21 10:59:36,314 [INFO] PluginManage:310 - Check plugin ipmanager
2024-03-21 10:59:36,320 [INFO] PluginManage:359 - Loaded plugin ipmanager (category:base,tabindex:5)
2024-03-21 10:59:36,320 [INFO] PluginManage:310 - Check plugin lpbam
2024-03-21 10:59:36,336 [INFO] PluginManage:359 - Loaded plugin lpbam (category:base,tabindex:0)
2024-03-21 10:59:36,336 [INFO] PluginManage:310 - Check plugin memorymap
2024-03-21 10:59:36,355 [INFO] PluginManage:359 - Loaded plugin memorymap (category:base,tabindex:4)
2024-03-21 10:59:36,356 [INFO] PluginManage:310 - Check plugin pinoutandconfiguration
2024-03-21 10:59:36,369 [INFO] PluginManage:359 - Loaded plugin pinoutandconfiguration (category:base,tabindex:1)
2024-03-21 10:59:36,369 [INFO] PluginManage:310 - Check plugin pinoutconfig
2024-03-21 10:59:36,431 [WARN] SupportedApi:132 - Cannot load RTOS API schema: s4s-elt-must-match.1: The content of 'definitions' must match (annotation?, (simpleType | complexType)?, (unique | key | keyref)*)). A problem was found starting at: attribute.
2024-03-21 10:59:36,523 [INFO] PluginManage:359 - Loaded plugin pinoutconfig (category:base,tabindex:0)
2024-03-21 10:59:36,523 [INFO] PluginManage:310 - Check plugin power
2024-03-21 10:59:36,540 [INFO] PluginManage:359 - Loaded plugin power (category:power,tabindex:4)
2024-03-21 10:59:36,540 [INFO] PluginManage:310 - Check plugin projectmanager
2024-03-21 10:59:36,551 [INFO] PluginManage:359 - Loaded plugin projectmanager (category:projectmanager,tabindex:3)
2024-03-21 10:59:36,551 [INFO] PluginManage:310 - Check plugin thirdparty
2024-03-21 10:59:36,716 [INFO] PluginManage:359 - Loaded plugin thirdparty (category:base,tabindex:-1)
2024-03-21 10:59:36,716 [INFO] PluginManage:310 - Check plugin tools
2024-03-21 10:59:36,716 [WARN] IntegrityCheckThread:84 - waiting for thirdparty lock release [integrity check]
2024-03-21 10:59:36,716 [INFO] IntegrityCheckThread:86 - entering critical section [integrity check]
2024-03-21 10:59:36,716 [INFO] ThirdPartyUpdaterWithRetryManager:70 - Updater plugin not ready yet. [1/15]
2024-03-21 10:59:36,739 [INFO] PluginManage:359 - Loaded plugin tools (category:base,tabindex:7)
2024-03-21 10:59:36,739 [INFO] PluginManage:310 - Check plugin tutovideos
2024-03-21 10:59:36,950 [INFO] PluginManage:359 - Loaded plugin tutovideos (category:base,tabindex:-1)
2024-03-21 10:59:36,950 [INFO] PluginManage:310 - Check plugin updater
2024-03-21 10:59:36,966 [INFO] PluginManage:359 - Loaded plugin updater (category:base,tabindex:12)
2024-03-21 10:59:36,966 [INFO] PluginManage:310 - Check plugin userauth
2024-03-21 10:59:36,973 [INFO] UserAuth:114 - Init User Auth plugin
2024-03-21 10:59:36,973 [INFO] PluginManage:359 - Loaded plugin userauth (category:base,tabindex:14)
2024-03-21 10:59:36,973 [INFO] PluginManage:283 - PluginManage : Loaded plugins [17]
2024-03-21 10:59:37,196 [INFO] PinOutPanel:1499 - setPackage(No Configuration,No Configuration)
2024-03-21 10:59:37,258 [INFO] CADModel:165 - CPN selected for project level
2024-03-21 10:59:37,258 [INFO] CADModel:114 - Register for checkConnection events
2024-03-21 10:59:37,282 [INFO] IPUIPlugin:80 - create IPUIPlugin
2024-03-21 10:59:37,282 [INFO] PluginManager:220 - loadIPPluginJar : add adc
2024-03-21 10:59:37,307 [INFO] IPUIPlugin:80 - create IPUIPlugin
2024-03-21 10:59:37,307 [INFO] PluginManager:220 - loadIPPluginJar : add aes
2024-03-21 10:59:37,334 [INFO] IPUIPlugin:80 - create IPUIPlugin
2024-03-21 10:59:37,334 [INFO] PluginManager:220 - loadIPPluginJar : add can
2024-03-21 10:59:37,348 [INFO] IPUIPlugin:80 - create IPUIPlugin
2024-03-21 10:59:37,349 [INFO] PluginManager:220 - loadIPPluginJar : add comp
2024-03-21 10:59:37,369 [INFO] IPUIPlugin:80 - create IPUIPlugin
2024-03-21 10:59:37,369 [INFO] PluginManager:220 - loadIPPluginJar : add cryp
2024-03-21 10:59:37,387 [INFO] IPUIPlugin:80 - create IPUIPlugin
2024-03-21 10:59:37,388 [INFO] PluginManager:220 - loadIPPluginJar : add dfsdm
2024-03-21 10:59:37,398 [INFO] IPUIPlugin:80 - create IPUIPlugin
2024-03-21 10:59:37,398 [INFO] PluginManager:220 - loadIPPluginJar : add dma
2024-03-21 10:59:37,424 [INFO] IPUIPlugin:80 - create IPUIPlugin
2024-03-21 10:59:37,424 [INFO] PluginManager:220 - loadIPPluginJar : add dma3
2024-03-21 10:59:37,437 [INFO] IPUIPlugin:80 - create IPUIPlugin
2024-03-21 10:59:37,437 [INFO] PluginManager:220 - loadIPPluginJar : add fatfs
2024-03-21 10:59:37,469 [INFO] IPUIPlugin:80 - create IPUIPlugin
2024-03-21 10:59:37,470 [INFO] PluginManager:220 - loadIPPluginJar : add fmc
2024-03-21 10:59:37,482 [INFO] IPUIPlugin:80 - create IPUIPlugin
2024-03-21 10:59:37,482 [INFO] PluginManager:220 - loadIPPluginJar : add freertos
2024-03-21 10:59:37,496 [INFO] IPUIPlugin:80 - create IPUIPlugin
2024-03-21 10:59:37,496 [INFO] PluginManager:220 - loadIPPluginJar : add genericplugin
2024-03-21 10:59:37,550 [INFO] IPUIPlugin:80 - create IPUIPlugin
2024-03-21 10:59:37,550 [INFO] PluginManager:220 - loadIPPluginJar : add gfxmmu
2024-03-21 10:59:37,628 [INFO] IPUIPlugin:80 - create IPUIPlugin
2024-03-21 10:59:37,628 [INFO] PluginManager:220 - loadIPPluginJar : add gic
2024-03-21 10:59:37,639 [INFO] IPUIPlugin:80 - create IPUIPlugin
2024-03-21 10:59:37,639 [INFO] PluginManager:220 - loadIPPluginJar : add gpio
2024-03-21 10:59:37,698 [INFO] IPUIPlugin:80 - create IPUIPlugin
2024-03-21 10:59:37,698 [INFO] PluginManager:220 - loadIPPluginJar : add gtzc
2024-03-21 10:59:37,719 [INFO] IPUIPlugin:80 - create IPUIPlugin
2024-03-21 10:59:37,719 [INFO] PluginManager:220 - loadIPPluginJar : add hash
2024-03-21 10:59:37,752 [INFO] IPUIPlugin:80 - create IPUIPlugin
2024-03-21 10:59:37,752 [INFO] PluginManager:220 - loadIPPluginJar : add i2c
2024-03-21 10:59:37,776 [INFO] IPUIPlugin:80 - create IPUIPlugin
2024-03-21 10:59:37,776 [INFO] PluginManager:220 - loadIPPluginJar : add i2s
2024-03-21 10:59:37,802 [INFO] IPUIPlugin:80 - create IPUIPlugin
2024-03-21 10:59:37,802 [INFO] PluginManager:220 - loadIPPluginJar : add i3c
2024-03-21 10:59:37,871 [INFO] IPUIPlugin:80 - create IPUIPlugin
2024-03-21 10:59:37,871 [INFO] PluginManager:220 - loadIPPluginJar : add ipddr
2024-03-21 10:59:37,932 [INFO] IPUIPlugin:80 - create IPUIPlugin
2024-03-21 10:59:37,932 [INFO] PluginManager:220 - loadIPPluginJar : add linkedlist
2024-03-21 10:59:37,956 [INFO] IPUIPlugin:80 - create IPUIPlugin
2024-03-21 10:59:37,956 [INFO] PluginManager:220 - loadIPPluginJar : add lorawan
2024-03-21 10:59:37,978 [INFO] IPUIPlugin:80 - create IPUIPlugin
2024-03-21 10:59:37,978 [INFO] PluginManager:220 - loadIPPluginJar : add ltdc
2024-03-21 10:59:37,990 [INFO] IPUIPlugin:80 - create IPUIPlugin
2024-03-21 10:59:37,991 [INFO] PluginManager:220 - loadIPPluginJar : add mdma
2024-03-21 10:59:38,000 [INFO] IPUIPlugin:80 - create IPUIPlugin
2024-03-21 10:59:38,000 [INFO] PluginManager:220 - loadIPPluginJar : add nvic
2024-03-21 10:59:38,024 [INFO] IPUIPlugin:80 - create IPUIPlugin
2024-03-21 10:59:38,024 [INFO] PluginManager:220 - loadIPPluginJar : add opamp
2024-03-21 10:59:38,065 [INFO] IPUIPlugin:80 - create IPUIPlugin
2024-03-21 10:59:38,065 [INFO] PluginManager:220 - loadIPPluginJar : add openamp
2024-03-21 10:59:38,092 [INFO] IPUIPlugin:80 - create IPUIPlugin
2024-03-21 10:59:38,092 [INFO] PluginManager:220 - loadIPPluginJar : add pdm2pcm
2024-03-21 10:59:38,103 [INFO] IPUIPlugin:80 - create IPUIPlugin
2024-03-21 10:59:38,105 [INFO] PluginManager:220 - loadIPPluginJar : add plateformsettings
2024-03-21 10:59:38,119 [INFO] IPUIPlugin:80 - create IPUIPlugin
2024-03-21 10:59:38,119 [INFO] PluginManager:220 - loadIPPluginJar : add quadspi
2024-03-21 10:59:38,129 [INFO] IPUIPlugin:80 - create IPUIPlugin
2024-03-21 10:59:38,129 [INFO] PluginManager:220 - loadIPPluginJar : add resmgrutility
2024-03-21 10:59:38,162 [INFO] IPUIPlugin:80 - create IPUIPlugin
2024-03-21 10:59:38,162 [INFO] PluginManager:220 - loadIPPluginJar : add sai
2024-03-21 10:59:38,187 [INFO] IPUIPlugin:80 - create IPUIPlugin
2024-03-21 10:59:38,187 [INFO] PluginManager:220 - loadIPPluginJar : add spi
2024-03-21 10:59:38,230 [INFO] IPUIPlugin:80 - create IPUIPlugin
2024-03-21 10:59:38,230 [INFO] PluginManager:220 - loadIPPluginJar : add stm32_wpan
2024-03-21 10:59:38,245 [INFO] IPUIPlugin:80 - create IPUIPlugin
2024-03-21 10:59:38,246 [INFO] PluginManager:220 - loadIPPluginJar : add tim
2024-03-21 10:59:38,280 [INFO] IPUIPlugin:80 - create IPUIPlugin
2024-03-21 10:59:38,280 [INFO] PluginManager:220 - loadIPPluginJar : add touchsensing
2024-03-21 10:59:38,295 [INFO] IPUIPlugin:80 - create IPUIPlugin
2024-03-21 10:59:38,295 [INFO] PluginManager:220 - loadIPPluginJar : add tracer_emb
2024-03-21 10:59:38,308 [INFO] IPUIPlugin:80 - create IPUIPlugin
2024-03-21 10:59:38,308 [INFO] PluginManager:220 - loadIPPluginJar : add ts
2024-03-21 10:59:38,322 [INFO] IPUIPlugin:80 - create IPUIPlugin
2024-03-21 10:59:38,322 [INFO] PluginManager:220 - loadIPPluginJar : add tsc
2024-03-21 10:59:38,334 [INFO] IPUIPlugin:80 - create IPUIPlugin
2024-03-21 10:59:38,334 [INFO] PluginManager:220 - loadIPPluginJar : add ucpd
2024-03-21 10:59:38,362 [INFO] IPUIPlugin:80 - create IPUIPlugin
2024-03-21 10:59:38,363 [INFO] PluginManager:220 - loadIPPluginJar : add usart
2024-03-21 10:59:38,389 [INFO] IPUIPlugin:80 - create IPUIPlugin
2024-03-21 10:59:38,389 [INFO] PluginManager:220 - loadIPPluginJar : add usbx
2024-03-21 10:59:38,499 [INFO] CADModel:165 - CPN selected for project level
2024-03-21 10:59:38,499 [INFO] CADModel:114 - Register for checkConnection events
2024-03-21 10:59:38,499 [FATAL] Updater:308 - Updater called before beeing initialized
2024-03-21 10:59:38,499 [ERROR] CADModel:125 - Updater not yet initialized, retry later 
2024-03-21 10:59:38,609 [INFO] CADModel:165 - CPN selected for project level
2024-03-21 10:59:38,609 [INFO] CADModel:114 - Register for checkConnection events
2024-03-21 10:59:38,609 [FATAL] Updater:308 - Updater called before beeing initialized
2024-03-21 10:59:38,609 [ERROR] CADModel:125 - Updater not yet initialized, retry later 
2024-03-21 10:59:38,612 [FATAL] Updater:308 - Updater called before beeing initialized
2024-03-21 10:59:38,685 [FATAL] Updater:308 - Updater called before beeing initialized
2024-03-21 10:59:38,693 [INFO] DbMcusAds:53 - JSON generation date=Wed Nov 29 18:52:27 CST 2023 (1701255147349)
2024-03-21 10:59:38,694 [FATAL] Updater:308 - Updater called before beeing initialized
2024-03-21 10:59:38,752 [WARN] DetailPanel:346 - Failed to get advertising image, set to default
2024-03-21 10:59:38,820 [FATAL] Updater:308 - Updater called before beeing initialized
2024-03-21 10:59:38,821 [FATAL] Updater:308 - Updater called before beeing initialized
2024-03-21 10:59:38,821 [FATAL] Updater:308 - Updater called before beeing initialized
2024-03-21 10:59:38,821 [WARN] DetailPanel:346 - Failed to get advertising image, set to default
2024-03-21 10:59:38,822 [FATAL] Updater:308 - Updater called before beeing initialized
2024-03-21 10:59:38,861 [ERROR] Updater:1120 - MainUpdater not yet initialized. External WinMGr cannot be set.
2024-03-21 10:59:38,867 [INFO] Updater:1056 - Updater Version found : 6.10.0
2024-03-21 10:59:38,882 [INFO] ApplicationProperties:184 - Using Application install path: C:\ST\STM32CubeIDE_1.14.1\STM32CubeIDE\plugins\com.st.stm32cube.common.mx_6.10.0.202311202037
2024-03-21 10:59:39,719 [INFO] ThirdPartyUpdaterWithRetryManager:70 - Updater plugin not ready yet. [2/15]
2024-03-21 10:59:40,456 [ERROR] LogOutputStream:75 - [STDERR_REDIRECT] Mar 21, 2024 10:59:40 AM java.util.prefs.WindowsPreferences <init>
2024-03-21 10:59:40,457 [ERROR] LogOutputStream:75 - [STDERR_REDIRECT] WARNING: Could not open/create prefs root node Software\JavaSoft\Prefs at root 0xffffffff80000002. Windows RegCreateKeyEx(...) returned error code 5.
2024-03-21 10:59:40,457 [ERROR] LogOutputStream:75 - [STDERR_REDIRECT] 
2024-03-21 10:59:41,173 [INFO] MainUpdater:2873 - connection check result : 10
2024-03-21 10:59:41,173 [INFO] MainUpdater:290 - Updater Check For Update Now.
2024-03-21 10:59:41,174 [INFO] MicroXplorer:498 - Change Database Version : DB.6.0.100
2024-03-21 10:59:41,186 [INFO] McuFinderGlobals:63 - Set McuFinder mode to 2 (CubeIDE integrated)
2024-03-21 10:59:41,186 [INFO] UserAuth:180 - activating auth plugin
2024-03-21 10:59:41,188 [INFO] UserAuth:404 - Internet connection configuration mode: 1
2024-03-21 10:59:41,215 [INFO] JxBrowserEngine:152 - Initiate JxBrowser Engine with user profile folder
2024-03-21 10:59:41,337 [INFO] CheckServerUpdateThread:120 - End of CheckServer Thread
2024-03-21 10:59:42,850 [WARN] PackLoader:240 - Cannot read IP mode file for STMicroelectronics.X-CUBE-SMBUS.2.1.0
2024-03-21 10:59:42,860 [WARN] PackLoader:240 - Cannot read IP mode file for STMicroelectronics.X-CUBE-TOUCHGFX.4.23.0
2024-03-21 10:59:42,887 [WARN] PackLoader:240 - Cannot read IP mode file for STMicroelectronics.X-CUBE-AZRTOS-F7.1.1.0
2024-03-21 10:59:42,900 [WARN] PackLoader:240 - Cannot read IP mode file for STMicroelectronics.FP-SNS-MOTENV1.4.3.2
2024-03-21 10:59:42,911 [WARN] PackLoader:240 - Cannot read IP mode file for STMicroelectronics.FP-SNS-FLIGHT1.5.0.2
2024-03-21 10:59:42,922 [WARN] PackLoader:240 - Cannot read IP mode file for STMicroelectronics.X-CUBE-DISPLAY.3.0.0
2024-03-21 10:59:42,935 [WARN] PackLoader:240 - Cannot read IP mode file for STMicroelectronics.X-CUBE-BLE1.7.0.0
2024-03-21 10:59:42,946 [WARN] PackLoader:240 - Cannot read IP mode file for emotas.I-CUBE-CANOPEN.1.3.0
2024-03-21 10:59:42,960 [WARN] PackLoader:240 - Cannot read IP mode file for STMicroelectronics.X-CUBE-BLEMGR.3.1.0
2024-03-21 10:59:42,971 [WARN] PackLoader:240 - Cannot read IP mode file for STMicroelectronics.FP-SNS-SMARTAG2.1.2.0
2024-03-21 10:59:42,985 [INFO] LogOutputStream:77 - [STDOUT_REDIRECT] 1 : Invalid condition id : UX_CORESTACK_Condition cause : null
2024-03-21 10:59:42,985 [INFO] LogOutputStream:77 - [STDOUT_REDIRECT] 1 : Invalid condition id : UX_CORESTACK_Condition cause : null
2024-03-21 10:59:42,986 [INFO] LogOutputStream:77 - [STDOUT_REDIRECT] 1 : Invalid condition id : UX_CORESTACK_Condition cause : null
2024-03-21 10:59:42,987 [INFO] LogOutputStream:77 - [STDOUT_REDIRECT] 1 : Invalid condition id : UX_CORESTACK_Condition cause : null
2024-03-21 10:59:42,987 [INFO] LogOutputStream:77 - [STDOUT_REDIRECT] 1 : Invalid condition id : UX_CORESTACK_Condition cause : null
2024-03-21 10:59:42,993 [WARN] PackLoader:240 - Cannot read IP mode file for STMicroelectronics.X-CUBE-AZRTOS-WL.2.0.0
2024-03-21 10:59:43,116 [WARN] PackLoader:240 - Cannot read IP mode file for WES.I-CUBE-Cesium.1.3.0
2024-03-21 10:59:43,376 [WARN] PackLoader:240 - Cannot read IP mode file for STMicroelectronics.X-CUBE-BLE2.3.3.0
2024-03-21 10:59:43,386 [WARN] PackLoader:240 - Cannot read IP mode file for STMicroelectronics.X-CUBE-ALGOBUILD.1.3.0
2024-03-21 10:59:43,407 [WARN] PackLoader:240 - Cannot read IP mode file for STMicroelectronics.X-CUBE-AZRTOS-G0.1.1.0
2024-03-21 10:59:43,418 [WARN] PackLoader:240 - Cannot read IP mode file for STMicroelectronics.X-CUBE-NFC4.3.0.0
2024-03-21 10:59:43,427 [WARN] PackLoader:240 - Cannot read IP mode file for STMicroelectronics.FP-ATR-SIGFOX1.3.2.0
2024-03-21 10:59:43,439 [WARN] PackLoader:240 - Cannot read IP mode file for STMicroelectronics.X-CUBE-EEPRMA1.5.1.0
2024-03-21 10:59:43,470 [WARN] PackLoader:240 - Cannot read IP mode file for SEGGER.I-CUBE-embOS.1.3.1
2024-03-21 10:59:43,523 [WARN] PackLoader:240 - Cannot read IP mode file for STMicroelectronics.X-CUBE-GNSS1.6.0.0
2024-03-21 10:59:43,564 [WARN] PackLoader:240 - Cannot read IP mode file for STMicroelectronics.X-CUBE-AZRTOS-F4.1.1.0
2024-03-21 10:59:43,586 [WARN] PackLoader:240 - Cannot read IP mode file for wolfSSL.I-CUBE-wolfSSL.5.6.6
2024-03-21 10:59:43,623 [WARN] PackLoader:240 - Cannot read IP mode file for STMicroelectronics.X-CUBE-AZRTOS-L5.2.0.0
2024-03-21 10:59:43,644 [WARN] PackLoader:240 - Cannot read IP mode file for ITTIA_DB.I-CUBE-ITTIADB.8.8.0
2024-03-21 10:59:43,661 [WARN] PackLoader:240 - Cannot read IP mode file for STMicroelectronics.X-CUBE-NFC7.1.0.1
2024-03-21 10:59:43,677 [WARN] PackLoader:240 - Cannot read IP mode file for STMicroelectronics.X-CUBE-NFC6.3.0.0
2024-03-21 10:59:43,695 [WARN] PackLoader:240 - Cannot read IP mode file for STMicroelectronics.X-CUBE-AI.8.1.0
2024-03-21 10:59:43,735 [WARN] ConditionMgr:438 - getConditionDescription Invalid condition id : LAN8742 Phy interface Condition cause : null
2024-03-21 10:59:43,736 [WARN] PackLoader:240 - Cannot read IP mode file for STMicroelectronics.X-CUBE-AZRTOS-L4.2.0.0
2024-03-21 10:59:43,737 [WARN] ConditionMgr:1039 - genDependencies : Invalid condition id : LAN8742 Phy interface Condition cause : null
2024-03-21 10:59:43,737 [WARN] ConditionMgr:1039 - genDependencies : Invalid condition id : LAN8742 Phy interface Condition cause : null
2024-03-21 10:59:43,738 [WARN] ConditionMgr:1039 - genDependencies : Invalid condition id : LAN8742 Phy interface Condition cause : null
2024-03-21 10:59:43,748 [INFO] WebApp:161 - Instantiating new browser for Auth
2024-03-21 10:59:43,755 [WARN] PackLoader:240 - Cannot read IP mode file for STMicroelectronics.X-CUBE-SFXS2LP1.4.0.0
2024-03-21 10:59:43,797 [WARN] ConditionMgr:438 - getConditionDescription Invalid condition id : UX DEVICE CLASS RTOS Condition cause : null
2024-03-21 10:59:43,797 [WARN] ConditionMgr:438 - getConditionDescription Invalid condition id : UX DEVICE CLASS RTOS Condition cause : null
2024-03-21 10:59:43,799 [WARN] PackLoader:240 - Cannot read IP mode file for STMicroelectronics.X-CUBE-AZRTOS-WB.2.0.0
2024-03-21 10:59:43,800 [WARN] ConditionMgr:1039 - genDependencies : Invalid condition id : UX DEVICE CLASS RTOS Condition cause : null
2024-03-21 10:59:43,800 [WARN] ConditionMgr:1039 - genDependencies : Invalid condition id : UX DEVICE CLASS RTOS Condition cause : null
2024-03-21 10:59:43,801 [WARN] ConditionMgr:1039 - genDependencies : Invalid condition id : UX DEVICE CLASS RTOS Condition cause : null
2024-03-21 10:59:43,801 [WARN] ConditionMgr:1039 - genDependencies : Invalid condition id : UX DEVICE CLASS RTOS Condition cause : null
2024-03-21 10:59:43,801 [WARN] ConditionMgr:1039 - genDependencies : Invalid condition id : UX DEVICE CLASS RTOS Condition cause : null
2024-03-21 10:59:43,833 [WARN] PackLoader:240 - Cannot read IP mode file for STMicroelectronics.X-CUBE-SUBG2.5.0.0
2024-03-21 10:59:43,876 [WARN] PackLoader:240 - Cannot read IP mode file for STMicroelectronics.X-CUBE-AZRTOS-G4.2.0.0
2024-03-21 10:59:43,908 [WARN] PackLoader:240 - Cannot read IP mode file for Infineon.AIROC-Wi-Fi-Bluetooth-STM32.1.5.1
2024-03-21 10:59:43,932 [WARN] PackLoader:240 - Cannot read IP mode file for STMicroelectronics.FP-SNS-MOTENVWB1.1.3.1
2024-03-21 10:59:43,953 [WARN] PackLoader:240 - Cannot read IP mode file for STMicroelectronics.X-CUBE-ISPU.2.0.0
2024-03-21 10:59:44,027 [WARN] PackLoader:240 - Cannot read IP mode file for STMicroelectronics.X-CUBE-MEMS1.10.0.0
2024-03-21 10:59:44,173 [WARN] PackLoader:240 - Cannot read IP mode file for STMicroelectronics.X-CUBE-FREERTOS.1.1.0
2024-03-21 10:59:44,191 [WARN] PackLoader:240 - Cannot read IP mode file for portGmbH.I-Cube-SoM-uGOAL.1.1.0
2024-03-21 10:59:44,209 [WARN] PackLoader:240 - Cannot read IP mode file for STMicroelectronics.X-CUBE-ALS.1.0.1
2024-03-21 10:59:44,227 [WARN] PackLoader:240 - Cannot read IP mode file for STMicroelectronics.FP-ATR-ASTRA1.2.0.0
2024-03-21 10:59:44,255 [WARN] PackLoader:240 - Cannot read IP mode file for STMicroelectronics.X-CUBE-TOF1.3.4.1
2024-03-21 10:59:44,300 [WARN] PackLoader:240 - Cannot read IP mode file for STMicroelectronics.X-CUBE-AZRTOS-H7.3.2.0
2024-03-21 10:59:44,304 [INFO] ThirdParty:978 - Integrity check success = true
2024-03-21 10:59:44,304 [INFO] IntegrityCheckThread:100 - exiting critical section [integrity check]
2024-03-21 10:59:44,304 [INFO] IntegrityCheckThread:103 - End integrity checks thread
2024-03-21 10:59:44,595 [INFO] WebApp:780 - Register for checkConnection events
2024-03-21 10:59:44,595 [INFO] WebApp:414 - Apply proxy settings
2024-03-21 10:59:44,595 [INFO] WebApp:499 - Chromium requires no authentication
2024-03-21 10:59:44,600 [INFO] WebApp:442 - Direct internet connection detected
2024-03-21 10:59:44,727 [INFO] WebApp:192 - Starting web application
2024-03-21 10:59:44,727 [INFO] WebApp:544 - Web application path used C:\ST\STM32CubeIDE_1.14.1\STM32CubeIDE\plugins\com.st.stm32cube.common.mx_6.10.0.202311202037\db\plugins\mcufinder\reactClient1\index.html
2024-03-21 11:00:05,416 [ERROR] LogOutputStream:75 - [STDERR_REDIRECT] SLF4J: Failed to load class "org.slf4j.impl.StaticLoggerBinder".
2024-03-21 11:00:05,417 [ERROR] LogOutputStream:75 - [STDERR_REDIRECT] SLF4J: Defaulting to no-operation (NOP) logger implementation
2024-03-21 11:00:05,418 [ERROR] LogOutputStream:75 - [STDERR_REDIRECT] SLF4J: See http://www.slf4j.org/codes.html#StaticLoggerBinder for further details.
2024-03-21 22:08:17,006 [INFO] WebApp:354 - JxBrowser engine has been closed 
