2024-06-05 13:41:45,479 [INFO] Activator:176 - 


2024-06-05 13:41:45,482 [INFO] Activator:177 - !SESSION log4j initialized
2024-06-05 13:41:49,157 [INFO] LogOutputStream:77 - [STDOUT_REDIRECT] 
2024-06-05 13:41:51,600 [INFO] ApplicationProperties:184 - Using Application install path: C:\ST\STM32CubeIDE_1.14.1\STM32CubeIDE\plugins\com.st.stm32cube.common.mx_6.11.1.202404110753
2024-06-05 13:41:51,612 [INFO] DbMcusXml:78 - Set database path to: C:\ST\STM32CubeIDE_1.14.1\STM32CubeIDE\plugins\com.st.stm32cube.common.mx_6.11.1.202404110753\\db\/mcu/
2024-06-05 13:41:51,612 [INFO] ApiDb:274 - Set plugin database path to: C:\ST\STM32CubeIDE_1.14.1\STM32CubeIDE\plugins\com.st.stm32cube.common.mx_6.11.1.202404110753\\db\/plugins/boardmanager/
2024-06-05 13:41:51,616 [WARN] ApiDb:259 - Overriding images path with different value:  => C:\ST\STM32CubeIDE_1.14.1\STM32CubeIDE\plugins\com.st.stm32cube.common.mx_6.11.1.202404110753\\db\/plugins/mcufinder/images/
2024-06-05 13:41:51,622 [INFO] ApiDb:250 - Set database path to: C:\Users\harry\.stmcufinder\plugins\mcufinder//mcu/
2024-06-05 13:41:51,623 [INFO] DbMcusAds:125 - Set database path to: C:\Users\harry\.stmcufinder\plugins\mcufinder//mcu/
2024-06-05 13:41:51,624 [INFO] CrossReferenceDbSqlite:203 - Set database path to: C:\Users\harry\.stmcufinder\plugins\mcufinder//mcu/cs/
2024-06-05 13:41:51,698 [INFO] RulesReader:64 - Compatibility file has been processed (297 Rules)
2024-06-05 13:41:51,761 [INFO] DbMcusXml:78 - Set database path to: C:\ST\STM32CubeIDE_1.14.1\STM32CubeIDE\plugins\com.st.stm32cube.common.mx_6.11.1.202404110753\\db\/mcu/
2024-06-05 13:41:51,761 [INFO] ApiDb:274 - Set plugin database path to: C:\ST\STM32CubeIDE_1.14.1\STM32CubeIDE\plugins\com.st.stm32cube.common.mx_6.11.1.202404110753\\db\/plugins/boardmanager/
2024-06-05 13:41:51,761 [INFO] ApiDb:261 - Set plugin images path to: C:\ST\STM32CubeIDE_1.14.1\STM32CubeIDE\plugins\com.st.stm32cube.common.mx_6.11.1.202404110753\\db\/plugins/mcufinder/images/
2024-06-05 13:41:51,761 [WARN] DbFile:41 - Overriding database path with different value: C:\Users\harry\.stmcufinder\plugins\mcufinder/ => C:\Users\harry\.stmcufinder\plugins\mcufinder
2024-06-05 13:41:51,761 [INFO] ApiDb:250 - Set database path to: C:\Users\harry\.stmcufinder\plugins\mcufinder//mcu/
2024-06-05 13:41:51,761 [WARN] DbFile:41 - Overriding database path with different value: C:\Users\harry\.stmcufinder\plugins\mcufinder/ => C:\Users\harry\.stmcufinder\plugins\mcufinder
2024-06-05 13:41:51,761 [INFO] DbMcusAds:125 - Set database path to: C:\Users\harry\.stmcufinder\plugins\mcufinder//mcu/
2024-06-05 13:41:51,761 [WARN] DbFile:41 - Overriding database path with different value: C:\Users\harry\.stmcufinder\plugins\mcufinder/ => C:\Users\harry\.stmcufinder\plugins\mcufinder
2024-06-05 13:41:51,761 [WARN] DbFile:41 - Overriding database path with different value: C:\Users\harry\.stmcufinder\plugins\mcufinder/ => C:\Users\harry\.stmcufinder\plugins\mcufinder
2024-06-05 13:41:51,761 [INFO] CrossReferenceDbSqlite:203 - Set database path to: C:\Users\harry\.stmcufinder\plugins\mcufinder//mcu/cs/
2024-06-05 13:41:51,815 [INFO] MainPanel:264 - HeapMemory: 268435456
2024-06-05 13:41:51,884 [INFO] DbMcusXml:78 - Set database path to: C:\ST\STM32CubeIDE_1.14.1\STM32CubeIDE\plugins\com.st.stm32cube.common.mx_6.11.1.202404110753\\db\/mcu/
2024-06-05 13:41:51,884 [INFO] ApiDb:274 - Set plugin database path to: C:\ST\STM32CubeIDE_1.14.1\STM32CubeIDE\plugins\com.st.stm32cube.common.mx_6.11.1.202404110753\\db\/plugins/boardmanager/
2024-06-05 13:41:51,885 [INFO] ApiDb:261 - Set plugin images path to: C:\ST\STM32CubeIDE_1.14.1\STM32CubeIDE\plugins\com.st.stm32cube.common.mx_6.11.1.202404110753\\db\/plugins/mcufinder/images/
2024-06-05 13:41:51,885 [WARN] DbFile:41 - Overriding database path with different value: C:\Users\harry\.stmcufinder\plugins\mcufinder/ => C:\Users\harry\.stmcufinder\plugins\mcufinder
2024-06-05 13:41:51,885 [INFO] ApiDb:250 - Set database path to: C:\Users\harry\.stmcufinder\plugins\mcufinder//mcu/
2024-06-05 13:41:51,885 [WARN] DbFile:41 - Overriding database path with different value: C:\Users\harry\.stmcufinder\plugins\mcufinder/ => C:\Users\harry\.stmcufinder\plugins\mcufinder
2024-06-05 13:41:51,885 [INFO] DbMcusAds:125 - Set database path to: C:\Users\harry\.stmcufinder\plugins\mcufinder//mcu/
2024-06-05 13:41:51,885 [WARN] DbFile:41 - Overriding database path with different value: C:\Users\harry\.stmcufinder\plugins\mcufinder/ => C:\Users\harry\.stmcufinder\plugins\mcufinder
2024-06-05 13:41:51,885 [WARN] DbFile:41 - Overriding database path with different value: C:\Users\harry\.stmcufinder\plugins\mcufinder/ => C:\Users\harry\.stmcufinder\plugins\mcufinder
2024-06-05 13:41:51,885 [INFO] CrossReferenceDbSqlite:203 - Set database path to: C:\Users\harry\.stmcufinder\plugins\mcufinder//mcu/cs/
2024-06-05 13:41:51,902 [INFO] ApplicationProperties:184 - Using Application install path: C:\ST\STM32CubeIDE_1.14.1\STM32CubeIDE\plugins\com.st.stm32cube.common.mx_6.11.1.202404110753
2024-06-05 13:41:51,903 [INFO] PluginManage:196 - Search for loadable plugins [exclusion list=, ]
2024-06-05 13:41:51,904 [INFO] PluginManage:310 - Check plugin analytics
2024-06-05 13:41:52,008 [INFO] AnalyticsPlugin:253 - Accepted Software Licenses: 
2024-06-05 13:41:52,008 [INFO] AnalyticsPlugin:255 - Accepted CMSIS Pack Licenses: 
2024-06-05 13:41:52,008 [INFO] AnalyticsPlugin:257 - Accepted Firmware Licenses: 
2024-06-05 13:41:52,010 [INFO] PluginManage:359 - Loaded plugin analytics (category:tool,tabindex:-1)
2024-06-05 13:41:52,011 [INFO] PluginManage:310 - Check plugin cadmodel
2024-06-05 13:41:52,023 [INFO] CADModel:105 - Init CAD model plugin
2024-06-05 13:41:52,023 [INFO] PluginManage:359 - Loaded plugin cadmodel (category:power,tabindex:5)
2024-06-05 13:41:52,023 [INFO] PluginManage:310 - Check plugin clock
2024-06-05 13:41:52,039 [INFO] PluginManage:359 - Loaded plugin clock (category:base,tabindex:2)
2024-06-05 13:41:52,040 [INFO] PluginManage:310 - Check plugin ddr
2024-06-05 13:41:52,041 [INFO] PluginManage:359 - Loaded plugin ddr (category:tool,tabindex:6)
2024-06-05 13:41:52,041 [INFO] PluginManage:310 - Check plugin filemanager
2024-06-05 13:41:52,147 [INFO] PluginManage:359 - Loaded plugin filemanager (category:base,tabindex:10)
2024-06-05 13:41:52,147 [INFO] PluginManage:310 - Check plugin ipmanager
2024-06-05 13:41:52,152 [INFO] PluginManage:359 - Loaded plugin ipmanager (category:base,tabindex:5)
2024-06-05 13:41:52,152 [INFO] PluginManage:310 - Check plugin lpbam
2024-06-05 13:41:52,166 [INFO] PluginManage:359 - Loaded plugin lpbam (category:base,tabindex:0)
2024-06-05 13:41:52,166 [INFO] PluginManage:310 - Check plugin memorymap
2024-06-05 13:41:52,183 [INFO] PluginManage:359 - Loaded plugin memorymap (category:base,tabindex:4)
2024-06-05 13:41:52,183 [INFO] PluginManage:310 - Check plugin pinoutandconfiguration
2024-06-05 13:41:52,195 [INFO] PluginManage:359 - Loaded plugin pinoutandconfiguration (category:base,tabindex:1)
2024-06-05 13:41:52,196 [INFO] PluginManage:310 - Check plugin pinoutconfig
2024-06-05 13:41:52,253 [WARN] SupportedApi:132 - Cannot load RTOS API schema: s4s-elt-must-match.1: The content of 'definitions' must match (annotation?, (simpleType | complexType)?, (unique | key | keyref)*)). A problem was found starting at: attribute.
2024-06-05 13:41:52,334 [INFO] PluginManage:359 - Loaded plugin pinoutconfig (category:base,tabindex:0)
2024-06-05 13:41:52,334 [INFO] PluginManage:310 - Check plugin power
2024-06-05 13:41:52,348 [INFO] PluginManage:359 - Loaded plugin power (category:power,tabindex:4)
2024-06-05 13:41:52,348 [INFO] PluginManage:310 - Check plugin projectmanager
2024-06-05 13:41:52,358 [INFO] PluginManage:359 - Loaded plugin projectmanager (category:projectmanager,tabindex:3)
2024-06-05 13:41:52,358 [INFO] PluginManage:310 - Check plugin thirdparty
2024-06-05 13:41:52,508 [INFO] PluginManage:359 - Loaded plugin thirdparty (category:base,tabindex:-1)
2024-06-05 13:41:52,508 [INFO] PluginManage:310 - Check plugin tools
2024-06-05 13:41:52,508 [WARN] IntegrityCheckThread:84 - waiting for thirdparty lock release [integrity check]
2024-06-05 13:41:52,508 [INFO] IntegrityCheckThread:86 - entering critical section [integrity check]
2024-06-05 13:41:52,508 [INFO] ThirdPartyUpdaterWithRetryManager:70 - Updater plugin not ready yet. [1/15]
2024-06-05 13:41:52,528 [INFO] PluginManage:359 - Loaded plugin tools (category:base,tabindex:7)
2024-06-05 13:41:52,528 [INFO] PluginManage:310 - Check plugin tutovideos
2024-06-05 13:41:52,683 [INFO] PluginManage:359 - Loaded plugin tutovideos (category:base,tabindex:-1)
2024-06-05 13:41:52,683 [INFO] PluginManage:310 - Check plugin updater
2024-06-05 13:41:52,692 [INFO] PluginManage:359 - Loaded plugin updater (category:base,tabindex:12)
2024-06-05 13:41:52,692 [INFO] PluginManage:310 - Check plugin userauth
2024-06-05 13:41:52,697 [INFO] UserAuth:114 - Init User Auth plugin
2024-06-05 13:41:52,697 [INFO] PluginManage:359 - Loaded plugin userauth (category:base,tabindex:14)
2024-06-05 13:41:52,697 [INFO] PluginManage:283 - PluginManage : Loaded plugins [17]
2024-06-05 13:41:52,834 [INFO] PinOutPanel:1561 - setPackage(No Configuration,No Configuration)
2024-06-05 13:41:52,880 [INFO] CADModel:165 - CPN selected for project level
2024-06-05 13:41:52,880 [INFO] CADModel:114 - Register for checkConnection events
2024-06-05 13:41:52,897 [INFO] IPUIPlugin:80 - create IPUIPlugin
2024-06-05 13:41:52,897 [INFO] PluginManager:220 - loadIPPluginJar : add adc
2024-06-05 13:41:52,918 [INFO] IPUIPlugin:80 - create IPUIPlugin
2024-06-05 13:41:52,918 [INFO] PluginManager:220 - loadIPPluginJar : add aes
2024-06-05 13:41:52,941 [INFO] IPUIPlugin:80 - create IPUIPlugin
2024-06-05 13:41:52,941 [INFO] PluginManager:220 - loadIPPluginJar : add can
2024-06-05 13:41:52,953 [INFO] IPUIPlugin:80 - create IPUIPlugin
2024-06-05 13:41:52,953 [INFO] PluginManager:220 - loadIPPluginJar : add comp
2024-06-05 13:41:52,971 [INFO] IPUIPlugin:80 - create IPUIPlugin
2024-06-05 13:41:52,971 [INFO] PluginManager:220 - loadIPPluginJar : add cryp
2024-06-05 13:41:52,987 [INFO] IPUIPlugin:80 - create IPUIPlugin
2024-06-05 13:41:52,987 [INFO] PluginManager:220 - loadIPPluginJar : add dfsdm
2024-06-05 13:41:52,995 [INFO] IPUIPlugin:80 - create IPUIPlugin
2024-06-05 13:41:52,995 [INFO] PluginManager:220 - loadIPPluginJar : add dma
2024-06-05 13:41:53,019 [INFO] IPUIPlugin:80 - create IPUIPlugin
2024-06-05 13:41:53,019 [INFO] PluginManager:220 - loadIPPluginJar : add dma3
2024-06-05 13:41:53,047 [INFO] IPUIPlugin:80 - create IPUIPlugin
2024-06-05 13:41:53,047 [INFO] PluginManager:220 - loadIPPluginJar : add extmemmanager
2024-06-05 13:41:53,059 [INFO] IPUIPlugin:80 - create IPUIPlugin
2024-06-05 13:41:53,059 [INFO] PluginManager:220 - loadIPPluginJar : add fatfs
2024-06-05 13:41:53,090 [INFO] IPUIPlugin:80 - create IPUIPlugin
2024-06-05 13:41:53,090 [INFO] PluginManager:220 - loadIPPluginJar : add fmc
2024-06-05 13:41:53,103 [INFO] IPUIPlugin:80 - create IPUIPlugin
2024-06-05 13:41:53,103 [INFO] PluginManager:220 - loadIPPluginJar : add freertos
2024-06-05 13:41:53,119 [INFO] IPUIPlugin:80 - create IPUIPlugin
2024-06-05 13:41:53,120 [INFO] PluginManager:220 - loadIPPluginJar : add genericplugin
2024-06-05 13:41:53,184 [INFO] IPUIPlugin:80 - create IPUIPlugin
2024-06-05 13:41:53,184 [INFO] PluginManager:220 - loadIPPluginJar : add gfxmmu
2024-06-05 13:41:53,264 [INFO] IPUIPlugin:80 - create IPUIPlugin
2024-06-05 13:41:53,265 [INFO] PluginManager:220 - loadIPPluginJar : add gic
2024-06-05 13:41:53,273 [INFO] IPUIPlugin:80 - create IPUIPlugin
2024-06-05 13:41:53,273 [INFO] PluginManager:220 - loadIPPluginJar : add gpio
2024-06-05 13:41:53,330 [INFO] IPUIPlugin:80 - create IPUIPlugin
2024-06-05 13:41:53,330 [INFO] PluginManager:220 - loadIPPluginJar : add gtzc
2024-06-05 13:41:53,351 [INFO] IPUIPlugin:80 - create IPUIPlugin
2024-06-05 13:41:53,351 [INFO] PluginManager:220 - loadIPPluginJar : add hash
2024-06-05 13:41:53,384 [INFO] IPUIPlugin:80 - create IPUIPlugin
2024-06-05 13:41:53,384 [INFO] PluginManager:220 - loadIPPluginJar : add i2c
2024-06-05 13:41:53,406 [INFO] IPUIPlugin:80 - create IPUIPlugin
2024-06-05 13:41:53,406 [INFO] PluginManager:220 - loadIPPluginJar : add i2s
2024-06-05 13:41:53,429 [INFO] IPUIPlugin:80 - create IPUIPlugin
2024-06-05 13:41:53,429 [INFO] PluginManager:220 - loadIPPluginJar : add i3c
2024-06-05 13:41:53,493 [INFO] IPUIPlugin:80 - create IPUIPlugin
2024-06-05 13:41:53,493 [INFO] PluginManager:220 - loadIPPluginJar : add ipddr
2024-06-05 13:41:53,549 [INFO] IPUIPlugin:80 - create IPUIPlugin
2024-06-05 13:41:53,549 [INFO] PluginManager:220 - loadIPPluginJar : add linkedlist
2024-06-05 13:41:53,569 [INFO] IPUIPlugin:80 - create IPUIPlugin
2024-06-05 13:41:53,569 [INFO] PluginManager:220 - loadIPPluginJar : add lorawan
2024-06-05 13:41:53,592 [INFO] IPUIPlugin:80 - create IPUIPlugin
2024-06-05 13:41:53,592 [INFO] PluginManager:220 - loadIPPluginJar : add ltdc
2024-06-05 13:41:53,602 [INFO] IPUIPlugin:80 - create IPUIPlugin
2024-06-05 13:41:53,602 [INFO] PluginManager:220 - loadIPPluginJar : add mdma
2024-06-05 13:41:53,608 [INFO] IPUIPlugin:80 - create IPUIPlugin
2024-06-05 13:41:53,608 [INFO] PluginManager:220 - loadIPPluginJar : add nvic
2024-06-05 13:41:53,628 [INFO] IPUIPlugin:80 - create IPUIPlugin
2024-06-05 13:41:53,628 [INFO] PluginManager:220 - loadIPPluginJar : add opamp
2024-06-05 13:41:53,661 [INFO] IPUIPlugin:80 - create IPUIPlugin
2024-06-05 13:41:53,661 [INFO] PluginManager:220 - loadIPPluginJar : add openamp
2024-06-05 13:41:53,684 [INFO] IPUIPlugin:80 - create IPUIPlugin
2024-06-05 13:41:53,684 [INFO] PluginManager:220 - loadIPPluginJar : add pdm2pcm
2024-06-05 13:41:53,693 [INFO] IPUIPlugin:80 - create IPUIPlugin
2024-06-05 13:41:53,694 [INFO] PluginManager:220 - loadIPPluginJar : add plateformsettings
2024-06-05 13:41:53,706 [INFO] IPUIPlugin:80 - create IPUIPlugin
2024-06-05 13:41:53,706 [INFO] PluginManager:220 - loadIPPluginJar : add quadspi
2024-06-05 13:41:53,713 [INFO] IPUIPlugin:80 - create IPUIPlugin
2024-06-05 13:41:53,713 [INFO] PluginManager:220 - loadIPPluginJar : add resmgrutility
2024-06-05 13:41:53,740 [INFO] IPUIPlugin:80 - create IPUIPlugin
2024-06-05 13:41:53,740 [INFO] PluginManager:220 - loadIPPluginJar : add sai
2024-06-05 13:41:53,760 [INFO] IPUIPlugin:80 - create IPUIPlugin
2024-06-05 13:41:53,760 [INFO] PluginManager:220 - loadIPPluginJar : add spi
2024-06-05 13:41:53,799 [INFO] IPUIPlugin:80 - create IPUIPlugin
2024-06-05 13:41:53,800 [INFO] PluginManager:220 - loadIPPluginJar : add stm32_wpan
2024-06-05 13:41:53,813 [INFO] IPUIPlugin:80 - create IPUIPlugin
2024-06-05 13:41:53,813 [INFO] PluginManager:220 - loadIPPluginJar : add tim
2024-06-05 13:41:53,846 [INFO] IPUIPlugin:80 - create IPUIPlugin
2024-06-05 13:41:53,846 [INFO] PluginManager:220 - loadIPPluginJar : add touchsensing
2024-06-05 13:41:53,859 [INFO] IPUIPlugin:80 - create IPUIPlugin
2024-06-05 13:41:53,859 [INFO] PluginManager:220 - loadIPPluginJar : add tracer_emb
2024-06-05 13:41:53,872 [INFO] IPUIPlugin:80 - create IPUIPlugin
2024-06-05 13:41:53,872 [INFO] PluginManager:220 - loadIPPluginJar : add ts
2024-06-05 13:41:53,883 [INFO] IPUIPlugin:80 - create IPUIPlugin
2024-06-05 13:41:53,883 [INFO] PluginManager:220 - loadIPPluginJar : add tsc
2024-06-05 13:41:53,894 [INFO] IPUIPlugin:80 - create IPUIPlugin
2024-06-05 13:41:53,894 [INFO] PluginManager:220 - loadIPPluginJar : add ucpd
2024-06-05 13:41:53,919 [INFO] IPUIPlugin:80 - create IPUIPlugin
2024-06-05 13:41:53,919 [INFO] PluginManager:220 - loadIPPluginJar : add usart
2024-06-05 13:41:53,943 [INFO] IPUIPlugin:80 - create IPUIPlugin
2024-06-05 13:41:53,943 [INFO] PluginManager:220 - loadIPPluginJar : add usbx
2024-06-05 13:41:54,050 [INFO] CADModel:165 - CPN selected for project level
2024-06-05 13:41:54,050 [INFO] CADModel:114 - Register for checkConnection events
2024-06-05 13:41:54,050 [FATAL] Updater:308 - Updater called before beeing initialized
2024-06-05 13:41:54,050 [ERROR] CADModel:125 - Updater not yet initialized, retry later 
2024-06-05 13:41:54,156 [INFO] CADModel:165 - CPN selected for project level
2024-06-05 13:41:54,156 [INFO] CADModel:114 - Register for checkConnection events
2024-06-05 13:41:54,157 [FATAL] Updater:308 - Updater called before beeing initialized
2024-06-05 13:41:54,157 [ERROR] CADModel:125 - Updater not yet initialized, retry later 
2024-06-05 13:41:54,159 [FATAL] Updater:308 - Updater called before beeing initialized
2024-06-05 13:41:54,254 [FATAL] Updater:308 - Updater called before beeing initialized
2024-06-05 13:41:54,263 [INFO] DbMcusAds:53 - JSON generation date=Thu May 16 17:22:01 CST 2024 (1715851321456)
2024-06-05 13:41:54,264 [FATAL] Updater:308 - Updater called before beeing initialized
2024-06-05 13:41:54,324 [WARN] DetailPanel:346 - Failed to get advertising image, set to default
2024-06-05 13:41:54,393 [FATAL] Updater:308 - Updater called before beeing initialized
2024-06-05 13:41:54,395 [FATAL] Updater:308 - Updater called before beeing initialized
2024-06-05 13:41:54,395 [FATAL] Updater:308 - Updater called before beeing initialized
2024-06-05 13:41:54,395 [WARN] DetailPanel:346 - Failed to get advertising image, set to default
2024-06-05 13:41:54,396 [FATAL] Updater:308 - Updater called before beeing initialized
2024-06-05 13:41:54,442 [ERROR] Updater:1120 - MainUpdater not yet initialized. External WinMGr cannot be set.
2024-06-05 13:41:54,452 [INFO] Updater:1056 - Updater Version found : 6.11.1
2024-06-05 13:41:54,466 [INFO] ApplicationProperties:184 - Using Application install path: C:\ST\STM32CubeIDE_1.14.1\STM32CubeIDE\plugins\com.st.stm32cube.common.mx_6.11.1.202404110753
2024-06-05 13:41:55,511 [INFO] ThirdPartyUpdaterWithRetryManager:70 - Updater plugin not ready yet. [2/15]
2024-06-05 13:41:56,040 [ERROR] LogOutputStream:75 - [STDERR_REDIRECT] Jun 05, 2024 1:41:56 PM java.util.prefs.WindowsPreferences <init>
2024-06-05 13:41:56,041 [ERROR] LogOutputStream:75 - [STDERR_REDIRECT] WARNING: Could not open/create prefs root node Software\JavaSoft\Prefs at root 0xffffffff80000002. Windows RegCreateKeyEx(...) returned error code 5.
2024-06-05 13:41:56,041 [ERROR] LogOutputStream:75 - [STDERR_REDIRECT] 
2024-06-05 13:41:56,248 [INFO] MainUpdater:2873 - connection check result : 10
2024-06-05 13:41:56,249 [INFO] MainUpdater:3567 - Updater definition file requires update
2024-06-05 13:41:56,249 [INFO] MainUpdater:290 - Updater Check For Update Now.
2024-06-05 13:41:56,249 [INFO] MicroXplorer:498 - Change Database Version : DB.6.0.111
2024-06-05 13:41:56,261 [INFO] McuFinderGlobals:63 - Set McuFinder mode to 2 (CubeIDE integrated)
2024-06-05 13:41:56,261 [INFO] UserAuth:179 - activating auth plugin
2024-06-05 13:41:56,262 [INFO] UserAuth:415 - Internet connection configuration mode: 1
2024-06-05 13:41:56,275 [INFO] JxBrowserEngine:152 - Initiate JxBrowser Engine with user profile folder
2024-06-05 13:41:56,325 [INFO] ServerAccessManage:473 - Download File updaters.zip
2024-06-05 13:41:56,383 [INFO] FileExtend:240 - Unzip File : updaters.zip
2024-06-05 13:41:56,383 [INFO] FileExtend:255 - Standard Zip Deflate
2024-06-05 13:41:56,640 [INFO] ServerAccessManage:473 - Download File PacksControlFlags.xml
2024-06-05 13:41:56,691 [INFO] ServerAccessManage:473 - Download File cubemx.pidx
2024-06-05 13:41:58,513 [WARN] MainUpdater:1194 - Updater busy. Cannot search thirdparties
2024-06-05 13:41:58,513 [INFO] ThirdPartyUpdaterWithRetryManager:96 - Updater plugin is busy. [1/15]
2024-06-05 13:41:58,821 [INFO] ServerAccessManage:473 - Download File wolfSSL.I-CUBE-wolfMQTT.pdsc
2024-06-05 13:41:59,732 [INFO] WebApp:161 - Instantiating new browser for Auth
2024-06-05 13:42:00,188 [INFO] WebApp:779 - Register for checkConnection events
2024-06-05 13:42:00,188 [INFO] WebApp:414 - Apply proxy settings
2024-06-05 13:42:00,188 [INFO] WebApp:499 - Chromium requires no authentication
2024-06-05 13:42:00,193 [INFO] WebApp:442 - Direct internet connection detected
2024-06-05 13:42:00,315 [INFO] WebApp:192 - Starting web application
2024-06-05 13:42:00,315 [INFO] WebApp:544 - Web application path used C:\ST\STM32CubeIDE_1.14.1\STM32CubeIDE\plugins\com.st.stm32cube.common.mx_6.11.1.202404110753\db\plugins\mcufinder\reactClient1\index.html
2024-06-05 13:42:01,203 [ERROR] ServerAccessManage:1089 - Problem, file not found on Server
2024-06-05 13:42:01,307 [WARN] PackLoader:240 - Cannot read IP mode file for wolfSSL.I-CUBE-wolfMQTT.1.19.0
2024-06-05 13:42:01,308 [INFO] PopulateThirdPartyThread:66 - Ending populate Thread
2024-06-05 13:42:01,309 [INFO] ThirdParty:1030 - CMSIS Pack Vendor :wolfSSL I-CUBE-wolfMQTT 1.19.0
2024-06-05 13:42:01,309 [INFO] LoadServerUpdatesThread:375 - End of LoadServerUpdate Thread
2024-06-05 13:42:01,430 [INFO] CheckServerUpdateThread:120 - End of CheckServer Thread
2024-06-05 13:42:01,627 [WARN] PackLoader:240 - Cannot read IP mode file for STMicroelectronics.FP-SNS-MOTENVWB1.1.4.0
2024-06-05 13:42:01,637 [WARN] PackLoader:240 - Cannot read IP mode file for STMicroelectronics.X-CUBE-SMBUS.2.1.0
2024-06-05 13:42:01,645 [WARN] PackLoader:240 - Cannot read IP mode file for STMicroelectronics.X-CUBE-TOUCHGFX.4.23.0
2024-06-05 13:42:01,650 [WARN] PackLoader:240 - Cannot read IP mode file for STMicroelectronics.X-CUBE-TOUCHGFX.4.23.2
2024-06-05 13:42:01,669 [WARN] PackLoader:240 - Cannot read IP mode file for STMicroelectronics.X-CUBE-AZRTOS-F7.1.1.0
2024-06-05 13:42:01,679 [WARN] PackLoader:240 - Cannot read IP mode file for STMicroelectronics.FP-SNS-MOTENV1.4.3.2
2024-06-05 13:42:01,683 [WARN] PackLoader:240 - Cannot read IP mode file for STMicroelectronics.FP-SNS-FLIGHT1.5.0.2
2024-06-05 13:42:01,693 [WARN] PackLoader:240 - Cannot read IP mode file for STMicroelectronics.X-CUBE-DISPLAY.3.0.0
2024-06-05 13:42:01,704 [WARN] PackLoader:240 - Cannot read IP mode file for STMicroelectronics.X-CUBE-BLE1.7.0.0
2024-06-05 13:42:01,712 [WARN] PackLoader:240 - Cannot read IP mode file for emotas.I-CUBE-CANOPEN.1.3.0
2024-06-05 13:42:01,725 [WARN] PackLoader:240 - Cannot read IP mode file for STMicroelectronics.X-CUBE-BLEMGR.3.1.0
2024-06-05 13:42:01,734 [WARN] PackLoader:240 - Cannot read IP mode file for STMicroelectronics.FP-SNS-SMARTAG2.1.2.0
2024-06-05 13:42:01,746 [INFO] LogOutputStream:77 - [STDOUT_REDIRECT] 1 : Invalid condition id : UX_CORESTACK_Condition cause : null
2024-06-05 13:42:01,746 [INFO] LogOutputStream:77 - [STDOUT_REDIRECT] 1 : Invalid condition id : UX_CORESTACK_Condition cause : null
2024-06-05 13:42:01,747 [INFO] LogOutputStream:77 - [STDOUT_REDIRECT] 1 : Invalid condition id : UX_CORESTACK_Condition cause : null
2024-06-05 13:42:01,748 [INFO] LogOutputStream:77 - [STDOUT_REDIRECT] 1 : Invalid condition id : UX_CORESTACK_Condition cause : null
2024-06-05 13:42:01,748 [INFO] LogOutputStream:77 - [STDOUT_REDIRECT] 1 : Invalid condition id : UX_CORESTACK_Condition cause : null
2024-06-05 13:42:01,750 [WARN] PackLoader:240 - Cannot read IP mode file for STMicroelectronics.X-CUBE-AZRTOS-WL.2.0.0
2024-06-05 13:42:01,758 [WARN] PackLoader:240 - Cannot read IP mode file for STMicroelectronics.FP-SNS-MOTENV1.5.0.0
2024-06-05 13:42:01,761 [WARN] PackLoader:240 - Cannot read IP mode file for wolfSSL.I-CUBE-wolfMQTT.1.19.0
2024-06-05 13:42:01,770 [WARN] PackLoader:240 - Cannot read IP mode file for WES.I-CUBE-Cesium.1.3.0
2024-06-05 13:42:01,778 [WARN] PackLoader:240 - Cannot read IP mode file for STMicroelectronics.X-CUBE-BLE2.3.3.0
2024-06-05 13:42:01,786 [WARN] PackLoader:240 - Cannot read IP mode file for STMicroelectronics.X-CUBE-TCPP.4.1.0
2024-06-05 13:42:01,795 [WARN] PackLoader:240 - Cannot read IP mode file for STMicroelectronics.X-CUBE-ALGOBUILD.1.3.0
2024-06-05 13:42:01,813 [WARN] PackLoader:240 - Cannot read IP mode file for STMicroelectronics.X-CUBE-AZRTOS-G0.1.1.0
2024-06-05 13:42:01,823 [WARN] PackLoader:240 - Cannot read IP mode file for STMicroelectronics.X-CUBE-SAFEA1.1.2.2
2024-06-05 13:42:01,835 [WARN] PackLoader:240 - Cannot read IP mode file for STMicroelectronics.X-CUBE-NFC4.3.0.0
2024-06-05 13:42:01,839 [WARN] PackLoader:240 - Cannot read IP mode file for STMicroelectronics.FP-ATR-SIGFOX1.3.2.0
2024-06-05 13:42:01,848 [WARN] PackLoader:240 - Cannot read IP mode file for STMicroelectronics.X-CUBE-EEPRMA1.5.1.0
2024-06-05 13:42:01,878 [WARN] PackLoader:240 - Cannot read IP mode file for SEGGER.I-CUBE-embOS.1.3.1
2024-06-05 13:42:01,906 [WARN] PackLoader:240 - Cannot read IP mode file for STMicroelectronics.X-CUBE-ALGOBUILD.1.4.0
2024-06-05 13:42:01,915 [WARN] PackLoader:240 - Cannot read IP mode file for STMicroelectronics.X-CUBE-GNSS1.6.0.0
2024-06-05 13:42:01,931 [WARN] PackLoader:240 - Cannot read IP mode file for STMicroelectronics.X-CUBE-AZRTOS-F4.1.1.0
2024-06-05 13:42:01,941 [WARN] PackLoader:240 - Cannot read IP mode file for STMicroelectronics.X-CUBE-FREERTOS.1.2.0
2024-06-05 13:42:01,949 [WARN] PackLoader:240 - Cannot read IP mode file for wolfSSL.I-CUBE-wolfSSL.5.6.6
2024-06-05 13:42:01,966 [WARN] PackLoader:240 - Cannot read IP mode file for STMicroelectronics.X-CUBE-AZRTOS-L5.2.0.0
2024-06-05 13:42:01,975 [WARN] PackLoader:240 - Cannot read IP mode file for STMicroelectronics.X-CUBE-NFC6.3.1.0
2024-06-05 13:42:01,985 [WARN] PackLoader:240 - Cannot read IP mode file for ITTIA_DB.I-CUBE-ITTIADB.8.8.0
2024-06-05 13:42:01,993 [WARN] PackLoader:240 - Cannot read IP mode file for STMicroelectronics.X-CUBE-AI.9.0.0
2024-06-05 13:42:02,001 [WARN] PackLoader:240 - Cannot read IP mode file for STMicroelectronics.X-CUBE-NFC7.1.0.1
2024-06-05 13:42:02,013 [WARN] PackLoader:240 - Cannot read IP mode file for STMicroelectronics.X-CUBE-NFC6.3.0.0
2024-06-05 13:42:02,021 [WARN] PackLoader:240 - Cannot read IP mode file for STMicroelectronics.X-CUBE-AI.8.1.0
2024-06-05 13:42:02,038 [WARN] ConditionMgr:438 - getConditionDescription Invalid condition id : LAN8742 Phy interface Condition cause : null
2024-06-05 13:42:02,038 [WARN] PackLoader:240 - Cannot read IP mode file for STMicroelectronics.X-CUBE-AZRTOS-L4.2.0.0
2024-06-05 13:42:02,040 [WARN] ConditionMgr:1039 - genDependencies : Invalid condition id : LAN8742 Phy interface Condition cause : null
2024-06-05 13:42:02,040 [WARN] ConditionMgr:1039 - genDependencies : Invalid condition id : LAN8742 Phy interface Condition cause : null
2024-06-05 13:42:02,040 [WARN] ConditionMgr:1039 - genDependencies : Invalid condition id : LAN8742 Phy interface Condition cause : null
2024-06-05 13:42:02,054 [WARN] PackLoader:240 - Cannot read IP mode file for STMicroelectronics.X-CUBE-SFXS2LP1.4.0.0
2024-06-05 13:42:02,071 [WARN] ConditionMgr:438 - getConditionDescription Invalid condition id : UX DEVICE CLASS RTOS Condition cause : null
2024-06-05 13:42:02,071 [WARN] ConditionMgr:438 - getConditionDescription Invalid condition id : UX DEVICE CLASS RTOS Condition cause : null
2024-06-05 13:42:02,072 [WARN] PackLoader:240 - Cannot read IP mode file for STMicroelectronics.X-CUBE-AZRTOS-WB.2.0.0
2024-06-05 13:42:02,073 [WARN] ConditionMgr:1039 - genDependencies : Invalid condition id : UX DEVICE CLASS RTOS Condition cause : null
2024-06-05 13:42:02,073 [WARN] ConditionMgr:1039 - genDependencies : Invalid condition id : UX DEVICE CLASS RTOS Condition cause : null
2024-06-05 13:42:02,073 [WARN] ConditionMgr:1039 - genDependencies : Invalid condition id : UX DEVICE CLASS RTOS Condition cause : null
2024-06-05 13:42:02,073 [WARN] ConditionMgr:1039 - genDependencies : Invalid condition id : UX DEVICE CLASS RTOS Condition cause : null
2024-06-05 13:42:02,073 [WARN] ConditionMgr:1039 - genDependencies : Invalid condition id : UX DEVICE CLASS RTOS Condition cause : null
2024-06-05 13:42:02,087 [WARN] PackLoader:240 - Cannot read IP mode file for STMicroelectronics.X-CUBE-SUBG2.5.0.0
2024-06-05 13:42:02,107 [WARN] PackLoader:240 - Cannot read IP mode file for STMicroelectronics.X-CUBE-AZRTOS-G4.2.0.0
2024-06-05 13:42:02,122 [WARN] PackLoader:240 - Cannot read IP mode file for Infineon.AIROC-Wi-Fi-Bluetooth-STM32.1.5.1
2024-06-05 13:42:02,131 [WARN] PackLoader:240 - Cannot read IP mode file for STMicroelectronics.FP-SNS-MOTENVWB1.1.3.1
2024-06-05 13:42:02,140 [WARN] PackLoader:240 - Cannot read IP mode file for STMicroelectronics.X-CUBE-ISPU.2.0.0
2024-06-05 13:42:02,148 [WARN] PackLoader:240 - Cannot read IP mode file for STMicroelectronics.X-CUBE-ALS.1.0.2
2024-06-05 13:42:02,178 [WARN] PackLoader:240 - Cannot read IP mode file for STMicroelectronics.X-CUBE-MEMS1.10.0.0
2024-06-05 13:42:02,251 [WARN] PackLoader:240 - Cannot read IP mode file for STMicroelectronics.X-CUBE-FREERTOS.1.1.0
2024-06-05 13:42:02,260 [WARN] PackLoader:240 - Cannot read IP mode file for portGmbH.I-Cube-SoM-uGOAL.1.1.0
2024-06-05 13:42:02,266 [WARN] PackLoader:240 - Cannot read IP mode file for STMicroelectronics.X-CUBE-ALS.1.0.1
2024-06-05 13:42:02,286 [WARN] PackLoader:240 - Cannot read IP mode file for STMicroelectronics.X-CUBE-AZRTOS-H7RS.1.0.0
2024-06-05 13:42:02,290 [WARN] PackLoader:240 - Cannot read IP mode file for STMicroelectronics.FP-ATR-ASTRA1.2.0.0
2024-06-05 13:42:02,303 [WARN] PackLoader:240 - Cannot read IP mode file for STMicroelectronics.X-CUBE-TOF1.3.4.1
2024-06-05 13:42:02,326 [WARN] PackLoader:240 - Cannot read IP mode file for STMicroelectronics.X-CUBE-AZRTOS-H7.3.2.0
2024-06-05 13:42:02,328 [INFO] ThirdParty:978 - Integrity check success = true
2024-06-05 13:42:02,328 [INFO] IntegrityCheckThread:100 - exiting critical section [integrity check]
2024-06-05 13:42:02,328 [INFO] IntegrityCheckThread:103 - End integrity checks thread
2024-06-05 22:29:12,931 [INFO] WebApp:354 - JxBrowser engine has been closed 
