2024-05-20 15:29:54,679 [INFO] Activator:176 - 


2024-05-20 15:29:54,682 [INFO] Activator:177 - !SESSION log4j initialized
2024-05-20 15:29:58,759 [INFO] LogOutputStream:77 - [STDOUT_REDIRECT] 
2024-05-20 15:30:01,091 [INFO] ApplicationProperties:184 - Using Application install path: C:\ST\STM32CubeIDE_1.14.1\STM32CubeIDE\plugins\com.st.stm32cube.common.mx_6.11.1.202404110753
2024-05-20 15:30:01,106 [INFO] DbMcusXml:78 - Set database path to: C:\ST\STM32CubeIDE_1.14.1\STM32CubeIDE\plugins\com.st.stm32cube.common.mx_6.11.1.202404110753\\db\/mcu/
2024-05-20 15:30:01,106 [INFO] ApiDb:274 - Set plugin database path to: C:\ST\STM32CubeIDE_1.14.1\STM32CubeIDE\plugins\com.st.stm32cube.common.mx_6.11.1.202404110753\\db\/plugins/boardmanager/
2024-05-20 15:30:01,110 [WARN] ApiDb:259 - Overriding images path with different value:  => C:\ST\STM32CubeIDE_1.14.1\STM32CubeIDE\plugins\com.st.stm32cube.common.mx_6.11.1.202404110753\\db\/plugins/mcufinder/images/
2024-05-20 15:30:01,118 [INFO] ApiDb:250 - Set database path to: C:\Users\harry\.stmcufinder\plugins\mcufinder//mcu/
2024-05-20 15:30:01,119 [INFO] DbMcusAds:125 - Set database path to: C:\Users\harry\.stmcufinder\plugins\mcufinder//mcu/
2024-05-20 15:30:01,121 [INFO] CrossReferenceDbSqlite:203 - Set database path to: C:\Users\harry\.stmcufinder\plugins\mcufinder//mcu/cs/
2024-05-20 15:30:01,212 [INFO] RulesReader:64 - Compatibility file has been processed (297 Rules)
2024-05-20 15:30:01,285 [INFO] DbMcusXml:78 - Set database path to: C:\ST\STM32CubeIDE_1.14.1\STM32CubeIDE\plugins\com.st.stm32cube.common.mx_6.11.1.202404110753\\db\/mcu/
2024-05-20 15:30:01,286 [INFO] ApiDb:274 - Set plugin database path to: C:\ST\STM32CubeIDE_1.14.1\STM32CubeIDE\plugins\com.st.stm32cube.common.mx_6.11.1.202404110753\\db\/plugins/boardmanager/
2024-05-20 15:30:01,286 [INFO] ApiDb:261 - Set plugin images path to: C:\ST\STM32CubeIDE_1.14.1\STM32CubeIDE\plugins\com.st.stm32cube.common.mx_6.11.1.202404110753\\db\/plugins/mcufinder/images/
2024-05-20 15:30:01,286 [WARN] DbFile:41 - Overriding database path with different value: C:\Users\harry\.stmcufinder\plugins\mcufinder/ => C:\Users\harry\.stmcufinder\plugins\mcufinder
2024-05-20 15:30:01,286 [INFO] ApiDb:250 - Set database path to: C:\Users\harry\.stmcufinder\plugins\mcufinder//mcu/
2024-05-20 15:30:01,286 [WARN] DbFile:41 - Overriding database path with different value: C:\Users\harry\.stmcufinder\plugins\mcufinder/ => C:\Users\harry\.stmcufinder\plugins\mcufinder
2024-05-20 15:30:01,286 [INFO] DbMcusAds:125 - Set database path to: C:\Users\harry\.stmcufinder\plugins\mcufinder//mcu/
2024-05-20 15:30:01,286 [WARN] DbFile:41 - Overriding database path with different value: C:\Users\harry\.stmcufinder\plugins\mcufinder/ => C:\Users\harry\.stmcufinder\plugins\mcufinder
2024-05-20 15:30:01,286 [WARN] DbFile:41 - Overriding database path with different value: C:\Users\harry\.stmcufinder\plugins\mcufinder/ => C:\Users\harry\.stmcufinder\plugins\mcufinder
2024-05-20 15:30:01,286 [INFO] CrossReferenceDbSqlite:203 - Set database path to: C:\Users\harry\.stmcufinder\plugins\mcufinder//mcu/cs/
2024-05-20 15:30:01,363 [INFO] MainPanel:264 - HeapMemory: 268435456
2024-05-20 15:30:01,443 [INFO] DbMcusXml:78 - Set database path to: C:\ST\STM32CubeIDE_1.14.1\STM32CubeIDE\plugins\com.st.stm32cube.common.mx_6.11.1.202404110753\\db\/mcu/
2024-05-20 15:30:01,443 [INFO] ApiDb:274 - Set plugin database path to: C:\ST\STM32CubeIDE_1.14.1\STM32CubeIDE\plugins\com.st.stm32cube.common.mx_6.11.1.202404110753\\db\/plugins/boardmanager/
2024-05-20 15:30:01,443 [INFO] ApiDb:261 - Set plugin images path to: C:\ST\STM32CubeIDE_1.14.1\STM32CubeIDE\plugins\com.st.stm32cube.common.mx_6.11.1.202404110753\\db\/plugins/mcufinder/images/
2024-05-20 15:30:01,443 [WARN] DbFile:41 - Overriding database path with different value: C:\Users\harry\.stmcufinder\plugins\mcufinder/ => C:\Users\harry\.stmcufinder\plugins\mcufinder
2024-05-20 15:30:01,443 [INFO] ApiDb:250 - Set database path to: C:\Users\harry\.stmcufinder\plugins\mcufinder//mcu/
2024-05-20 15:30:01,443 [WARN] DbFile:41 - Overriding database path with different value: C:\Users\harry\.stmcufinder\plugins\mcufinder/ => C:\Users\harry\.stmcufinder\plugins\mcufinder
2024-05-20 15:30:01,443 [INFO] DbMcusAds:125 - Set database path to: C:\Users\harry\.stmcufinder\plugins\mcufinder//mcu/
2024-05-20 15:30:01,443 [WARN] DbFile:41 - Overriding database path with different value: C:\Users\harry\.stmcufinder\plugins\mcufinder/ => C:\Users\harry\.stmcufinder\plugins\mcufinder
2024-05-20 15:30:01,443 [WARN] DbFile:41 - Overriding database path with different value: C:\Users\harry\.stmcufinder\plugins\mcufinder/ => C:\Users\harry\.stmcufinder\plugins\mcufinder
2024-05-20 15:30:01,443 [INFO] CrossReferenceDbSqlite:203 - Set database path to: C:\Users\harry\.stmcufinder\plugins\mcufinder//mcu/cs/
2024-05-20 15:30:01,459 [INFO] ApplicationProperties:184 - Using Application install path: C:\ST\STM32CubeIDE_1.14.1\STM32CubeIDE\plugins\com.st.stm32cube.common.mx_6.11.1.202404110753
2024-05-20 15:30:01,460 [INFO] PluginManage:196 - Search for loadable plugins [exclusion list=, ]
2024-05-20 15:30:01,461 [INFO] PluginManage:310 - Check plugin analytics
2024-05-20 15:30:01,586 [INFO] AnalyticsPlugin:253 - Accepted Software Licenses: 
2024-05-20 15:30:01,586 [INFO] AnalyticsPlugin:255 - Accepted CMSIS Pack Licenses: 
2024-05-20 15:30:01,586 [INFO] AnalyticsPlugin:257 - Accepted Firmware Licenses: 
2024-05-20 15:30:01,588 [INFO] PluginManage:359 - Loaded plugin analytics (category:tool,tabindex:-1)
2024-05-20 15:30:01,588 [INFO] PluginManage:310 - Check plugin cadmodel
2024-05-20 15:30:01,602 [INFO] CADModel:105 - Init CAD model plugin
2024-05-20 15:30:01,602 [INFO] PluginManage:359 - Loaded plugin cadmodel (category:power,tabindex:5)
2024-05-20 15:30:01,602 [INFO] PluginManage:310 - Check plugin clock
2024-05-20 15:30:01,623 [INFO] PluginManage:359 - Loaded plugin clock (category:base,tabindex:2)
2024-05-20 15:30:01,623 [INFO] PluginManage:310 - Check plugin ddr
2024-05-20 15:30:01,625 [INFO] PluginManage:359 - Loaded plugin ddr (category:tool,tabindex:6)
2024-05-20 15:30:01,625 [INFO] PluginManage:310 - Check plugin filemanager
2024-05-20 15:30:01,742 [INFO] PluginManage:359 - Loaded plugin filemanager (category:base,tabindex:10)
2024-05-20 15:30:01,742 [INFO] PluginManage:310 - Check plugin ipmanager
2024-05-20 15:30:01,750 [INFO] PluginManage:359 - Loaded plugin ipmanager (category:base,tabindex:5)
2024-05-20 15:30:01,750 [INFO] PluginManage:310 - Check plugin lpbam
2024-05-20 15:30:01,765 [INFO] PluginManage:359 - Loaded plugin lpbam (category:base,tabindex:0)
2024-05-20 15:30:01,766 [INFO] PluginManage:310 - Check plugin memorymap
2024-05-20 15:30:01,785 [INFO] PluginManage:359 - Loaded plugin memorymap (category:base,tabindex:4)
2024-05-20 15:30:01,786 [INFO] PluginManage:310 - Check plugin pinoutandconfiguration
2024-05-20 15:30:01,798 [INFO] PluginManage:359 - Loaded plugin pinoutandconfiguration (category:base,tabindex:1)
2024-05-20 15:30:01,798 [INFO] PluginManage:310 - Check plugin pinoutconfig
2024-05-20 15:30:01,859 [WARN] SupportedApi:132 - Cannot load RTOS API schema: s4s-elt-must-match.1: The content of 'definitions' must match (annotation?, (simpleType | complexType)?, (unique | key | keyref)*)). A problem was found starting at: attribute.
2024-05-20 15:30:01,950 [INFO] PluginManage:359 - Loaded plugin pinoutconfig (category:base,tabindex:0)
2024-05-20 15:30:01,950 [INFO] PluginManage:310 - Check plugin power
2024-05-20 15:30:01,966 [INFO] PluginManage:359 - Loaded plugin power (category:power,tabindex:4)
2024-05-20 15:30:01,966 [INFO] PluginManage:310 - Check plugin projectmanager
2024-05-20 15:30:01,980 [INFO] PluginManage:359 - Loaded plugin projectmanager (category:projectmanager,tabindex:3)
2024-05-20 15:30:01,980 [INFO] PluginManage:310 - Check plugin thirdparty
2024-05-20 15:30:02,145 [INFO] PluginManage:359 - Loaded plugin thirdparty (category:base,tabindex:-1)
2024-05-20 15:30:02,145 [INFO] PluginManage:310 - Check plugin tools
2024-05-20 15:30:02,145 [WARN] IntegrityCheckThread:84 - waiting for thirdparty lock release [integrity check]
2024-05-20 15:30:02,145 [INFO] IntegrityCheckThread:86 - entering critical section [integrity check]
2024-05-20 15:30:02,146 [INFO] ThirdPartyUpdaterWithRetryManager:70 - Updater plugin not ready yet. [1/15]
2024-05-20 15:30:02,165 [INFO] PluginManage:359 - Loaded plugin tools (category:base,tabindex:7)
2024-05-20 15:30:02,165 [INFO] PluginManage:310 - Check plugin tutovideos
2024-05-20 15:30:02,302 [INFO] PluginManage:359 - Loaded plugin tutovideos (category:base,tabindex:-1)
2024-05-20 15:30:02,302 [INFO] PluginManage:310 - Check plugin updater
2024-05-20 15:30:02,309 [INFO] PluginManage:359 - Loaded plugin updater (category:base,tabindex:12)
2024-05-20 15:30:02,309 [INFO] PluginManage:310 - Check plugin userauth
2024-05-20 15:30:02,313 [INFO] UserAuth:114 - Init User Auth plugin
2024-05-20 15:30:02,313 [INFO] PluginManage:359 - Loaded plugin userauth (category:base,tabindex:14)
2024-05-20 15:30:02,313 [INFO] PluginManage:283 - PluginManage : Loaded plugins [17]
2024-05-20 15:30:02,448 [INFO] PinOutPanel:1561 - setPackage(No Configuration,No Configuration)
2024-05-20 15:30:02,494 [INFO] CADModel:165 - CPN selected for project level
2024-05-20 15:30:02,494 [INFO] CADModel:114 - Register for checkConnection events
2024-05-20 15:30:02,511 [INFO] IPUIPlugin:80 - create IPUIPlugin
2024-05-20 15:30:02,511 [INFO] PluginManager:220 - loadIPPluginJar : add adc
2024-05-20 15:30:02,534 [INFO] IPUIPlugin:80 - create IPUIPlugin
2024-05-20 15:30:02,534 [INFO] PluginManager:220 - loadIPPluginJar : add aes
2024-05-20 15:30:02,557 [INFO] IPUIPlugin:80 - create IPUIPlugin
2024-05-20 15:30:02,557 [INFO] PluginManager:220 - loadIPPluginJar : add can
2024-05-20 15:30:02,570 [INFO] IPUIPlugin:80 - create IPUIPlugin
2024-05-20 15:30:02,571 [INFO] PluginManager:220 - loadIPPluginJar : add comp
2024-05-20 15:30:02,589 [INFO] IPUIPlugin:80 - create IPUIPlugin
2024-05-20 15:30:02,590 [INFO] PluginManager:220 - loadIPPluginJar : add cryp
2024-05-20 15:30:02,606 [INFO] IPUIPlugin:80 - create IPUIPlugin
2024-05-20 15:30:02,606 [INFO] PluginManager:220 - loadIPPluginJar : add dfsdm
2024-05-20 15:30:02,615 [INFO] IPUIPlugin:80 - create IPUIPlugin
2024-05-20 15:30:02,615 [INFO] PluginManager:220 - loadIPPluginJar : add dma
2024-05-20 15:30:02,639 [INFO] IPUIPlugin:80 - create IPUIPlugin
2024-05-20 15:30:02,640 [INFO] PluginManager:220 - loadIPPluginJar : add dma3
2024-05-20 15:30:02,665 [INFO] IPUIPlugin:80 - create IPUIPlugin
2024-05-20 15:30:02,665 [INFO] PluginManager:220 - loadIPPluginJar : add extmemmanager
2024-05-20 15:30:02,677 [INFO] IPUIPlugin:80 - create IPUIPlugin
2024-05-20 15:30:02,677 [INFO] PluginManager:220 - loadIPPluginJar : add fatfs
2024-05-20 15:30:02,704 [INFO] IPUIPlugin:80 - create IPUIPlugin
2024-05-20 15:30:02,704 [INFO] PluginManager:220 - loadIPPluginJar : add fmc
2024-05-20 15:30:02,714 [INFO] IPUIPlugin:80 - create IPUIPlugin
2024-05-20 15:30:02,714 [INFO] PluginManager:220 - loadIPPluginJar : add freertos
2024-05-20 15:30:02,725 [INFO] IPUIPlugin:80 - create IPUIPlugin
2024-05-20 15:30:02,725 [INFO] PluginManager:220 - loadIPPluginJar : add genericplugin
2024-05-20 15:30:02,776 [INFO] IPUIPlugin:80 - create IPUIPlugin
2024-05-20 15:30:02,776 [INFO] PluginManager:220 - loadIPPluginJar : add gfxmmu
2024-05-20 15:30:02,849 [INFO] IPUIPlugin:80 - create IPUIPlugin
2024-05-20 15:30:02,849 [INFO] PluginManager:220 - loadIPPluginJar : add gic
2024-05-20 15:30:02,858 [INFO] IPUIPlugin:80 - create IPUIPlugin
2024-05-20 15:30:02,858 [INFO] PluginManager:220 - loadIPPluginJar : add gpio
2024-05-20 15:30:02,910 [INFO] IPUIPlugin:80 - create IPUIPlugin
2024-05-20 15:30:02,910 [INFO] PluginManager:220 - loadIPPluginJar : add gtzc
2024-05-20 15:30:02,927 [INFO] IPUIPlugin:80 - create IPUIPlugin
2024-05-20 15:30:02,927 [INFO] PluginManager:220 - loadIPPluginJar : add hash
2024-05-20 15:30:02,956 [INFO] IPUIPlugin:80 - create IPUIPlugin
2024-05-20 15:30:02,956 [INFO] PluginManager:220 - loadIPPluginJar : add i2c
2024-05-20 15:30:02,980 [INFO] IPUIPlugin:80 - create IPUIPlugin
2024-05-20 15:30:02,980 [INFO] PluginManager:220 - loadIPPluginJar : add i2s
2024-05-20 15:30:03,003 [INFO] IPUIPlugin:80 - create IPUIPlugin
2024-05-20 15:30:03,003 [INFO] PluginManager:220 - loadIPPluginJar : add i3c
2024-05-20 15:30:03,065 [INFO] IPUIPlugin:80 - create IPUIPlugin
2024-05-20 15:30:03,065 [INFO] PluginManager:220 - loadIPPluginJar : add ipddr
2024-05-20 15:30:03,116 [INFO] IPUIPlugin:80 - create IPUIPlugin
2024-05-20 15:30:03,116 [INFO] PluginManager:220 - loadIPPluginJar : add linkedlist
2024-05-20 15:30:03,136 [INFO] IPUIPlugin:80 - create IPUIPlugin
2024-05-20 15:30:03,136 [INFO] PluginManager:220 - loadIPPluginJar : add lorawan
2024-05-20 15:30:03,157 [INFO] IPUIPlugin:80 - create IPUIPlugin
2024-05-20 15:30:03,157 [INFO] PluginManager:220 - loadIPPluginJar : add ltdc
2024-05-20 15:30:03,167 [INFO] IPUIPlugin:80 - create IPUIPlugin
2024-05-20 15:30:03,167 [INFO] PluginManager:220 - loadIPPluginJar : add mdma
2024-05-20 15:30:03,175 [INFO] IPUIPlugin:80 - create IPUIPlugin
2024-05-20 15:30:03,175 [INFO] PluginManager:220 - loadIPPluginJar : add nvic
2024-05-20 15:30:03,196 [INFO] IPUIPlugin:80 - create IPUIPlugin
2024-05-20 15:30:03,196 [INFO] PluginManager:220 - loadIPPluginJar : add opamp
2024-05-20 15:30:03,229 [INFO] IPUIPlugin:80 - create IPUIPlugin
2024-05-20 15:30:03,229 [INFO] PluginManager:220 - loadIPPluginJar : add openamp
2024-05-20 15:30:03,252 [INFO] IPUIPlugin:80 - create IPUIPlugin
2024-05-20 15:30:03,252 [INFO] PluginManager:220 - loadIPPluginJar : add pdm2pcm
2024-05-20 15:30:03,261 [INFO] IPUIPlugin:80 - create IPUIPlugin
2024-05-20 15:30:03,262 [INFO] PluginManager:220 - loadIPPluginJar : add plateformsettings
2024-05-20 15:30:03,274 [INFO] IPUIPlugin:80 - create IPUIPlugin
2024-05-20 15:30:03,274 [INFO] PluginManager:220 - loadIPPluginJar : add quadspi
2024-05-20 15:30:03,282 [INFO] IPUIPlugin:80 - create IPUIPlugin
2024-05-20 15:30:03,282 [INFO] PluginManager:220 - loadIPPluginJar : add resmgrutility
2024-05-20 15:30:03,310 [INFO] IPUIPlugin:80 - create IPUIPlugin
2024-05-20 15:30:03,310 [INFO] PluginManager:220 - loadIPPluginJar : add sai
2024-05-20 15:30:03,330 [INFO] IPUIPlugin:80 - create IPUIPlugin
2024-05-20 15:30:03,330 [INFO] PluginManager:220 - loadIPPluginJar : add spi
2024-05-20 15:30:03,370 [INFO] IPUIPlugin:80 - create IPUIPlugin
2024-05-20 15:30:03,370 [INFO] PluginManager:220 - loadIPPluginJar : add stm32_wpan
2024-05-20 15:30:03,383 [INFO] IPUIPlugin:80 - create IPUIPlugin
2024-05-20 15:30:03,383 [INFO] PluginManager:220 - loadIPPluginJar : add tim
2024-05-20 15:30:03,417 [INFO] IPUIPlugin:80 - create IPUIPlugin
2024-05-20 15:30:03,417 [INFO] PluginManager:220 - loadIPPluginJar : add touchsensing
2024-05-20 15:30:03,428 [INFO] IPUIPlugin:80 - create IPUIPlugin
2024-05-20 15:30:03,428 [INFO] PluginManager:220 - loadIPPluginJar : add tracer_emb
2024-05-20 15:30:03,441 [INFO] IPUIPlugin:80 - create IPUIPlugin
2024-05-20 15:30:03,441 [INFO] PluginManager:220 - loadIPPluginJar : add ts
2024-05-20 15:30:03,453 [INFO] IPUIPlugin:80 - create IPUIPlugin
2024-05-20 15:30:03,453 [INFO] PluginManager:220 - loadIPPluginJar : add tsc
2024-05-20 15:30:03,465 [INFO] IPUIPlugin:80 - create IPUIPlugin
2024-05-20 15:30:03,465 [INFO] PluginManager:220 - loadIPPluginJar : add ucpd
2024-05-20 15:30:03,489 [INFO] IPUIPlugin:80 - create IPUIPlugin
2024-05-20 15:30:03,489 [INFO] PluginManager:220 - loadIPPluginJar : add usart
2024-05-20 15:30:03,513 [INFO] IPUIPlugin:80 - create IPUIPlugin
2024-05-20 15:30:03,514 [INFO] PluginManager:220 - loadIPPluginJar : add usbx
2024-05-20 15:30:03,617 [INFO] CADModel:165 - CPN selected for project level
2024-05-20 15:30:03,617 [INFO] CADModel:114 - Register for checkConnection events
2024-05-20 15:30:03,617 [FATAL] Updater:308 - Updater called before beeing initialized
2024-05-20 15:30:03,617 [ERROR] CADModel:125 - Updater not yet initialized, retry later 
2024-05-20 15:30:03,721 [INFO] CADModel:165 - CPN selected for project level
2024-05-20 15:30:03,721 [INFO] CADModel:114 - Register for checkConnection events
2024-05-20 15:30:03,721 [FATAL] Updater:308 - Updater called before beeing initialized
2024-05-20 15:30:03,721 [ERROR] CADModel:125 - Updater not yet initialized, retry later 
2024-05-20 15:30:03,723 [FATAL] Updater:308 - Updater called before beeing initialized
2024-05-20 15:30:03,780 [FATAL] Updater:308 - Updater called before beeing initialized
2024-05-20 15:30:03,786 [INFO] DbMcusAds:53 - JSON generation date=Thu May 02 16:37:29 CST 2024 (1714639049318)
2024-05-20 15:30:03,786 [FATAL] Updater:308 - Updater called before beeing initialized
2024-05-20 15:30:03,838 [WARN] DetailPanel:346 - Failed to get advertising image, set to default
2024-05-20 15:30:03,902 [FATAL] Updater:308 - Updater called before beeing initialized
2024-05-20 15:30:03,903 [FATAL] Updater:308 - Updater called before beeing initialized
2024-05-20 15:30:03,903 [FATAL] Updater:308 - Updater called before beeing initialized
2024-05-20 15:30:03,903 [WARN] DetailPanel:346 - Failed to get advertising image, set to default
2024-05-20 15:30:03,904 [FATAL] Updater:308 - Updater called before beeing initialized
2024-05-20 15:30:03,939 [ERROR] Updater:1120 - MainUpdater not yet initialized. External WinMGr cannot be set.
2024-05-20 15:30:03,945 [INFO] Updater:1056 - Updater Version found : 6.11.1
2024-05-20 15:30:03,959 [INFO] ApplicationProperties:184 - Using Application install path: C:\ST\STM32CubeIDE_1.14.1\STM32CubeIDE\plugins\com.st.stm32cube.common.mx_6.11.1.202404110753
2024-05-20 15:30:05,147 [INFO] ThirdPartyUpdaterWithRetryManager:70 - Updater plugin not ready yet. [2/15]
2024-05-20 15:30:05,532 [ERROR] LogOutputStream:75 - [STDERR_REDIRECT] May 20, 2024 3:30:05 PM java.util.prefs.WindowsPreferences <init>
2024-05-20 15:30:05,533 [ERROR] LogOutputStream:75 - [STDERR_REDIRECT] WARNING: Could not open/create prefs root node Software\JavaSoft\Prefs at root 0xffffffff80000002. Windows RegCreateKeyEx(...) returned error code 5.
2024-05-20 15:30:05,533 [ERROR] LogOutputStream:75 - [STDERR_REDIRECT] 
2024-05-20 15:30:05,783 [INFO] MainUpdater:2873 - connection check result : 10
2024-05-20 15:30:05,783 [INFO] MainUpdater:290 - Updater Check For Update Now.
2024-05-20 15:30:05,783 [INFO] MicroXplorer:498 - Change Database Version : DB.6.0.111
2024-05-20 15:30:05,795 [INFO] McuFinderGlobals:63 - Set McuFinder mode to 2 (CubeIDE integrated)
2024-05-20 15:30:05,795 [INFO] UserAuth:179 - activating auth plugin
2024-05-20 15:30:05,797 [INFO] UserAuth:415 - Internet connection configuration mode: 1
2024-05-20 15:30:05,820 [INFO] JxBrowserEngine:152 - Initiate JxBrowser Engine with user profile folder
2024-05-20 15:30:05,953 [INFO] CheckServerUpdateThread:120 - End of CheckServer Thread
2024-05-20 15:30:08,279 [WARN] PackLoader:240 - Cannot read IP mode file for STMicroelectronics.FP-SNS-MOTENVWB1.1.4.0
2024-05-20 15:30:08,290 [WARN] PackLoader:240 - Cannot read IP mode file for STMicroelectronics.X-CUBE-SMBUS.2.1.0
2024-05-20 15:30:08,297 [WARN] PackLoader:240 - Cannot read IP mode file for STMicroelectronics.X-CUBE-TOUCHGFX.4.23.0
2024-05-20 15:30:08,303 [WARN] PackLoader:240 - Cannot read IP mode file for STMicroelectronics.X-CUBE-TOUCHGFX.4.23.2
2024-05-20 15:30:08,327 [WARN] PackLoader:240 - Cannot read IP mode file for STMicroelectronics.X-CUBE-AZRTOS-F7.1.1.0
2024-05-20 15:30:08,339 [WARN] PackLoader:240 - Cannot read IP mode file for STMicroelectronics.FP-SNS-MOTENV1.4.3.2
2024-05-20 15:30:08,347 [WARN] PackLoader:240 - Cannot read IP mode file for STMicroelectronics.FP-SNS-FLIGHT1.5.0.2
2024-05-20 15:30:08,359 [WARN] PackLoader:240 - Cannot read IP mode file for STMicroelectronics.X-CUBE-DISPLAY.3.0.0
2024-05-20 15:30:08,378 [WARN] PackLoader:240 - Cannot read IP mode file for STMicroelectronics.X-CUBE-BLE1.7.0.0
2024-05-20 15:30:08,387 [WARN] PackLoader:240 - Cannot read IP mode file for emotas.I-CUBE-CANOPEN.1.3.0
2024-05-20 15:30:08,399 [WARN] PackLoader:240 - Cannot read IP mode file for STMicroelectronics.X-CUBE-BLEMGR.3.1.0
2024-05-20 15:30:08,408 [WARN] PackLoader:240 - Cannot read IP mode file for STMicroelectronics.FP-SNS-SMARTAG2.1.2.0
2024-05-20 15:30:08,421 [INFO] LogOutputStream:77 - [STDOUT_REDIRECT] 1 : Invalid condition id : UX_CORESTACK_Condition cause : null
2024-05-20 15:30:08,421 [INFO] LogOutputStream:77 - [STDOUT_REDIRECT] 1 : Invalid condition id : UX_CORESTACK_Condition cause : null
2024-05-20 15:30:08,421 [INFO] LogOutputStream:77 - [STDOUT_REDIRECT] 1 : Invalid condition id : UX_CORESTACK_Condition cause : null
2024-05-20 15:30:08,422 [INFO] LogOutputStream:77 - [STDOUT_REDIRECT] 1 : Invalid condition id : UX_CORESTACK_Condition cause : null
2024-05-20 15:30:08,422 [INFO] LogOutputStream:77 - [STDOUT_REDIRECT] 1 : Invalid condition id : UX_CORESTACK_Condition cause : null
2024-05-20 15:30:08,424 [WARN] PackLoader:240 - Cannot read IP mode file for STMicroelectronics.X-CUBE-AZRTOS-WL.2.0.0
2024-05-20 15:30:08,431 [WARN] PackLoader:240 - Cannot read IP mode file for STMicroelectronics.FP-SNS-MOTENV1.5.0.0
2024-05-20 15:30:08,440 [WARN] PackLoader:240 - Cannot read IP mode file for WES.I-CUBE-Cesium.1.3.0
2024-05-20 15:30:08,447 [WARN] PackLoader:240 - Cannot read IP mode file for STMicroelectronics.X-CUBE-BLE2.3.3.0
2024-05-20 15:30:08,454 [WARN] PackLoader:240 - Cannot read IP mode file for STMicroelectronics.X-CUBE-TCPP.4.1.0
2024-05-20 15:30:08,463 [WARN] PackLoader:240 - Cannot read IP mode file for STMicroelectronics.X-CUBE-ALGOBUILD.1.3.0
2024-05-20 15:30:08,480 [WARN] PackLoader:240 - Cannot read IP mode file for STMicroelectronics.X-CUBE-AZRTOS-G0.1.1.0
2024-05-20 15:30:08,490 [WARN] PackLoader:240 - Cannot read IP mode file for STMicroelectronics.X-CUBE-SAFEA1.1.2.2
2024-05-20 15:30:08,499 [WARN] PackLoader:240 - Cannot read IP mode file for STMicroelectronics.X-CUBE-NFC4.3.0.0
2024-05-20 15:30:08,507 [WARN] PackLoader:240 - Cannot read IP mode file for STMicroelectronics.FP-ATR-SIGFOX1.3.2.0
2024-05-20 15:30:08,517 [WARN] PackLoader:240 - Cannot read IP mode file for STMicroelectronics.X-CUBE-EEPRMA1.5.1.0
2024-05-20 15:30:08,541 [WARN] PackLoader:240 - Cannot read IP mode file for SEGGER.I-CUBE-embOS.1.3.1
2024-05-20 15:30:08,568 [WARN] PackLoader:240 - Cannot read IP mode file for STMicroelectronics.X-CUBE-ALGOBUILD.1.4.0
2024-05-20 15:30:08,576 [WARN] PackLoader:240 - Cannot read IP mode file for STMicroelectronics.X-CUBE-GNSS1.6.0.0
2024-05-20 15:30:08,595 [WARN] PackLoader:240 - Cannot read IP mode file for STMicroelectronics.X-CUBE-AZRTOS-F4.1.1.0
2024-05-20 15:30:08,605 [WARN] PackLoader:240 - Cannot read IP mode file for STMicroelectronics.X-CUBE-FREERTOS.1.2.0
2024-05-20 15:30:08,613 [WARN] PackLoader:240 - Cannot read IP mode file for wolfSSL.I-CUBE-wolfSSL.5.6.6
2024-05-20 15:30:08,636 [WARN] PackLoader:240 - Cannot read IP mode file for STMicroelectronics.X-CUBE-AZRTOS-L5.2.0.0
2024-05-20 15:30:08,647 [WARN] PackLoader:240 - Cannot read IP mode file for STMicroelectronics.X-CUBE-NFC6.3.1.0
2024-05-20 15:30:08,657 [WARN] PackLoader:240 - Cannot read IP mode file for ITTIA_DB.I-CUBE-ITTIADB.8.8.0
2024-05-20 15:30:08,667 [WARN] PackLoader:240 - Cannot read IP mode file for STMicroelectronics.X-CUBE-AI.9.0.0
2024-05-20 15:30:08,677 [WARN] PackLoader:240 - Cannot read IP mode file for STMicroelectronics.X-CUBE-NFC7.1.0.1
2024-05-20 15:30:08,687 [WARN] PackLoader:240 - Cannot read IP mode file for STMicroelectronics.X-CUBE-NFC6.3.0.0
2024-05-20 15:30:08,697 [WARN] PackLoader:240 - Cannot read IP mode file for STMicroelectronics.X-CUBE-AI.8.1.0
2024-05-20 15:30:08,718 [WARN] ConditionMgr:438 - getConditionDescription Invalid condition id : LAN8742 Phy interface Condition cause : null
2024-05-20 15:30:08,718 [WARN] PackLoader:240 - Cannot read IP mode file for STMicroelectronics.X-CUBE-AZRTOS-L4.2.0.0
2024-05-20 15:30:08,719 [WARN] ConditionMgr:1039 - genDependencies : Invalid condition id : LAN8742 Phy interface Condition cause : null
2024-05-20 15:30:08,719 [WARN] ConditionMgr:1039 - genDependencies : Invalid condition id : LAN8742 Phy interface Condition cause : null
2024-05-20 15:30:08,719 [WARN] ConditionMgr:1039 - genDependencies : Invalid condition id : LAN8742 Phy interface Condition cause : null
2024-05-20 15:30:08,729 [WARN] PackLoader:240 - Cannot read IP mode file for STMicroelectronics.X-CUBE-SFXS2LP1.4.0.0
2024-05-20 15:30:08,746 [WARN] ConditionMgr:438 - getConditionDescription Invalid condition id : UX DEVICE CLASS RTOS Condition cause : null
2024-05-20 15:30:08,746 [WARN] ConditionMgr:438 - getConditionDescription Invalid condition id : UX DEVICE CLASS RTOS Condition cause : null
2024-05-20 15:30:08,747 [WARN] PackLoader:240 - Cannot read IP mode file for STMicroelectronics.X-CUBE-AZRTOS-WB.2.0.0
2024-05-20 15:30:08,747 [WARN] ConditionMgr:1039 - genDependencies : Invalid condition id : UX DEVICE CLASS RTOS Condition cause : null
2024-05-20 15:30:08,747 [WARN] ConditionMgr:1039 - genDependencies : Invalid condition id : UX DEVICE CLASS RTOS Condition cause : null
2024-05-20 15:30:08,748 [WARN] ConditionMgr:1039 - genDependencies : Invalid condition id : UX DEVICE CLASS RTOS Condition cause : null
2024-05-20 15:30:08,748 [WARN] ConditionMgr:1039 - genDependencies : Invalid condition id : UX DEVICE CLASS RTOS Condition cause : null
2024-05-20 15:30:08,748 [WARN] ConditionMgr:1039 - genDependencies : Invalid condition id : UX DEVICE CLASS RTOS Condition cause : null
2024-05-20 15:30:08,761 [WARN] PackLoader:240 - Cannot read IP mode file for STMicroelectronics.X-CUBE-SUBG2.5.0.0
2024-05-20 15:30:08,780 [WARN] PackLoader:240 - Cannot read IP mode file for STMicroelectronics.X-CUBE-AZRTOS-G4.2.0.0
2024-05-20 15:30:08,793 [WARN] PackLoader:240 - Cannot read IP mode file for Infineon.AIROC-Wi-Fi-Bluetooth-STM32.1.5.1
2024-05-20 15:30:08,803 [WARN] PackLoader:240 - Cannot read IP mode file for STMicroelectronics.FP-SNS-MOTENVWB1.1.3.1
2024-05-20 15:30:08,814 [WARN] PackLoader:240 - Cannot read IP mode file for STMicroelectronics.X-CUBE-ISPU.2.0.0
2024-05-20 15:30:08,842 [WARN] PackLoader:240 - Cannot read IP mode file for STMicroelectronics.X-CUBE-MEMS1.10.0.0
2024-05-20 15:30:08,932 [WARN] PackLoader:240 - Cannot read IP mode file for STMicroelectronics.X-CUBE-FREERTOS.1.1.0
2024-05-20 15:30:08,943 [WARN] PackLoader:240 - Cannot read IP mode file for portGmbH.I-Cube-SoM-uGOAL.1.1.0
2024-05-20 15:30:08,953 [WARN] PackLoader:240 - Cannot read IP mode file for STMicroelectronics.X-CUBE-ALS.1.0.1
2024-05-20 15:30:08,973 [WARN] PackLoader:240 - Cannot read IP mode file for STMicroelectronics.X-CUBE-AZRTOS-H7RS.1.0.0
2024-05-20 15:30:08,985 [WARN] PackLoader:240 - Cannot read IP mode file for STMicroelectronics.FP-ATR-ASTRA1.2.0.0
2024-05-20 15:30:09,002 [WARN] PackLoader:240 - Cannot read IP mode file for STMicroelectronics.X-CUBE-TOF1.3.4.1
2024-05-20 15:30:09,029 [WARN] PackLoader:240 - Cannot read IP mode file for STMicroelectronics.X-CUBE-AZRTOS-H7.3.2.0
2024-05-20 15:30:09,030 [INFO] ThirdParty:978 - Integrity check success = true
2024-05-20 15:30:09,031 [INFO] IntegrityCheckThread:100 - exiting critical section [integrity check]
2024-05-20 15:30:09,031 [INFO] IntegrityCheckThread:103 - End integrity checks thread
2024-05-20 15:30:09,827 [INFO] WebApp:161 - Instantiating new browser for Auth
2024-05-20 15:30:10,269 [INFO] WebApp:779 - Register for checkConnection events
2024-05-20 15:30:10,269 [INFO] WebApp:414 - Apply proxy settings
2024-05-20 15:30:10,269 [INFO] WebApp:499 - Chromium requires no authentication
2024-05-20 15:30:10,274 [INFO] WebApp:442 - Direct internet connection detected
2024-05-20 15:30:10,383 [INFO] WebApp:192 - Starting web application
2024-05-20 15:30:10,383 [INFO] WebApp:544 - Web application path used C:\ST\STM32CubeIDE_1.14.1\STM32CubeIDE\plugins\com.st.stm32cube.common.mx_6.11.1.202404110753\db\plugins\mcufinder\reactClient1\index.html
2024-05-20 15:30:11,149 [INFO] McuFinderGlobals:63 - Set McuFinder mode to 2 (CubeIDE integrated)
2024-05-20 15:30:11,161 [INFO] MainUpdater:2873 - connection check result : 10
2024-05-20 15:30:11,173 [INFO] McuFinderGlobals:76 - Set McuFinderConnectedMode to true
2024-05-20 15:30:11,366 [INFO] ServerAccessManage:473 - Download File mcusAds.json._tmp_
2024-05-20 15:30:11,478 [INFO] LoadUrlFilesThread:156 - End of LoadUrlFiles Thread
2024-05-20 15:30:11,645 [INFO] ServerAccessManage:473 - Download File cube-finder-db.zip
2024-05-20 15:30:15,513 [INFO] FileExtend:240 - Unzip File : cube-finder-db.zip
2024-05-20 15:30:15,513 [INFO] FileExtend:255 - Standard Zip Deflate
2024-05-20 15:30:16,007 [INFO] LoadUrlFilesThread:156 - End of LoadUrlFiles Thread
2024-05-20 15:30:17,039 [INFO] ServerAccessManage:473 - Download File crdb.zip
2024-05-20 15:30:18,449 [INFO] FileExtend:240 - Unzip File : crdb.zip
2024-05-20 15:30:18,449 [INFO] FileExtend:255 - Standard Zip Deflate
2024-05-20 15:30:18,571 [INFO] LoadUrlFilesThread:156 - End of LoadUrlFiles Thread
2024-05-20 15:30:18,690 [INFO] ServerAccessManage:473 - Download File tutoVideoDB.zip
2024-05-20 15:30:18,704 [INFO] FileExtend:240 - Unzip File : tutoVideoDB.zip
2024-05-20 15:30:18,704 [INFO] FileExtend:255 - Standard Zip Deflate
2024-05-20 15:30:18,818 [INFO] LoadUrlFilesThread:156 - End of LoadUrlFiles Thread
2024-05-20 15:30:18,819 [WARN] DbFile:41 - Overriding database path with different value: C:\Users\harry\.stmcufinder\plugins\mcufinder/ => C:\Users\harry\.stmcufinder\plugins\mcufinder
2024-05-20 15:30:18,934 [INFO] ServerAccessManage:473 - Download File api_config.json
2024-05-20 15:30:19,042 [INFO] LoadUrlFilesThread:156 - End of LoadUrlFiles Thread
2024-05-20 15:30:19,043 [INFO] DbMcusAds:53 - JSON generation date=Thu May 16 17:22:00 CST 2024 (1715851320852)
2024-05-20 15:30:19,117 [INFO] ServerAccessManage:473 - Download File 
2024-05-20 15:30:19,141 [INFO] LoadUrlFilesThread:185 - End of LoadServerUrlFiles without Thread
2024-05-20 15:30:19,141 [INFO] TargetSelectorAdapter:259 - Refresh data is successful
2024-05-20 15:30:19,224 [INFO] ApiDb:581 - Connected to CubeFinder SQLite database (C:\Users\harry\.stmcufinder\plugins\mcufinder\mcu\cube-finder-db.db)
2024-05-20 15:30:19,274 [INFO] ApiDb:668 - CubeFinder database Data Model version=2.1
2024-05-20 15:30:19,274 [INFO] ApiDb:669 - CubeFinder database Configuration version=3.0.39
2024-05-20 15:30:19,274 [INFO] ApiDb:670 - CubeFinder database generation date=2024-04-15 (1713193726)
2024-05-20 15:30:19,274 [INFO] ApiDb:671 - CubeFinder database FW Pack versions=[FP-ATR-ASTRA1_V2.0.0, FP-SNS-FLIGHT1_V5.0.1, FP-SNS-FLIGHT1_V5.0.2, FP-SNS-MOTENV1_V4.3.1, FP-SNS-MOTENV1_V4.3.2, FP-SNS-MOTENVWB1_V1.3.1, FP-SNS-SMARTAG2_V1.2.0, STM32Cube_FW_C0_V1.1.0, STM32Cube_FW_F4_V1.28.0, STM32Cube_FW_F7_V1.17.0, STM32Cube_FW_G0_V1.6.2, STM32Cube_FW_G4_V1.5.2, STM32Cube_FW_H5_V0.5.1, STM32Cube_FW_H5_V1.1.1, STM32Cube_FW_H5_V1.2.0, STM32Cube_FW_H5_V1.2.0RC4, STM32Cube_FW_H7RS_V1.0.0, STM32Cube_FW_H7RS_V1.0.0RC4, STM32Cube_FW_H7_V1.11.0, STM32Cube_FW_L0_V1.12.2, STM32Cube_FW_L5_V1.5.1, STM32Cube_FW_U0_V1.0.0, STM32Cube_FW_U0_V1.0.0RC1, STM32Cube_FW_U5_V1.3.0RC4, STM32Cube_FW_U5_V1.5.0, STM32Cube_FW_U5_V1.5.0RC1, STM32Cube_FW_WBA_V1.0.0RC1, STM32Cube_FW_WBA_V1.2.0, STM32Cube_FW_WBA_V1.2.0RC2, STM32Cube_FW_WBA_V1.3.0, STM32Cube_FW_WBA_V1.3.0RC1, STM32Cube_FW_WB_V1.15.0RC1, STM32Cube_FW_WB_V1.16.0, STM32Cube_FW_WB_V1.16.0RC2, STM32Cube_FW_WB_V1.18.0, STM32Cube_FW_WB_V1.19.0, STM32Cube_FW_WL_V1.3.0, X-CUBE-ALGOBUILD_V1.3.0, X-CUBE-ALS_V1.0.1, X-CUBE-AZRTOS-F4_V1.1.0, X-CUBE-AZRTOS-F7_V1.1.0, X-CUBE-AZRTOS-G0_V1.1.0, X-CUBE-AZRTOS-G4_V2.0.0, X-CUBE-AZRTOS-H7_V3.2.0, X-CUBE-AZRTOS-L4_V1.0.0, X-CUBE-AZRTOS-L4_V2.0.0, X-CUBE-AZRTOS-L5_V1.1.0, X-CUBE-AZRTOS-WB_V2.0.0, X-CUBE-AZRTOS-WL_V2.0.0, X-CUBE-BLE1_V7.0.0, X-CUBE-BLE2_V3.3.0, X-CUBE-BLEMGR_V3.1.0, X-CUBE-EEPRMA1_V4.1.0, X-CUBE-EEPRMA1_V5.1.0, X-CUBE-FREERTOS_V1.1.0, X-CUBE-GNSS1_V6.0.0, X-CUBE-MEMS1_V10.0.0, X-CUBE-MEMS1_V9.1.0, X-CUBE-MEMS1_V9.4.0, X-CUBE-MEMS1_V9.6.0, X-CUBE-NFC4_V3.0.0, X-CUBE-NFC7_V1.0.1, X-CUBE-SFXS2LP1_V4.0.0, X-CUBE-SUBG2_V5.0.0, X-CUBE-TOF1_V3.4.0]
2024-05-20 15:30:20,522 [INFO] ApiDb:240 - Found 483 in-development CPN: [B-G473E-ZEST1S, B-WB1M-WPAN1, B-WL5M-SUBG1, NUCLEO-C031C6, NUCLEO-H503RB, NUCLEO-H533RE, NUCLEO-H563ZI, NUCLEO-H7S3L8, NUCLEO-U031R8, NUCLEO-U083RC, NUCLEO-U545RE-Q, NUCLEO-U5A5ZJ-Q, NUCLEO-WBA52CG, NUCLEO-WBA55CG, STEVAL-PROTEUS1, STEVAL-SMARTAG2, STEVAL-STWINBX1, STM320518-EVAL, STM32C0116-DK, STM32C011D6Y3TR, STM32C011D6Y6TR, STM32C011F4P3, STM32C011F4P6, STM32C011F4U3, STM32C011F4U6TR, STM32C011F6P3, STM32C011F6P6, STM32C011F6U3, STM32C011F6U6TR, STM32C011J4M3, STM32C011J4M6, STM32C011J6M3, STM32C011J6M6, STM32C0316-DK, STM32C031C4T3, STM32C031C4T6, STM32C031C4U3, STM32C031C4U6, STM32C031C6T3, STM32C031C6T6, STM32C031C6U3, STM32C031C6U6, STM32C031F4P3, STM32C031F4P6, STM32C031F6P3, STM32C031F6P6, STM32C031G4U3, STM32C031G4U6, STM32C031G6U3, STM32C031G6U6, STM32C031K4T3, STM32C031K4T6, STM32C031K4U3, STM32C031K4U6, STM32C031K6T3, STM32C031K6T6, STM32C031K6U3, STM32C031K6U6, STM32G071K8TXN, STM32G071K8UXN, STM32G081GBU6N, STM32G081KBT6N, STM32G081KBUXN, STM32G0B1CCT6N, STM32G0B1KCT6, STM32G0B1NEY6TR, STM32G0B1RCT6N, STM32G0C1CCT6, STM32G0C1CCT6N, STM32G0C1CCU6N, STM32G0C1CET6N, STM32G0C1CEU6N, STM32G0C1KCT6, STM32G0C1NEY6TR, STM32G0C1RCI6N, STM32G0C1RCT6N, STM32G0C1REI6N, STM32G0C1RET6N, STM32G0C1VCI6, STM32G0C1VEI6, STM32G471CCT6, STM32G471CCU6, STM32G471CET3, STM32G471CET6, STM32G471CEU3, STM32G471CEU6, STM32G471MCT6, STM32G471MET3, STM32G471MET6, STM32G471MEY6TR, STM32G471QCT6, STM32G471QET3, STM32G471RCT6, STM32G471RET3, STM32G471RET6, STM32G471VCH6, STM32G471VCI6, STM32G471VCT6, STM32G471VEH3, STM32G471VEH6, STM32G471VEI3, STM32G471VEI6, STM32G471VET3, STM32G471VET6, STM32G474CCT6, STM32H503CBT6, STM32H503CBU6, STM32H503EBY6TR, STM32H503KBU6, STM32H503RBT6, STM32H523CCT6, STM32H523CCU6, STM32H523CET6, STM32H523CEU6, STM32H523HEY6TR, STM32H523RCT6, STM32H523RET6, STM32H523VCI6, STM32H523VCT6, STM32H523VEI6, STM32H523VET6, STM32H523ZCJ6, STM32H523ZCT6, STM32H523ZEJ6, STM32H523ZET6, STM32H533CET6, STM32H533CEU6, STM32H533HEY6TR, STM32H533RET6, STM32H533VEI6, STM32H533VET6, STM32H533ZEJ6, STM32H533ZET6, STM32H562AGI6, STM32H562AII6, STM32H562IGK6, STM32H562IGT6, STM32H562IIK6, STM32H562IIT6, STM32H562RGT6, STM32H562RGV6, STM32H562RIT6, STM32H562RIV6, STM32H562VGT6, STM32H562VIT6, STM32H562ZGT6, STM32H562ZIT6, STM32H563AGI6, STM32H563AII3Q, STM32H563AII6, STM32H563IGK6, STM32H563IGT6, STM32H563IIK3Q, STM32H563IIK6, STM32H563IIT3Q, STM32H563IIT6, STM32H563MIY3QTR, STM32H563RGT6, STM32H563RGV6, STM32H563RIT6, STM32H563RIV6, STM32H563VGT6, STM32H563VIT3Q, STM32H563VIT6, STM32H563ZGT6, STM32H563ZIT3Q, STM32H563ZIT6, STM32H573AII3Q, STM32H573AII6, STM32H573I-DK, STM32H573IIK3Q, STM32H573IIK6, STM32H573IIT3Q, STM32H573IIT6, STM32H573MIY3QTR, STM32H573RIT6, STM32H573RIV6, STM32H573VIT3Q, STM32H573VIT6, STM32H573ZIT3Q, STM32H573ZIT6, STM32H7R3A8I6, STM32H7R3I8K6, STM32H7R3I8T6, STM32H7R3L8H6, STM32H7R3L8H6H, STM32H7R3R8V6, STM32H7R3V8H6, STM32H7R3V8T6, STM32H7R3V8Y6, STM32H7R3Z8J6, STM32H7R3Z8T6, STM32H7R7A8I6, STM32H7R7I8K6, STM32H7R7I8T6, STM32H7R7L8H6, STM32H7R7L8H6H, STM32H7R7Z8J6, STM32H7S3A8I6, STM32H7S3I8K6, STM32H7S3I8T6, STM32H7S3L8H6, STM32H7S3L8H6H, STM32H7S3R8V6, STM32H7S3V8H6, STM32H7S3V8T6, STM32H7S3V8Y6, STM32H7S3Z8J6, STM32H7S3Z8T6, STM32H7S78-DK, STM32H7S7A8I6, STM32H7S7I8K6, STM32H7S7I8T6, STM32H7S7L8H6, STM32H7S7L8H6H, STM32H7S7Z8J6, STM32L4R5QGI6STR, STM32MP131AAE3, STM32MP131AAF3, STM32MP131AAG3, STM32MP131CAE3, STM32MP131CAF3, STM32MP131CAG3, STM32MP131DAE7, STM32MP131DAF7, STM32MP131DAG7, STM32MP131FAE7, STM32MP131FAF7, STM32MP131FAG7, STM32MP133AAE3, STM32MP133AAF3, STM32MP133AAG3, STM32MP133CAE3, STM32MP133CAF3, STM32MP133CAG3, STM32MP133DAE7, STM32MP133DAF7, STM32MP133DAG7, STM32MP133FAE7, STM32MP133FAF7, STM32MP133FAG7, STM32MP135AAE3, STM32MP135AAF3, STM32MP135AAG3, STM32MP135CAE3, STM32MP135CAF3, STM32MP135CAG3, STM32MP135DAE7, STM32MP135DAF7, STM32MP135DAG7, STM32MP135F-DK, STM32MP135FAE7, STM32MP135FAF7, STM32MP135FAF7T, STM32MP135FAF7U, STM32MP135FAG7, STM32U031C6T6, STM32U031C6U6, STM32U031C8T6, STM32U031C8U6, STM32U031F4P6, STM32U031F6P6, STM32U031F8P6, STM32U031G6Y6TR, STM32U031G8Y6TR, STM32U031K4U6, STM32U031K6U6, STM32U031K8U6, STM32U031R6I6, STM32U031R6T6, STM32U031R8I6, STM32U031R8T6, STM32U073C8T6, STM32U073C8U6, STM32U073CBT6, STM32U073CBU6, STM32U073CCT6, STM32U073CCU6, STM32U073H8Y6TR, STM32U073HBY6TR, STM32U073HCY6TR, STM32U073K8U6, STM32U073KBU6, STM32U073KCU6, STM32U073M8I6, STM32U073M8T6, STM32U073MBI6, STM32U073MBT6, STM32U073MCI6, STM32U073MCT6, STM32U073R8I6, STM32U073R8T6, STM32U073RBI6, STM32U073RBT6, STM32U073RCI6, STM32U073RCT6, STM32U083C-DK, STM32U083CCT6, STM32U083CCU6, STM32U083HCY6TR, STM32U083KCU6, STM32U083MCI6, STM32U083MCT6, STM32U083RCI6, STM32U083RCT6, STM32U535CBT6, STM32U535CBT6Q, STM32U535CBU6, STM32U535CBU6Q, STM32U535CCT6, STM32U535CCT6Q, STM32U535CCU6, STM32U535CCU6Q, STM32U535CET6, STM32U535CET6Q, STM32U535CEU6, STM32U535CEU6Q, STM32U535JEY6QTR, STM32U535NCY6QTR, STM32U535NEY6QTR, STM32U535RBI6, STM32U535RBI6Q, STM32U535RBT6, STM32U535RBT6Q, STM32U535RCI6, STM32U535RCI6Q, STM32U535RCT6, STM32U535RCT6Q, STM32U535REI6, STM32U535REI6Q, STM32U535RET6, STM32U535RET6Q, STM32U535VCI6, STM32U535VCI6Q, STM32U535VCT6, STM32U535VCT6Q, STM32U535VEI6, STM32U535VEI6Q, STM32U535VET6, STM32U535VET6Q, STM32U545CET6, STM32U545CET6Q, STM32U545CEU6, STM32U545CEU6Q, STM32U545JEY6QTR, STM32U545NEY6QTR, STM32U545REI6, STM32U545REI6Q, STM32U545RET6, STM32U545RET6Q, STM32U545VEI6, STM32U545VEI6Q, STM32U545VET6, STM32U545VET6Q, STM32U595AIH6, STM32U595AIH6Q, STM32U595AJH6, STM32U595AJH6Q, STM32U595QII6, STM32U595QII6Q, STM32U595QJI6, STM32U595QJI6Q, STM32U595RIT6, STM32U595RIT6Q, STM32U595RJT6, STM32U595RJT6Q, STM32U595VIT6, STM32U595VIT6Q, STM32U595VJT6, STM32U595VJT6Q, STM32U595ZIT6, STM32U595ZIT6Q, STM32U595ZIY6QTR, STM32U595ZJT6, STM32U595ZJT6Q, STM32U595ZJY6QTR, STM32U599BJY6QTR, STM32U599NIH6Q, STM32U599NJH6Q, STM32U599VIT6Q, STM32U599VJT6, STM32U599VJT6Q, STM32U599ZIT6Q, STM32U599ZIY6QTR, STM32U599ZJT6Q, STM32U599ZJY6QTR, STM32U5A5AJH6, STM32U5A5AJH6Q, STM32U5A5QII3Q , STM32U5A5QJI6, STM32U5A5QJI6Q, STM32U5A5RJT6, STM32U5A5RJT6Q, STM32U5A5VJT6, STM32U5A5VJT6Q, STM32U5A5ZJT6, STM32U5A5ZJT6Q, STM32U5A5ZJY6QTR, STM32U5A9BJY6QTR, STM32U5A9J-DK, STM32U5A9NJH6Q, STM32U5A9VJT6Q, STM32U5A9ZJT6Q, STM32U5A9ZJY6QTR, STM32U5F7VIT6, STM32U5F7VIT6Q, STM32U5F7VJT6, STM32U5F7VJT6Q, STM32U5F9BJY6QTR, STM32U5F9NJH6Q, STM32U5F9VIT6Q, STM32U5F9VJT6Q, STM32U5F9ZIJ6QTR, STM32U5F9ZIT6Q, STM32U5F9ZJJ6QTR, STM32U5F9ZJT6Q, STM32U5G7VJT6, STM32U5G7VJT6Q, STM32U5G9BJY6QTR, STM32U5G9J-DK1, STM32U5G9J-DK2, STM32U5G9NJH6Q, STM32U5G9VJT6Q, STM32U5G9ZJJ6QTR, STM32U5G9ZJT6Q, STM32WB1MMCH6, STM32WBA50KEU6, STM32WBA50KEU6TR, STM32WBA50KGU6, STM32WBA50KGU6TR, STM32WBA52CEU6, STM32WBA52CEU6TR, STM32WBA52CEU7, STM32WBA52CEU7TR, STM32WBA52CGU6, STM32WBA52CGU6TR, STM32WBA52CGU6U, STM32WBA52CGU7, STM32WBA52CGU7TR, STM32WBA52KEU6, STM32WBA52KEU6TR, STM32WBA52KGU6, STM32WBA52KGU6TR, STM32WBA54CEU6, STM32WBA54CEU6TR, STM32WBA54CEU7, STM32WBA54CEU7TR, STM32WBA54CGU6, STM32WBA54CGU6TR, STM32WBA54CGU7, STM32WBA54CGU7TR, STM32WBA54KEU6, STM32WBA54KEU6TR, STM32WBA54KEU7, STM32WBA54KEU7TR, STM32WBA54KGU6, STM32WBA54KGU6TR, STM32WBA54KGU7, STM32WBA54KGU7TR, STM32WBA55CEU6, STM32WBA55CEU6TR, STM32WBA55CEU7, STM32WBA55CEU7TR, STM32WBA55CGU6, STM32WBA55CGU6TR, STM32WBA55CGU6U, STM32WBA55CGU7, STM32WBA55CGU7TR, STM32WBA55G-DK1, STM32WBA55HEF6, STM32WBA55HEF7, STM32WBA55HGF6, STM32WBA55HGF7, STM32WBA55UEI6, STM32WBA55UEI6TR, STM32WBA55UEI7, STM32WBA55UEI7TR, STM32WBA55UGI6, STM32WBA55UGI6TR, STM32WBA55UGI7, STM32WBA55UGI7TR, STM32WL5MOCH6, STM32WL5MOCH6TR]
2024-05-20 15:30:20,526 [INFO] DbMcus:218 - Found 4096 MCUs, 4096 are supported
2024-05-20 15:30:20,527 [INFO] ApiDb:423 - Load user favorites file C:\Users\harry/.stm32cubeide/favorites.mcus.txt: 0 item(s)
2024-05-20 15:30:20,527 [INFO] ApiDb:427 - User favorites MCUs=[]
2024-05-20 15:30:20,527 [INFO] DbMcus:224 - Set 0 / 0 favorites MCUs
2024-05-20 15:30:20,757 [INFO] ApiDb:668 - CubeFinder database Data Model version=2.1
2024-05-20 15:30:20,757 [INFO] ApiDb:669 - CubeFinder database Configuration version=3.0.39
2024-05-20 15:30:20,757 [INFO] ApiDb:670 - CubeFinder database generation date=2024-04-15 (1713193726)
2024-05-20 15:30:20,757 [INFO] ApiDb:671 - CubeFinder database FW Pack versions=[FP-ATR-ASTRA1_V2.0.0, FP-SNS-FLIGHT1_V5.0.1, FP-SNS-FLIGHT1_V5.0.2, FP-SNS-MOTENV1_V4.3.1, FP-SNS-MOTENV1_V4.3.2, FP-SNS-MOTENVWB1_V1.3.1, FP-SNS-SMARTAG2_V1.2.0, STM32Cube_FW_C0_V1.1.0, STM32Cube_FW_F4_V1.28.0, STM32Cube_FW_F7_V1.17.0, STM32Cube_FW_G0_V1.6.2, STM32Cube_FW_G4_V1.5.2, STM32Cube_FW_H5_V0.5.1, STM32Cube_FW_H5_V1.1.1, STM32Cube_FW_H5_V1.2.0, STM32Cube_FW_H5_V1.2.0RC4, STM32Cube_FW_H7RS_V1.0.0, STM32Cube_FW_H7RS_V1.0.0RC4, STM32Cube_FW_H7_V1.11.0, STM32Cube_FW_L0_V1.12.2, STM32Cube_FW_L5_V1.5.1, STM32Cube_FW_U0_V1.0.0, STM32Cube_FW_U0_V1.0.0RC1, STM32Cube_FW_U5_V1.3.0RC4, STM32Cube_FW_U5_V1.5.0, STM32Cube_FW_U5_V1.5.0RC1, STM32Cube_FW_WBA_V1.0.0RC1, STM32Cube_FW_WBA_V1.2.0, STM32Cube_FW_WBA_V1.2.0RC2, STM32Cube_FW_WBA_V1.3.0, STM32Cube_FW_WBA_V1.3.0RC1, STM32Cube_FW_WB_V1.15.0RC1, STM32Cube_FW_WB_V1.16.0, STM32Cube_FW_WB_V1.16.0RC2, STM32Cube_FW_WB_V1.18.0, STM32Cube_FW_WB_V1.19.0, STM32Cube_FW_WL_V1.3.0, X-CUBE-ALGOBUILD_V1.3.0, X-CUBE-ALS_V1.0.1, X-CUBE-AZRTOS-F4_V1.1.0, X-CUBE-AZRTOS-F7_V1.1.0, X-CUBE-AZRTOS-G0_V1.1.0, X-CUBE-AZRTOS-G4_V2.0.0, X-CUBE-AZRTOS-H7_V3.2.0, X-CUBE-AZRTOS-L4_V1.0.0, X-CUBE-AZRTOS-L4_V2.0.0, X-CUBE-AZRTOS-L5_V1.1.0, X-CUBE-AZRTOS-WB_V2.0.0, X-CUBE-AZRTOS-WL_V2.0.0, X-CUBE-BLE1_V7.0.0, X-CUBE-BLE2_V3.3.0, X-CUBE-BLEMGR_V3.1.0, X-CUBE-EEPRMA1_V4.1.0, X-CUBE-EEPRMA1_V5.1.0, X-CUBE-FREERTOS_V1.1.0, X-CUBE-GNSS1_V6.0.0, X-CUBE-MEMS1_V10.0.0, X-CUBE-MEMS1_V9.1.0, X-CUBE-MEMS1_V9.4.0, X-CUBE-MEMS1_V9.6.0, X-CUBE-NFC4_V3.0.0, X-CUBE-NFC7_V1.0.1, X-CUBE-SFXS2LP1_V4.0.0, X-CUBE-SUBG2_V5.0.0, X-CUBE-TOF1_V3.4.0]
2024-05-20 15:30:20,801 [INFO] DbBoardsSqlite:226 - include board P-NUCLEO-WB55-NUCLEO as a kit item of type 'Nucleo-64'
2024-05-20 15:30:20,802 [INFO] DbBoardsSqlite:226 - include board P-NUCLEO-WB55-USBDONGLE as a kit item of type 'Nucleo USB Dongle'
2024-05-20 15:30:20,802 [INFO] DbBoardsSqlite:226 - include board STEVAL-IDP005V1 as a kit item of type 'Evaluation Board'
2024-05-20 15:30:20,802 [INFO] DbBoardsSqlite:226 - include board STEVAL-IDP005V2 as a kit item of type 'Evaluation Board'
2024-05-20 15:30:20,840 [INFO] ApiDb:240 - Found 483 in-development CPN: [B-G473E-ZEST1S, B-WB1M-WPAN1, B-WL5M-SUBG1, NUCLEO-C031C6, NUCLEO-H503RB, NUCLEO-H533RE, NUCLEO-H563ZI, NUCLEO-H7S3L8, NUCLEO-U031R8, NUCLEO-U083RC, NUCLEO-U545RE-Q, NUCLEO-U5A5ZJ-Q, NUCLEO-WBA52CG, NUCLEO-WBA55CG, STEVAL-PROTEUS1, STEVAL-SMARTAG2, STEVAL-STWINBX1, STM320518-EVAL, STM32C0116-DK, STM32C011D6Y3TR, STM32C011D6Y6TR, STM32C011F4P3, STM32C011F4P6, STM32C011F4U3, STM32C011F4U6TR, STM32C011F6P3, STM32C011F6P6, STM32C011F6U3, STM32C011F6U6TR, STM32C011J4M3, STM32C011J4M6, STM32C011J6M3, STM32C011J6M6, STM32C0316-DK, STM32C031C4T3, STM32C031C4T6, STM32C031C4U3, STM32C031C4U6, STM32C031C6T3, STM32C031C6T6, STM32C031C6U3, STM32C031C6U6, STM32C031F4P3, STM32C031F4P6, STM32C031F6P3, STM32C031F6P6, STM32C031G4U3, STM32C031G4U6, STM32C031G6U3, STM32C031G6U6, STM32C031K4T3, STM32C031K4T6, STM32C031K4U3, STM32C031K4U6, STM32C031K6T3, STM32C031K6T6, STM32C031K6U3, STM32C031K6U6, STM32G071K8TXN, STM32G071K8UXN, STM32G081GBU6N, STM32G081KBT6N, STM32G081KBUXN, STM32G0B1CCT6N, STM32G0B1KCT6, STM32G0B1NEY6TR, STM32G0B1RCT6N, STM32G0C1CCT6, STM32G0C1CCT6N, STM32G0C1CCU6N, STM32G0C1CET6N, STM32G0C1CEU6N, STM32G0C1KCT6, STM32G0C1NEY6TR, STM32G0C1RCI6N, STM32G0C1RCT6N, STM32G0C1REI6N, STM32G0C1RET6N, STM32G0C1VCI6, STM32G0C1VEI6, STM32G471CCT6, STM32G471CCU6, STM32G471CET3, STM32G471CET6, STM32G471CEU3, STM32G471CEU6, STM32G471MCT6, STM32G471MET3, STM32G471MET6, STM32G471MEY6TR, STM32G471QCT6, STM32G471QET3, STM32G471RCT6, STM32G471RET3, STM32G471RET6, STM32G471VCH6, STM32G471VCI6, STM32G471VCT6, STM32G471VEH3, STM32G471VEH6, STM32G471VEI3, STM32G471VEI6, STM32G471VET3, STM32G471VET6, STM32G474CCT6, STM32H503CBT6, STM32H503CBU6, STM32H503EBY6TR, STM32H503KBU6, STM32H503RBT6, STM32H523CCT6, STM32H523CCU6, STM32H523CET6, STM32H523CEU6, STM32H523HEY6TR, STM32H523RCT6, STM32H523RET6, STM32H523VCI6, STM32H523VCT6, STM32H523VEI6, STM32H523VET6, STM32H523ZCJ6, STM32H523ZCT6, STM32H523ZEJ6, STM32H523ZET6, STM32H533CET6, STM32H533CEU6, STM32H533HEY6TR, STM32H533RET6, STM32H533VEI6, STM32H533VET6, STM32H533ZEJ6, STM32H533ZET6, STM32H562AGI6, STM32H562AII6, STM32H562IGK6, STM32H562IGT6, STM32H562IIK6, STM32H562IIT6, STM32H562RGT6, STM32H562RGV6, STM32H562RIT6, STM32H562RIV6, STM32H562VGT6, STM32H562VIT6, STM32H562ZGT6, STM32H562ZIT6, STM32H563AGI6, STM32H563AII3Q, STM32H563AII6, STM32H563IGK6, STM32H563IGT6, STM32H563IIK3Q, STM32H563IIK6, STM32H563IIT3Q, STM32H563IIT6, STM32H563MIY3QTR, STM32H563RGT6, STM32H563RGV6, STM32H563RIT6, STM32H563RIV6, STM32H563VGT6, STM32H563VIT3Q, STM32H563VIT6, STM32H563ZGT6, STM32H563ZIT3Q, STM32H563ZIT6, STM32H573AII3Q, STM32H573AII6, STM32H573I-DK, STM32H573IIK3Q, STM32H573IIK6, STM32H573IIT3Q, STM32H573IIT6, STM32H573MIY3QTR, STM32H573RIT6, STM32H573RIV6, STM32H573VIT3Q, STM32H573VIT6, STM32H573ZIT3Q, STM32H573ZIT6, STM32H7R3A8I6, STM32H7R3I8K6, STM32H7R3I8T6, STM32H7R3L8H6, STM32H7R3L8H6H, STM32H7R3R8V6, STM32H7R3V8H6, STM32H7R3V8T6, STM32H7R3V8Y6, STM32H7R3Z8J6, STM32H7R3Z8T6, STM32H7R7A8I6, STM32H7R7I8K6, STM32H7R7I8T6, STM32H7R7L8H6, STM32H7R7L8H6H, STM32H7R7Z8J6, STM32H7S3A8I6, STM32H7S3I8K6, STM32H7S3I8T6, STM32H7S3L8H6, STM32H7S3L8H6H, STM32H7S3R8V6, STM32H7S3V8H6, STM32H7S3V8T6, STM32H7S3V8Y6, STM32H7S3Z8J6, STM32H7S3Z8T6, STM32H7S78-DK, STM32H7S7A8I6, STM32H7S7I8K6, STM32H7S7I8T6, STM32H7S7L8H6, STM32H7S7L8H6H, STM32H7S7Z8J6, STM32L4R5QGI6STR, STM32MP131AAE3, STM32MP131AAF3, STM32MP131AAG3, STM32MP131CAE3, STM32MP131CAF3, STM32MP131CAG3, STM32MP131DAE7, STM32MP131DAF7, STM32MP131DAG7, STM32MP131FAE7, STM32MP131FAF7, STM32MP131FAG7, STM32MP133AAE3, STM32MP133AAF3, STM32MP133AAG3, STM32MP133CAE3, STM32MP133CAF3, STM32MP133CAG3, STM32MP133DAE7, STM32MP133DAF7, STM32MP133DAG7, STM32MP133FAE7, STM32MP133FAF7, STM32MP133FAG7, STM32MP135AAE3, STM32MP135AAF3, STM32MP135AAG3, STM32MP135CAE3, STM32MP135CAF3, STM32MP135CAG3, STM32MP135DAE7, STM32MP135DAF7, STM32MP135DAG7, STM32MP135F-DK, STM32MP135FAE7, STM32MP135FAF7, STM32MP135FAF7T, STM32MP135FAF7U, STM32MP135FAG7, STM32U031C6T6, STM32U031C6U6, STM32U031C8T6, STM32U031C8U6, STM32U031F4P6, STM32U031F6P6, STM32U031F8P6, STM32U031G6Y6TR, STM32U031G8Y6TR, STM32U031K4U6, STM32U031K6U6, STM32U031K8U6, STM32U031R6I6, STM32U031R6T6, STM32U031R8I6, STM32U031R8T6, STM32U073C8T6, STM32U073C8U6, STM32U073CBT6, STM32U073CBU6, STM32U073CCT6, STM32U073CCU6, STM32U073H8Y6TR, STM32U073HBY6TR, STM32U073HCY6TR, STM32U073K8U6, STM32U073KBU6, STM32U073KCU6, STM32U073M8I6, STM32U073M8T6, STM32U073MBI6, STM32U073MBT6, STM32U073MCI6, STM32U073MCT6, STM32U073R8I6, STM32U073R8T6, STM32U073RBI6, STM32U073RBT6, STM32U073RCI6, STM32U073RCT6, STM32U083C-DK, STM32U083CCT6, STM32U083CCU6, STM32U083HCY6TR, STM32U083KCU6, STM32U083MCI6, STM32U083MCT6, STM32U083RCI6, STM32U083RCT6, STM32U535CBT6, STM32U535CBT6Q, STM32U535CBU6, STM32U535CBU6Q, STM32U535CCT6, STM32U535CCT6Q, STM32U535CCU6, STM32U535CCU6Q, STM32U535CET6, STM32U535CET6Q, STM32U535CEU6, STM32U535CEU6Q, STM32U535JEY6QTR, STM32U535NCY6QTR, STM32U535NEY6QTR, STM32U535RBI6, STM32U535RBI6Q, STM32U535RBT6, STM32U535RBT6Q, STM32U535RCI6, STM32U535RCI6Q, STM32U535RCT6, STM32U535RCT6Q, STM32U535REI6, STM32U535REI6Q, STM32U535RET6, STM32U535RET6Q, STM32U535VCI6, STM32U535VCI6Q, STM32U535VCT6, STM32U535VCT6Q, STM32U535VEI6, STM32U535VEI6Q, STM32U535VET6, STM32U535VET6Q, STM32U545CET6, STM32U545CET6Q, STM32U545CEU6, STM32U545CEU6Q, STM32U545JEY6QTR, STM32U545NEY6QTR, STM32U545REI6, STM32U545REI6Q, STM32U545RET6, STM32U545RET6Q, STM32U545VEI6, STM32U545VEI6Q, STM32U545VET6, STM32U545VET6Q, STM32U595AIH6, STM32U595AIH6Q, STM32U595AJH6, STM32U595AJH6Q, STM32U595QII6, STM32U595QII6Q, STM32U595QJI6, STM32U595QJI6Q, STM32U595RIT6, STM32U595RIT6Q, STM32U595RJT6, STM32U595RJT6Q, STM32U595VIT6, STM32U595VIT6Q, STM32U595VJT6, STM32U595VJT6Q, STM32U595ZIT6, STM32U595ZIT6Q, STM32U595ZIY6QTR, STM32U595ZJT6, STM32U595ZJT6Q, STM32U595ZJY6QTR, STM32U599BJY6QTR, STM32U599NIH6Q, STM32U599NJH6Q, STM32U599VIT6Q, STM32U599VJT6, STM32U599VJT6Q, STM32U599ZIT6Q, STM32U599ZIY6QTR, STM32U599ZJT6Q, STM32U599ZJY6QTR, STM32U5A5AJH6, STM32U5A5AJH6Q, STM32U5A5QII3Q , STM32U5A5QJI6, STM32U5A5QJI6Q, STM32U5A5RJT6, STM32U5A5RJT6Q, STM32U5A5VJT6, STM32U5A5VJT6Q, STM32U5A5ZJT6, STM32U5A5ZJT6Q, STM32U5A5ZJY6QTR, STM32U5A9BJY6QTR, STM32U5A9J-DK, STM32U5A9NJH6Q, STM32U5A9VJT6Q, STM32U5A9ZJT6Q, STM32U5A9ZJY6QTR, STM32U5F7VIT6, STM32U5F7VIT6Q, STM32U5F7VJT6, STM32U5F7VJT6Q, STM32U5F9BJY6QTR, STM32U5F9NJH6Q, STM32U5F9VIT6Q, STM32U5F9VJT6Q, STM32U5F9ZIJ6QTR, STM32U5F9ZIT6Q, STM32U5F9ZJJ6QTR, STM32U5F9ZJT6Q, STM32U5G7VJT6, STM32U5G7VJT6Q, STM32U5G9BJY6QTR, STM32U5G9J-DK1, STM32U5G9J-DK2, STM32U5G9NJH6Q, STM32U5G9VJT6Q, STM32U5G9ZJJ6QTR, STM32U5G9ZJT6Q, STM32WB1MMCH6, STM32WBA50KEU6, STM32WBA50KEU6TR, STM32WBA50KGU6, STM32WBA50KGU6TR, STM32WBA52CEU6, STM32WBA52CEU6TR, STM32WBA52CEU7, STM32WBA52CEU7TR, STM32WBA52CGU6, STM32WBA52CGU6TR, STM32WBA52CGU6U, STM32WBA52CGU7, STM32WBA52CGU7TR, STM32WBA52KEU6, STM32WBA52KEU6TR, STM32WBA52KGU6, STM32WBA52KGU6TR, STM32WBA54CEU6, STM32WBA54CEU6TR, STM32WBA54CEU7, STM32WBA54CEU7TR, STM32WBA54CGU6, STM32WBA54CGU6TR, STM32WBA54CGU7, STM32WBA54CGU7TR, STM32WBA54KEU6, STM32WBA54KEU6TR, STM32WBA54KEU7, STM32WBA54KEU7TR, STM32WBA54KGU6, STM32WBA54KGU6TR, STM32WBA54KGU7, STM32WBA54KGU7TR, STM32WBA55CEU6, STM32WBA55CEU6TR, STM32WBA55CEU7, STM32WBA55CEU7TR, STM32WBA55CGU6, STM32WBA55CGU6TR, STM32WBA55CGU6U, STM32WBA55CGU7, STM32WBA55CGU7TR, STM32WBA55G-DK1, STM32WBA55HEF6, STM32WBA55HEF7, STM32WBA55HGF6, STM32WBA55HGF7, STM32WBA55UEI6, STM32WBA55UEI6TR, STM32WBA55UEI7, STM32WBA55UEI7TR, STM32WBA55UGI6, STM32WBA55UGI6TR, STM32WBA55UGI7, STM32WBA55UGI7TR, STM32WL5MOCH6, STM32WL5MOCH6TR]
2024-05-20 15:30:20,939 [INFO] BoardInfo:889 - No configuration file found for board P-NUCLEO-WB55
2024-05-20 15:30:20,940 [INFO] DbBoards:161 - Kit is not supported: P-NUCLEO-WB55
2024-05-20 15:30:20,943 [INFO] BoardInfo:889 - No configuration file found for board STEVAL-BFA001V1B
2024-05-20 15:30:20,944 [INFO] DbBoards:161 - Kit is not supported: STEVAL-BFA001V1B
2024-05-20 15:30:20,944 [INFO] BoardInfo:889 - No configuration file found for board STEVAL-BFA001V2B
2024-05-20 15:30:20,944 [INFO] DbBoards:161 - Kit is not supported: STEVAL-BFA001V2B
2024-05-20 15:30:21,029 [INFO] DbBoards:168 - Found 199 boards, 196 are supported
2024-05-20 15:30:21,029 [INFO] DbBoards:169 - Found 199 boards, 8 of them is supported for  Bsp
2024-05-20 15:30:21,034 [INFO] ApiDb:423 - Load user favorites file C:\Users\harry/.stm32cubeide/favorites.boards.txt: 1 item(s)
2024-05-20 15:30:21,034 [INFO] ApiDb:427 - User favorites Boards=[STM32F407G-DISC1]
2024-05-20 15:30:21,034 [INFO] DbBoards:198 - Set 1 / 1 favorites Boards
2024-05-20 15:30:21,036 [INFO] ApiDb:668 - CubeFinder database Data Model version=2.1
2024-05-20 15:30:21,036 [INFO] ApiDb:669 - CubeFinder database Configuration version=3.0.39
2024-05-20 15:30:21,036 [INFO] ApiDb:670 - CubeFinder database generation date=2024-04-15 (1713193726)
2024-05-20 15:30:21,036 [INFO] ApiDb:671 - CubeFinder database FW Pack versions=[FP-ATR-ASTRA1_V2.0.0, FP-SNS-FLIGHT1_V5.0.1, FP-SNS-FLIGHT1_V5.0.2, FP-SNS-MOTENV1_V4.3.1, FP-SNS-MOTENV1_V4.3.2, FP-SNS-MOTENVWB1_V1.3.1, FP-SNS-SMARTAG2_V1.2.0, STM32Cube_FW_C0_V1.1.0, STM32Cube_FW_F4_V1.28.0, STM32Cube_FW_F7_V1.17.0, STM32Cube_FW_G0_V1.6.2, STM32Cube_FW_G4_V1.5.2, STM32Cube_FW_H5_V0.5.1, STM32Cube_FW_H5_V1.1.1, STM32Cube_FW_H5_V1.2.0, STM32Cube_FW_H5_V1.2.0RC4, STM32Cube_FW_H7RS_V1.0.0, STM32Cube_FW_H7RS_V1.0.0RC4, STM32Cube_FW_H7_V1.11.0, STM32Cube_FW_L0_V1.12.2, STM32Cube_FW_L5_V1.5.1, STM32Cube_FW_U0_V1.0.0, STM32Cube_FW_U0_V1.0.0RC1, STM32Cube_FW_U5_V1.3.0RC4, STM32Cube_FW_U5_V1.5.0, STM32Cube_FW_U5_V1.5.0RC1, STM32Cube_FW_WBA_V1.0.0RC1, STM32Cube_FW_WBA_V1.2.0, STM32Cube_FW_WBA_V1.2.0RC2, STM32Cube_FW_WBA_V1.3.0, STM32Cube_FW_WBA_V1.3.0RC1, STM32Cube_FW_WB_V1.15.0RC1, STM32Cube_FW_WB_V1.16.0, STM32Cube_FW_WB_V1.16.0RC2, STM32Cube_FW_WB_V1.18.0, STM32Cube_FW_WB_V1.19.0, STM32Cube_FW_WL_V1.3.0, X-CUBE-ALGOBUILD_V1.3.0, X-CUBE-ALS_V1.0.1, X-CUBE-AZRTOS-F4_V1.1.0, X-CUBE-AZRTOS-F7_V1.1.0, X-CUBE-AZRTOS-G0_V1.1.0, X-CUBE-AZRTOS-G4_V2.0.0, X-CUBE-AZRTOS-H7_V3.2.0, X-CUBE-AZRTOS-L4_V1.0.0, X-CUBE-AZRTOS-L4_V2.0.0, X-CUBE-AZRTOS-L5_V1.1.0, X-CUBE-AZRTOS-WB_V2.0.0, X-CUBE-AZRTOS-WL_V2.0.0, X-CUBE-BLE1_V7.0.0, X-CUBE-BLE2_V3.3.0, X-CUBE-BLEMGR_V3.1.0, X-CUBE-EEPRMA1_V4.1.0, X-CUBE-EEPRMA1_V5.1.0, X-CUBE-FREERTOS_V1.1.0, X-CUBE-GNSS1_V6.0.0, X-CUBE-MEMS1_V10.0.0, X-CUBE-MEMS1_V9.1.0, X-CUBE-MEMS1_V9.4.0, X-CUBE-MEMS1_V9.6.0, X-CUBE-NFC4_V3.0.0, X-CUBE-NFC7_V1.0.1, X-CUBE-SFXS2LP1_V4.0.0, X-CUBE-SUBG2_V5.0.0, X-CUBE-TOF1_V3.4.0]
2024-05-20 15:30:21,477 [ERROR] DbExamplesSqlite:437 - Missing JSON key: board_cpn
2024-05-20 15:30:21,477 [ERROR] DbExamplesSqlite:437 - Missing JSON key: board_cpn
2024-05-20 15:30:21,478 [ERROR] DbExamplesSqlite:437 - Missing JSON key: board_cpn
2024-05-20 15:30:21,478 [ERROR] DbExamplesSqlite:437 - Missing JSON key: board_cpn
2024-05-20 15:30:21,541 [INFO] DbExamplesSqlite:395 - Ignored 60 examples not supported by CubeIDE
2024-05-20 15:30:21,541 [INFO] DbExamplesSqlite:396 - Found 8152 examples active
2024-05-20 15:30:21,541 [INFO] DbExamplesSqlite:397 - Found 871 examples obsolete
2024-05-20 15:30:21,541 [INFO] DbExamplesSqlite:398 - Found 0 examples under development
2024-05-20 15:30:21,541 [INFO] DbExamplesSqlite:399 - Found 10 examples not building
2024-05-20 15:30:21,543 [INFO] DbExamples:125 - Found 8102 examples
2024-05-20 15:30:21,550 [INFO] DbExamples:222 - Found 101 boards with related examples
2024-05-20 15:30:21,551 [INFO] DbExamples:235 - Found 86 MCUs with related examples
2024-05-20 15:30:21,563 [INFO] ApiDb:414 - User favorites file not found: C:\Users\harry/.stm32cubeide/favorites.examples.txt
2024-05-20 15:30:21,563 [INFO] DbExamples:250 - Set 0 / 0 favorites Examples
2024-05-20 15:30:21,769 [INFO] McuFinderGlobals:76 - Set McuFinderConnectedMode to true
2024-05-20 15:30:21,775 [INFO] MultiScanPanel:200 - Auto-refresh data requested => check proxy status ongoing
2024-05-20 15:30:21,777 [INFO] FinderPluginLoader:95 - Searching for filters in installed packs
2024-05-20 15:30:22,601 [INFO] LoadUrlFilesThread:185 - End of LoadServerUrlFiles without Thread
2024-05-20 15:30:22,608 [INFO] DetailPanel:341 - Set advertising image to C:/Users/harry/STM32Cube/Repository/\en.prom-stm32h7rs-mcu-finder.jpg
2024-05-20 15:30:25,056 [INFO] MultiScanPanel:200 - Auto-refresh data requested => check proxy status ongoing
2024-05-20 15:30:25,128 [INFO] LoadUrlFilesThread:185 - End of LoadServerUrlFiles without Thread
2024-05-20 15:30:25,128 [INFO] DetailPanel:341 - Set advertising image to C:/Users/harry/STM32Cube/Repository/\en.prom-stm32h7rs-mcu-finder.jpg
2024-05-20 15:30:25,136 [INFO] DbBoards:642 - Loading board mini-images...
2024-05-20 15:30:26,328 [INFO] DbBoards:665 - Loaded 199 board mini-images
2024-05-20 15:30:57,575 [INFO] McuFinderGlobals:76 - Set McuFinderConnectedMode to true
2024-05-20 15:30:57,578 [INFO] ApiDb:448 - Save user favorites file C:\Users\harry/.stm32cubeide/favorites.mcus.txt: 0 item(s)
2024-05-20 15:30:57,578 [INFO] ApiDb:452 - User favorites MCUs=[]
2024-05-20 15:30:57,579 [INFO] ApiDb:448 - Save user favorites file C:\Users\harry/.stm32cubeide/favorites.boards.txt: 1 item(s)
2024-05-20 15:30:57,579 [INFO] ApiDb:452 - User favorites Boards=[STM32F407G-DISC1]
2024-05-20 22:22:54,979 [INFO] WebApp:354 - JxBrowser engine has been closed 
