2024-06-03 08:24:47,514 [INFO] Activator:176 - 


2024-06-03 08:24:47,517 [INFO] Activator:177 - !SESSION log4j initialized
2024-06-03 08:24:51,769 [INFO] LogOutputStream:77 - [STDOUT_REDIRECT] 
2024-06-03 08:24:53,376 [INFO] ApplicationProperties:184 - Using Application install path: C:\ST\STM32CubeIDE_1.14.1\STM32CubeIDE\plugins\com.st.stm32cube.common.mx_6.11.1.202404110753
2024-06-03 08:24:53,388 [INFO] DbMcusXml:78 - Set database path to: C:\ST\STM32CubeIDE_1.14.1\STM32CubeIDE\plugins\com.st.stm32cube.common.mx_6.11.1.202404110753\\db\/mcu/
2024-06-03 08:24:53,388 [INFO] ApiDb:274 - Set plugin database path to: C:\ST\STM32CubeIDE_1.14.1\STM32CubeIDE\plugins\com.st.stm32cube.common.mx_6.11.1.202404110753\\db\/plugins/boardmanager/
2024-06-03 08:24:53,391 [WARN] ApiDb:259 - Overriding images path with different value:  => C:\ST\STM32CubeIDE_1.14.1\STM32CubeIDE\plugins\com.st.stm32cube.common.mx_6.11.1.202404110753\\db\/plugins/mcufinder/images/
2024-06-03 08:24:53,398 [INFO] ApiDb:250 - Set database path to: C:\Users\harry\.stmcufinder\plugins\mcufinder//mcu/
2024-06-03 08:24:53,399 [INFO] DbMcusAds:125 - Set database path to: C:\Users\harry\.stmcufinder\plugins\mcufinder//mcu/
2024-06-03 08:24:53,400 [INFO] CrossReferenceDbSqlite:203 - Set database path to: C:\Users\harry\.stmcufinder\plugins\mcufinder//mcu/cs/
2024-06-03 08:24:53,474 [INFO] RulesReader:64 - Compatibility file has been processed (297 Rules)
2024-06-03 08:24:53,533 [INFO] DbMcusXml:78 - Set database path to: C:\ST\STM32CubeIDE_1.14.1\STM32CubeIDE\plugins\com.st.stm32cube.common.mx_6.11.1.202404110753\\db\/mcu/
2024-06-03 08:24:53,533 [INFO] ApiDb:274 - Set plugin database path to: C:\ST\STM32CubeIDE_1.14.1\STM32CubeIDE\plugins\com.st.stm32cube.common.mx_6.11.1.202404110753\\db\/plugins/boardmanager/
2024-06-03 08:24:53,533 [INFO] ApiDb:261 - Set plugin images path to: C:\ST\STM32CubeIDE_1.14.1\STM32CubeIDE\plugins\com.st.stm32cube.common.mx_6.11.1.202404110753\\db\/plugins/mcufinder/images/
2024-06-03 08:24:53,533 [WARN] DbFile:41 - Overriding database path with different value: C:\Users\harry\.stmcufinder\plugins\mcufinder/ => C:\Users\harry\.stmcufinder\plugins\mcufinder
2024-06-03 08:24:53,533 [INFO] ApiDb:250 - Set database path to: C:\Users\harry\.stmcufinder\plugins\mcufinder//mcu/
2024-06-03 08:24:53,533 [WARN] DbFile:41 - Overriding database path with different value: C:\Users\harry\.stmcufinder\plugins\mcufinder/ => C:\Users\harry\.stmcufinder\plugins\mcufinder
2024-06-03 08:24:53,533 [INFO] DbMcusAds:125 - Set database path to: C:\Users\harry\.stmcufinder\plugins\mcufinder//mcu/
2024-06-03 08:24:53,533 [WARN] DbFile:41 - Overriding database path with different value: C:\Users\harry\.stmcufinder\plugins\mcufinder/ => C:\Users\harry\.stmcufinder\plugins\mcufinder
2024-06-03 08:24:53,533 [WARN] DbFile:41 - Overriding database path with different value: C:\Users\harry\.stmcufinder\plugins\mcufinder/ => C:\Users\harry\.stmcufinder\plugins\mcufinder
2024-06-03 08:24:53,533 [INFO] CrossReferenceDbSqlite:203 - Set database path to: C:\Users\harry\.stmcufinder\plugins\mcufinder//mcu/cs/
2024-06-03 08:24:53,585 [INFO] MainPanel:264 - HeapMemory: 268435456
2024-06-03 08:24:53,653 [INFO] DbMcusXml:78 - Set database path to: C:\ST\STM32CubeIDE_1.14.1\STM32CubeIDE\plugins\com.st.stm32cube.common.mx_6.11.1.202404110753\\db\/mcu/
2024-06-03 08:24:53,653 [INFO] ApiDb:274 - Set plugin database path to: C:\ST\STM32CubeIDE_1.14.1\STM32CubeIDE\plugins\com.st.stm32cube.common.mx_6.11.1.202404110753\\db\/plugins/boardmanager/
2024-06-03 08:24:53,653 [INFO] ApiDb:261 - Set plugin images path to: C:\ST\STM32CubeIDE_1.14.1\STM32CubeIDE\plugins\com.st.stm32cube.common.mx_6.11.1.202404110753\\db\/plugins/mcufinder/images/
2024-06-03 08:24:53,653 [WARN] DbFile:41 - Overriding database path with different value: C:\Users\harry\.stmcufinder\plugins\mcufinder/ => C:\Users\harry\.stmcufinder\plugins\mcufinder
2024-06-03 08:24:53,653 [INFO] ApiDb:250 - Set database path to: C:\Users\harry\.stmcufinder\plugins\mcufinder//mcu/
2024-06-03 08:24:53,653 [WARN] DbFile:41 - Overriding database path with different value: C:\Users\harry\.stmcufinder\plugins\mcufinder/ => C:\Users\harry\.stmcufinder\plugins\mcufinder
2024-06-03 08:24:53,653 [INFO] DbMcusAds:125 - Set database path to: C:\Users\harry\.stmcufinder\plugins\mcufinder//mcu/
2024-06-03 08:24:53,654 [WARN] DbFile:41 - Overriding database path with different value: C:\Users\harry\.stmcufinder\plugins\mcufinder/ => C:\Users\harry\.stmcufinder\plugins\mcufinder
2024-06-03 08:24:53,654 [WARN] DbFile:41 - Overriding database path with different value: C:\Users\harry\.stmcufinder\plugins\mcufinder/ => C:\Users\harry\.stmcufinder\plugins\mcufinder
2024-06-03 08:24:53,654 [INFO] CrossReferenceDbSqlite:203 - Set database path to: C:\Users\harry\.stmcufinder\plugins\mcufinder//mcu/cs/
2024-06-03 08:24:53,666 [INFO] ApplicationProperties:184 - Using Application install path: C:\ST\STM32CubeIDE_1.14.1\STM32CubeIDE\plugins\com.st.stm32cube.common.mx_6.11.1.202404110753
2024-06-03 08:24:53,667 [INFO] PluginManage:196 - Search for loadable plugins [exclusion list=, ]
2024-06-03 08:24:53,668 [INFO] PluginManage:310 - Check plugin analytics
2024-06-03 08:24:53,773 [INFO] AnalyticsPlugin:253 - Accepted Software Licenses: 
2024-06-03 08:24:53,773 [INFO] AnalyticsPlugin:255 - Accepted CMSIS Pack Licenses: 
2024-06-03 08:24:53,773 [INFO] AnalyticsPlugin:257 - Accepted Firmware Licenses: 
2024-06-03 08:24:53,774 [INFO] PluginManage:359 - Loaded plugin analytics (category:tool,tabindex:-1)
2024-06-03 08:24:53,774 [INFO] PluginManage:310 - Check plugin cadmodel
2024-06-03 08:24:53,787 [INFO] CADModel:105 - Init CAD model plugin
2024-06-03 08:24:53,787 [INFO] PluginManage:359 - Loaded plugin cadmodel (category:power,tabindex:5)
2024-06-03 08:24:53,787 [INFO] PluginManage:310 - Check plugin clock
2024-06-03 08:24:53,804 [INFO] PluginManage:359 - Loaded plugin clock (category:base,tabindex:2)
2024-06-03 08:24:53,804 [INFO] PluginManage:310 - Check plugin ddr
2024-06-03 08:24:53,806 [INFO] PluginManage:359 - Loaded plugin ddr (category:tool,tabindex:6)
2024-06-03 08:24:53,806 [INFO] PluginManage:310 - Check plugin filemanager
2024-06-03 08:24:53,902 [INFO] PluginManage:359 - Loaded plugin filemanager (category:base,tabindex:10)
2024-06-03 08:24:53,902 [INFO] PluginManage:310 - Check plugin ipmanager
2024-06-03 08:24:53,906 [INFO] PluginManage:359 - Loaded plugin ipmanager (category:base,tabindex:5)
2024-06-03 08:24:53,906 [INFO] PluginManage:310 - Check plugin lpbam
2024-06-03 08:24:53,920 [INFO] PluginManage:359 - Loaded plugin lpbam (category:base,tabindex:0)
2024-06-03 08:24:53,920 [INFO] PluginManage:310 - Check plugin memorymap
2024-06-03 08:24:53,936 [INFO] PluginManage:359 - Loaded plugin memorymap (category:base,tabindex:4)
2024-06-03 08:24:53,937 [INFO] PluginManage:310 - Check plugin pinoutandconfiguration
2024-06-03 08:24:53,947 [INFO] PluginManage:359 - Loaded plugin pinoutandconfiguration (category:base,tabindex:1)
2024-06-03 08:24:53,947 [INFO] PluginManage:310 - Check plugin pinoutconfig
2024-06-03 08:24:54,005 [WARN] SupportedApi:132 - Cannot load RTOS API schema: s4s-elt-must-match.1: The content of 'definitions' must match (annotation?, (simpleType | complexType)?, (unique | key | keyref)*)). A problem was found starting at: attribute.
2024-06-03 08:24:54,091 [INFO] PluginManage:359 - Loaded plugin pinoutconfig (category:base,tabindex:0)
2024-06-03 08:24:54,091 [INFO] PluginManage:310 - Check plugin power
2024-06-03 08:24:54,105 [INFO] PluginManage:359 - Loaded plugin power (category:power,tabindex:4)
2024-06-03 08:24:54,105 [INFO] PluginManage:310 - Check plugin projectmanager
2024-06-03 08:24:54,116 [INFO] PluginManage:359 - Loaded plugin projectmanager (category:projectmanager,tabindex:3)
2024-06-03 08:24:54,116 [INFO] PluginManage:310 - Check plugin thirdparty
2024-06-03 08:24:54,280 [INFO] PluginManage:359 - Loaded plugin thirdparty (category:base,tabindex:-1)
2024-06-03 08:24:54,280 [WARN] IntegrityCheckThread:84 - waiting for thirdparty lock release [integrity check]
2024-06-03 08:24:54,280 [INFO] PluginManage:310 - Check plugin tools
2024-06-03 08:24:54,280 [INFO] IntegrityCheckThread:86 - entering critical section [integrity check]
2024-06-03 08:24:54,281 [INFO] ThirdPartyUpdaterWithRetryManager:70 - Updater plugin not ready yet. [1/15]
2024-06-03 08:24:54,301 [INFO] PluginManage:359 - Loaded plugin tools (category:base,tabindex:7)
2024-06-03 08:24:54,301 [INFO] PluginManage:310 - Check plugin tutovideos
2024-06-03 08:24:54,425 [INFO] PluginManage:359 - Loaded plugin tutovideos (category:base,tabindex:-1)
2024-06-03 08:24:54,426 [INFO] PluginManage:310 - Check plugin updater
2024-06-03 08:24:54,432 [INFO] PluginManage:359 - Loaded plugin updater (category:base,tabindex:12)
2024-06-03 08:24:54,432 [INFO] PluginManage:310 - Check plugin userauth
2024-06-03 08:24:54,436 [INFO] UserAuth:114 - Init User Auth plugin
2024-06-03 08:24:54,436 [INFO] PluginManage:359 - Loaded plugin userauth (category:base,tabindex:14)
2024-06-03 08:24:54,436 [INFO] PluginManage:283 - PluginManage : Loaded plugins [17]
2024-06-03 08:24:54,571 [INFO] PinOutPanel:1561 - setPackage(No Configuration,No Configuration)
2024-06-03 08:24:54,619 [INFO] CADModel:165 - CPN selected for project level
2024-06-03 08:24:54,619 [INFO] CADModel:114 - Register for checkConnection events
2024-06-03 08:24:54,636 [INFO] IPUIPlugin:80 - create IPUIPlugin
2024-06-03 08:24:54,637 [INFO] PluginManager:220 - loadIPPluginJar : add adc
2024-06-03 08:24:54,658 [INFO] IPUIPlugin:80 - create IPUIPlugin
2024-06-03 08:24:54,658 [INFO] PluginManager:220 - loadIPPluginJar : add aes
2024-06-03 08:24:54,682 [INFO] IPUIPlugin:80 - create IPUIPlugin
2024-06-03 08:24:54,682 [INFO] PluginManager:220 - loadIPPluginJar : add can
2024-06-03 08:24:54,695 [INFO] IPUIPlugin:80 - create IPUIPlugin
2024-06-03 08:24:54,695 [INFO] PluginManager:220 - loadIPPluginJar : add comp
2024-06-03 08:24:54,715 [INFO] IPUIPlugin:80 - create IPUIPlugin
2024-06-03 08:24:54,715 [INFO] PluginManager:220 - loadIPPluginJar : add cryp
2024-06-03 08:24:54,732 [INFO] IPUIPlugin:80 - create IPUIPlugin
2024-06-03 08:24:54,732 [INFO] PluginManager:220 - loadIPPluginJar : add dfsdm
2024-06-03 08:24:54,741 [INFO] IPUIPlugin:80 - create IPUIPlugin
2024-06-03 08:24:54,741 [INFO] PluginManager:220 - loadIPPluginJar : add dma
2024-06-03 08:24:54,766 [INFO] IPUIPlugin:80 - create IPUIPlugin
2024-06-03 08:24:54,766 [INFO] PluginManager:220 - loadIPPluginJar : add dma3
2024-06-03 08:24:54,792 [INFO] IPUIPlugin:80 - create IPUIPlugin
2024-06-03 08:24:54,792 [INFO] PluginManager:220 - loadIPPluginJar : add extmemmanager
2024-06-03 08:24:54,804 [INFO] IPUIPlugin:80 - create IPUIPlugin
2024-06-03 08:24:54,804 [INFO] PluginManager:220 - loadIPPluginJar : add fatfs
2024-06-03 08:24:54,832 [INFO] IPUIPlugin:80 - create IPUIPlugin
2024-06-03 08:24:54,832 [INFO] PluginManager:220 - loadIPPluginJar : add fmc
2024-06-03 08:24:54,842 [INFO] IPUIPlugin:80 - create IPUIPlugin
2024-06-03 08:24:54,842 [INFO] PluginManager:220 - loadIPPluginJar : add freertos
2024-06-03 08:24:54,854 [INFO] IPUIPlugin:80 - create IPUIPlugin
2024-06-03 08:24:54,854 [INFO] PluginManager:220 - loadIPPluginJar : add genericplugin
2024-06-03 08:24:54,910 [INFO] IPUIPlugin:80 - create IPUIPlugin
2024-06-03 08:24:54,910 [INFO] PluginManager:220 - loadIPPluginJar : add gfxmmu
2024-06-03 08:24:54,987 [INFO] IPUIPlugin:80 - create IPUIPlugin
2024-06-03 08:24:54,988 [INFO] PluginManager:220 - loadIPPluginJar : add gic
2024-06-03 08:24:54,996 [INFO] IPUIPlugin:80 - create IPUIPlugin
2024-06-03 08:24:54,996 [INFO] PluginManager:220 - loadIPPluginJar : add gpio
2024-06-03 08:24:55,050 [INFO] IPUIPlugin:80 - create IPUIPlugin
2024-06-03 08:24:55,050 [INFO] PluginManager:220 - loadIPPluginJar : add gtzc
2024-06-03 08:24:55,068 [INFO] IPUIPlugin:80 - create IPUIPlugin
2024-06-03 08:24:55,069 [INFO] PluginManager:220 - loadIPPluginJar : add hash
2024-06-03 08:24:55,100 [INFO] IPUIPlugin:80 - create IPUIPlugin
2024-06-03 08:24:55,100 [INFO] PluginManager:220 - loadIPPluginJar : add i2c
2024-06-03 08:24:55,122 [INFO] IPUIPlugin:80 - create IPUIPlugin
2024-06-03 08:24:55,122 [INFO] PluginManager:220 - loadIPPluginJar : add i2s
2024-06-03 08:24:55,147 [INFO] IPUIPlugin:80 - create IPUIPlugin
2024-06-03 08:24:55,147 [INFO] PluginManager:220 - loadIPPluginJar : add i3c
2024-06-03 08:24:55,210 [INFO] IPUIPlugin:80 - create IPUIPlugin
2024-06-03 08:24:55,210 [INFO] PluginManager:220 - loadIPPluginJar : add ipddr
2024-06-03 08:24:55,264 [INFO] IPUIPlugin:80 - create IPUIPlugin
2024-06-03 08:24:55,264 [INFO] PluginManager:220 - loadIPPluginJar : add linkedlist
2024-06-03 08:24:55,285 [INFO] IPUIPlugin:80 - create IPUIPlugin
2024-06-03 08:24:55,286 [INFO] PluginManager:220 - loadIPPluginJar : add lorawan
2024-06-03 08:24:55,307 [INFO] IPUIPlugin:80 - create IPUIPlugin
2024-06-03 08:24:55,307 [INFO] PluginManager:220 - loadIPPluginJar : add ltdc
2024-06-03 08:24:55,316 [INFO] IPUIPlugin:80 - create IPUIPlugin
2024-06-03 08:24:55,316 [INFO] PluginManager:220 - loadIPPluginJar : add mdma
2024-06-03 08:24:55,323 [INFO] IPUIPlugin:80 - create IPUIPlugin
2024-06-03 08:24:55,323 [INFO] PluginManager:220 - loadIPPluginJar : add nvic
2024-06-03 08:24:55,344 [INFO] IPUIPlugin:80 - create IPUIPlugin
2024-06-03 08:24:55,344 [INFO] PluginManager:220 - loadIPPluginJar : add opamp
2024-06-03 08:24:55,379 [INFO] IPUIPlugin:80 - create IPUIPlugin
2024-06-03 08:24:55,379 [INFO] PluginManager:220 - loadIPPluginJar : add openamp
2024-06-03 08:24:55,404 [INFO] IPUIPlugin:80 - create IPUIPlugin
2024-06-03 08:24:55,404 [INFO] PluginManager:220 - loadIPPluginJar : add pdm2pcm
2024-06-03 08:24:55,413 [INFO] IPUIPlugin:80 - create IPUIPlugin
2024-06-03 08:24:55,414 [INFO] PluginManager:220 - loadIPPluginJar : add plateformsettings
2024-06-03 08:24:55,427 [INFO] IPUIPlugin:80 - create IPUIPlugin
2024-06-03 08:24:55,427 [INFO] PluginManager:220 - loadIPPluginJar : add quadspi
2024-06-03 08:24:55,434 [INFO] IPUIPlugin:80 - create IPUIPlugin
2024-06-03 08:24:55,434 [INFO] PluginManager:220 - loadIPPluginJar : add resmgrutility
2024-06-03 08:24:55,463 [INFO] IPUIPlugin:80 - create IPUIPlugin
2024-06-03 08:24:55,463 [INFO] PluginManager:220 - loadIPPluginJar : add sai
2024-06-03 08:24:55,484 [INFO] IPUIPlugin:80 - create IPUIPlugin
2024-06-03 08:24:55,484 [INFO] PluginManager:220 - loadIPPluginJar : add spi
2024-06-03 08:24:55,526 [INFO] IPUIPlugin:80 - create IPUIPlugin
2024-06-03 08:24:55,526 [INFO] PluginManager:220 - loadIPPluginJar : add stm32_wpan
2024-06-03 08:24:55,539 [INFO] IPUIPlugin:80 - create IPUIPlugin
2024-06-03 08:24:55,540 [INFO] PluginManager:220 - loadIPPluginJar : add tim
2024-06-03 08:24:55,575 [INFO] IPUIPlugin:80 - create IPUIPlugin
2024-06-03 08:24:55,575 [INFO] PluginManager:220 - loadIPPluginJar : add touchsensing
2024-06-03 08:24:55,588 [INFO] IPUIPlugin:80 - create IPUIPlugin
2024-06-03 08:24:55,588 [INFO] PluginManager:220 - loadIPPluginJar : add tracer_emb
2024-06-03 08:24:55,601 [INFO] IPUIPlugin:80 - create IPUIPlugin
2024-06-03 08:24:55,601 [INFO] PluginManager:220 - loadIPPluginJar : add ts
2024-06-03 08:24:55,613 [INFO] IPUIPlugin:80 - create IPUIPlugin
2024-06-03 08:24:55,613 [INFO] PluginManager:220 - loadIPPluginJar : add tsc
2024-06-03 08:24:55,626 [INFO] IPUIPlugin:80 - create IPUIPlugin
2024-06-03 08:24:55,626 [INFO] PluginManager:220 - loadIPPluginJar : add ucpd
2024-06-03 08:24:55,652 [INFO] IPUIPlugin:80 - create IPUIPlugin
2024-06-03 08:24:55,652 [INFO] PluginManager:220 - loadIPPluginJar : add usart
2024-06-03 08:24:55,677 [INFO] IPUIPlugin:80 - create IPUIPlugin
2024-06-03 08:24:55,677 [INFO] PluginManager:220 - loadIPPluginJar : add usbx
2024-06-03 08:24:55,783 [INFO] CADModel:165 - CPN selected for project level
2024-06-03 08:24:55,783 [INFO] CADModel:114 - Register for checkConnection events
2024-06-03 08:24:55,783 [FATAL] Updater:308 - Updater called before beeing initialized
2024-06-03 08:24:55,783 [ERROR] CADModel:125 - Updater not yet initialized, retry later 
2024-06-03 08:24:55,877 [INFO] CADModel:165 - CPN selected for project level
2024-06-03 08:24:55,877 [INFO] CADModel:114 - Register for checkConnection events
2024-06-03 08:24:55,877 [FATAL] Updater:308 - Updater called before beeing initialized
2024-06-03 08:24:55,877 [ERROR] CADModel:125 - Updater not yet initialized, retry later 
2024-06-03 08:24:55,879 [FATAL] Updater:308 - Updater called before beeing initialized
2024-06-03 08:24:55,939 [FATAL] Updater:308 - Updater called before beeing initialized
2024-06-03 08:24:55,945 [INFO] DbMcusAds:53 - JSON generation date=Thu May 16 17:22:00 CST 2024 (1715851320852)
2024-06-03 08:24:55,945 [FATAL] Updater:308 - Updater called before beeing initialized
2024-06-03 08:24:56,001 [WARN] DetailPanel:346 - Failed to get advertising image, set to default
2024-06-03 08:24:56,065 [FATAL] Updater:308 - Updater called before beeing initialized
2024-06-03 08:24:56,067 [FATAL] Updater:308 - Updater called before beeing initialized
2024-06-03 08:24:56,067 [FATAL] Updater:308 - Updater called before beeing initialized
2024-06-03 08:24:56,067 [WARN] DetailPanel:346 - Failed to get advertising image, set to default
2024-06-03 08:24:56,068 [FATAL] Updater:308 - Updater called before beeing initialized
2024-06-03 08:24:56,104 [ERROR] Updater:1120 - MainUpdater not yet initialized. External WinMGr cannot be set.
2024-06-03 08:24:56,110 [INFO] Updater:1056 - Updater Version found : 6.11.1
2024-06-03 08:24:56,123 [INFO] ApplicationProperties:184 - Using Application install path: C:\ST\STM32CubeIDE_1.14.1\STM32CubeIDE\plugins\com.st.stm32cube.common.mx_6.11.1.202404110753
2024-06-03 08:24:57,282 [INFO] ThirdPartyUpdaterWithRetryManager:70 - Updater plugin not ready yet. [2/15]
2024-06-03 08:24:57,693 [ERROR] LogOutputStream:75 - [STDERR_REDIRECT] Jun 03, 2024 8:24:57 AM java.util.prefs.WindowsPreferences <init>
2024-06-03 08:24:57,694 [ERROR] LogOutputStream:75 - [STDERR_REDIRECT] WARNING: Could not open/create prefs root node Software\JavaSoft\Prefs at root 0xffffffff80000002. Windows RegCreateKeyEx(...) returned error code 5.
2024-06-03 08:24:57,694 [ERROR] LogOutputStream:75 - [STDERR_REDIRECT] 
2024-06-03 08:24:57,983 [INFO] MainUpdater:2873 - connection check result : 10
2024-06-03 08:24:57,984 [INFO] MainUpdater:290 - Updater Check For Update Now.
2024-06-03 08:24:57,984 [INFO] MicroXplorer:498 - Change Database Version : DB.6.0.111
2024-06-03 08:24:57,993 [INFO] McuFinderGlobals:63 - Set McuFinder mode to 2 (CubeIDE integrated)
2024-06-03 08:24:57,993 [INFO] UserAuth:179 - activating auth plugin
2024-06-03 08:24:57,995 [INFO] UserAuth:415 - Internet connection configuration mode: 1
2024-06-03 08:24:58,013 [INFO] JxBrowserEngine:152 - Initiate JxBrowser Engine with user profile folder
2024-06-03 08:24:58,142 [INFO] CheckServerUpdateThread:120 - End of CheckServer Thread
2024-06-03 08:25:00,409 [WARN] PackLoader:240 - Cannot read IP mode file for STMicroelectronics.FP-SNS-MOTENVWB1.1.4.0
2024-06-03 08:25:00,420 [WARN] PackLoader:240 - Cannot read IP mode file for STMicroelectronics.X-CUBE-SMBUS.2.1.0
2024-06-03 08:25:00,427 [WARN] PackLoader:240 - Cannot read IP mode file for STMicroelectronics.X-CUBE-TOUCHGFX.4.23.0
2024-06-03 08:25:00,433 [WARN] PackLoader:240 - Cannot read IP mode file for STMicroelectronics.X-CUBE-TOUCHGFX.4.23.2
2024-06-03 08:25:00,455 [WARN] PackLoader:240 - Cannot read IP mode file for STMicroelectronics.X-CUBE-AZRTOS-F7.1.1.0
2024-06-03 08:25:00,466 [WARN] PackLoader:240 - Cannot read IP mode file for STMicroelectronics.FP-SNS-MOTENV1.4.3.2
2024-06-03 08:25:00,475 [WARN] PackLoader:240 - Cannot read IP mode file for STMicroelectronics.FP-SNS-FLIGHT1.5.0.2
2024-06-03 08:25:00,490 [WARN] PackLoader:240 - Cannot read IP mode file for STMicroelectronics.X-CUBE-DISPLAY.3.0.0
2024-06-03 08:25:00,503 [WARN] PackLoader:240 - Cannot read IP mode file for STMicroelectronics.X-CUBE-BLE1.7.0.0
2024-06-03 08:25:00,512 [WARN] PackLoader:240 - Cannot read IP mode file for emotas.I-CUBE-CANOPEN.1.3.0
2024-06-03 08:25:00,523 [WARN] PackLoader:240 - Cannot read IP mode file for STMicroelectronics.X-CUBE-BLEMGR.3.1.0
2024-06-03 08:25:00,531 [WARN] PackLoader:240 - Cannot read IP mode file for STMicroelectronics.FP-SNS-SMARTAG2.1.2.0
2024-06-03 08:25:00,543 [INFO] LogOutputStream:77 - [STDOUT_REDIRECT] 1 : Invalid condition id : UX_CORESTACK_Condition cause : null
2024-06-03 08:25:00,544 [INFO] LogOutputStream:77 - [STDOUT_REDIRECT] 1 : Invalid condition id : UX_CORESTACK_Condition cause : null
2024-06-03 08:25:00,544 [INFO] LogOutputStream:77 - [STDOUT_REDIRECT] 1 : Invalid condition id : UX_CORESTACK_Condition cause : null
2024-06-03 08:25:00,545 [INFO] LogOutputStream:77 - [STDOUT_REDIRECT] 1 : Invalid condition id : UX_CORESTACK_Condition cause : null
2024-06-03 08:25:00,545 [INFO] LogOutputStream:77 - [STDOUT_REDIRECT] 1 : Invalid condition id : UX_CORESTACK_Condition cause : null
2024-06-03 08:25:00,547 [WARN] PackLoader:240 - Cannot read IP mode file for STMicroelectronics.X-CUBE-AZRTOS-WL.2.0.0
2024-06-03 08:25:00,554 [WARN] PackLoader:240 - Cannot read IP mode file for STMicroelectronics.FP-SNS-MOTENV1.5.0.0
2024-06-03 08:25:00,563 [WARN] PackLoader:240 - Cannot read IP mode file for WES.I-CUBE-Cesium.1.3.0
2024-06-03 08:25:00,570 [WARN] PackLoader:240 - Cannot read IP mode file for STMicroelectronics.X-CUBE-BLE2.3.3.0
2024-06-03 08:25:00,577 [WARN] PackLoader:240 - Cannot read IP mode file for STMicroelectronics.X-CUBE-TCPP.4.1.0
2024-06-03 08:25:00,585 [WARN] PackLoader:240 - Cannot read IP mode file for STMicroelectronics.X-CUBE-ALGOBUILD.1.3.0
2024-06-03 08:25:00,601 [WARN] PackLoader:240 - Cannot read IP mode file for STMicroelectronics.X-CUBE-AZRTOS-G0.1.1.0
2024-06-03 08:25:00,611 [WARN] PackLoader:240 - Cannot read IP mode file for STMicroelectronics.X-CUBE-SAFEA1.1.2.2
2024-06-03 08:25:00,620 [WARN] PackLoader:240 - Cannot read IP mode file for STMicroelectronics.X-CUBE-NFC4.3.0.0
2024-06-03 08:25:00,628 [WARN] PackLoader:240 - Cannot read IP mode file for STMicroelectronics.FP-ATR-SIGFOX1.3.2.0
2024-06-03 08:25:00,638 [WARN] PackLoader:240 - Cannot read IP mode file for STMicroelectronics.X-CUBE-EEPRMA1.5.1.0
2024-06-03 08:25:00,661 [WARN] PackLoader:240 - Cannot read IP mode file for SEGGER.I-CUBE-embOS.1.3.1
2024-06-03 08:25:00,690 [WARN] PackLoader:240 - Cannot read IP mode file for STMicroelectronics.X-CUBE-ALGOBUILD.1.4.0
2024-06-03 08:25:00,702 [WARN] PackLoader:240 - Cannot read IP mode file for STMicroelectronics.X-CUBE-GNSS1.6.0.0
2024-06-03 08:25:00,721 [WARN] PackLoader:240 - Cannot read IP mode file for STMicroelectronics.X-CUBE-AZRTOS-F4.1.1.0
2024-06-03 08:25:00,732 [WARN] PackLoader:240 - Cannot read IP mode file for STMicroelectronics.X-CUBE-FREERTOS.1.2.0
2024-06-03 08:25:00,741 [WARN] PackLoader:240 - Cannot read IP mode file for wolfSSL.I-CUBE-wolfSSL.5.6.6
2024-06-03 08:25:00,765 [WARN] PackLoader:240 - Cannot read IP mode file for STMicroelectronics.X-CUBE-AZRTOS-L5.2.0.0
2024-06-03 08:25:00,777 [WARN] PackLoader:240 - Cannot read IP mode file for STMicroelectronics.X-CUBE-NFC6.3.1.0
2024-06-03 08:25:00,790 [WARN] PackLoader:240 - Cannot read IP mode file for ITTIA_DB.I-CUBE-ITTIADB.8.8.0
2024-06-03 08:25:00,799 [WARN] PackLoader:240 - Cannot read IP mode file for STMicroelectronics.X-CUBE-AI.9.0.0
2024-06-03 08:25:00,808 [WARN] PackLoader:240 - Cannot read IP mode file for STMicroelectronics.X-CUBE-NFC7.1.0.1
2024-06-03 08:25:00,817 [WARN] PackLoader:240 - Cannot read IP mode file for STMicroelectronics.X-CUBE-NFC6.3.0.0
2024-06-03 08:25:00,826 [WARN] PackLoader:240 - Cannot read IP mode file for STMicroelectronics.X-CUBE-AI.8.1.0
2024-06-03 08:25:00,847 [WARN] ConditionMgr:438 - getConditionDescription Invalid condition id : LAN8742 Phy interface Condition cause : null
2024-06-03 08:25:00,848 [WARN] PackLoader:240 - Cannot read IP mode file for STMicroelectronics.X-CUBE-AZRTOS-L4.2.0.0
2024-06-03 08:25:00,848 [WARN] ConditionMgr:1039 - genDependencies : Invalid condition id : LAN8742 Phy interface Condition cause : null
2024-06-03 08:25:00,849 [WARN] ConditionMgr:1039 - genDependencies : Invalid condition id : LAN8742 Phy interface Condition cause : null
2024-06-03 08:25:00,849 [WARN] ConditionMgr:1039 - genDependencies : Invalid condition id : LAN8742 Phy interface Condition cause : null
2024-06-03 08:25:00,860 [WARN] PackLoader:240 - Cannot read IP mode file for STMicroelectronics.X-CUBE-SFXS2LP1.4.0.0
2024-06-03 08:25:00,875 [WARN] ConditionMgr:438 - getConditionDescription Invalid condition id : UX DEVICE CLASS RTOS Condition cause : null
2024-06-03 08:25:00,875 [WARN] ConditionMgr:438 - getConditionDescription Invalid condition id : UX DEVICE CLASS RTOS Condition cause : null
2024-06-03 08:25:00,876 [WARN] PackLoader:240 - Cannot read IP mode file for STMicroelectronics.X-CUBE-AZRTOS-WB.2.0.0
2024-06-03 08:25:00,877 [WARN] ConditionMgr:1039 - genDependencies : Invalid condition id : UX DEVICE CLASS RTOS Condition cause : null
2024-06-03 08:25:00,877 [WARN] ConditionMgr:1039 - genDependencies : Invalid condition id : UX DEVICE CLASS RTOS Condition cause : null
2024-06-03 08:25:00,877 [WARN] ConditionMgr:1039 - genDependencies : Invalid condition id : UX DEVICE CLASS RTOS Condition cause : null
2024-06-03 08:25:00,877 [WARN] ConditionMgr:1039 - genDependencies : Invalid condition id : UX DEVICE CLASS RTOS Condition cause : null
2024-06-03 08:25:00,877 [WARN] ConditionMgr:1039 - genDependencies : Invalid condition id : UX DEVICE CLASS RTOS Condition cause : null
2024-06-03 08:25:00,891 [WARN] PackLoader:240 - Cannot read IP mode file for STMicroelectronics.X-CUBE-SUBG2.5.0.0
2024-06-03 08:25:00,912 [WARN] PackLoader:240 - Cannot read IP mode file for STMicroelectronics.X-CUBE-AZRTOS-G4.2.0.0
2024-06-03 08:25:01,058 [WARN] PackLoader:240 - Cannot read IP mode file for Infineon.AIROC-Wi-Fi-Bluetooth-STM32.1.5.1
2024-06-03 08:25:01,071 [WARN] PackLoader:240 - Cannot read IP mode file for STMicroelectronics.FP-SNS-MOTENVWB1.1.3.1
2024-06-03 08:25:01,081 [WARN] PackLoader:240 - Cannot read IP mode file for STMicroelectronics.X-CUBE-ISPU.2.0.0
2024-06-03 08:25:01,090 [WARN] PackLoader:240 - Cannot read IP mode file for STMicroelectronics.X-CUBE-ALS.1.0.2
2024-06-03 08:25:01,115 [WARN] PackLoader:240 - Cannot read IP mode file for STMicroelectronics.X-CUBE-MEMS1.10.0.0
2024-06-03 08:25:01,212 [WARN] PackLoader:240 - Cannot read IP mode file for STMicroelectronics.X-CUBE-FREERTOS.1.1.0
2024-06-03 08:25:01,223 [WARN] PackLoader:240 - Cannot read IP mode file for portGmbH.I-Cube-SoM-uGOAL.1.1.0
2024-06-03 08:25:01,233 [WARN] PackLoader:240 - Cannot read IP mode file for STMicroelectronics.X-CUBE-ALS.1.0.1
2024-06-03 08:25:01,251 [WARN] PackLoader:240 - Cannot read IP mode file for STMicroelectronics.X-CUBE-AZRTOS-H7RS.1.0.0
2024-06-03 08:25:01,262 [WARN] PackLoader:240 - Cannot read IP mode file for STMicroelectronics.FP-ATR-ASTRA1.2.0.0
2024-06-03 08:25:01,277 [WARN] PackLoader:240 - Cannot read IP mode file for STMicroelectronics.X-CUBE-TOF1.3.4.1
2024-06-03 08:25:01,300 [WARN] PackLoader:240 - Cannot read IP mode file for STMicroelectronics.X-CUBE-AZRTOS-H7.3.2.0
2024-06-03 08:25:01,303 [INFO] ThirdParty:978 - Integrity check success = true
2024-06-03 08:25:01,303 [INFO] IntegrityCheckThread:100 - exiting critical section [integrity check]
2024-06-03 08:25:01,303 [INFO] IntegrityCheckThread:103 - End integrity checks thread
2024-06-03 08:25:01,945 [INFO] WebApp:161 - Instantiating new browser for Auth
2024-06-03 08:25:02,389 [INFO] WebApp:779 - Register for checkConnection events
2024-06-03 08:25:02,389 [INFO] WebApp:414 - Apply proxy settings
2024-06-03 08:25:02,389 [INFO] WebApp:499 - Chromium requires no authentication
2024-06-03 08:25:02,394 [INFO] WebApp:442 - Direct internet connection detected
2024-06-03 08:25:02,502 [INFO] WebApp:192 - Starting web application
2024-06-03 08:25:02,502 [INFO] WebApp:544 - Web application path used C:\ST\STM32CubeIDE_1.14.1\STM32CubeIDE\plugins\com.st.stm32cube.common.mx_6.11.1.202404110753\db\plugins\mcufinder\reactClient1\index.html
2024-06-03 09:32:31,801 [INFO] McuFinderGlobals:63 - Set McuFinder mode to 2 (CubeIDE integrated)
2024-06-03 09:32:31,815 [INFO] MainUpdater:2873 - connection check result : 10
2024-06-03 09:32:31,828 [INFO] McuFinderGlobals:76 - Set McuFinderConnectedMode to true
2024-06-03 09:32:32,084 [INFO] ServerAccessManage:473 - Download File mcusAds.json._tmp_
2024-06-03 09:32:32,194 [INFO] LoadUrlFilesThread:156 - End of LoadUrlFiles Thread
2024-06-03 09:32:32,377 [INFO] ServerAccessManage:473 - Download File cube-finder-db.zip
2024-06-03 09:32:35,898 [INFO] FileExtend:240 - Unzip File : cube-finder-db.zip
2024-06-03 09:32:35,898 [INFO] FileExtend:255 - Standard Zip Deflate
2024-06-03 09:32:36,368 [INFO] LoadUrlFilesThread:156 - End of LoadUrlFiles Thread
2024-06-03 09:32:37,453 [INFO] ServerAccessManage:473 - Download File crdb.zip
2024-06-03 09:32:38,879 [INFO] FileExtend:240 - Unzip File : crdb.zip
2024-06-03 09:32:38,879 [INFO] FileExtend:255 - Standard Zip Deflate
2024-06-03 09:32:39,001 [INFO] LoadUrlFilesThread:156 - End of LoadUrlFiles Thread
2024-06-03 09:32:39,121 [INFO] ServerAccessManage:473 - Download File tutoVideoDB.zip
2024-06-03 09:32:39,135 [INFO] FileExtend:240 - Unzip File : tutoVideoDB.zip
2024-06-03 09:32:39,135 [INFO] FileExtend:255 - Standard Zip Deflate
2024-06-03 09:32:39,249 [INFO] LoadUrlFilesThread:156 - End of LoadUrlFiles Thread
2024-06-03 09:32:39,250 [WARN] DbFile:41 - Overriding database path with different value: C:\Users\harry\.stmcufinder\plugins\mcufinder/ => C:\Users\harry\.stmcufinder\plugins\mcufinder
2024-06-03 09:32:39,366 [INFO] ServerAccessManage:473 - Download File api_config.json
2024-06-03 09:32:39,474 [INFO] LoadUrlFilesThread:156 - End of LoadUrlFiles Thread
2024-06-03 09:32:39,474 [INFO] DbMcusAds:53 - JSON generation date=Thu May 16 17:22:01 CST 2024 (1715851321456)
2024-06-03 09:32:39,486 [INFO] LoadUrlFilesThread:185 - End of LoadServerUrlFiles without Thread
2024-06-03 09:32:39,486 [INFO] TargetSelectorAdapter:259 - Refresh data is successful
2024-06-03 09:32:39,552 [INFO] ApiDb:581 - Connected to CubeFinder SQLite database (C:\Users\harry\.stmcufinder\plugins\mcufinder\mcu\cube-finder-db.db)
2024-06-03 09:32:39,595 [INFO] ApiDb:668 - CubeFinder database Data Model version=2.1
2024-06-03 09:32:39,596 [INFO] ApiDb:669 - CubeFinder database Configuration version=3.0.39
2024-06-03 09:32:39,596 [INFO] ApiDb:670 - CubeFinder database generation date=2024-05-16 (1715872938)
2024-06-03 09:32:39,596 [INFO] ApiDb:671 - CubeFinder database FW Pack versions=[FP-ATR-ASTRA1_V2.0.0, FP-SNS-FLIGHT1_V5.0.1, FP-SNS-FLIGHT1_V5.0.2, FP-SNS-MOTENV1_V4.3.1, FP-SNS-MOTENV1_V4.3.2, FP-SNS-MOTENV1_V5.0.0, FP-SNS-MOTENVWB1_V1.4.0, FP-SNS-SMARTAG2_V1.2.0, STM32Cube_FW_C0_V1.1.0, STM32Cube_FW_F4_V1.28.0, STM32Cube_FW_F7_V1.17.0, STM32Cube_FW_G0_V1.6.2, STM32Cube_FW_G4_V1.5.2, STM32Cube_FW_H5_V0.5.1, STM32Cube_FW_H5_V1.1.1, STM32Cube_FW_H5_V1.2.0, STM32Cube_FW_H5_V1.2.0RC4, STM32Cube_FW_H7RS_V1.0.0, STM32Cube_FW_H7RS_V1.0.0RC4, STM32Cube_FW_H7_V1.11.0, STM32Cube_FW_L0_V1.12.2, STM32Cube_FW_L5_V1.5.1, STM32Cube_FW_U0_V1.0.0, STM32Cube_FW_U0_V1.0.0RC1, STM32Cube_FW_U5_V1.3.0RC4, STM32Cube_FW_U5_V1.5.0, STM32Cube_FW_U5_V1.5.0RC1, STM32Cube_FW_WBA_V1.0.0RC1, STM32Cube_FW_WBA_V1.2.0, STM32Cube_FW_WBA_V1.2.0RC2, STM32Cube_FW_WBA_V1.3.0, STM32Cube_FW_WBA_V1.3.0RC1, STM32Cube_FW_WB_V1.15.0RC1, STM32Cube_FW_WB_V1.16.0, STM32Cube_FW_WB_V1.16.0RC2, STM32Cube_FW_WB_V1.18.0, STM32Cube_FW_WB_V1.19.0, STM32Cube_FW_WL_V1.3.0, X-CUBE-ALGOBUILD_V1.4.0, X-CUBE-ALS_V1.0.1, X-CUBE-AZRTOS-F4_V1.1.0, X-CUBE-AZRTOS-F7_V1.1.0, X-CUBE-AZRTOS-G0_V1.1.0, X-CUBE-AZRTOS-G4_V2.0.0, X-CUBE-AZRTOS-H7_V3.2.0, X-CUBE-AZRTOS-L4_V1.0.0, X-CUBE-AZRTOS-L4_V2.0.0, X-CUBE-AZRTOS-L5_V1.1.0, X-CUBE-AZRTOS-WB_V2.0.0, X-CUBE-AZRTOS-WL_V2.0.0, X-CUBE-BLE1_V7.0.0, X-CUBE-BLE2_V3.3.0, X-CUBE-BLEMGR_V3.1.0, X-CUBE-EEPRMA1_V4.1.0, X-CUBE-EEPRMA1_V5.1.0, X-CUBE-FREERTOS_V1.1.0, X-CUBE-GNSS1_V6.0.0, X-CUBE-MEMS1_V10.0.0, X-CUBE-MEMS1_V9.1.0, X-CUBE-MEMS1_V9.4.0, X-CUBE-MEMS1_V9.6.0, X-CUBE-NFC4_V3.0.0, X-CUBE-NFC7_V1.0.1, X-CUBE-SFXS2LP1_V4.0.0, X-CUBE-SUBG2_V5.0.0, X-CUBE-TOF1_V3.4.0]
2024-06-03 09:32:40,803 [INFO] ApiDb:240 - Found 483 in-development CPN: [B-G473E-ZEST1S, B-WB1M-WPAN1, B-WL5M-SUBG1, NUCLEO-C031C6, NUCLEO-H503RB, NUCLEO-H533RE, NUCLEO-H563ZI, NUCLEO-H7S3L8, NUCLEO-U031R8, NUCLEO-U083RC, NUCLEO-U545RE-Q, NUCLEO-U5A5ZJ-Q, NUCLEO-WBA52CG, NUCLEO-WBA55CG, STEVAL-PROTEUS1, STEVAL-SMARTAG2, STEVAL-STWINBX1, STM320518-EVAL, STM32C0116-DK, STM32C011D6Y3TR, STM32C011D6Y6TR, STM32C011F4P3, STM32C011F4P6, STM32C011F4U3, STM32C011F4U6TR, STM32C011F6P3, STM32C011F6P6, STM32C011F6U3, STM32C011F6U6TR, STM32C011J4M3, STM32C011J4M6, STM32C011J6M3, STM32C011J6M6, STM32C0316-DK, STM32C031C4T3, STM32C031C4T6, STM32C031C4U3, STM32C031C4U6, STM32C031C6T3, STM32C031C6T6, STM32C031C6U3, STM32C031C6U6, STM32C031F4P3, STM32C031F4P6, STM32C031F6P3, STM32C031F6P6, STM32C031G4U3, STM32C031G4U6, STM32C031G6U3, STM32C031G6U6, STM32C031K4T3, STM32C031K4T6, STM32C031K4U3, STM32C031K4U6, STM32C031K6T3, STM32C031K6T6, STM32C031K6U3, STM32C031K6U6, STM32G071K8TXN, STM32G071K8UXN, STM32G081GBU6N, STM32G081KBT6N, STM32G081KBUXN, STM32G0B1CCT6N, STM32G0B1KCT6, STM32G0B1NEY6TR, STM32G0B1RCT6N, STM32G0C1CCT6, STM32G0C1CCT6N, STM32G0C1CCU6N, STM32G0C1CET6N, STM32G0C1CEU6N, STM32G0C1KCT6, STM32G0C1NEY6TR, STM32G0C1RCI6N, STM32G0C1RCT6N, STM32G0C1REI6N, STM32G0C1RET6N, STM32G0C1VCI6, STM32G0C1VEI6, STM32G471CCT6, STM32G471CCU6, STM32G471CET3, STM32G471CET6, STM32G471CEU3, STM32G471CEU6, STM32G471MCT6, STM32G471MET3, STM32G471MET6, STM32G471MEY6TR, STM32G471QCT6, STM32G471QET3, STM32G471RCT6, STM32G471RET3, STM32G471RET6, STM32G471VCH6, STM32G471VCI6, STM32G471VCT6, STM32G471VEH3, STM32G471VEH6, STM32G471VEI3, STM32G471VEI6, STM32G471VET3, STM32G471VET6, STM32G474CCT6, STM32H503CBT6, STM32H503CBU6, STM32H503EBY6TR, STM32H503KBU6, STM32H503RBT6, STM32H523CCT6, STM32H523CCU6, STM32H523CET6, STM32H523CEU6, STM32H523HEY6TR, STM32H523RCT6, STM32H523RET6, STM32H523VCI6, STM32H523VCT6, STM32H523VEI6, STM32H523VET6, STM32H523ZCJ6, STM32H523ZCT6, STM32H523ZEJ6, STM32H523ZET6, STM32H533CET6, STM32H533CEU6, STM32H533HEY6TR, STM32H533RET6, STM32H533VEI6, STM32H533VET6, STM32H533ZEJ6, STM32H533ZET6, STM32H562AGI6, STM32H562AII6, STM32H562IGK6, STM32H562IGT6, STM32H562IIK6, STM32H562IIT6, STM32H562RGT6, STM32H562RGV6, STM32H562RIT6, STM32H562RIV6, STM32H562VGT6, STM32H562VIT6, STM32H562ZGT6, STM32H562ZIT6, STM32H563AGI6, STM32H563AII3Q, STM32H563AII6, STM32H563IGK6, STM32H563IGT6, STM32H563IIK3Q, STM32H563IIK6, STM32H563IIT3Q, STM32H563IIT6, STM32H563MIY3QTR, STM32H563RGT6, STM32H563RGV6, STM32H563RIT6, STM32H563RIV6, STM32H563VGT6, STM32H563VIT3Q, STM32H563VIT6, STM32H563ZGT6, STM32H563ZIT3Q, STM32H563ZIT6, STM32H573AII3Q, STM32H573AII6, STM32H573I-DK, STM32H573IIK3Q, STM32H573IIK6, STM32H573IIT3Q, STM32H573IIT6, STM32H573MIY3QTR, STM32H573RIT6, STM32H573RIV6, STM32H573VIT3Q, STM32H573VIT6, STM32H573ZIT3Q, STM32H573ZIT6, STM32H7R3A8I6, STM32H7R3I8K6, STM32H7R3I8T6, STM32H7R3L8H6, STM32H7R3L8H6H, STM32H7R3R8V6, STM32H7R3V8H6, STM32H7R3V8T6, STM32H7R3V8Y6, STM32H7R3Z8J6, STM32H7R3Z8T6, STM32H7R7A8I6, STM32H7R7I8K6, STM32H7R7I8T6, STM32H7R7L8H6, STM32H7R7L8H6H, STM32H7R7Z8J6, STM32H7S3A8I6, STM32H7S3I8K6, STM32H7S3I8T6, STM32H7S3L8H6, STM32H7S3L8H6H, STM32H7S3R8V6, STM32H7S3V8H6, STM32H7S3V8T6, STM32H7S3V8Y6, STM32H7S3Z8J6, STM32H7S3Z8T6, STM32H7S78-DK, STM32H7S7A8I6, STM32H7S7I8K6, STM32H7S7I8T6, STM32H7S7L8H6, STM32H7S7L8H6H, STM32H7S7Z8J6, STM32L4R5QGI6STR, STM32MP131AAE3, STM32MP131AAF3, STM32MP131AAG3, STM32MP131CAE3, STM32MP131CAF3, STM32MP131CAG3, STM32MP131DAE7, STM32MP131DAF7, STM32MP131DAG7, STM32MP131FAE7, STM32MP131FAF7, STM32MP131FAG7, STM32MP133AAE3, STM32MP133AAF3, STM32MP133AAG3, STM32MP133CAE3, STM32MP133CAF3, STM32MP133CAG3, STM32MP133DAE7, STM32MP133DAF7, STM32MP133DAG7, STM32MP133FAE7, STM32MP133FAF7, STM32MP133FAG7, STM32MP135AAE3, STM32MP135AAF3, STM32MP135AAG3, STM32MP135CAE3, STM32MP135CAF3, STM32MP135CAG3, STM32MP135DAE7, STM32MP135DAF7, STM32MP135DAG7, STM32MP135F-DK, STM32MP135FAE7, STM32MP135FAF7, STM32MP135FAF7T, STM32MP135FAF7U, STM32MP135FAG7, STM32U031C6T6, STM32U031C6U6, STM32U031C8T6, STM32U031C8U6, STM32U031F4P6, STM32U031F6P6, STM32U031F8P6, STM32U031G6Y6TR, STM32U031G8Y6TR, STM32U031K4U6, STM32U031K6U6, STM32U031K8U6, STM32U031R6I6, STM32U031R6T6, STM32U031R8I6, STM32U031R8T6, STM32U073C8T6, STM32U073C8U6, STM32U073CBT6, STM32U073CBU6, STM32U073CCT6, STM32U073CCU6, STM32U073H8Y6TR, STM32U073HBY6TR, STM32U073HCY6TR, STM32U073K8U6, STM32U073KBU6, STM32U073KCU6, STM32U073M8I6, STM32U073M8T6, STM32U073MBI6, STM32U073MBT6, STM32U073MCI6, STM32U073MCT6, STM32U073R8I6, STM32U073R8T6, STM32U073RBI6, STM32U073RBT6, STM32U073RCI6, STM32U073RCT6, STM32U083C-DK, STM32U083CCT6, STM32U083CCU6, STM32U083HCY6TR, STM32U083KCU6, STM32U083MCI6, STM32U083MCT6, STM32U083RCI6, STM32U083RCT6, STM32U535CBT6, STM32U535CBT6Q, STM32U535CBU6, STM32U535CBU6Q, STM32U535CCT6, STM32U535CCT6Q, STM32U535CCU6, STM32U535CCU6Q, STM32U535CET6, STM32U535CET6Q, STM32U535CEU6, STM32U535CEU6Q, STM32U535JEY6QTR, STM32U535NCY6QTR, STM32U535NEY6QTR, STM32U535RBI6, STM32U535RBI6Q, STM32U535RBT6, STM32U535RBT6Q, STM32U535RCI6, STM32U535RCI6Q, STM32U535RCT6, STM32U535RCT6Q, STM32U535REI6, STM32U535REI6Q, STM32U535RET6, STM32U535RET6Q, STM32U535VCI6, STM32U535VCI6Q, STM32U535VCT6, STM32U535VCT6Q, STM32U535VEI6, STM32U535VEI6Q, STM32U535VET6, STM32U535VET6Q, STM32U545CET6, STM32U545CET6Q, STM32U545CEU6, STM32U545CEU6Q, STM32U545JEY6QTR, STM32U545NEY6QTR, STM32U545REI6, STM32U545REI6Q, STM32U545RET6, STM32U545RET6Q, STM32U545VEI6, STM32U545VEI6Q, STM32U545VET6, STM32U545VET6Q, STM32U595AIH6, STM32U595AIH6Q, STM32U595AJH6, STM32U595AJH6Q, STM32U595QII6, STM32U595QII6Q, STM32U595QJI6, STM32U595QJI6Q, STM32U595RIT6, STM32U595RIT6Q, STM32U595RJT6, STM32U595RJT6Q, STM32U595VIT6, STM32U595VIT6Q, STM32U595VJT6, STM32U595VJT6Q, STM32U595ZIT6, STM32U595ZIT6Q, STM32U595ZIY6QTR, STM32U595ZJT6, STM32U595ZJT6Q, STM32U595ZJY6QTR, STM32U599BJY6QTR, STM32U599NIH6Q, STM32U599NJH6Q, STM32U599VIT6Q, STM32U599VJT6, STM32U599VJT6Q, STM32U599ZIT6Q, STM32U599ZIY6QTR, STM32U599ZJT6Q, STM32U599ZJY6QTR, STM32U5A5AJH6, STM32U5A5AJH6Q, STM32U5A5QII3Q , STM32U5A5QJI6, STM32U5A5QJI6Q, STM32U5A5RJT6, STM32U5A5RJT6Q, STM32U5A5VJT6, STM32U5A5VJT6Q, STM32U5A5ZJT6, STM32U5A5ZJT6Q, STM32U5A5ZJY6QTR, STM32U5A9BJY6QTR, STM32U5A9J-DK, STM32U5A9NJH6Q, STM32U5A9VJT6Q, STM32U5A9ZJT6Q, STM32U5A9ZJY6QTR, STM32U5F7VIT6, STM32U5F7VIT6Q, STM32U5F7VJT6, STM32U5F7VJT6Q, STM32U5F9BJY6QTR, STM32U5F9NJH6Q, STM32U5F9VIT6Q, STM32U5F9VJT6Q, STM32U5F9ZIJ6QTR, STM32U5F9ZIT6Q, STM32U5F9ZJJ6QTR, STM32U5F9ZJT6Q, STM32U5G7VJT6, STM32U5G7VJT6Q, STM32U5G9BJY6QTR, STM32U5G9J-DK1, STM32U5G9J-DK2, STM32U5G9NJH6Q, STM32U5G9VJT6Q, STM32U5G9ZJJ6QTR, STM32U5G9ZJT6Q, STM32WB1MMCH6, STM32WBA50KEU6, STM32WBA50KEU6TR, STM32WBA50KGU6, STM32WBA50KGU6TR, STM32WBA52CEU6, STM32WBA52CEU6TR, STM32WBA52CEU7, STM32WBA52CEU7TR, STM32WBA52CGU6, STM32WBA52CGU6TR, STM32WBA52CGU6U, STM32WBA52CGU7, STM32WBA52CGU7TR, STM32WBA52KEU6, STM32WBA52KEU6TR, STM32WBA52KGU6, STM32WBA52KGU6TR, STM32WBA54CEU6, STM32WBA54CEU6TR, STM32WBA54CEU7, STM32WBA54CEU7TR, STM32WBA54CGU6, STM32WBA54CGU6TR, STM32WBA54CGU7, STM32WBA54CGU7TR, STM32WBA54KEU6, STM32WBA54KEU6TR, STM32WBA54KEU7, STM32WBA54KEU7TR, STM32WBA54KGU6, STM32WBA54KGU6TR, STM32WBA54KGU7, STM32WBA54KGU7TR, STM32WBA55CEU6, STM32WBA55CEU6TR, STM32WBA55CEU7, STM32WBA55CEU7TR, STM32WBA55CGU6, STM32WBA55CGU6TR, STM32WBA55CGU6U, STM32WBA55CGU7, STM32WBA55CGU7TR, STM32WBA55G-DK1, STM32WBA55HEF6, STM32WBA55HEF7, STM32WBA55HGF6, STM32WBA55HGF7, STM32WBA55UEI6, STM32WBA55UEI6TR, STM32WBA55UEI7, STM32WBA55UEI7TR, STM32WBA55UGI6, STM32WBA55UGI6TR, STM32WBA55UGI7, STM32WBA55UGI7TR, STM32WL5MOCH6, STM32WL5MOCH6TR]
2024-06-03 09:32:40,809 [INFO] DbMcus:218 - Found 4096 MCUs, 4096 are supported
2024-06-03 09:32:40,811 [INFO] ApiDb:423 - Load user favorites file C:\Users\harry/.stm32cubeide/favorites.mcus.txt: 0 item(s)
2024-06-03 09:32:40,811 [INFO] ApiDb:427 - User favorites MCUs=[]
2024-06-03 09:32:40,811 [INFO] DbMcus:224 - Set 0 / 0 favorites MCUs
2024-06-03 09:32:40,966 [INFO] ApiDb:668 - CubeFinder database Data Model version=2.1
2024-06-03 09:32:40,967 [INFO] ApiDb:669 - CubeFinder database Configuration version=3.0.39
2024-06-03 09:32:40,967 [INFO] ApiDb:670 - CubeFinder database generation date=2024-05-16 (1715872938)
2024-06-03 09:32:40,967 [INFO] ApiDb:671 - CubeFinder database FW Pack versions=[FP-ATR-ASTRA1_V2.0.0, FP-SNS-FLIGHT1_V5.0.1, FP-SNS-FLIGHT1_V5.0.2, FP-SNS-MOTENV1_V4.3.1, FP-SNS-MOTENV1_V4.3.2, FP-SNS-MOTENV1_V5.0.0, FP-SNS-MOTENVWB1_V1.4.0, FP-SNS-SMARTAG2_V1.2.0, STM32Cube_FW_C0_V1.1.0, STM32Cube_FW_F4_V1.28.0, STM32Cube_FW_F7_V1.17.0, STM32Cube_FW_G0_V1.6.2, STM32Cube_FW_G4_V1.5.2, STM32Cube_FW_H5_V0.5.1, STM32Cube_FW_H5_V1.1.1, STM32Cube_FW_H5_V1.2.0, STM32Cube_FW_H5_V1.2.0RC4, STM32Cube_FW_H7RS_V1.0.0, STM32Cube_FW_H7RS_V1.0.0RC4, STM32Cube_FW_H7_V1.11.0, STM32Cube_FW_L0_V1.12.2, STM32Cube_FW_L5_V1.5.1, STM32Cube_FW_U0_V1.0.0, STM32Cube_FW_U0_V1.0.0RC1, STM32Cube_FW_U5_V1.3.0RC4, STM32Cube_FW_U5_V1.5.0, STM32Cube_FW_U5_V1.5.0RC1, STM32Cube_FW_WBA_V1.0.0RC1, STM32Cube_FW_WBA_V1.2.0, STM32Cube_FW_WBA_V1.2.0RC2, STM32Cube_FW_WBA_V1.3.0, STM32Cube_FW_WBA_V1.3.0RC1, STM32Cube_FW_WB_V1.15.0RC1, STM32Cube_FW_WB_V1.16.0, STM32Cube_FW_WB_V1.16.0RC2, STM32Cube_FW_WB_V1.18.0, STM32Cube_FW_WB_V1.19.0, STM32Cube_FW_WL_V1.3.0, X-CUBE-ALGOBUILD_V1.4.0, X-CUBE-ALS_V1.0.1, X-CUBE-AZRTOS-F4_V1.1.0, X-CUBE-AZRTOS-F7_V1.1.0, X-CUBE-AZRTOS-G0_V1.1.0, X-CUBE-AZRTOS-G4_V2.0.0, X-CUBE-AZRTOS-H7_V3.2.0, X-CUBE-AZRTOS-L4_V1.0.0, X-CUBE-AZRTOS-L4_V2.0.0, X-CUBE-AZRTOS-L5_V1.1.0, X-CUBE-AZRTOS-WB_V2.0.0, X-CUBE-AZRTOS-WL_V2.0.0, X-CUBE-BLE1_V7.0.0, X-CUBE-BLE2_V3.3.0, X-CUBE-BLEMGR_V3.1.0, X-CUBE-EEPRMA1_V4.1.0, X-CUBE-EEPRMA1_V5.1.0, X-CUBE-FREERTOS_V1.1.0, X-CUBE-GNSS1_V6.0.0, X-CUBE-MEMS1_V10.0.0, X-CUBE-MEMS1_V9.1.0, X-CUBE-MEMS1_V9.4.0, X-CUBE-MEMS1_V9.6.0, X-CUBE-NFC4_V3.0.0, X-CUBE-NFC7_V1.0.1, X-CUBE-SFXS2LP1_V4.0.0, X-CUBE-SUBG2_V5.0.0, X-CUBE-TOF1_V3.4.0]
2024-06-03 09:32:41,000 [INFO] DbBoardsSqlite:226 - include board P-NUCLEO-WB55-NUCLEO as a kit item of type 'Nucleo-64'
2024-06-03 09:32:41,000 [INFO] DbBoardsSqlite:226 - include board P-NUCLEO-WB55-USBDONGLE as a kit item of type 'Nucleo USB Dongle'
2024-06-03 09:32:41,000 [INFO] DbBoardsSqlite:226 - include board STEVAL-IDP005V1 as a kit item of type 'Evaluation Board'
2024-06-03 09:32:41,000 [INFO] DbBoardsSqlite:226 - include board STEVAL-IDP005V2 as a kit item of type 'Evaluation Board'
2024-06-03 09:32:41,035 [INFO] ApiDb:240 - Found 483 in-development CPN: [B-G473E-ZEST1S, B-WB1M-WPAN1, B-WL5M-SUBG1, NUCLEO-C031C6, NUCLEO-H503RB, NUCLEO-H533RE, NUCLEO-H563ZI, NUCLEO-H7S3L8, NUCLEO-U031R8, NUCLEO-U083RC, NUCLEO-U545RE-Q, NUCLEO-U5A5ZJ-Q, NUCLEO-WBA52CG, NUCLEO-WBA55CG, STEVAL-PROTEUS1, STEVAL-SMARTAG2, STEVAL-STWINBX1, STM320518-EVAL, STM32C0116-DK, STM32C011D6Y3TR, STM32C011D6Y6TR, STM32C011F4P3, STM32C011F4P6, STM32C011F4U3, STM32C011F4U6TR, STM32C011F6P3, STM32C011F6P6, STM32C011F6U3, STM32C011F6U6TR, STM32C011J4M3, STM32C011J4M6, STM32C011J6M3, STM32C011J6M6, STM32C0316-DK, STM32C031C4T3, STM32C031C4T6, STM32C031C4U3, STM32C031C4U6, STM32C031C6T3, STM32C031C6T6, STM32C031C6U3, STM32C031C6U6, STM32C031F4P3, STM32C031F4P6, STM32C031F6P3, STM32C031F6P6, STM32C031G4U3, STM32C031G4U6, STM32C031G6U3, STM32C031G6U6, STM32C031K4T3, STM32C031K4T6, STM32C031K4U3, STM32C031K4U6, STM32C031K6T3, STM32C031K6T6, STM32C031K6U3, STM32C031K6U6, STM32G071K8TXN, STM32G071K8UXN, STM32G081GBU6N, STM32G081KBT6N, STM32G081KBUXN, STM32G0B1CCT6N, STM32G0B1KCT6, STM32G0B1NEY6TR, STM32G0B1RCT6N, STM32G0C1CCT6, STM32G0C1CCT6N, STM32G0C1CCU6N, STM32G0C1CET6N, STM32G0C1CEU6N, STM32G0C1KCT6, STM32G0C1NEY6TR, STM32G0C1RCI6N, STM32G0C1RCT6N, STM32G0C1REI6N, STM32G0C1RET6N, STM32G0C1VCI6, STM32G0C1VEI6, STM32G471CCT6, STM32G471CCU6, STM32G471CET3, STM32G471CET6, STM32G471CEU3, STM32G471CEU6, STM32G471MCT6, STM32G471MET3, STM32G471MET6, STM32G471MEY6TR, STM32G471QCT6, STM32G471QET3, STM32G471RCT6, STM32G471RET3, STM32G471RET6, STM32G471VCH6, STM32G471VCI6, STM32G471VCT6, STM32G471VEH3, STM32G471VEH6, STM32G471VEI3, STM32G471VEI6, STM32G471VET3, STM32G471VET6, STM32G474CCT6, STM32H503CBT6, STM32H503CBU6, STM32H503EBY6TR, STM32H503KBU6, STM32H503RBT6, STM32H523CCT6, STM32H523CCU6, STM32H523CET6, STM32H523CEU6, STM32H523HEY6TR, STM32H523RCT6, STM32H523RET6, STM32H523VCI6, STM32H523VCT6, STM32H523VEI6, STM32H523VET6, STM32H523ZCJ6, STM32H523ZCT6, STM32H523ZEJ6, STM32H523ZET6, STM32H533CET6, STM32H533CEU6, STM32H533HEY6TR, STM32H533RET6, STM32H533VEI6, STM32H533VET6, STM32H533ZEJ6, STM32H533ZET6, STM32H562AGI6, STM32H562AII6, STM32H562IGK6, STM32H562IGT6, STM32H562IIK6, STM32H562IIT6, STM32H562RGT6, STM32H562RGV6, STM32H562RIT6, STM32H562RIV6, STM32H562VGT6, STM32H562VIT6, STM32H562ZGT6, STM32H562ZIT6, STM32H563AGI6, STM32H563AII3Q, STM32H563AII6, STM32H563IGK6, STM32H563IGT6, STM32H563IIK3Q, STM32H563IIK6, STM32H563IIT3Q, STM32H563IIT6, STM32H563MIY3QTR, STM32H563RGT6, STM32H563RGV6, STM32H563RIT6, STM32H563RIV6, STM32H563VGT6, STM32H563VIT3Q, STM32H563VIT6, STM32H563ZGT6, STM32H563ZIT3Q, STM32H563ZIT6, STM32H573AII3Q, STM32H573AII6, STM32H573I-DK, STM32H573IIK3Q, STM32H573IIK6, STM32H573IIT3Q, STM32H573IIT6, STM32H573MIY3QTR, STM32H573RIT6, STM32H573RIV6, STM32H573VIT3Q, STM32H573VIT6, STM32H573ZIT3Q, STM32H573ZIT6, STM32H7R3A8I6, STM32H7R3I8K6, STM32H7R3I8T6, STM32H7R3L8H6, STM32H7R3L8H6H, STM32H7R3R8V6, STM32H7R3V8H6, STM32H7R3V8T6, STM32H7R3V8Y6, STM32H7R3Z8J6, STM32H7R3Z8T6, STM32H7R7A8I6, STM32H7R7I8K6, STM32H7R7I8T6, STM32H7R7L8H6, STM32H7R7L8H6H, STM32H7R7Z8J6, STM32H7S3A8I6, STM32H7S3I8K6, STM32H7S3I8T6, STM32H7S3L8H6, STM32H7S3L8H6H, STM32H7S3R8V6, STM32H7S3V8H6, STM32H7S3V8T6, STM32H7S3V8Y6, STM32H7S3Z8J6, STM32H7S3Z8T6, STM32H7S78-DK, STM32H7S7A8I6, STM32H7S7I8K6, STM32H7S7I8T6, STM32H7S7L8H6, STM32H7S7L8H6H, STM32H7S7Z8J6, STM32L4R5QGI6STR, STM32MP131AAE3, STM32MP131AAF3, STM32MP131AAG3, STM32MP131CAE3, STM32MP131CAF3, STM32MP131CAG3, STM32MP131DAE7, STM32MP131DAF7, STM32MP131DAG7, STM32MP131FAE7, STM32MP131FAF7, STM32MP131FAG7, STM32MP133AAE3, STM32MP133AAF3, STM32MP133AAG3, STM32MP133CAE3, STM32MP133CAF3, STM32MP133CAG3, STM32MP133DAE7, STM32MP133DAF7, STM32MP133DAG7, STM32MP133FAE7, STM32MP133FAF7, STM32MP133FAG7, STM32MP135AAE3, STM32MP135AAF3, STM32MP135AAG3, STM32MP135CAE3, STM32MP135CAF3, STM32MP135CAG3, STM32MP135DAE7, STM32MP135DAF7, STM32MP135DAG7, STM32MP135F-DK, STM32MP135FAE7, STM32MP135FAF7, STM32MP135FAF7T, STM32MP135FAF7U, STM32MP135FAG7, STM32U031C6T6, STM32U031C6U6, STM32U031C8T6, STM32U031C8U6, STM32U031F4P6, STM32U031F6P6, STM32U031F8P6, STM32U031G6Y6TR, STM32U031G8Y6TR, STM32U031K4U6, STM32U031K6U6, STM32U031K8U6, STM32U031R6I6, STM32U031R6T6, STM32U031R8I6, STM32U031R8T6, STM32U073C8T6, STM32U073C8U6, STM32U073CBT6, STM32U073CBU6, STM32U073CCT6, STM32U073CCU6, STM32U073H8Y6TR, STM32U073HBY6TR, STM32U073HCY6TR, STM32U073K8U6, STM32U073KBU6, STM32U073KCU6, STM32U073M8I6, STM32U073M8T6, STM32U073MBI6, STM32U073MBT6, STM32U073MCI6, STM32U073MCT6, STM32U073R8I6, STM32U073R8T6, STM32U073RBI6, STM32U073RBT6, STM32U073RCI6, STM32U073RCT6, STM32U083C-DK, STM32U083CCT6, STM32U083CCU6, STM32U083HCY6TR, STM32U083KCU6, STM32U083MCI6, STM32U083MCT6, STM32U083RCI6, STM32U083RCT6, STM32U535CBT6, STM32U535CBT6Q, STM32U535CBU6, STM32U535CBU6Q, STM32U535CCT6, STM32U535CCT6Q, STM32U535CCU6, STM32U535CCU6Q, STM32U535CET6, STM32U535CET6Q, STM32U535CEU6, STM32U535CEU6Q, STM32U535JEY6QTR, STM32U535NCY6QTR, STM32U535NEY6QTR, STM32U535RBI6, STM32U535RBI6Q, STM32U535RBT6, STM32U535RBT6Q, STM32U535RCI6, STM32U535RCI6Q, STM32U535RCT6, STM32U535RCT6Q, STM32U535REI6, STM32U535REI6Q, STM32U535RET6, STM32U535RET6Q, STM32U535VCI6, STM32U535VCI6Q, STM32U535VCT6, STM32U535VCT6Q, STM32U535VEI6, STM32U535VEI6Q, STM32U535VET6, STM32U535VET6Q, STM32U545CET6, STM32U545CET6Q, STM32U545CEU6, STM32U545CEU6Q, STM32U545JEY6QTR, STM32U545NEY6QTR, STM32U545REI6, STM32U545REI6Q, STM32U545RET6, STM32U545RET6Q, STM32U545VEI6, STM32U545VEI6Q, STM32U545VET6, STM32U545VET6Q, STM32U595AIH6, STM32U595AIH6Q, STM32U595AJH6, STM32U595AJH6Q, STM32U595QII6, STM32U595QII6Q, STM32U595QJI6, STM32U595QJI6Q, STM32U595RIT6, STM32U595RIT6Q, STM32U595RJT6, STM32U595RJT6Q, STM32U595VIT6, STM32U595VIT6Q, STM32U595VJT6, STM32U595VJT6Q, STM32U595ZIT6, STM32U595ZIT6Q, STM32U595ZIY6QTR, STM32U595ZJT6, STM32U595ZJT6Q, STM32U595ZJY6QTR, STM32U599BJY6QTR, STM32U599NIH6Q, STM32U599NJH6Q, STM32U599VIT6Q, STM32U599VJT6, STM32U599VJT6Q, STM32U599ZIT6Q, STM32U599ZIY6QTR, STM32U599ZJT6Q, STM32U599ZJY6QTR, STM32U5A5AJH6, STM32U5A5AJH6Q, STM32U5A5QII3Q , STM32U5A5QJI6, STM32U5A5QJI6Q, STM32U5A5RJT6, STM32U5A5RJT6Q, STM32U5A5VJT6, STM32U5A5VJT6Q, STM32U5A5ZJT6, STM32U5A5ZJT6Q, STM32U5A5ZJY6QTR, STM32U5A9BJY6QTR, STM32U5A9J-DK, STM32U5A9NJH6Q, STM32U5A9VJT6Q, STM32U5A9ZJT6Q, STM32U5A9ZJY6QTR, STM32U5F7VIT6, STM32U5F7VIT6Q, STM32U5F7VJT6, STM32U5F7VJT6Q, STM32U5F9BJY6QTR, STM32U5F9NJH6Q, STM32U5F9VIT6Q, STM32U5F9VJT6Q, STM32U5F9ZIJ6QTR, STM32U5F9ZIT6Q, STM32U5F9ZJJ6QTR, STM32U5F9ZJT6Q, STM32U5G7VJT6, STM32U5G7VJT6Q, STM32U5G9BJY6QTR, STM32U5G9J-DK1, STM32U5G9J-DK2, STM32U5G9NJH6Q, STM32U5G9VJT6Q, STM32U5G9ZJJ6QTR, STM32U5G9ZJT6Q, STM32WB1MMCH6, STM32WBA50KEU6, STM32WBA50KEU6TR, STM32WBA50KGU6, STM32WBA50KGU6TR, STM32WBA52CEU6, STM32WBA52CEU6TR, STM32WBA52CEU7, STM32WBA52CEU7TR, STM32WBA52CGU6, STM32WBA52CGU6TR, STM32WBA52CGU6U, STM32WBA52CGU7, STM32WBA52CGU7TR, STM32WBA52KEU6, STM32WBA52KEU6TR, STM32WBA52KGU6, STM32WBA52KGU6TR, STM32WBA54CEU6, STM32WBA54CEU6TR, STM32WBA54CEU7, STM32WBA54CEU7TR, STM32WBA54CGU6, STM32WBA54CGU6TR, STM32WBA54CGU7, STM32WBA54CGU7TR, STM32WBA54KEU6, STM32WBA54KEU6TR, STM32WBA54KEU7, STM32WBA54KEU7TR, STM32WBA54KGU6, STM32WBA54KGU6TR, STM32WBA54KGU7, STM32WBA54KGU7TR, STM32WBA55CEU6, STM32WBA55CEU6TR, STM32WBA55CEU7, STM32WBA55CEU7TR, STM32WBA55CGU6, STM32WBA55CGU6TR, STM32WBA55CGU6U, STM32WBA55CGU7, STM32WBA55CGU7TR, STM32WBA55G-DK1, STM32WBA55HEF6, STM32WBA55HEF7, STM32WBA55HGF6, STM32WBA55HGF7, STM32WBA55UEI6, STM32WBA55UEI6TR, STM32WBA55UEI7, STM32WBA55UEI7TR, STM32WBA55UGI6, STM32WBA55UGI6TR, STM32WBA55UGI7, STM32WBA55UGI7TR, STM32WL5MOCH6, STM32WL5MOCH6TR]
2024-06-03 09:32:41,148 [INFO] BoardInfo:889 - No configuration file found for board P-NUCLEO-WB55
2024-06-03 09:32:41,148 [INFO] DbBoards:161 - Kit is not supported: P-NUCLEO-WB55
2024-06-03 09:32:41,152 [INFO] BoardInfo:889 - No configuration file found for board STEVAL-BFA001V1B
2024-06-03 09:32:41,152 [INFO] DbBoards:161 - Kit is not supported: STEVAL-BFA001V1B
2024-06-03 09:32:41,152 [INFO] BoardInfo:889 - No configuration file found for board STEVAL-BFA001V2B
2024-06-03 09:32:41,153 [INFO] DbBoards:161 - Kit is not supported: STEVAL-BFA001V2B
2024-06-03 09:32:41,234 [INFO] DbBoards:168 - Found 199 boards, 196 are supported
2024-06-03 09:32:41,235 [INFO] DbBoards:169 - Found 199 boards, 8 of them is supported for  Bsp
2024-06-03 09:32:41,240 [INFO] ApiDb:423 - Load user favorites file C:\Users\harry/.stm32cubeide/favorites.boards.txt: 1 item(s)
2024-06-03 09:32:41,240 [INFO] ApiDb:427 - User favorites Boards=[STM32F407G-DISC1]
2024-06-03 09:32:41,240 [INFO] DbBoards:198 - Set 1 / 1 favorites Boards
2024-06-03 09:32:41,242 [INFO] ApiDb:668 - CubeFinder database Data Model version=2.1
2024-06-03 09:32:41,242 [INFO] ApiDb:669 - CubeFinder database Configuration version=3.0.39
2024-06-03 09:32:41,242 [INFO] ApiDb:670 - CubeFinder database generation date=2024-05-16 (1715872938)
2024-06-03 09:32:41,242 [INFO] ApiDb:671 - CubeFinder database FW Pack versions=[FP-ATR-ASTRA1_V2.0.0, FP-SNS-FLIGHT1_V5.0.1, FP-SNS-FLIGHT1_V5.0.2, FP-SNS-MOTENV1_V4.3.1, FP-SNS-MOTENV1_V4.3.2, FP-SNS-MOTENV1_V5.0.0, FP-SNS-MOTENVWB1_V1.4.0, FP-SNS-SMARTAG2_V1.2.0, STM32Cube_FW_C0_V1.1.0, STM32Cube_FW_F4_V1.28.0, STM32Cube_FW_F7_V1.17.0, STM32Cube_FW_G0_V1.6.2, STM32Cube_FW_G4_V1.5.2, STM32Cube_FW_H5_V0.5.1, STM32Cube_FW_H5_V1.1.1, STM32Cube_FW_H5_V1.2.0, STM32Cube_FW_H5_V1.2.0RC4, STM32Cube_FW_H7RS_V1.0.0, STM32Cube_FW_H7RS_V1.0.0RC4, STM32Cube_FW_H7_V1.11.0, STM32Cube_FW_L0_V1.12.2, STM32Cube_FW_L5_V1.5.1, STM32Cube_FW_U0_V1.0.0, STM32Cube_FW_U0_V1.0.0RC1, STM32Cube_FW_U5_V1.3.0RC4, STM32Cube_FW_U5_V1.5.0, STM32Cube_FW_U5_V1.5.0RC1, STM32Cube_FW_WBA_V1.0.0RC1, STM32Cube_FW_WBA_V1.2.0, STM32Cube_FW_WBA_V1.2.0RC2, STM32Cube_FW_WBA_V1.3.0, STM32Cube_FW_WBA_V1.3.0RC1, STM32Cube_FW_WB_V1.15.0RC1, STM32Cube_FW_WB_V1.16.0, STM32Cube_FW_WB_V1.16.0RC2, STM32Cube_FW_WB_V1.18.0, STM32Cube_FW_WB_V1.19.0, STM32Cube_FW_WL_V1.3.0, X-CUBE-ALGOBUILD_V1.4.0, X-CUBE-ALS_V1.0.1, X-CUBE-AZRTOS-F4_V1.1.0, X-CUBE-AZRTOS-F7_V1.1.0, X-CUBE-AZRTOS-G0_V1.1.0, X-CUBE-AZRTOS-G4_V2.0.0, X-CUBE-AZRTOS-H7_V3.2.0, X-CUBE-AZRTOS-L4_V1.0.0, X-CUBE-AZRTOS-L4_V2.0.0, X-CUBE-AZRTOS-L5_V1.1.0, X-CUBE-AZRTOS-WB_V2.0.0, X-CUBE-AZRTOS-WL_V2.0.0, X-CUBE-BLE1_V7.0.0, X-CUBE-BLE2_V3.3.0, X-CUBE-BLEMGR_V3.1.0, X-CUBE-EEPRMA1_V4.1.0, X-CUBE-EEPRMA1_V5.1.0, X-CUBE-FREERTOS_V1.1.0, X-CUBE-GNSS1_V6.0.0, X-CUBE-MEMS1_V10.0.0, X-CUBE-MEMS1_V9.1.0, X-CUBE-MEMS1_V9.4.0, X-CUBE-MEMS1_V9.6.0, X-CUBE-NFC4_V3.0.0, X-CUBE-NFC7_V1.0.1, X-CUBE-SFXS2LP1_V4.0.0, X-CUBE-SUBG2_V5.0.0, X-CUBE-TOF1_V3.4.0]
2024-06-03 09:32:41,673 [ERROR] DbExamplesSqlite:437 - Missing JSON key: board_cpn
2024-06-03 09:32:41,674 [ERROR] DbExamplesSqlite:437 - Missing JSON key: board_cpn
2024-06-03 09:32:41,674 [ERROR] DbExamplesSqlite:437 - Missing JSON key: board_cpn
2024-06-03 09:32:41,674 [ERROR] DbExamplesSqlite:437 - Missing JSON key: board_cpn
2024-06-03 09:32:41,729 [INFO] DbExamplesSqlite:395 - Ignored 60 examples not supported by CubeIDE
2024-06-03 09:32:41,730 [INFO] DbExamplesSqlite:396 - Found 8158 examples active
2024-06-03 09:32:41,730 [INFO] DbExamplesSqlite:397 - Found 874 examples obsolete
2024-06-03 09:32:41,730 [INFO] DbExamplesSqlite:398 - Found 0 examples under development
2024-06-03 09:32:41,730 [INFO] DbExamplesSqlite:399 - Found 10 examples not building
2024-06-03 09:32:41,731 [INFO] DbExamples:125 - Found 8108 examples
2024-06-03 09:32:41,739 [INFO] DbExamples:222 - Found 101 boards with related examples
2024-06-03 09:32:41,740 [INFO] DbExamples:235 - Found 86 MCUs with related examples
2024-06-03 09:32:41,752 [INFO] ApiDb:414 - User favorites file not found: C:\Users\harry/.stm32cubeide/favorites.examples.txt
2024-06-03 09:32:41,752 [INFO] DbExamples:250 - Set 0 / 0 favorites Examples
2024-06-03 09:32:41,920 [INFO] McuFinderGlobals:76 - Set McuFinderConnectedMode to true
2024-06-03 09:32:41,925 [INFO] MultiScanPanel:200 - Auto-refresh data requested => check proxy status ongoing
2024-06-03 09:32:41,927 [INFO] FinderPluginLoader:95 - Searching for filters in installed packs
2024-06-03 09:32:42,662 [INFO] LoadUrlFilesThread:185 - End of LoadServerUrlFiles without Thread
2024-06-03 09:32:42,669 [INFO] DetailPanel:341 - Set advertising image to C:/Users/harry/STM32Cube/Repository/\en.prom-stm32h7rs-mcu-finder.jpg
2024-06-03 09:32:46,186 [INFO] MultiScanPanel:200 - Auto-refresh data requested => check proxy status ongoing
2024-06-03 09:32:46,247 [INFO] LoadUrlFilesThread:185 - End of LoadServerUrlFiles without Thread
2024-06-03 09:32:46,247 [INFO] DetailPanel:341 - Set advertising image to C:/Users/harry/STM32Cube/Repository/\en.prom-stm32h7rs-mcu-finder.jpg
2024-06-03 09:32:46,254 [INFO] DbBoards:642 - Loading board mini-images...
2024-06-03 09:32:47,365 [INFO] DbBoards:665 - Loaded 199 board mini-images
2024-06-03 09:35:19,267 [INFO] McuFinderGlobals:76 - Set McuFinderConnectedMode to true
2024-06-03 09:35:19,270 [INFO] ApiDb:448 - Save user favorites file C:\Users\harry/.stm32cubeide/favorites.mcus.txt: 0 item(s)
2024-06-03 09:35:19,270 [INFO] ApiDb:452 - User favorites MCUs=[]
2024-06-03 09:35:19,271 [INFO] ApiDb:448 - Save user favorites file C:\Users\harry/.stm32cubeide/favorites.boards.txt: 1 item(s)
2024-06-03 09:35:19,271 [INFO] ApiDb:452 - User favorites Boards=[STM32F407G-DISC1]
2024-06-03 22:29:29,774 [ERROR] LogOutputStream:75 - [STDERR_REDIRECT] 
