2024-05-17 10:38:36,670 [INFO] Activator:176 - 


2024-05-17 10:38:36,673 [INFO] Activator:177 - !SESSION log4j initialized
2024-05-17 10:38:41,028 [INFO] LogOutputStream:77 - [STDOUT_REDIRECT] 
2024-05-17 10:38:43,482 [INFO] ApplicationProperties:184 - Using Application install path: C:\ST\STM32CubeIDE_1.14.1\STM32CubeIDE\plugins\com.st.stm32cube.common.mx_6.11.1.202404110753
2024-05-17 10:38:43,496 [INFO] DbMcusXml:78 - Set database path to: C:\ST\STM32CubeIDE_1.14.1\STM32CubeIDE\plugins\com.st.stm32cube.common.mx_6.11.1.202404110753\\db\/mcu/
2024-05-17 10:38:43,497 [INFO] ApiDb:274 - Set plugin database path to: C:\ST\STM32CubeIDE_1.14.1\STM32CubeIDE\plugins\com.st.stm32cube.common.mx_6.11.1.202404110753\\db\/plugins/boardmanager/
2024-05-17 10:38:43,501 [WARN] ApiDb:259 - Overriding images path with different value:  => C:\ST\STM32CubeIDE_1.14.1\STM32CubeIDE\plugins\com.st.stm32cube.common.mx_6.11.1.202404110753\\db\/plugins/mcufinder/images/
2024-05-17 10:38:43,512 [INFO] ApiDb:250 - Set database path to: C:\Users\harry\.stmcufinder\plugins\mcufinder//mcu/
2024-05-17 10:38:43,513 [INFO] DbMcusAds:125 - Set database path to: C:\Users\harry\.stmcufinder\plugins\mcufinder//mcu/
2024-05-17 10:38:43,515 [INFO] CrossReferenceDbSqlite:203 - Set database path to: C:\Users\harry\.stmcufinder\plugins\mcufinder//mcu/cs/
2024-05-17 10:38:43,606 [INFO] RulesReader:64 - Compatibility file has been processed (297 Rules)
2024-05-17 10:38:43,674 [INFO] DbMcusXml:78 - Set database path to: C:\ST\STM32CubeIDE_1.14.1\STM32CubeIDE\plugins\com.st.stm32cube.common.mx_6.11.1.202404110753\\db\/mcu/
2024-05-17 10:38:43,674 [INFO] ApiDb:274 - Set plugin database path to: C:\ST\STM32CubeIDE_1.14.1\STM32CubeIDE\plugins\com.st.stm32cube.common.mx_6.11.1.202404110753\\db\/plugins/boardmanager/
2024-05-17 10:38:43,675 [INFO] ApiDb:261 - Set plugin images path to: C:\ST\STM32CubeIDE_1.14.1\STM32CubeIDE\plugins\com.st.stm32cube.common.mx_6.11.1.202404110753\\db\/plugins/mcufinder/images/
2024-05-17 10:38:43,675 [WARN] DbFile:41 - Overriding database path with different value: C:\Users\harry\.stmcufinder\plugins\mcufinder/ => C:\Users\harry\.stmcufinder\plugins\mcufinder
2024-05-17 10:38:43,675 [INFO] ApiDb:250 - Set database path to: C:\Users\harry\.stmcufinder\plugins\mcufinder//mcu/
2024-05-17 10:38:43,675 [WARN] DbFile:41 - Overriding database path with different value: C:\Users\harry\.stmcufinder\plugins\mcufinder/ => C:\Users\harry\.stmcufinder\plugins\mcufinder
2024-05-17 10:38:43,675 [INFO] DbMcusAds:125 - Set database path to: C:\Users\harry\.stmcufinder\plugins\mcufinder//mcu/
2024-05-17 10:38:43,675 [WARN] DbFile:41 - Overriding database path with different value: C:\Users\harry\.stmcufinder\plugins\mcufinder/ => C:\Users\harry\.stmcufinder\plugins\mcufinder
2024-05-17 10:38:43,675 [WARN] DbFile:41 - Overriding database path with different value: C:\Users\harry\.stmcufinder\plugins\mcufinder/ => C:\Users\harry\.stmcufinder\plugins\mcufinder
2024-05-17 10:38:43,675 [INFO] CrossReferenceDbSqlite:203 - Set database path to: C:\Users\harry\.stmcufinder\plugins\mcufinder//mcu/cs/
2024-05-17 10:38:43,727 [INFO] MainPanel:264 - HeapMemory: 268435456
2024-05-17 10:38:43,792 [INFO] DbMcusXml:78 - Set database path to: C:\ST\STM32CubeIDE_1.14.1\STM32CubeIDE\plugins\com.st.stm32cube.common.mx_6.11.1.202404110753\\db\/mcu/
2024-05-17 10:38:43,792 [INFO] ApiDb:274 - Set plugin database path to: C:\ST\STM32CubeIDE_1.14.1\STM32CubeIDE\plugins\com.st.stm32cube.common.mx_6.11.1.202404110753\\db\/plugins/boardmanager/
2024-05-17 10:38:43,792 [INFO] ApiDb:261 - Set plugin images path to: C:\ST\STM32CubeIDE_1.14.1\STM32CubeIDE\plugins\com.st.stm32cube.common.mx_6.11.1.202404110753\\db\/plugins/mcufinder/images/
2024-05-17 10:38:43,792 [WARN] DbFile:41 - Overriding database path with different value: C:\Users\harry\.stmcufinder\plugins\mcufinder/ => C:\Users\harry\.stmcufinder\plugins\mcufinder
2024-05-17 10:38:43,792 [INFO] ApiDb:250 - Set database path to: C:\Users\harry\.stmcufinder\plugins\mcufinder//mcu/
2024-05-17 10:38:43,792 [WARN] DbFile:41 - Overriding database path with different value: C:\Users\harry\.stmcufinder\plugins\mcufinder/ => C:\Users\harry\.stmcufinder\plugins\mcufinder
2024-05-17 10:38:43,792 [INFO] DbMcusAds:125 - Set database path to: C:\Users\harry\.stmcufinder\plugins\mcufinder//mcu/
2024-05-17 10:38:43,792 [WARN] DbFile:41 - Overriding database path with different value: C:\Users\harry\.stmcufinder\plugins\mcufinder/ => C:\Users\harry\.stmcufinder\plugins\mcufinder
2024-05-17 10:38:43,792 [WARN] DbFile:41 - Overriding database path with different value: C:\Users\harry\.stmcufinder\plugins\mcufinder/ => C:\Users\harry\.stmcufinder\plugins\mcufinder
2024-05-17 10:38:43,792 [INFO] CrossReferenceDbSqlite:203 - Set database path to: C:\Users\harry\.stmcufinder\plugins\mcufinder//mcu/cs/
2024-05-17 10:38:43,805 [INFO] ApplicationProperties:184 - Using Application install path: C:\ST\STM32CubeIDE_1.14.1\STM32CubeIDE\plugins\com.st.stm32cube.common.mx_6.11.1.202404110753
2024-05-17 10:38:43,806 [INFO] PluginManage:196 - Search for loadable plugins [exclusion list=, ]
2024-05-17 10:38:43,807 [INFO] PluginManage:310 - Check plugin analytics
2024-05-17 10:38:43,914 [INFO] AnalyticsPlugin:253 - Accepted Software Licenses: 
2024-05-17 10:38:43,914 [INFO] AnalyticsPlugin:255 - Accepted CMSIS Pack Licenses: 
2024-05-17 10:38:43,914 [INFO] AnalyticsPlugin:257 - Accepted Firmware Licenses: 
2024-05-17 10:38:43,916 [INFO] PluginManage:359 - Loaded plugin analytics (category:tool,tabindex:-1)
2024-05-17 10:38:43,916 [INFO] PluginManage:310 - Check plugin cadmodel
2024-05-17 10:38:43,929 [INFO] CADModel:105 - Init CAD model plugin
2024-05-17 10:38:43,929 [INFO] PluginManage:359 - Loaded plugin cadmodel (category:power,tabindex:5)
2024-05-17 10:38:43,929 [INFO] PluginManage:310 - Check plugin clock
2024-05-17 10:38:43,947 [INFO] PluginManage:359 - Loaded plugin clock (category:base,tabindex:2)
2024-05-17 10:38:43,947 [INFO] PluginManage:310 - Check plugin ddr
2024-05-17 10:38:43,949 [INFO] PluginManage:359 - Loaded plugin ddr (category:tool,tabindex:6)
2024-05-17 10:38:43,949 [INFO] PluginManage:310 - Check plugin filemanager
2024-05-17 10:38:44,045 [INFO] PluginManage:359 - Loaded plugin filemanager (category:base,tabindex:10)
2024-05-17 10:38:44,045 [INFO] PluginManage:310 - Check plugin ipmanager
2024-05-17 10:38:44,051 [INFO] PluginManage:359 - Loaded plugin ipmanager (category:base,tabindex:5)
2024-05-17 10:38:44,051 [INFO] PluginManage:310 - Check plugin lpbam
2024-05-17 10:38:44,066 [INFO] PluginManage:359 - Loaded plugin lpbam (category:base,tabindex:0)
2024-05-17 10:38:44,066 [INFO] PluginManage:310 - Check plugin memorymap
2024-05-17 10:38:44,083 [INFO] PluginManage:359 - Loaded plugin memorymap (category:base,tabindex:4)
2024-05-17 10:38:44,084 [INFO] PluginManage:310 - Check plugin pinoutandconfiguration
2024-05-17 10:38:44,096 [INFO] PluginManage:359 - Loaded plugin pinoutandconfiguration (category:base,tabindex:1)
2024-05-17 10:38:44,097 [INFO] PluginManage:310 - Check plugin pinoutconfig
2024-05-17 10:38:44,174 [WARN] SupportedApi:132 - Cannot load RTOS API schema: s4s-elt-must-match.1: The content of 'definitions' must match (annotation?, (simpleType | complexType)?, (unique | key | keyref)*)). A problem was found starting at: attribute.
2024-05-17 10:38:44,251 [INFO] PluginManage:359 - Loaded plugin pinoutconfig (category:base,tabindex:0)
2024-05-17 10:38:44,251 [INFO] PluginManage:310 - Check plugin power
2024-05-17 10:38:44,265 [INFO] PluginManage:359 - Loaded plugin power (category:power,tabindex:4)
2024-05-17 10:38:44,265 [INFO] PluginManage:310 - Check plugin projectmanager
2024-05-17 10:38:44,275 [INFO] PluginManage:359 - Loaded plugin projectmanager (category:projectmanager,tabindex:3)
2024-05-17 10:38:44,275 [INFO] PluginManage:310 - Check plugin thirdparty
2024-05-17 10:38:44,461 [INFO] PluginManage:359 - Loaded plugin thirdparty (category:base,tabindex:-1)
2024-05-17 10:38:44,461 [INFO] PluginManage:310 - Check plugin tools
2024-05-17 10:38:44,461 [WARN] IntegrityCheckThread:84 - waiting for thirdparty lock release [integrity check]
2024-05-17 10:38:44,461 [INFO] IntegrityCheckThread:86 - entering critical section [integrity check]
2024-05-17 10:38:44,461 [INFO] ThirdPartyUpdaterWithRetryManager:70 - Updater plugin not ready yet. [1/15]
2024-05-17 10:38:44,483 [INFO] PluginManage:359 - Loaded plugin tools (category:base,tabindex:7)
2024-05-17 10:38:44,483 [INFO] PluginManage:310 - Check plugin tutovideos
2024-05-17 10:38:44,605 [INFO] PluginManage:359 - Loaded plugin tutovideos (category:base,tabindex:-1)
2024-05-17 10:38:44,605 [INFO] PluginManage:310 - Check plugin updater
2024-05-17 10:38:44,612 [INFO] PluginManage:359 - Loaded plugin updater (category:base,tabindex:12)
2024-05-17 10:38:44,612 [INFO] PluginManage:310 - Check plugin userauth
2024-05-17 10:38:44,616 [INFO] UserAuth:114 - Init User Auth plugin
2024-05-17 10:38:44,616 [INFO] PluginManage:359 - Loaded plugin userauth (category:base,tabindex:14)
2024-05-17 10:38:44,616 [INFO] PluginManage:283 - PluginManage : Loaded plugins [17]
2024-05-17 10:38:44,753 [INFO] PinOutPanel:1561 - setPackage(No Configuration,No Configuration)
2024-05-17 10:38:44,796 [INFO] CADModel:165 - CPN selected for project level
2024-05-17 10:38:44,796 [INFO] CADModel:114 - Register for checkConnection events
2024-05-17 10:38:44,812 [INFO] IPUIPlugin:80 - create IPUIPlugin
2024-05-17 10:38:44,812 [INFO] PluginManager:220 - loadIPPluginJar : add adc
2024-05-17 10:38:44,837 [INFO] IPUIPlugin:80 - create IPUIPlugin
2024-05-17 10:38:44,837 [INFO] PluginManager:220 - loadIPPluginJar : add aes
2024-05-17 10:38:44,861 [INFO] IPUIPlugin:80 - create IPUIPlugin
2024-05-17 10:38:44,861 [INFO] PluginManager:220 - loadIPPluginJar : add can
2024-05-17 10:38:44,875 [INFO] IPUIPlugin:80 - create IPUIPlugin
2024-05-17 10:38:44,875 [INFO] PluginManager:220 - loadIPPluginJar : add comp
2024-05-17 10:38:44,901 [INFO] IPUIPlugin:80 - create IPUIPlugin
2024-05-17 10:38:44,901 [INFO] PluginManager:220 - loadIPPluginJar : add cryp
2024-05-17 10:38:44,926 [INFO] IPUIPlugin:80 - create IPUIPlugin
2024-05-17 10:38:44,926 [INFO] PluginManager:220 - loadIPPluginJar : add dfsdm
2024-05-17 10:38:44,936 [INFO] IPUIPlugin:80 - create IPUIPlugin
2024-05-17 10:38:44,937 [INFO] PluginManager:220 - loadIPPluginJar : add dma
2024-05-17 10:38:44,971 [INFO] IPUIPlugin:80 - create IPUIPlugin
2024-05-17 10:38:44,971 [INFO] PluginManager:220 - loadIPPluginJar : add dma3
2024-05-17 10:38:45,001 [INFO] IPUIPlugin:80 - create IPUIPlugin
2024-05-17 10:38:45,002 [INFO] PluginManager:220 - loadIPPluginJar : add extmemmanager
2024-05-17 10:38:45,016 [INFO] IPUIPlugin:80 - create IPUIPlugin
2024-05-17 10:38:45,016 [INFO] PluginManager:220 - loadIPPluginJar : add fatfs
2024-05-17 10:38:45,054 [INFO] IPUIPlugin:80 - create IPUIPlugin
2024-05-17 10:38:45,054 [INFO] PluginManager:220 - loadIPPluginJar : add fmc
2024-05-17 10:38:45,064 [INFO] IPUIPlugin:80 - create IPUIPlugin
2024-05-17 10:38:45,064 [INFO] PluginManager:220 - loadIPPluginJar : add freertos
2024-05-17 10:38:45,077 [INFO] IPUIPlugin:80 - create IPUIPlugin
2024-05-17 10:38:45,077 [INFO] PluginManager:220 - loadIPPluginJar : add genericplugin
2024-05-17 10:38:45,146 [INFO] IPUIPlugin:80 - create IPUIPlugin
2024-05-17 10:38:45,146 [INFO] PluginManager:220 - loadIPPluginJar : add gfxmmu
2024-05-17 10:38:45,227 [INFO] IPUIPlugin:80 - create IPUIPlugin
2024-05-17 10:38:45,227 [INFO] PluginManager:220 - loadIPPluginJar : add gic
2024-05-17 10:38:45,237 [INFO] IPUIPlugin:80 - create IPUIPlugin
2024-05-17 10:38:45,237 [INFO] PluginManager:220 - loadIPPluginJar : add gpio
2024-05-17 10:38:45,298 [INFO] IPUIPlugin:80 - create IPUIPlugin
2024-05-17 10:38:45,298 [INFO] PluginManager:220 - loadIPPluginJar : add gtzc
2024-05-17 10:38:45,318 [INFO] IPUIPlugin:80 - create IPUIPlugin
2024-05-17 10:38:45,318 [INFO] PluginManager:220 - loadIPPluginJar : add hash
2024-05-17 10:38:45,349 [INFO] IPUIPlugin:80 - create IPUIPlugin
2024-05-17 10:38:45,349 [INFO] PluginManager:220 - loadIPPluginJar : add i2c
2024-05-17 10:38:45,372 [INFO] IPUIPlugin:80 - create IPUIPlugin
2024-05-17 10:38:45,373 [INFO] PluginManager:220 - loadIPPluginJar : add i2s
2024-05-17 10:38:45,397 [INFO] IPUIPlugin:80 - create IPUIPlugin
2024-05-17 10:38:45,397 [INFO] PluginManager:220 - loadIPPluginJar : add i3c
2024-05-17 10:38:45,461 [INFO] IPUIPlugin:80 - create IPUIPlugin
2024-05-17 10:38:45,461 [INFO] PluginManager:220 - loadIPPluginJar : add ipddr
2024-05-17 10:38:45,517 [INFO] IPUIPlugin:80 - create IPUIPlugin
2024-05-17 10:38:45,517 [INFO] PluginManager:220 - loadIPPluginJar : add linkedlist
2024-05-17 10:38:45,541 [INFO] IPUIPlugin:80 - create IPUIPlugin
2024-05-17 10:38:45,541 [INFO] PluginManager:220 - loadIPPluginJar : add lorawan
2024-05-17 10:38:45,563 [INFO] IPUIPlugin:80 - create IPUIPlugin
2024-05-17 10:38:45,563 [INFO] PluginManager:220 - loadIPPluginJar : add ltdc
2024-05-17 10:38:45,572 [INFO] IPUIPlugin:80 - create IPUIPlugin
2024-05-17 10:38:45,572 [INFO] PluginManager:220 - loadIPPluginJar : add mdma
2024-05-17 10:38:45,580 [INFO] IPUIPlugin:80 - create IPUIPlugin
2024-05-17 10:38:45,580 [INFO] PluginManager:220 - loadIPPluginJar : add nvic
2024-05-17 10:38:45,604 [INFO] IPUIPlugin:80 - create IPUIPlugin
2024-05-17 10:38:45,604 [INFO] PluginManager:220 - loadIPPluginJar : add opamp
2024-05-17 10:38:45,645 [INFO] IPUIPlugin:80 - create IPUIPlugin
2024-05-17 10:38:45,645 [INFO] PluginManager:220 - loadIPPluginJar : add openamp
2024-05-17 10:38:45,671 [INFO] IPUIPlugin:80 - create IPUIPlugin
2024-05-17 10:38:45,671 [INFO] PluginManager:220 - loadIPPluginJar : add pdm2pcm
2024-05-17 10:38:45,680 [INFO] IPUIPlugin:80 - create IPUIPlugin
2024-05-17 10:38:45,681 [INFO] PluginManager:220 - loadIPPluginJar : add plateformsettings
2024-05-17 10:38:45,695 [INFO] IPUIPlugin:80 - create IPUIPlugin
2024-05-17 10:38:45,695 [INFO] PluginManager:220 - loadIPPluginJar : add quadspi
2024-05-17 10:38:45,702 [INFO] IPUIPlugin:80 - create IPUIPlugin
2024-05-17 10:38:45,702 [INFO] PluginManager:220 - loadIPPluginJar : add resmgrutility
2024-05-17 10:38:45,732 [INFO] IPUIPlugin:80 - create IPUIPlugin
2024-05-17 10:38:45,732 [INFO] PluginManager:220 - loadIPPluginJar : add sai
2024-05-17 10:38:45,754 [INFO] IPUIPlugin:80 - create IPUIPlugin
2024-05-17 10:38:45,754 [INFO] PluginManager:220 - loadIPPluginJar : add spi
2024-05-17 10:38:45,795 [INFO] IPUIPlugin:80 - create IPUIPlugin
2024-05-17 10:38:45,795 [INFO] PluginManager:220 - loadIPPluginJar : add stm32_wpan
2024-05-17 10:38:45,809 [INFO] IPUIPlugin:80 - create IPUIPlugin
2024-05-17 10:38:45,809 [INFO] PluginManager:220 - loadIPPluginJar : add tim
2024-05-17 10:38:45,845 [INFO] IPUIPlugin:80 - create IPUIPlugin
2024-05-17 10:38:45,845 [INFO] PluginManager:220 - loadIPPluginJar : add touchsensing
2024-05-17 10:38:45,859 [INFO] IPUIPlugin:80 - create IPUIPlugin
2024-05-17 10:38:45,859 [INFO] PluginManager:220 - loadIPPluginJar : add tracer_emb
2024-05-17 10:38:45,873 [INFO] IPUIPlugin:80 - create IPUIPlugin
2024-05-17 10:38:45,873 [INFO] PluginManager:220 - loadIPPluginJar : add ts
2024-05-17 10:38:45,890 [INFO] IPUIPlugin:80 - create IPUIPlugin
2024-05-17 10:38:45,890 [INFO] PluginManager:220 - loadIPPluginJar : add tsc
2024-05-17 10:38:45,907 [INFO] IPUIPlugin:80 - create IPUIPlugin
2024-05-17 10:38:45,907 [INFO] PluginManager:220 - loadIPPluginJar : add ucpd
2024-05-17 10:38:45,946 [INFO] IPUIPlugin:80 - create IPUIPlugin
2024-05-17 10:38:45,946 [INFO] PluginManager:220 - loadIPPluginJar : add usart
2024-05-17 10:38:45,982 [INFO] IPUIPlugin:80 - create IPUIPlugin
2024-05-17 10:38:45,982 [INFO] PluginManager:220 - loadIPPluginJar : add usbx
2024-05-17 10:38:46,090 [INFO] CADModel:165 - CPN selected for project level
2024-05-17 10:38:46,090 [INFO] CADModel:114 - Register for checkConnection events
2024-05-17 10:38:46,090 [FATAL] Updater:308 - Updater called before beeing initialized
2024-05-17 10:38:46,090 [ERROR] CADModel:125 - Updater not yet initialized, retry later 
2024-05-17 10:38:46,191 [INFO] CADModel:165 - CPN selected for project level
2024-05-17 10:38:46,191 [INFO] CADModel:114 - Register for checkConnection events
2024-05-17 10:38:46,191 [FATAL] Updater:308 - Updater called before beeing initialized
2024-05-17 10:38:46,191 [ERROR] CADModel:125 - Updater not yet initialized, retry later 
2024-05-17 10:38:46,193 [FATAL] Updater:308 - Updater called before beeing initialized
2024-05-17 10:38:46,254 [FATAL] Updater:308 - Updater called before beeing initialized
2024-05-17 10:38:46,261 [INFO] DbMcusAds:53 - JSON generation date=Thu May 02 16:37:29 CST 2024 (1714639049318)
2024-05-17 10:38:46,261 [FATAL] Updater:308 - Updater called before beeing initialized
2024-05-17 10:38:46,315 [WARN] DetailPanel:346 - Failed to get advertising image, set to default
2024-05-17 10:38:46,380 [FATAL] Updater:308 - Updater called before beeing initialized
2024-05-17 10:38:46,381 [FATAL] Updater:308 - Updater called before beeing initialized
2024-05-17 10:38:46,381 [FATAL] Updater:308 - Updater called before beeing initialized
2024-05-17 10:38:46,381 [WARN] DetailPanel:346 - Failed to get advertising image, set to default
2024-05-17 10:38:46,382 [FATAL] Updater:308 - Updater called before beeing initialized
2024-05-17 10:38:46,420 [ERROR] Updater:1120 - MainUpdater not yet initialized. External WinMGr cannot be set.
2024-05-17 10:38:46,427 [INFO] Updater:1056 - Updater Version found : 6.11.1
2024-05-17 10:38:46,438 [INFO] ApplicationProperties:184 - Using Application install path: C:\ST\STM32CubeIDE_1.14.1\STM32CubeIDE\plugins\com.st.stm32cube.common.mx_6.11.1.202404110753
2024-05-17 10:38:47,463 [INFO] ThirdPartyUpdaterWithRetryManager:70 - Updater plugin not ready yet. [2/15]
2024-05-17 10:38:48,011 [ERROR] LogOutputStream:75 - [STDERR_REDIRECT] May 17, 2024 10:38:48 AM java.util.prefs.WindowsPreferences <init>
2024-05-17 10:38:48,012 [ERROR] LogOutputStream:75 - [STDERR_REDIRECT] WARNING: Could not open/create prefs root node Software\JavaSoft\Prefs at root 0xffffffff80000002. Windows RegCreateKeyEx(...) returned error code 5.
2024-05-17 10:38:48,012 [ERROR] LogOutputStream:75 - [STDERR_REDIRECT] 
2024-05-17 10:38:48,227 [INFO] MainUpdater:2873 - connection check result : 10
2024-05-17 10:38:48,228 [INFO] MainUpdater:290 - Updater Check For Update Now.
2024-05-17 10:38:48,228 [INFO] MicroXplorer:498 - Change Database Version : DB.6.0.111
2024-05-17 10:38:48,245 [INFO] McuFinderGlobals:63 - Set McuFinder mode to 2 (CubeIDE integrated)
2024-05-17 10:38:48,245 [INFO] UserAuth:179 - activating auth plugin
2024-05-17 10:38:48,247 [INFO] UserAuth:415 - Internet connection configuration mode: 1
2024-05-17 10:38:48,267 [INFO] JxBrowserEngine:152 - Initiate JxBrowser Engine with user profile folder
2024-05-17 10:38:48,397 [INFO] CheckServerUpdateThread:120 - End of CheckServer Thread
2024-05-17 10:38:50,601 [WARN] PackLoader:240 - Cannot read IP mode file for STMicroelectronics.FP-SNS-MOTENVWB1.1.4.0
2024-05-17 10:38:50,612 [WARN] PackLoader:240 - Cannot read IP mode file for STMicroelectronics.X-CUBE-SMBUS.2.1.0
2024-05-17 10:38:50,620 [WARN] PackLoader:240 - Cannot read IP mode file for STMicroelectronics.X-CUBE-TOUCHGFX.4.23.0
2024-05-17 10:38:50,627 [WARN] PackLoader:240 - Cannot read IP mode file for STMicroelectronics.X-CUBE-TOUCHGFX.4.23.2
2024-05-17 10:38:50,653 [WARN] PackLoader:240 - Cannot read IP mode file for STMicroelectronics.X-CUBE-AZRTOS-F7.1.1.0
2024-05-17 10:38:50,668 [WARN] PackLoader:240 - Cannot read IP mode file for STMicroelectronics.FP-SNS-MOTENV1.4.3.2
2024-05-17 10:38:50,678 [WARN] PackLoader:240 - Cannot read IP mode file for STMicroelectronics.FP-SNS-FLIGHT1.5.0.2
2024-05-17 10:38:50,698 [WARN] PackLoader:240 - Cannot read IP mode file for STMicroelectronics.X-CUBE-DISPLAY.3.0.0
2024-05-17 10:38:50,713 [WARN] PackLoader:240 - Cannot read IP mode file for STMicroelectronics.X-CUBE-BLE1.7.0.0
2024-05-17 10:38:50,724 [WARN] PackLoader:240 - Cannot read IP mode file for emotas.I-CUBE-CANOPEN.1.3.0
2024-05-17 10:38:50,736 [WARN] PackLoader:240 - Cannot read IP mode file for STMicroelectronics.X-CUBE-BLEMGR.3.1.0
2024-05-17 10:38:50,747 [WARN] PackLoader:240 - Cannot read IP mode file for STMicroelectronics.FP-SNS-SMARTAG2.1.2.0
2024-05-17 10:38:50,761 [INFO] LogOutputStream:77 - [STDOUT_REDIRECT] 1 : Invalid condition id : UX_CORESTACK_Condition cause : null
2024-05-17 10:38:50,761 [INFO] LogOutputStream:77 - [STDOUT_REDIRECT] 1 : Invalid condition id : UX_CORESTACK_Condition cause : null
2024-05-17 10:38:50,762 [INFO] LogOutputStream:77 - [STDOUT_REDIRECT] 1 : Invalid condition id : UX_CORESTACK_Condition cause : null
2024-05-17 10:38:50,762 [INFO] LogOutputStream:77 - [STDOUT_REDIRECT] 1 : Invalid condition id : UX_CORESTACK_Condition cause : null
2024-05-17 10:38:50,763 [INFO] LogOutputStream:77 - [STDOUT_REDIRECT] 1 : Invalid condition id : UX_CORESTACK_Condition cause : null
2024-05-17 10:38:50,764 [WARN] PackLoader:240 - Cannot read IP mode file for STMicroelectronics.X-CUBE-AZRTOS-WL.2.0.0
2024-05-17 10:38:50,773 [WARN] PackLoader:240 - Cannot read IP mode file for STMicroelectronics.FP-SNS-MOTENV1.5.0.0
2024-05-17 10:38:50,783 [WARN] PackLoader:240 - Cannot read IP mode file for WES.I-CUBE-Cesium.1.3.0
2024-05-17 10:38:50,792 [WARN] PackLoader:240 - Cannot read IP mode file for STMicroelectronics.X-CUBE-BLE2.3.3.0
2024-05-17 10:38:50,802 [WARN] PackLoader:240 - Cannot read IP mode file for STMicroelectronics.X-CUBE-TCPP.4.1.0
2024-05-17 10:38:50,813 [WARN] PackLoader:240 - Cannot read IP mode file for STMicroelectronics.X-CUBE-ALGOBUILD.1.3.0
2024-05-17 10:38:50,832 [WARN] PackLoader:240 - Cannot read IP mode file for STMicroelectronics.X-CUBE-AZRTOS-G0.1.1.0
2024-05-17 10:38:50,844 [WARN] PackLoader:240 - Cannot read IP mode file for STMicroelectronics.X-CUBE-SAFEA1.1.2.2
2024-05-17 10:38:50,855 [WARN] PackLoader:240 - Cannot read IP mode file for STMicroelectronics.X-CUBE-NFC4.3.0.0
2024-05-17 10:38:50,865 [WARN] PackLoader:240 - Cannot read IP mode file for STMicroelectronics.FP-ATR-SIGFOX1.3.2.0
2024-05-17 10:38:50,878 [WARN] PackLoader:240 - Cannot read IP mode file for STMicroelectronics.X-CUBE-EEPRMA1.5.1.0
2024-05-17 10:38:50,901 [WARN] PackLoader:240 - Cannot read IP mode file for SEGGER.I-CUBE-embOS.1.3.1
2024-05-17 10:38:50,933 [WARN] PackLoader:240 - Cannot read IP mode file for STMicroelectronics.X-CUBE-ALGOBUILD.1.4.0
2024-05-17 10:38:50,943 [WARN] PackLoader:240 - Cannot read IP mode file for STMicroelectronics.X-CUBE-GNSS1.6.0.0
2024-05-17 10:38:50,977 [WARN] PackLoader:240 - Cannot read IP mode file for STMicroelectronics.X-CUBE-AZRTOS-F4.1.1.0
2024-05-17 10:38:50,992 [WARN] PackLoader:240 - Cannot read IP mode file for STMicroelectronics.X-CUBE-FREERTOS.1.2.0
2024-05-17 10:38:51,004 [WARN] PackLoader:240 - Cannot read IP mode file for wolfSSL.I-CUBE-wolfSSL.5.6.6
2024-05-17 10:38:51,026 [WARN] PackLoader:240 - Cannot read IP mode file for STMicroelectronics.X-CUBE-AZRTOS-L5.2.0.0
2024-05-17 10:38:51,048 [WARN] PackLoader:240 - Cannot read IP mode file for STMicroelectronics.X-CUBE-NFC6.3.1.0
2024-05-17 10:38:51,061 [WARN] PackLoader:240 - Cannot read IP mode file for ITTIA_DB.I-CUBE-ITTIADB.8.8.0
2024-05-17 10:38:51,072 [WARN] PackLoader:240 - Cannot read IP mode file for STMicroelectronics.X-CUBE-AI.9.0.0
2024-05-17 10:38:51,083 [WARN] PackLoader:240 - Cannot read IP mode file for STMicroelectronics.X-CUBE-NFC7.1.0.1
2024-05-17 10:38:51,093 [WARN] PackLoader:240 - Cannot read IP mode file for STMicroelectronics.X-CUBE-NFC6.3.0.0
2024-05-17 10:38:51,104 [WARN] PackLoader:240 - Cannot read IP mode file for STMicroelectronics.X-CUBE-AI.8.1.0
2024-05-17 10:38:51,125 [WARN] ConditionMgr:438 - getConditionDescription Invalid condition id : LAN8742 Phy interface Condition cause : null
2024-05-17 10:38:51,126 [WARN] PackLoader:240 - Cannot read IP mode file for STMicroelectronics.X-CUBE-AZRTOS-L4.2.0.0
2024-05-17 10:38:51,126 [WARN] ConditionMgr:1039 - genDependencies : Invalid condition id : LAN8742 Phy interface Condition cause : null
2024-05-17 10:38:51,126 [WARN] ConditionMgr:1039 - genDependencies : Invalid condition id : LAN8742 Phy interface Condition cause : null
2024-05-17 10:38:51,127 [WARN] ConditionMgr:1039 - genDependencies : Invalid condition id : LAN8742 Phy interface Condition cause : null
2024-05-17 10:38:51,140 [WARN] PackLoader:240 - Cannot read IP mode file for STMicroelectronics.X-CUBE-SFXS2LP1.4.0.0
2024-05-17 10:38:51,159 [WARN] ConditionMgr:438 - getConditionDescription Invalid condition id : UX DEVICE CLASS RTOS Condition cause : null
2024-05-17 10:38:51,160 [WARN] ConditionMgr:438 - getConditionDescription Invalid condition id : UX DEVICE CLASS RTOS Condition cause : null
2024-05-17 10:38:51,161 [WARN] PackLoader:240 - Cannot read IP mode file for STMicroelectronics.X-CUBE-AZRTOS-WB.2.0.0
2024-05-17 10:38:51,161 [WARN] ConditionMgr:1039 - genDependencies : Invalid condition id : UX DEVICE CLASS RTOS Condition cause : null
2024-05-17 10:38:51,161 [WARN] ConditionMgr:1039 - genDependencies : Invalid condition id : UX DEVICE CLASS RTOS Condition cause : null
2024-05-17 10:38:51,161 [WARN] ConditionMgr:1039 - genDependencies : Invalid condition id : UX DEVICE CLASS RTOS Condition cause : null
2024-05-17 10:38:51,161 [WARN] ConditionMgr:1039 - genDependencies : Invalid condition id : UX DEVICE CLASS RTOS Condition cause : null
2024-05-17 10:38:51,161 [WARN] ConditionMgr:1039 - genDependencies : Invalid condition id : UX DEVICE CLASS RTOS Condition cause : null
2024-05-17 10:38:51,176 [WARN] PackLoader:240 - Cannot read IP mode file for STMicroelectronics.X-CUBE-SUBG2.5.0.0
2024-05-17 10:38:51,198 [WARN] PackLoader:240 - Cannot read IP mode file for STMicroelectronics.X-CUBE-AZRTOS-G4.2.0.0
2024-05-17 10:38:51,217 [WARN] PackLoader:240 - Cannot read IP mode file for Infineon.AIROC-Wi-Fi-Bluetooth-STM32.1.5.1
2024-05-17 10:38:51,229 [WARN] PackLoader:240 - Cannot read IP mode file for STMicroelectronics.FP-SNS-MOTENVWB1.1.3.1
2024-05-17 10:38:51,243 [WARN] PackLoader:240 - Cannot read IP mode file for STMicroelectronics.X-CUBE-ISPU.2.0.0
2024-05-17 10:38:51,280 [WARN] PackLoader:240 - Cannot read IP mode file for STMicroelectronics.X-CUBE-MEMS1.10.0.0
2024-05-17 10:38:51,368 [WARN] PackLoader:240 - Cannot read IP mode file for STMicroelectronics.X-CUBE-FREERTOS.1.1.0
2024-05-17 10:38:51,382 [WARN] PackLoader:240 - Cannot read IP mode file for portGmbH.I-Cube-SoM-uGOAL.1.1.0
2024-05-17 10:38:51,390 [WARN] PackLoader:240 - Cannot read IP mode file for STMicroelectronics.X-CUBE-ALS.1.0.1
2024-05-17 10:38:51,409 [WARN] PackLoader:240 - Cannot read IP mode file for STMicroelectronics.X-CUBE-AZRTOS-H7RS.1.0.0
2024-05-17 10:38:51,419 [WARN] PackLoader:240 - Cannot read IP mode file for STMicroelectronics.FP-ATR-ASTRA1.2.0.0
2024-05-17 10:38:51,432 [WARN] PackLoader:240 - Cannot read IP mode file for STMicroelectronics.X-CUBE-TOF1.3.4.1
2024-05-17 10:38:51,459 [WARN] PackLoader:240 - Cannot read IP mode file for STMicroelectronics.X-CUBE-AZRTOS-H7.3.2.0
2024-05-17 10:38:51,465 [INFO] ThirdParty:978 - Integrity check success = true
2024-05-17 10:38:51,465 [INFO] IntegrityCheckThread:100 - exiting critical section [integrity check]
2024-05-17 10:38:51,465 [INFO] IntegrityCheckThread:103 - End integrity checks thread
2024-05-17 10:38:52,408 [INFO] WebApp:161 - Instantiating new browser for Auth
2024-05-17 10:38:52,996 [INFO] WebApp:779 - Register for checkConnection events
2024-05-17 10:38:52,996 [INFO] WebApp:414 - Apply proxy settings
2024-05-17 10:38:52,996 [INFO] WebApp:499 - Chromium requires no authentication
2024-05-17 10:38:53,002 [INFO] WebApp:442 - Direct internet connection detected
2024-05-17 10:38:53,131 [INFO] WebApp:192 - Starting web application
2024-05-17 10:38:53,131 [INFO] WebApp:544 - Web application path used C:\ST\STM32CubeIDE_1.14.1\STM32CubeIDE\plugins\com.st.stm32cube.common.mx_6.11.1.202404110753\db\plugins\mcufinder\reactClient1\index.html
2024-05-17 22:01:29,085 [ERROR] LogOutputStream:75 - [STDERR_REDIRECT] 
