2024-06-04 09:08:03,825 [INFO] Activator:176 - 


2024-06-04 09:08:03,828 [INFO] Activator:177 - !SESSION log4j initialized
2024-06-04 09:08:07,719 [INFO] LogOutputStream:77 - [STDOUT_REDIRECT] 
2024-06-04 09:08:09,716 [INFO] ApplicationProperties:184 - Using Application install path: C:\ST\STM32CubeIDE_1.14.1\STM32CubeIDE\plugins\com.st.stm32cube.common.mx_6.11.1.202404110753
2024-06-04 09:08:09,728 [INFO] DbMcusXml:78 - Set database path to: C:\ST\STM32CubeIDE_1.14.1\STM32CubeIDE\plugins\com.st.stm32cube.common.mx_6.11.1.202404110753\\db\/mcu/
2024-06-04 09:08:09,728 [INFO] ApiDb:274 - Set plugin database path to: C:\ST\STM32CubeIDE_1.14.1\STM32CubeIDE\plugins\com.st.stm32cube.common.mx_6.11.1.202404110753\\db\/plugins/boardmanager/
2024-06-04 09:08:09,732 [WARN] ApiDb:259 - Overriding images path with different value:  => C:\ST\STM32CubeIDE_1.14.1\STM32CubeIDE\plugins\com.st.stm32cube.common.mx_6.11.1.202404110753\\db\/plugins/mcufinder/images/
2024-06-04 09:08:09,736 [INFO] ApiDb:250 - Set database path to: C:\Users\harry\.stmcufinder\plugins\mcufinder//mcu/
2024-06-04 09:08:09,737 [INFO] DbMcusAds:125 - Set database path to: C:\Users\harry\.stmcufinder\plugins\mcufinder//mcu/
2024-06-04 09:08:09,738 [INFO] CrossReferenceDbSqlite:203 - Set database path to: C:\Users\harry\.stmcufinder\plugins\mcufinder//mcu/cs/
2024-06-04 09:08:09,807 [INFO] RulesReader:64 - Compatibility file has been processed (297 Rules)
2024-06-04 09:08:09,866 [INFO] DbMcusXml:78 - Set database path to: C:\ST\STM32CubeIDE_1.14.1\STM32CubeIDE\plugins\com.st.stm32cube.common.mx_6.11.1.202404110753\\db\/mcu/
2024-06-04 09:08:09,866 [INFO] ApiDb:274 - Set plugin database path to: C:\ST\STM32CubeIDE_1.14.1\STM32CubeIDE\plugins\com.st.stm32cube.common.mx_6.11.1.202404110753\\db\/plugins/boardmanager/
2024-06-04 09:08:09,866 [INFO] ApiDb:261 - Set plugin images path to: C:\ST\STM32CubeIDE_1.14.1\STM32CubeIDE\plugins\com.st.stm32cube.common.mx_6.11.1.202404110753\\db\/plugins/mcufinder/images/
2024-06-04 09:08:09,866 [WARN] DbFile:41 - Overriding database path with different value: C:\Users\harry\.stmcufinder\plugins\mcufinder/ => C:\Users\harry\.stmcufinder\plugins\mcufinder
2024-06-04 09:08:09,866 [INFO] ApiDb:250 - Set database path to: C:\Users\harry\.stmcufinder\plugins\mcufinder//mcu/
2024-06-04 09:08:09,866 [WARN] DbFile:41 - Overriding database path with different value: C:\Users\harry\.stmcufinder\plugins\mcufinder/ => C:\Users\harry\.stmcufinder\plugins\mcufinder
2024-06-04 09:08:09,866 [INFO] DbMcusAds:125 - Set database path to: C:\Users\harry\.stmcufinder\plugins\mcufinder//mcu/
2024-06-04 09:08:09,866 [WARN] DbFile:41 - Overriding database path with different value: C:\Users\harry\.stmcufinder\plugins\mcufinder/ => C:\Users\harry\.stmcufinder\plugins\mcufinder
2024-06-04 09:08:09,866 [WARN] DbFile:41 - Overriding database path with different value: C:\Users\harry\.stmcufinder\plugins\mcufinder/ => C:\Users\harry\.stmcufinder\plugins\mcufinder
2024-06-04 09:08:09,866 [INFO] CrossReferenceDbSqlite:203 - Set database path to: C:\Users\harry\.stmcufinder\plugins\mcufinder//mcu/cs/
2024-06-04 09:08:09,916 [INFO] MainPanel:264 - HeapMemory: 268435456
2024-06-04 09:08:09,983 [INFO] DbMcusXml:78 - Set database path to: C:\ST\STM32CubeIDE_1.14.1\STM32CubeIDE\plugins\com.st.stm32cube.common.mx_6.11.1.202404110753\\db\/mcu/
2024-06-04 09:08:09,983 [INFO] ApiDb:274 - Set plugin database path to: C:\ST\STM32CubeIDE_1.14.1\STM32CubeIDE\plugins\com.st.stm32cube.common.mx_6.11.1.202404110753\\db\/plugins/boardmanager/
2024-06-04 09:08:09,983 [INFO] ApiDb:261 - Set plugin images path to: C:\ST\STM32CubeIDE_1.14.1\STM32CubeIDE\plugins\com.st.stm32cube.common.mx_6.11.1.202404110753\\db\/plugins/mcufinder/images/
2024-06-04 09:08:09,984 [WARN] DbFile:41 - Overriding database path with different value: C:\Users\harry\.stmcufinder\plugins\mcufinder/ => C:\Users\harry\.stmcufinder\plugins\mcufinder
2024-06-04 09:08:09,984 [INFO] ApiDb:250 - Set database path to: C:\Users\harry\.stmcufinder\plugins\mcufinder//mcu/
2024-06-04 09:08:09,984 [WARN] DbFile:41 - Overriding database path with different value: C:\Users\harry\.stmcufinder\plugins\mcufinder/ => C:\Users\harry\.stmcufinder\plugins\mcufinder
2024-06-04 09:08:09,984 [INFO] DbMcusAds:125 - Set database path to: C:\Users\harry\.stmcufinder\plugins\mcufinder//mcu/
2024-06-04 09:08:09,984 [WARN] DbFile:41 - Overriding database path with different value: C:\Users\harry\.stmcufinder\plugins\mcufinder/ => C:\Users\harry\.stmcufinder\plugins\mcufinder
2024-06-04 09:08:09,984 [WARN] DbFile:41 - Overriding database path with different value: C:\Users\harry\.stmcufinder\plugins\mcufinder/ => C:\Users\harry\.stmcufinder\plugins\mcufinder
2024-06-04 09:08:09,984 [INFO] CrossReferenceDbSqlite:203 - Set database path to: C:\Users\harry\.stmcufinder\plugins\mcufinder//mcu/cs/
2024-06-04 09:08:09,997 [INFO] ApplicationProperties:184 - Using Application install path: C:\ST\STM32CubeIDE_1.14.1\STM32CubeIDE\plugins\com.st.stm32cube.common.mx_6.11.1.202404110753
2024-06-04 09:08:09,998 [INFO] PluginManage:196 - Search for loadable plugins [exclusion list=, ]
2024-06-04 09:08:09,999 [INFO] PluginManage:310 - Check plugin analytics
2024-06-04 09:08:10,100 [INFO] AnalyticsPlugin:253 - Accepted Software Licenses: 
2024-06-04 09:08:10,100 [INFO] AnalyticsPlugin:255 - Accepted CMSIS Pack Licenses: 
2024-06-04 09:08:10,100 [INFO] AnalyticsPlugin:257 - Accepted Firmware Licenses: 
2024-06-04 09:08:10,101 [INFO] PluginManage:359 - Loaded plugin analytics (category:tool,tabindex:-1)
2024-06-04 09:08:10,101 [INFO] PluginManage:310 - Check plugin cadmodel
2024-06-04 09:08:10,113 [INFO] CADModel:105 - Init CAD model plugin
2024-06-04 09:08:10,114 [INFO] PluginManage:359 - Loaded plugin cadmodel (category:power,tabindex:5)
2024-06-04 09:08:10,114 [INFO] PluginManage:310 - Check plugin clock
2024-06-04 09:08:10,130 [INFO] PluginManage:359 - Loaded plugin clock (category:base,tabindex:2)
2024-06-04 09:08:10,130 [INFO] PluginManage:310 - Check plugin ddr
2024-06-04 09:08:10,132 [INFO] PluginManage:359 - Loaded plugin ddr (category:tool,tabindex:6)
2024-06-04 09:08:10,132 [INFO] PluginManage:310 - Check plugin filemanager
2024-06-04 09:08:10,226 [INFO] PluginManage:359 - Loaded plugin filemanager (category:base,tabindex:10)
2024-06-04 09:08:10,226 [INFO] PluginManage:310 - Check plugin ipmanager
2024-06-04 09:08:10,231 [INFO] PluginManage:359 - Loaded plugin ipmanager (category:base,tabindex:5)
2024-06-04 09:08:10,231 [INFO] PluginManage:310 - Check plugin lpbam
2024-06-04 09:08:10,245 [INFO] PluginManage:359 - Loaded plugin lpbam (category:base,tabindex:0)
2024-06-04 09:08:10,245 [INFO] PluginManage:310 - Check plugin memorymap
2024-06-04 09:08:10,260 [INFO] PluginManage:359 - Loaded plugin memorymap (category:base,tabindex:4)
2024-06-04 09:08:10,261 [INFO] PluginManage:310 - Check plugin pinoutandconfiguration
2024-06-04 09:08:10,273 [INFO] PluginManage:359 - Loaded plugin pinoutandconfiguration (category:base,tabindex:1)
2024-06-04 09:08:10,273 [INFO] PluginManage:310 - Check plugin pinoutconfig
2024-06-04 09:08:10,328 [WARN] SupportedApi:132 - Cannot load RTOS API schema: s4s-elt-must-match.1: The content of 'definitions' must match (annotation?, (simpleType | complexType)?, (unique | key | keyref)*)). A problem was found starting at: attribute.
2024-06-04 09:08:10,407 [INFO] PluginManage:359 - Loaded plugin pinoutconfig (category:base,tabindex:0)
2024-06-04 09:08:10,407 [INFO] PluginManage:310 - Check plugin power
2024-06-04 09:08:10,421 [INFO] PluginManage:359 - Loaded plugin power (category:power,tabindex:4)
2024-06-04 09:08:10,421 [INFO] PluginManage:310 - Check plugin projectmanager
2024-06-04 09:08:10,430 [INFO] PluginManage:359 - Loaded plugin projectmanager (category:projectmanager,tabindex:3)
2024-06-04 09:08:10,430 [INFO] PluginManage:310 - Check plugin thirdparty
2024-06-04 09:08:10,589 [INFO] PluginManage:359 - Loaded plugin thirdparty (category:base,tabindex:-1)
2024-06-04 09:08:10,589 [WARN] IntegrityCheckThread:84 - waiting for thirdparty lock release [integrity check]
2024-06-04 09:08:10,589 [INFO] PluginManage:310 - Check plugin tools
2024-06-04 09:08:10,589 [INFO] IntegrityCheckThread:86 - entering critical section [integrity check]
2024-06-04 09:08:10,590 [INFO] ThirdPartyUpdaterWithRetryManager:70 - Updater plugin not ready yet. [1/15]
2024-06-04 09:08:10,614 [INFO] PluginManage:359 - Loaded plugin tools (category:base,tabindex:7)
2024-06-04 09:08:10,614 [INFO] PluginManage:310 - Check plugin tutovideos
2024-06-04 09:08:10,734 [INFO] PluginManage:359 - Loaded plugin tutovideos (category:base,tabindex:-1)
2024-06-04 09:08:10,735 [INFO] PluginManage:310 - Check plugin updater
2024-06-04 09:08:10,741 [INFO] PluginManage:359 - Loaded plugin updater (category:base,tabindex:12)
2024-06-04 09:08:10,741 [INFO] PluginManage:310 - Check plugin userauth
2024-06-04 09:08:10,745 [INFO] UserAuth:114 - Init User Auth plugin
2024-06-04 09:08:10,745 [INFO] PluginManage:359 - Loaded plugin userauth (category:base,tabindex:14)
2024-06-04 09:08:10,745 [INFO] PluginManage:283 - PluginManage : Loaded plugins [17]
2024-06-04 09:08:10,877 [INFO] PinOutPanel:1561 - setPackage(No Configuration,No Configuration)
2024-06-04 09:08:10,924 [INFO] CADModel:165 - CPN selected for project level
2024-06-04 09:08:10,924 [INFO] CADModel:114 - Register for checkConnection events
2024-06-04 09:08:10,941 [INFO] IPUIPlugin:80 - create IPUIPlugin
2024-06-04 09:08:10,942 [INFO] PluginManager:220 - loadIPPluginJar : add adc
2024-06-04 09:08:10,963 [INFO] IPUIPlugin:80 - create IPUIPlugin
2024-06-04 09:08:10,963 [INFO] PluginManager:220 - loadIPPluginJar : add aes
2024-06-04 09:08:10,986 [INFO] IPUIPlugin:80 - create IPUIPlugin
2024-06-04 09:08:10,986 [INFO] PluginManager:220 - loadIPPluginJar : add can
2024-06-04 09:08:10,999 [INFO] IPUIPlugin:80 - create IPUIPlugin
2024-06-04 09:08:10,999 [INFO] PluginManager:220 - loadIPPluginJar : add comp
2024-06-04 09:08:11,019 [INFO] IPUIPlugin:80 - create IPUIPlugin
2024-06-04 09:08:11,019 [INFO] PluginManager:220 - loadIPPluginJar : add cryp
2024-06-04 09:08:11,036 [INFO] IPUIPlugin:80 - create IPUIPlugin
2024-06-04 09:08:11,036 [INFO] PluginManager:220 - loadIPPluginJar : add dfsdm
2024-06-04 09:08:11,045 [INFO] IPUIPlugin:80 - create IPUIPlugin
2024-06-04 09:08:11,045 [INFO] PluginManager:220 - loadIPPluginJar : add dma
2024-06-04 09:08:11,070 [INFO] IPUIPlugin:80 - create IPUIPlugin
2024-06-04 09:08:11,070 [INFO] PluginManager:220 - loadIPPluginJar : add dma3
2024-06-04 09:08:11,096 [INFO] IPUIPlugin:80 - create IPUIPlugin
2024-06-04 09:08:11,096 [INFO] PluginManager:220 - loadIPPluginJar : add extmemmanager
2024-06-04 09:08:11,107 [INFO] IPUIPlugin:80 - create IPUIPlugin
2024-06-04 09:08:11,107 [INFO] PluginManager:220 - loadIPPluginJar : add fatfs
2024-06-04 09:08:11,134 [INFO] IPUIPlugin:80 - create IPUIPlugin
2024-06-04 09:08:11,134 [INFO] PluginManager:220 - loadIPPluginJar : add fmc
2024-06-04 09:08:11,144 [INFO] IPUIPlugin:80 - create IPUIPlugin
2024-06-04 09:08:11,144 [INFO] PluginManager:220 - loadIPPluginJar : add freertos
2024-06-04 09:08:11,157 [INFO] IPUIPlugin:80 - create IPUIPlugin
2024-06-04 09:08:11,157 [INFO] PluginManager:220 - loadIPPluginJar : add genericplugin
2024-06-04 09:08:11,211 [INFO] IPUIPlugin:80 - create IPUIPlugin
2024-06-04 09:08:11,211 [INFO] PluginManager:220 - loadIPPluginJar : add gfxmmu
2024-06-04 09:08:11,286 [INFO] IPUIPlugin:80 - create IPUIPlugin
2024-06-04 09:08:11,287 [INFO] PluginManager:220 - loadIPPluginJar : add gic
2024-06-04 09:08:11,295 [INFO] IPUIPlugin:80 - create IPUIPlugin
2024-06-04 09:08:11,295 [INFO] PluginManager:220 - loadIPPluginJar : add gpio
2024-06-04 09:08:11,349 [INFO] IPUIPlugin:80 - create IPUIPlugin
2024-06-04 09:08:11,349 [INFO] PluginManager:220 - loadIPPluginJar : add gtzc
2024-06-04 09:08:11,368 [INFO] IPUIPlugin:80 - create IPUIPlugin
2024-06-04 09:08:11,368 [INFO] PluginManager:220 - loadIPPluginJar : add hash
2024-06-04 09:08:11,398 [INFO] IPUIPlugin:80 - create IPUIPlugin
2024-06-04 09:08:11,398 [INFO] PluginManager:220 - loadIPPluginJar : add i2c
2024-06-04 09:08:11,420 [INFO] IPUIPlugin:80 - create IPUIPlugin
2024-06-04 09:08:11,420 [INFO] PluginManager:220 - loadIPPluginJar : add i2s
2024-06-04 09:08:11,444 [INFO] IPUIPlugin:80 - create IPUIPlugin
2024-06-04 09:08:11,444 [INFO] PluginManager:220 - loadIPPluginJar : add i3c
2024-06-04 09:08:11,507 [INFO] IPUIPlugin:80 - create IPUIPlugin
2024-06-04 09:08:11,507 [INFO] PluginManager:220 - loadIPPluginJar : add ipddr
2024-06-04 09:08:11,561 [INFO] IPUIPlugin:80 - create IPUIPlugin
2024-06-04 09:08:11,561 [INFO] PluginManager:220 - loadIPPluginJar : add linkedlist
2024-06-04 09:08:11,582 [INFO] IPUIPlugin:80 - create IPUIPlugin
2024-06-04 09:08:11,582 [INFO] PluginManager:220 - loadIPPluginJar : add lorawan
2024-06-04 09:08:11,603 [INFO] IPUIPlugin:80 - create IPUIPlugin
2024-06-04 09:08:11,603 [INFO] PluginManager:220 - loadIPPluginJar : add ltdc
2024-06-04 09:08:11,612 [INFO] IPUIPlugin:80 - create IPUIPlugin
2024-06-04 09:08:11,612 [INFO] PluginManager:220 - loadIPPluginJar : add mdma
2024-06-04 09:08:11,618 [INFO] IPUIPlugin:80 - create IPUIPlugin
2024-06-04 09:08:11,619 [INFO] PluginManager:220 - loadIPPluginJar : add nvic
2024-06-04 09:08:11,639 [INFO] IPUIPlugin:80 - create IPUIPlugin
2024-06-04 09:08:11,639 [INFO] PluginManager:220 - loadIPPluginJar : add opamp
2024-06-04 09:08:11,675 [INFO] IPUIPlugin:80 - create IPUIPlugin
2024-06-04 09:08:11,675 [INFO] PluginManager:220 - loadIPPluginJar : add openamp
2024-06-04 09:08:11,699 [INFO] IPUIPlugin:80 - create IPUIPlugin
2024-06-04 09:08:11,699 [INFO] PluginManager:220 - loadIPPluginJar : add pdm2pcm
2024-06-04 09:08:11,708 [INFO] IPUIPlugin:80 - create IPUIPlugin
2024-06-04 09:08:11,709 [INFO] PluginManager:220 - loadIPPluginJar : add plateformsettings
2024-06-04 09:08:11,722 [INFO] IPUIPlugin:80 - create IPUIPlugin
2024-06-04 09:08:11,722 [INFO] PluginManager:220 - loadIPPluginJar : add quadspi
2024-06-04 09:08:11,730 [INFO] IPUIPlugin:80 - create IPUIPlugin
2024-06-04 09:08:11,730 [INFO] PluginManager:220 - loadIPPluginJar : add resmgrutility
2024-06-04 09:08:11,758 [INFO] IPUIPlugin:80 - create IPUIPlugin
2024-06-04 09:08:11,758 [INFO] PluginManager:220 - loadIPPluginJar : add sai
2024-06-04 09:08:11,779 [INFO] IPUIPlugin:80 - create IPUIPlugin
2024-06-04 09:08:11,779 [INFO] PluginManager:220 - loadIPPluginJar : add spi
2024-06-04 09:08:11,819 [INFO] IPUIPlugin:80 - create IPUIPlugin
2024-06-04 09:08:11,819 [INFO] PluginManager:220 - loadIPPluginJar : add stm32_wpan
2024-06-04 09:08:11,832 [INFO] IPUIPlugin:80 - create IPUIPlugin
2024-06-04 09:08:11,832 [INFO] PluginManager:220 - loadIPPluginJar : add tim
2024-06-04 09:08:11,872 [INFO] IPUIPlugin:80 - create IPUIPlugin
2024-06-04 09:08:11,872 [INFO] PluginManager:220 - loadIPPluginJar : add touchsensing
2024-06-04 09:08:11,886 [INFO] IPUIPlugin:80 - create IPUIPlugin
2024-06-04 09:08:11,886 [INFO] PluginManager:220 - loadIPPluginJar : add tracer_emb
2024-06-04 09:08:11,899 [INFO] IPUIPlugin:80 - create IPUIPlugin
2024-06-04 09:08:11,899 [INFO] PluginManager:220 - loadIPPluginJar : add ts
2024-06-04 09:08:11,911 [INFO] IPUIPlugin:80 - create IPUIPlugin
2024-06-04 09:08:11,911 [INFO] PluginManager:220 - loadIPPluginJar : add tsc
2024-06-04 09:08:11,924 [INFO] IPUIPlugin:80 - create IPUIPlugin
2024-06-04 09:08:11,924 [INFO] PluginManager:220 - loadIPPluginJar : add ucpd
2024-06-04 09:08:11,951 [INFO] IPUIPlugin:80 - create IPUIPlugin
2024-06-04 09:08:11,951 [INFO] PluginManager:220 - loadIPPluginJar : add usart
2024-06-04 09:08:11,976 [INFO] IPUIPlugin:80 - create IPUIPlugin
2024-06-04 09:08:11,976 [INFO] PluginManager:220 - loadIPPluginJar : add usbx
2024-06-04 09:08:12,080 [INFO] CADModel:165 - CPN selected for project level
2024-06-04 09:08:12,080 [INFO] CADModel:114 - Register for checkConnection events
2024-06-04 09:08:12,080 [FATAL] Updater:308 - Updater called before beeing initialized
2024-06-04 09:08:12,080 [ERROR] CADModel:125 - Updater not yet initialized, retry later 
2024-06-04 09:08:12,177 [INFO] CADModel:165 - CPN selected for project level
2024-06-04 09:08:12,177 [INFO] CADModel:114 - Register for checkConnection events
2024-06-04 09:08:12,177 [FATAL] Updater:308 - Updater called before beeing initialized
2024-06-04 09:08:12,177 [ERROR] CADModel:125 - Updater not yet initialized, retry later 
2024-06-04 09:08:12,179 [FATAL] Updater:308 - Updater called before beeing initialized
2024-06-04 09:08:12,237 [FATAL] Updater:308 - Updater called before beeing initialized
2024-06-04 09:08:12,243 [INFO] DbMcusAds:53 - JSON generation date=Thu May 16 17:22:01 CST 2024 (1715851321456)
2024-06-04 09:08:12,243 [FATAL] Updater:308 - Updater called before beeing initialized
2024-06-04 09:08:12,299 [WARN] DetailPanel:346 - Failed to get advertising image, set to default
2024-06-04 09:08:12,364 [FATAL] Updater:308 - Updater called before beeing initialized
2024-06-04 09:08:12,366 [FATAL] Updater:308 - Updater called before beeing initialized
2024-06-04 09:08:12,366 [FATAL] Updater:308 - Updater called before beeing initialized
2024-06-04 09:08:12,366 [WARN] DetailPanel:346 - Failed to get advertising image, set to default
2024-06-04 09:08:12,366 [FATAL] Updater:308 - Updater called before beeing initialized
2024-06-04 09:08:12,401 [ERROR] Updater:1120 - MainUpdater not yet initialized. External WinMGr cannot be set.
2024-06-04 09:08:12,408 [INFO] Updater:1056 - Updater Version found : 6.11.1
2024-06-04 09:08:12,421 [INFO] ApplicationProperties:184 - Using Application install path: C:\ST\STM32CubeIDE_1.14.1\STM32CubeIDE\plugins\com.st.stm32cube.common.mx_6.11.1.202404110753
2024-06-04 09:08:13,592 [INFO] ThirdPartyUpdaterWithRetryManager:70 - Updater plugin not ready yet. [2/15]
2024-06-04 09:08:13,995 [ERROR] LogOutputStream:75 - [STDERR_REDIRECT] Jun 04, 2024 9:08:13 AM java.util.prefs.WindowsPreferences <init>
2024-06-04 09:08:13,996 [ERROR] LogOutputStream:75 - [STDERR_REDIRECT] WARNING: Could not open/create prefs root node Software\JavaSoft\Prefs at root 0xffffffff80000002. Windows RegCreateKeyEx(...) returned error code 5.
2024-06-04 09:08:13,996 [ERROR] LogOutputStream:75 - [STDERR_REDIRECT] 
2024-06-04 09:08:14,326 [INFO] MainUpdater:2873 - connection check result : 10
2024-06-04 09:08:14,327 [INFO] MainUpdater:290 - Updater Check For Update Now.
2024-06-04 09:08:14,327 [INFO] MicroXplorer:498 - Change Database Version : DB.6.0.111
2024-06-04 09:08:14,337 [INFO] McuFinderGlobals:63 - Set McuFinder mode to 2 (CubeIDE integrated)
2024-06-04 09:08:14,337 [INFO] UserAuth:179 - activating auth plugin
2024-06-04 09:08:14,338 [INFO] UserAuth:415 - Internet connection configuration mode: 1
2024-06-04 09:08:14,357 [INFO] JxBrowserEngine:152 - Initiate JxBrowser Engine with user profile folder
2024-06-04 09:08:14,484 [INFO] CheckServerUpdateThread:120 - End of CheckServer Thread
2024-06-04 09:08:16,709 [WARN] PackLoader:240 - Cannot read IP mode file for STMicroelectronics.FP-SNS-MOTENVWB1.1.4.0
2024-06-04 09:08:16,719 [WARN] PackLoader:240 - Cannot read IP mode file for STMicroelectronics.X-CUBE-SMBUS.2.1.0
2024-06-04 09:08:16,725 [WARN] PackLoader:240 - Cannot read IP mode file for STMicroelectronics.X-CUBE-TOUCHGFX.4.23.0
2024-06-04 09:08:16,731 [WARN] PackLoader:240 - Cannot read IP mode file for STMicroelectronics.X-CUBE-TOUCHGFX.4.23.2
2024-06-04 09:08:16,753 [WARN] PackLoader:240 - Cannot read IP mode file for STMicroelectronics.X-CUBE-AZRTOS-F7.1.1.0
2024-06-04 09:08:16,770 [WARN] PackLoader:240 - Cannot read IP mode file for STMicroelectronics.FP-SNS-MOTENV1.4.3.2
2024-06-04 09:08:16,782 [WARN] PackLoader:240 - Cannot read IP mode file for STMicroelectronics.FP-SNS-FLIGHT1.5.0.2
2024-06-04 09:08:16,802 [WARN] PackLoader:240 - Cannot read IP mode file for STMicroelectronics.X-CUBE-DISPLAY.3.0.0
2024-06-04 09:08:16,815 [WARN] PackLoader:240 - Cannot read IP mode file for STMicroelectronics.X-CUBE-BLE1.7.0.0
2024-06-04 09:08:16,824 [WARN] PackLoader:240 - Cannot read IP mode file for emotas.I-CUBE-CANOPEN.1.3.0
2024-06-04 09:08:16,836 [WARN] PackLoader:240 - Cannot read IP mode file for STMicroelectronics.X-CUBE-BLEMGR.3.1.0
2024-06-04 09:08:16,845 [WARN] PackLoader:240 - Cannot read IP mode file for STMicroelectronics.FP-SNS-SMARTAG2.1.2.0
2024-06-04 09:08:16,858 [INFO] LogOutputStream:77 - [STDOUT_REDIRECT] 1 : Invalid condition id : UX_CORESTACK_Condition cause : null
2024-06-04 09:08:16,858 [INFO] LogOutputStream:77 - [STDOUT_REDIRECT] 1 : Invalid condition id : UX_CORESTACK_Condition cause : null
2024-06-04 09:08:16,859 [INFO] LogOutputStream:77 - [STDOUT_REDIRECT] 1 : Invalid condition id : UX_CORESTACK_Condition cause : null
2024-06-04 09:08:16,859 [INFO] LogOutputStream:77 - [STDOUT_REDIRECT] 1 : Invalid condition id : UX_CORESTACK_Condition cause : null
2024-06-04 09:08:16,860 [INFO] LogOutputStream:77 - [STDOUT_REDIRECT] 1 : Invalid condition id : UX_CORESTACK_Condition cause : null
2024-06-04 09:08:16,861 [WARN] PackLoader:240 - Cannot read IP mode file for STMicroelectronics.X-CUBE-AZRTOS-WL.2.0.0
2024-06-04 09:08:16,869 [WARN] PackLoader:240 - Cannot read IP mode file for STMicroelectronics.FP-SNS-MOTENV1.5.0.0
2024-06-04 09:08:16,878 [WARN] PackLoader:240 - Cannot read IP mode file for WES.I-CUBE-Cesium.1.3.0
2024-06-04 09:08:16,886 [WARN] PackLoader:240 - Cannot read IP mode file for STMicroelectronics.X-CUBE-BLE2.3.3.0
2024-06-04 09:08:16,894 [WARN] PackLoader:240 - Cannot read IP mode file for STMicroelectronics.X-CUBE-TCPP.4.1.0
2024-06-04 09:08:16,903 [WARN] PackLoader:240 - Cannot read IP mode file for STMicroelectronics.X-CUBE-ALGOBUILD.1.3.0
2024-06-04 09:08:16,920 [WARN] PackLoader:240 - Cannot read IP mode file for STMicroelectronics.X-CUBE-AZRTOS-G0.1.1.0
2024-06-04 09:08:16,931 [WARN] PackLoader:240 - Cannot read IP mode file for STMicroelectronics.X-CUBE-SAFEA1.1.2.2
2024-06-04 09:08:16,940 [WARN] PackLoader:240 - Cannot read IP mode file for STMicroelectronics.X-CUBE-NFC4.3.0.0
2024-06-04 09:08:16,950 [WARN] PackLoader:240 - Cannot read IP mode file for STMicroelectronics.FP-ATR-SIGFOX1.3.2.0
2024-06-04 09:08:16,960 [WARN] PackLoader:240 - Cannot read IP mode file for STMicroelectronics.X-CUBE-EEPRMA1.5.1.0
2024-06-04 09:08:16,985 [WARN] PackLoader:240 - Cannot read IP mode file for SEGGER.I-CUBE-embOS.1.3.1
2024-06-04 09:08:17,378 [WARN] PackLoader:240 - Cannot read IP mode file for STMicroelectronics.X-CUBE-ALGOBUILD.1.4.0
2024-06-04 09:08:17,386 [WARN] PackLoader:240 - Cannot read IP mode file for STMicroelectronics.X-CUBE-GNSS1.6.0.0
2024-06-04 09:08:17,407 [WARN] PackLoader:240 - Cannot read IP mode file for STMicroelectronics.X-CUBE-AZRTOS-F4.1.1.0
2024-06-04 09:08:17,416 [WARN] PackLoader:240 - Cannot read IP mode file for STMicroelectronics.X-CUBE-FREERTOS.1.2.0
2024-06-04 09:08:17,423 [WARN] PackLoader:240 - Cannot read IP mode file for wolfSSL.I-CUBE-wolfSSL.5.6.6
2024-06-04 09:08:17,444 [WARN] PackLoader:240 - Cannot read IP mode file for STMicroelectronics.X-CUBE-AZRTOS-L5.2.0.0
2024-06-04 09:08:17,458 [WARN] PackLoader:240 - Cannot read IP mode file for STMicroelectronics.X-CUBE-NFC6.3.1.0
2024-06-04 09:08:17,469 [WARN] PackLoader:240 - Cannot read IP mode file for ITTIA_DB.I-CUBE-ITTIADB.8.8.0
2024-06-04 09:08:17,478 [WARN] PackLoader:240 - Cannot read IP mode file for STMicroelectronics.X-CUBE-AI.9.0.0
2024-06-04 09:08:17,490 [WARN] PackLoader:240 - Cannot read IP mode file for STMicroelectronics.X-CUBE-NFC7.1.0.1
2024-06-04 09:08:17,500 [WARN] PackLoader:240 - Cannot read IP mode file for STMicroelectronics.X-CUBE-NFC6.3.0.0
2024-06-04 09:08:17,511 [WARN] PackLoader:240 - Cannot read IP mode file for STMicroelectronics.X-CUBE-AI.8.1.0
2024-06-04 09:08:17,533 [WARN] ConditionMgr:438 - getConditionDescription Invalid condition id : LAN8742 Phy interface Condition cause : null
2024-06-04 09:08:17,534 [WARN] PackLoader:240 - Cannot read IP mode file for STMicroelectronics.X-CUBE-AZRTOS-L4.2.0.0
2024-06-04 09:08:17,534 [WARN] ConditionMgr:1039 - genDependencies : Invalid condition id : LAN8742 Phy interface Condition cause : null
2024-06-04 09:08:17,535 [WARN] ConditionMgr:1039 - genDependencies : Invalid condition id : LAN8742 Phy interface Condition cause : null
2024-06-04 09:08:17,535 [WARN] ConditionMgr:1039 - genDependencies : Invalid condition id : LAN8742 Phy interface Condition cause : null
2024-06-04 09:08:17,547 [WARN] PackLoader:240 - Cannot read IP mode file for STMicroelectronics.X-CUBE-SFXS2LP1.4.0.0
2024-06-04 09:08:17,566 [WARN] ConditionMgr:438 - getConditionDescription Invalid condition id : UX DEVICE CLASS RTOS Condition cause : null
2024-06-04 09:08:17,566 [WARN] ConditionMgr:438 - getConditionDescription Invalid condition id : UX DEVICE CLASS RTOS Condition cause : null
2024-06-04 09:08:17,567 [WARN] PackLoader:240 - Cannot read IP mode file for STMicroelectronics.X-CUBE-AZRTOS-WB.2.0.0
2024-06-04 09:08:17,567 [WARN] ConditionMgr:1039 - genDependencies : Invalid condition id : UX DEVICE CLASS RTOS Condition cause : null
2024-06-04 09:08:17,567 [WARN] ConditionMgr:1039 - genDependencies : Invalid condition id : UX DEVICE CLASS RTOS Condition cause : null
2024-06-04 09:08:17,567 [WARN] ConditionMgr:1039 - genDependencies : Invalid condition id : UX DEVICE CLASS RTOS Condition cause : null
2024-06-04 09:08:17,568 [WARN] ConditionMgr:1039 - genDependencies : Invalid condition id : UX DEVICE CLASS RTOS Condition cause : null
2024-06-04 09:08:17,568 [WARN] ConditionMgr:1039 - genDependencies : Invalid condition id : UX DEVICE CLASS RTOS Condition cause : null
2024-06-04 09:08:17,581 [WARN] PackLoader:240 - Cannot read IP mode file for STMicroelectronics.X-CUBE-SUBG2.5.0.0
2024-06-04 09:08:17,601 [WARN] PackLoader:240 - Cannot read IP mode file for STMicroelectronics.X-CUBE-AZRTOS-G4.2.0.0
2024-06-04 09:08:17,619 [WARN] PackLoader:240 - Cannot read IP mode file for Infineon.AIROC-Wi-Fi-Bluetooth-STM32.1.5.1
2024-06-04 09:08:17,631 [WARN] PackLoader:240 - Cannot read IP mode file for STMicroelectronics.FP-SNS-MOTENVWB1.1.3.1
2024-06-04 09:08:17,640 [WARN] PackLoader:240 - Cannot read IP mode file for STMicroelectronics.X-CUBE-ISPU.2.0.0
2024-06-04 09:08:17,656 [WARN] PackLoader:240 - Cannot read IP mode file for STMicroelectronics.X-CUBE-ALS.1.0.2
2024-06-04 09:08:17,669 [INFO] WebApp:161 - Instantiating new browser for Auth
2024-06-04 09:08:17,718 [WARN] PackLoader:240 - Cannot read IP mode file for STMicroelectronics.X-CUBE-MEMS1.10.0.0
2024-06-04 09:08:17,843 [WARN] PackLoader:240 - Cannot read IP mode file for STMicroelectronics.X-CUBE-FREERTOS.1.1.0
2024-06-04 09:08:17,860 [WARN] PackLoader:240 - Cannot read IP mode file for portGmbH.I-Cube-SoM-uGOAL.1.1.0
2024-06-04 09:08:17,874 [WARN] PackLoader:240 - Cannot read IP mode file for STMicroelectronics.X-CUBE-ALS.1.0.1
2024-06-04 09:08:17,908 [WARN] PackLoader:240 - Cannot read IP mode file for STMicroelectronics.X-CUBE-AZRTOS-H7RS.1.0.0
2024-06-04 09:08:17,924 [WARN] PackLoader:240 - Cannot read IP mode file for STMicroelectronics.FP-ATR-ASTRA1.2.0.0
2024-06-04 09:08:17,942 [WARN] PackLoader:240 - Cannot read IP mode file for STMicroelectronics.X-CUBE-TOF1.3.4.1
2024-06-04 09:08:17,990 [WARN] PackLoader:240 - Cannot read IP mode file for STMicroelectronics.X-CUBE-AZRTOS-H7.3.2.0
2024-06-04 09:08:17,994 [INFO] ThirdParty:978 - Integrity check success = true
2024-06-04 09:08:17,994 [INFO] IntegrityCheckThread:100 - exiting critical section [integrity check]
2024-06-04 09:08:17,994 [INFO] IntegrityCheckThread:103 - End integrity checks thread
2024-06-04 09:08:18,261 [INFO] WebApp:779 - Register for checkConnection events
2024-06-04 09:08:18,261 [INFO] WebApp:414 - Apply proxy settings
2024-06-04 09:08:18,261 [INFO] WebApp:499 - Chromium requires no authentication
2024-06-04 09:08:18,267 [INFO] WebApp:442 - Direct internet connection detected
2024-06-04 09:08:18,385 [INFO] WebApp:192 - Starting web application
2024-06-04 09:08:18,385 [INFO] WebApp:544 - Web application path used C:\ST\STM32CubeIDE_1.14.1\STM32CubeIDE\plugins\com.st.stm32cube.common.mx_6.11.1.202404110753\db\plugins\mcufinder\reactClient1\index.html
2024-06-04 20:41:36,049 [ERROR] LogOutputStream:75 - [STDERR_REDIRECT] 
